INFO - 2025-08-15 02:35:14 --> Session: Class initialized using 'CodeIgniter\Session\Handlers\FileHandler' driver.
INFO - 2025-08-15 02:35:14 --> Session: Class initialized using 'CodeIgniter\Session\Handlers\FileHandler' driver.
INFO - 2025-08-15 02:35:20 --> Session: Class initialized using 'CodeIgniter\Session\Handlers\FileHandler' driver.
INFO - 2025-08-15 02:35:20 --> Session: Class initialized using 'CodeIgniter\Session\Handlers\FileHandler' driver.
INFO - 2025-08-15 02:35:23 --> Session: Class initialized using 'CodeIgniter\Session\Handlers\FileHandler' driver.
INFO - 2025-08-15 02:35:27 --> Session: Class initialized using 'CodeIgniter\Session\Handlers\FileHandler' driver.
INFO - 2025-08-15 02:35:31 --> Session: Class initialized using 'CodeIgniter\Session\Handlers\FileHandler' driver.
ERROR - 2025-08-15 02:35:31 --> mysqli_sql_exception: Unknown column 'm_seat_pricing.id_teater' in 'on clause' in C:\xampp\htdocs\CodeIgniter4\system\Database\MySQLi\Connection.php:312
Stack trace:
#0 C:\xampp\htdocs\CodeIgniter4\system\Database\MySQLi\Connection.php(312): mysqli->query('SELECT `r_show_...', 0)
#1 C:\xampp\htdocs\CodeIgniter4\system\Database\BaseConnection.php(734): CodeIgniter\Database\MySQLi\Connection->execute('SELECT `r_show_...')
#2 C:\xampp\htdocs\CodeIgniter4\system\Database\BaseConnection.php(648): CodeIgniter\Database\BaseConnection->simpleQuery('SELECT `r_show_...')
#3 C:\xampp\htdocs\CodeIgniter4\system\Database\BaseBuilder.php(1644): CodeIgniter\Database\BaseConnection->query('SELECT `r_show_...', Array, false)
#4 C:\xampp\htdocs\CodeIgniter4\app\Controllers\Audiens.php(633): CodeIgniter\Database\BaseBuilder->get()
#5 C:\xampp\htdocs\CodeIgniter4\system\CodeIgniter.php(933): App\Controllers\Audiens->showBookingPopup('penampilan', '110')
#6 C:\xampp\htdocs\CodeIgniter4\system\CodeIgniter.php(509): CodeIgniter\CodeIgniter->runController(Object(App\Controllers\Audiens))
#7 C:\xampp\htdocs\CodeIgniter4\system\CodeIgniter.php(355): CodeIgniter\CodeIgniter->handleRequest(NULL, Object(Config\Cache), false)
#8 C:\xampp\htdocs\CodeIgniter4\system\Boot.php(325): CodeIgniter\CodeIgniter->run()
#9 C:\xampp\htdocs\CodeIgniter4\system\Boot.php(67): CodeIgniter\Boot::runCodeIgniter(Object(CodeIgniter\CodeIgniter))
#10 C:\xampp\htdocs\CodeIgniter4\index.php(59): CodeIgniter\Boot::bootWeb(Object(Config\Paths))
#11 {main}
CRITICAL - 2025-08-15 02:35:31 --> CodeIgniter\Database\Exceptions\DatabaseException: Unknown column 'm_seat_pricing.id_teater' in 'on clause'
[Method: GET, Route: Audiens/booking-popup/penampilan/110]
in SYSTEMPATH\Database\BaseConnection.php on line 688.
 1 SYSTEMPATH\Database\BaseBuilder.php(1644): CodeIgniter\Database\BaseConnection->query('SELECT `r_show_schedule`.`id_schedule_show` AS `id_jadwal`, `m_show_schedule`.`tanggal`, `m_show_schedule`.`waktu_mulai`, `m_show_schedule`.`waktu_selesai`, MIN(m_seat_pricing.harga) AS harga, `m_penampilan`.`qrcode_bayar`
FROM `r_show_schedule`
JOIN `m_show_schedule` ON `r_show_schedule`.`id_schedule` = `m_show_schedule`.`id_schedule`
JOIN `m_teater` ON `m_show_schedule`.`id_teater` = `m_teater`.`id_teater`
LEFT JOIN `m_seat_pricing` ON `m_seat_pricing`.`id_teater` = `m_teater`.`id_teater`
LEFT JOIN `m_penampilan` ON `m_penampilan`.`id_teater` = `m_teater`.`id_teater`
WHERE `m_teater`.`id_teater` = :m_teater.id_teater:
GROUP BY `r_show_schedule`.`id_schedule_show`', [...], false)
 2 APPPATH\Controllers\Audiens.php(633): CodeIgniter\Database\BaseBuilder->get()
 3 SYSTEMPATH\CodeIgniter.php(933): App\Controllers\Audiens->showBookingPopup('penampilan', '110')
 4 SYSTEMPATH\CodeIgniter.php(509): CodeIgniter\CodeIgniter->runController(Object(App\Controllers\Audiens))
 5 SYSTEMPATH\CodeIgniter.php(355): CodeIgniter\CodeIgniter->handleRequest(null, Object(Config\Cache), false)
 6 SYSTEMPATH\Boot.php(325): CodeIgniter\CodeIgniter->run()
 7 SYSTEMPATH\Boot.php(67): CodeIgniter\Boot::runCodeIgniter(Object(CodeIgniter\CodeIgniter))
 8 FCPATH\index.php(59): CodeIgniter\Boot::bootWeb(Object(Config\Paths))
CRITICAL - 2025-08-15 02:35:31 --> [Caused by] CodeIgniter\Database\Exceptions\DatabaseException: Unknown column 'm_seat_pricing.id_teater' in 'on clause'
in SYSTEMPATH\Database\MySQLi\Connection.php on line 317.
 1 SYSTEMPATH\Database\BaseConnection.php(734): CodeIgniter\Database\MySQLi\Connection->execute('SELECT `r_show_schedule`.`id_schedule_show` AS `id_jadwal`, `m_show_schedule`.`tanggal`, `m_show_schedule`.`waktu_mulai`, `m_show_schedule`.`waktu_selesai`, MIN(m_seat_pricing.harga) AS harga, `m_penampilan`.`qrcode_bayar`
FROM `r_show_schedule`
JOIN `m_show_schedule` ON `r_show_schedule`.`id_schedule` = `m_show_schedule`.`id_schedule`
JOIN `m_teater` ON `m_show_schedule`.`id_teater` = `m_teater`.`id_teater`
LEFT JOIN `m_seat_pricing` ON `m_seat_pricing`.`id_teater` = `m_teater`.`id_teater`
LEFT JOIN `m_penampilan` ON `m_penampilan`.`id_teater` = `m_teater`.`id_teater`
WHERE `m_teater`.`id_teater` = \'110\'
GROUP BY `r_show_schedule`.`id_schedule_show`')
 2 SYSTEMPATH\Database\BaseConnection.php(648): CodeIgniter\Database\BaseConnection->simpleQuery('SELECT `r_show_schedule`.`id_schedule_show` AS `id_jadwal`, `m_show_schedule`.`tanggal`, `m_show_schedule`.`waktu_mulai`, `m_show_schedule`.`waktu_selesai`, MIN(m_seat_pricing.harga) AS harga, `m_penampilan`.`qrcode_bayar`
FROM `r_show_schedule`
JOIN `m_show_schedule` ON `r_show_schedule`.`id_schedule` = `m_show_schedule`.`id_schedule`
JOIN `m_teater` ON `m_show_schedule`.`id_teater` = `m_teater`.`id_teater`
LEFT JOIN `m_seat_pricing` ON `m_seat_pricing`.`id_teater` = `m_teater`.`id_teater`
LEFT JOIN `m_penampilan` ON `m_penampilan`.`id_teater` = `m_teater`.`id_teater`
WHERE `m_teater`.`id_teater` = \'110\'
GROUP BY `r_show_schedule`.`id_schedule_show`')
 3 SYSTEMPATH\Database\BaseBuilder.php(1644): CodeIgniter\Database\BaseConnection->query('SELECT `r_show_schedule`.`id_schedule_show` AS `id_jadwal`, `m_show_schedule`.`tanggal`, `m_show_schedule`.`waktu_mulai`, `m_show_schedule`.`waktu_selesai`, MIN(m_seat_pricing.harga) AS harga, `m_penampilan`.`qrcode_bayar`
FROM `r_show_schedule`
JOIN `m_show_schedule` ON `r_show_schedule`.`id_schedule` = `m_show_schedule`.`id_schedule`
JOIN `m_teater` ON `m_show_schedule`.`id_teater` = `m_teater`.`id_teater`
LEFT JOIN `m_seat_pricing` ON `m_seat_pricing`.`id_teater` = `m_teater`.`id_teater`
LEFT JOIN `m_penampilan` ON `m_penampilan`.`id_teater` = `m_teater`.`id_teater`
WHERE `m_teater`.`id_teater` = :m_teater.id_teater:
GROUP BY `r_show_schedule`.`id_schedule_show`', [...], false)
 4 APPPATH\Controllers\Audiens.php(633): CodeIgniter\Database\BaseBuilder->get()
 5 SYSTEMPATH\CodeIgniter.php(933): App\Controllers\Audiens->showBookingPopup('penampilan', '110')
 6 SYSTEMPATH\CodeIgniter.php(509): CodeIgniter\CodeIgniter->runController(Object(App\Controllers\Audiens))
 7 SYSTEMPATH\CodeIgniter.php(355): CodeIgniter\CodeIgniter->handleRequest(null, Object(Config\Cache), false)
 8 SYSTEMPATH\Boot.php(325): CodeIgniter\CodeIgniter->run()
 9 SYSTEMPATH\Boot.php(67): CodeIgniter\Boot::runCodeIgniter(Object(CodeIgniter\CodeIgniter))
10 FCPATH\index.php(59): CodeIgniter\Boot::bootWeb(Object(Config\Paths))
CRITICAL - 2025-08-15 02:35:31 --> [Caused by] mysqli_sql_exception: Unknown column 'm_seat_pricing.id_teater' in 'on clause'
in SYSTEMPATH\Database\MySQLi\Connection.php on line 312.
 1 SYSTEMPATH\Database\MySQLi\Connection.php(312): mysqli->query('SELECT `r_show_schedule`.`id_schedule_show` AS `id_jadwal`, `m_show_schedule`.`tanggal`, `m_show_schedule`.`waktu_mulai`, `m_show_schedule`.`waktu_selesai`, MIN(m_seat_pricing.harga) AS harga, `m_penampilan`.`qrcode_bayar`
FROM `r_show_schedule`
JOIN `m_show_schedule` ON `r_show_schedule`.`id_schedule` = `m_show_schedule`.`id_schedule`
JOIN `m_teater` ON `m_show_schedule`.`id_teater` = `m_teater`.`id_teater`
LEFT JOIN `m_seat_pricing` ON `m_seat_pricing`.`id_teater` = `m_teater`.`id_teater`
LEFT JOIN `m_penampilan` ON `m_penampilan`.`id_teater` = `m_teater`.`id_teater`
WHERE `m_teater`.`id_teater` = \'110\'
GROUP BY `r_show_schedule`.`id_schedule_show`', 0)
 2 SYSTEMPATH\Database\BaseConnection.php(734): CodeIgniter\Database\MySQLi\Connection->execute('SELECT `r_show_schedule`.`id_schedule_show` AS `id_jadwal`, `m_show_schedule`.`tanggal`, `m_show_schedule`.`waktu_mulai`, `m_show_schedule`.`waktu_selesai`, MIN(m_seat_pricing.harga) AS harga, `m_penampilan`.`qrcode_bayar`
FROM `r_show_schedule`
JOIN `m_show_schedule` ON `r_show_schedule`.`id_schedule` = `m_show_schedule`.`id_schedule`
JOIN `m_teater` ON `m_show_schedule`.`id_teater` = `m_teater`.`id_teater`
LEFT JOIN `m_seat_pricing` ON `m_seat_pricing`.`id_teater` = `m_teater`.`id_teater`
LEFT JOIN `m_penampilan` ON `m_penampilan`.`id_teater` = `m_teater`.`id_teater`
WHERE `m_teater`.`id_teater` = \'110\'
GROUP BY `r_show_schedule`.`id_schedule_show`')
 3 SYSTEMPATH\Database\BaseConnection.php(648): CodeIgniter\Database\BaseConnection->simpleQuery('SELECT `r_show_schedule`.`id_schedule_show` AS `id_jadwal`, `m_show_schedule`.`tanggal`, `m_show_schedule`.`waktu_mulai`, `m_show_schedule`.`waktu_selesai`, MIN(m_seat_pricing.harga) AS harga, `m_penampilan`.`qrcode_bayar`
FROM `r_show_schedule`
JOIN `m_show_schedule` ON `r_show_schedule`.`id_schedule` = `m_show_schedule`.`id_schedule`
JOIN `m_teater` ON `m_show_schedule`.`id_teater` = `m_teater`.`id_teater`
LEFT JOIN `m_seat_pricing` ON `m_seat_pricing`.`id_teater` = `m_teater`.`id_teater`
LEFT JOIN `m_penampilan` ON `m_penampilan`.`id_teater` = `m_teater`.`id_teater`
WHERE `m_teater`.`id_teater` = \'110\'
GROUP BY `r_show_schedule`.`id_schedule_show`')
 4 SYSTEMPATH\Database\BaseBuilder.php(1644): CodeIgniter\Database\BaseConnection->query('SELECT `r_show_schedule`.`id_schedule_show` AS `id_jadwal`, `m_show_schedule`.`tanggal`, `m_show_schedule`.`waktu_mulai`, `m_show_schedule`.`waktu_selesai`, MIN(m_seat_pricing.harga) AS harga, `m_penampilan`.`qrcode_bayar`
FROM `r_show_schedule`
JOIN `m_show_schedule` ON `r_show_schedule`.`id_schedule` = `m_show_schedule`.`id_schedule`
JOIN `m_teater` ON `m_show_schedule`.`id_teater` = `m_teater`.`id_teater`
LEFT JOIN `m_seat_pricing` ON `m_seat_pricing`.`id_teater` = `m_teater`.`id_teater`
LEFT JOIN `m_penampilan` ON `m_penampilan`.`id_teater` = `m_teater`.`id_teater`
WHERE `m_teater`.`id_teater` = :m_teater.id_teater:
GROUP BY `r_show_schedule`.`id_schedule_show`', [...], false)
 5 APPPATH\Controllers\Audiens.php(633): CodeIgniter\Database\BaseBuilder->get()
 6 SYSTEMPATH\CodeIgniter.php(933): App\Controllers\Audiens->showBookingPopup('penampilan', '110')
 7 SYSTEMPATH\CodeIgniter.php(509): CodeIgniter\CodeIgniter->runController(Object(App\Controllers\Audiens))
 8 SYSTEMPATH\CodeIgniter.php(355): CodeIgniter\CodeIgniter->handleRequest(null, Object(Config\Cache), false)
 9 SYSTEMPATH\Boot.php(325): CodeIgniter\CodeIgniter->run()
10 SYSTEMPATH\Boot.php(67): CodeIgniter\Boot::runCodeIgniter(Object(CodeIgniter\CodeIgniter))
11 FCPATH\index.php(59): CodeIgniter\Boot::bootWeb(Object(Config\Paths))
INFO - 2025-08-15 02:37:34 --> Session: Class initialized using 'CodeIgniter\Session\Handlers\FileHandler' driver.
INFO - 2025-08-15 02:37:40 --> Session: Class initialized using 'CodeIgniter\Session\Handlers\FileHandler' driver.
ERROR - 2025-08-15 02:37:40 --> mysqli_sql_exception: Unknown column 'm_teater.id_penampilan' in 'on clause' in C:\xampp\htdocs\CodeIgniter4\system\Database\MySQLi\Connection.php:312
Stack trace:
#0 C:\xampp\htdocs\CodeIgniter4\system\Database\MySQLi\Connection.php(312): mysqli->query('SELECT `r_show_...', 0)
#1 C:\xampp\htdocs\CodeIgniter4\system\Database\BaseConnection.php(734): CodeIgniter\Database\MySQLi\Connection->execute('SELECT `r_show_...')
#2 C:\xampp\htdocs\CodeIgniter4\system\Database\BaseConnection.php(648): CodeIgniter\Database\BaseConnection->simpleQuery('SELECT `r_show_...')
#3 C:\xampp\htdocs\CodeIgniter4\system\Database\BaseBuilder.php(1644): CodeIgniter\Database\BaseConnection->query('SELECT `r_show_...', Array, false)
#4 C:\xampp\htdocs\CodeIgniter4\app\Controllers\Audiens.php(633): CodeIgniter\Database\BaseBuilder->get()
#5 C:\xampp\htdocs\CodeIgniter4\system\CodeIgniter.php(933): App\Controllers\Audiens->showBookingPopup('penampilan', '110')
#6 C:\xampp\htdocs\CodeIgniter4\system\CodeIgniter.php(509): CodeIgniter\CodeIgniter->runController(Object(App\Controllers\Audiens))
#7 C:\xampp\htdocs\CodeIgniter4\system\CodeIgniter.php(355): CodeIgniter\CodeIgniter->handleRequest(NULL, Object(Config\Cache), false)
#8 C:\xampp\htdocs\CodeIgniter4\system\Boot.php(325): CodeIgniter\CodeIgniter->run()
#9 C:\xampp\htdocs\CodeIgniter4\system\Boot.php(67): CodeIgniter\Boot::runCodeIgniter(Object(CodeIgniter\CodeIgniter))
#10 C:\xampp\htdocs\CodeIgniter4\index.php(59): CodeIgniter\Boot::bootWeb(Object(Config\Paths))
#11 {main}
CRITICAL - 2025-08-15 02:37:40 --> CodeIgniter\Database\Exceptions\DatabaseException: Unknown column 'm_teater.id_penampilan' in 'on clause'
[Method: GET, Route: Audiens/booking-popup/penampilan/110]
in SYSTEMPATH\Database\BaseConnection.php on line 688.
 1 SYSTEMPATH\Database\BaseBuilder.php(1644): CodeIgniter\Database\BaseConnection->query('SELECT `r_show_schedule`.`id_schedule_show` AS `id_jadwal`, `m_show_schedule`.`tanggal`, `m_show_schedule`.`waktu_mulai`, `m_show_schedule`.`waktu_selesai`, MIN(m_seat_pricing.harga) AS harga, `m_penampilan`.`qrcode_bayar`
FROM `r_show_schedule`
JOIN `m_show_schedule` ON `r_show_schedule`.`id_schedule` = `m_show_schedule`.`id_schedule`
JOIN `m_teater` ON `m_show_schedule`.`id_teater` = `m_teater`.`id_teater`
LEFT JOIN `m_seat_pricing` ON `m_seat_pricing`.`id_penampilan` = `m_teater`.`id_penampilan`
LEFT JOIN `m_penampilan` ON `m_penampilan`.`id_teater` = `m_teater`.`id_teater`
WHERE `m_teater`.`id_teater` = :m_teater.id_teater:
GROUP BY `r_show_schedule`.`id_schedule_show`', [...], false)
 2 APPPATH\Controllers\Audiens.php(633): CodeIgniter\Database\BaseBuilder->get()
 3 SYSTEMPATH\CodeIgniter.php(933): App\Controllers\Audiens->showBookingPopup('penampilan', '110')
 4 SYSTEMPATH\CodeIgniter.php(509): CodeIgniter\CodeIgniter->runController(Object(App\Controllers\Audiens))
 5 SYSTEMPATH\CodeIgniter.php(355): CodeIgniter\CodeIgniter->handleRequest(null, Object(Config\Cache), false)
 6 SYSTEMPATH\Boot.php(325): CodeIgniter\CodeIgniter->run()
 7 SYSTEMPATH\Boot.php(67): CodeIgniter\Boot::runCodeIgniter(Object(CodeIgniter\CodeIgniter))
 8 FCPATH\index.php(59): CodeIgniter\Boot::bootWeb(Object(Config\Paths))
CRITICAL - 2025-08-15 02:37:40 --> [Caused by] CodeIgniter\Database\Exceptions\DatabaseException: Unknown column 'm_teater.id_penampilan' in 'on clause'
in SYSTEMPATH\Database\MySQLi\Connection.php on line 317.
 1 SYSTEMPATH\Database\BaseConnection.php(734): CodeIgniter\Database\MySQLi\Connection->execute('SELECT `r_show_schedule`.`id_schedule_show` AS `id_jadwal`, `m_show_schedule`.`tanggal`, `m_show_schedule`.`waktu_mulai`, `m_show_schedule`.`waktu_selesai`, MIN(m_seat_pricing.harga) AS harga, `m_penampilan`.`qrcode_bayar`
FROM `r_show_schedule`
JOIN `m_show_schedule` ON `r_show_schedule`.`id_schedule` = `m_show_schedule`.`id_schedule`
JOIN `m_teater` ON `m_show_schedule`.`id_teater` = `m_teater`.`id_teater`
LEFT JOIN `m_seat_pricing` ON `m_seat_pricing`.`id_penampilan` = `m_teater`.`id_penampilan`
LEFT JOIN `m_penampilan` ON `m_penampilan`.`id_teater` = `m_teater`.`id_teater`
WHERE `m_teater`.`id_teater` = \'110\'
GROUP BY `r_show_schedule`.`id_schedule_show`')
 2 SYSTEMPATH\Database\BaseConnection.php(648): CodeIgniter\Database\BaseConnection->simpleQuery('SELECT `r_show_schedule`.`id_schedule_show` AS `id_jadwal`, `m_show_schedule`.`tanggal`, `m_show_schedule`.`waktu_mulai`, `m_show_schedule`.`waktu_selesai`, MIN(m_seat_pricing.harga) AS harga, `m_penampilan`.`qrcode_bayar`
FROM `r_show_schedule`
JOIN `m_show_schedule` ON `r_show_schedule`.`id_schedule` = `m_show_schedule`.`id_schedule`
JOIN `m_teater` ON `m_show_schedule`.`id_teater` = `m_teater`.`id_teater`
LEFT JOIN `m_seat_pricing` ON `m_seat_pricing`.`id_penampilan` = `m_teater`.`id_penampilan`
LEFT JOIN `m_penampilan` ON `m_penampilan`.`id_teater` = `m_teater`.`id_teater`
WHERE `m_teater`.`id_teater` = \'110\'
GROUP BY `r_show_schedule`.`id_schedule_show`')
 3 SYSTEMPATH\Database\BaseBuilder.php(1644): CodeIgniter\Database\BaseConnection->query('SELECT `r_show_schedule`.`id_schedule_show` AS `id_jadwal`, `m_show_schedule`.`tanggal`, `m_show_schedule`.`waktu_mulai`, `m_show_schedule`.`waktu_selesai`, MIN(m_seat_pricing.harga) AS harga, `m_penampilan`.`qrcode_bayar`
FROM `r_show_schedule`
JOIN `m_show_schedule` ON `r_show_schedule`.`id_schedule` = `m_show_schedule`.`id_schedule`
JOIN `m_teater` ON `m_show_schedule`.`id_teater` = `m_teater`.`id_teater`
LEFT JOIN `m_seat_pricing` ON `m_seat_pricing`.`id_penampilan` = `m_teater`.`id_penampilan`
LEFT JOIN `m_penampilan` ON `m_penampilan`.`id_teater` = `m_teater`.`id_teater`
WHERE `m_teater`.`id_teater` = :m_teater.id_teater:
GROUP BY `r_show_schedule`.`id_schedule_show`', [...], false)
 4 APPPATH\Controllers\Audiens.php(633): CodeIgniter\Database\BaseBuilder->get()
 5 SYSTEMPATH\CodeIgniter.php(933): App\Controllers\Audiens->showBookingPopup('penampilan', '110')
 6 SYSTEMPATH\CodeIgniter.php(509): CodeIgniter\CodeIgniter->runController(Object(App\Controllers\Audiens))
 7 SYSTEMPATH\CodeIgniter.php(355): CodeIgniter\CodeIgniter->handleRequest(null, Object(Config\Cache), false)
 8 SYSTEMPATH\Boot.php(325): CodeIgniter\CodeIgniter->run()
 9 SYSTEMPATH\Boot.php(67): CodeIgniter\Boot::runCodeIgniter(Object(CodeIgniter\CodeIgniter))
10 FCPATH\index.php(59): CodeIgniter\Boot::bootWeb(Object(Config\Paths))
CRITICAL - 2025-08-15 02:37:40 --> [Caused by] mysqli_sql_exception: Unknown column 'm_teater.id_penampilan' in 'on clause'
in SYSTEMPATH\Database\MySQLi\Connection.php on line 312.
 1 SYSTEMPATH\Database\MySQLi\Connection.php(312): mysqli->query('SELECT `r_show_schedule`.`id_schedule_show` AS `id_jadwal`, `m_show_schedule`.`tanggal`, `m_show_schedule`.`waktu_mulai`, `m_show_schedule`.`waktu_selesai`, MIN(m_seat_pricing.harga) AS harga, `m_penampilan`.`qrcode_bayar`
FROM `r_show_schedule`
JOIN `m_show_schedule` ON `r_show_schedule`.`id_schedule` = `m_show_schedule`.`id_schedule`
JOIN `m_teater` ON `m_show_schedule`.`id_teater` = `m_teater`.`id_teater`
LEFT JOIN `m_seat_pricing` ON `m_seat_pricing`.`id_penampilan` = `m_teater`.`id_penampilan`
LEFT JOIN `m_penampilan` ON `m_penampilan`.`id_teater` = `m_teater`.`id_teater`
WHERE `m_teater`.`id_teater` = \'110\'
GROUP BY `r_show_schedule`.`id_schedule_show`', 0)
 2 SYSTEMPATH\Database\BaseConnection.php(734): CodeIgniter\Database\MySQLi\Connection->execute('SELECT `r_show_schedule`.`id_schedule_show` AS `id_jadwal`, `m_show_schedule`.`tanggal`, `m_show_schedule`.`waktu_mulai`, `m_show_schedule`.`waktu_selesai`, MIN(m_seat_pricing.harga) AS harga, `m_penampilan`.`qrcode_bayar`
FROM `r_show_schedule`
JOIN `m_show_schedule` ON `r_show_schedule`.`id_schedule` = `m_show_schedule`.`id_schedule`
JOIN `m_teater` ON `m_show_schedule`.`id_teater` = `m_teater`.`id_teater`
LEFT JOIN `m_seat_pricing` ON `m_seat_pricing`.`id_penampilan` = `m_teater`.`id_penampilan`
LEFT JOIN `m_penampilan` ON `m_penampilan`.`id_teater` = `m_teater`.`id_teater`
WHERE `m_teater`.`id_teater` = \'110\'
GROUP BY `r_show_schedule`.`id_schedule_show`')
 3 SYSTEMPATH\Database\BaseConnection.php(648): CodeIgniter\Database\BaseConnection->simpleQuery('SELECT `r_show_schedule`.`id_schedule_show` AS `id_jadwal`, `m_show_schedule`.`tanggal`, `m_show_schedule`.`waktu_mulai`, `m_show_schedule`.`waktu_selesai`, MIN(m_seat_pricing.harga) AS harga, `m_penampilan`.`qrcode_bayar`
FROM `r_show_schedule`
JOIN `m_show_schedule` ON `r_show_schedule`.`id_schedule` = `m_show_schedule`.`id_schedule`
JOIN `m_teater` ON `m_show_schedule`.`id_teater` = `m_teater`.`id_teater`
LEFT JOIN `m_seat_pricing` ON `m_seat_pricing`.`id_penampilan` = `m_teater`.`id_penampilan`
LEFT JOIN `m_penampilan` ON `m_penampilan`.`id_teater` = `m_teater`.`id_teater`
WHERE `m_teater`.`id_teater` = \'110\'
GROUP BY `r_show_schedule`.`id_schedule_show`')
 4 SYSTEMPATH\Database\BaseBuilder.php(1644): CodeIgniter\Database\BaseConnection->query('SELECT `r_show_schedule`.`id_schedule_show` AS `id_jadwal`, `m_show_schedule`.`tanggal`, `m_show_schedule`.`waktu_mulai`, `m_show_schedule`.`waktu_selesai`, MIN(m_seat_pricing.harga) AS harga, `m_penampilan`.`qrcode_bayar`
FROM `r_show_schedule`
JOIN `m_show_schedule` ON `r_show_schedule`.`id_schedule` = `m_show_schedule`.`id_schedule`
JOIN `m_teater` ON `m_show_schedule`.`id_teater` = `m_teater`.`id_teater`
LEFT JOIN `m_seat_pricing` ON `m_seat_pricing`.`id_penampilan` = `m_teater`.`id_penampilan`
LEFT JOIN `m_penampilan` ON `m_penampilan`.`id_teater` = `m_teater`.`id_teater`
WHERE `m_teater`.`id_teater` = :m_teater.id_teater:
GROUP BY `r_show_schedule`.`id_schedule_show`', [...], false)
 5 APPPATH\Controllers\Audiens.php(633): CodeIgniter\Database\BaseBuilder->get()
 6 SYSTEMPATH\CodeIgniter.php(933): App\Controllers\Audiens->showBookingPopup('penampilan', '110')
 7 SYSTEMPATH\CodeIgniter.php(509): CodeIgniter\CodeIgniter->runController(Object(App\Controllers\Audiens))
 8 SYSTEMPATH\CodeIgniter.php(355): CodeIgniter\CodeIgniter->handleRequest(null, Object(Config\Cache), false)
 9 SYSTEMPATH\Boot.php(325): CodeIgniter\CodeIgniter->run()
10 SYSTEMPATH\Boot.php(67): CodeIgniter\Boot::runCodeIgniter(Object(CodeIgniter\CodeIgniter))
11 FCPATH\index.php(59): CodeIgniter\Boot::bootWeb(Object(Config\Paths))
INFO - 2025-08-15 02:38:26 --> Session: Class initialized using 'CodeIgniter\Session\Handlers\FileHandler' driver.
INFO - 2025-08-15 02:38:30 --> Session: Class initialized using 'CodeIgniter\Session\Handlers\FileHandler' driver.
ERROR - 2025-08-15 02:38:30 --> mysqli_sql_exception: Unknown column 'm_penampilan.id_penampilan' in 'on clause' in C:\xampp\htdocs\CodeIgniter4\system\Database\MySQLi\Connection.php:312
Stack trace:
#0 C:\xampp\htdocs\CodeIgniter4\system\Database\MySQLi\Connection.php(312): mysqli->query('SELECT `r_show_...', 0)
#1 C:\xampp\htdocs\CodeIgniter4\system\Database\BaseConnection.php(734): CodeIgniter\Database\MySQLi\Connection->execute('SELECT `r_show_...')
#2 C:\xampp\htdocs\CodeIgniter4\system\Database\BaseConnection.php(648): CodeIgniter\Database\BaseConnection->simpleQuery('SELECT `r_show_...')
#3 C:\xampp\htdocs\CodeIgniter4\system\Database\BaseBuilder.php(1644): CodeIgniter\Database\BaseConnection->query('SELECT `r_show_...', Array, false)
#4 C:\xampp\htdocs\CodeIgniter4\app\Controllers\Audiens.php(633): CodeIgniter\Database\BaseBuilder->get()
#5 C:\xampp\htdocs\CodeIgniter4\system\CodeIgniter.php(933): App\Controllers\Audiens->showBookingPopup('penampilan', '110')
#6 C:\xampp\htdocs\CodeIgniter4\system\CodeIgniter.php(509): CodeIgniter\CodeIgniter->runController(Object(App\Controllers\Audiens))
#7 C:\xampp\htdocs\CodeIgniter4\system\CodeIgniter.php(355): CodeIgniter\CodeIgniter->handleRequest(NULL, Object(Config\Cache), false)
#8 C:\xampp\htdocs\CodeIgniter4\system\Boot.php(325): CodeIgniter\CodeIgniter->run()
#9 C:\xampp\htdocs\CodeIgniter4\system\Boot.php(67): CodeIgniter\Boot::runCodeIgniter(Object(CodeIgniter\CodeIgniter))
#10 C:\xampp\htdocs\CodeIgniter4\index.php(59): CodeIgniter\Boot::bootWeb(Object(Config\Paths))
#11 {main}
CRITICAL - 2025-08-15 02:38:30 --> CodeIgniter\Database\Exceptions\DatabaseException: Unknown column 'm_penampilan.id_penampilan' in 'on clause'
[Method: GET, Route: Audiens/booking-popup/penampilan/110]
in SYSTEMPATH\Database\BaseConnection.php on line 688.
 1 SYSTEMPATH\Database\BaseBuilder.php(1644): CodeIgniter\Database\BaseConnection->query('SELECT `r_show_schedule`.`id_schedule_show` AS `id_jadwal`, `m_show_schedule`.`tanggal`, `m_show_schedule`.`waktu_mulai`, `m_show_schedule`.`waktu_selesai`, MIN(m_seat_pricing.harga) AS harga, `m_penampilan`.`qrcode_bayar`
FROM `r_show_schedule`
JOIN `m_show_schedule` ON `r_show_schedule`.`id_schedule` = `m_show_schedule`.`id_schedule`
JOIN `m_teater` ON `m_show_schedule`.`id_teater` = `m_teater`.`id_teater`
LEFT JOIN `m_seat_pricing` ON `m_seat_pricing`.`id_penampilan` = `m_penampilan`.`id_penampilan`
LEFT JOIN `m_penampilan` ON `m_penampilan`.`id_teater` = `m_teater`.`id_teater`
WHERE `m_teater`.`id_teater` = :m_teater.id_teater:
GROUP BY `r_show_schedule`.`id_schedule_show`', [...], false)
 2 APPPATH\Controllers\Audiens.php(633): CodeIgniter\Database\BaseBuilder->get()
 3 SYSTEMPATH\CodeIgniter.php(933): App\Controllers\Audiens->showBookingPopup('penampilan', '110')
 4 SYSTEMPATH\CodeIgniter.php(509): CodeIgniter\CodeIgniter->runController(Object(App\Controllers\Audiens))
 5 SYSTEMPATH\CodeIgniter.php(355): CodeIgniter\CodeIgniter->handleRequest(null, Object(Config\Cache), false)
 6 SYSTEMPATH\Boot.php(325): CodeIgniter\CodeIgniter->run()
 7 SYSTEMPATH\Boot.php(67): CodeIgniter\Boot::runCodeIgniter(Object(CodeIgniter\CodeIgniter))
 8 FCPATH\index.php(59): CodeIgniter\Boot::bootWeb(Object(Config\Paths))
CRITICAL - 2025-08-15 02:38:30 --> [Caused by] CodeIgniter\Database\Exceptions\DatabaseException: Unknown column 'm_penampilan.id_penampilan' in 'on clause'
in SYSTEMPATH\Database\MySQLi\Connection.php on line 317.
 1 SYSTEMPATH\Database\BaseConnection.php(734): CodeIgniter\Database\MySQLi\Connection->execute('SELECT `r_show_schedule`.`id_schedule_show` AS `id_jadwal`, `m_show_schedule`.`tanggal`, `m_show_schedule`.`waktu_mulai`, `m_show_schedule`.`waktu_selesai`, MIN(m_seat_pricing.harga) AS harga, `m_penampilan`.`qrcode_bayar`
FROM `r_show_schedule`
JOIN `m_show_schedule` ON `r_show_schedule`.`id_schedule` = `m_show_schedule`.`id_schedule`
JOIN `m_teater` ON `m_show_schedule`.`id_teater` = `m_teater`.`id_teater`
LEFT JOIN `m_seat_pricing` ON `m_seat_pricing`.`id_penampilan` = `m_penampilan`.`id_penampilan`
LEFT JOIN `m_penampilan` ON `m_penampilan`.`id_teater` = `m_teater`.`id_teater`
WHERE `m_teater`.`id_teater` = \'110\'
GROUP BY `r_show_schedule`.`id_schedule_show`')
 2 SYSTEMPATH\Database\BaseConnection.php(648): CodeIgniter\Database\BaseConnection->simpleQuery('SELECT `r_show_schedule`.`id_schedule_show` AS `id_jadwal`, `m_show_schedule`.`tanggal`, `m_show_schedule`.`waktu_mulai`, `m_show_schedule`.`waktu_selesai`, MIN(m_seat_pricing.harga) AS harga, `m_penampilan`.`qrcode_bayar`
FROM `r_show_schedule`
JOIN `m_show_schedule` ON `r_show_schedule`.`id_schedule` = `m_show_schedule`.`id_schedule`
JOIN `m_teater` ON `m_show_schedule`.`id_teater` = `m_teater`.`id_teater`
LEFT JOIN `m_seat_pricing` ON `m_seat_pricing`.`id_penampilan` = `m_penampilan`.`id_penampilan`
LEFT JOIN `m_penampilan` ON `m_penampilan`.`id_teater` = `m_teater`.`id_teater`
WHERE `m_teater`.`id_teater` = \'110\'
GROUP BY `r_show_schedule`.`id_schedule_show`')
 3 SYSTEMPATH\Database\BaseBuilder.php(1644): CodeIgniter\Database\BaseConnection->query('SELECT `r_show_schedule`.`id_schedule_show` AS `id_jadwal`, `m_show_schedule`.`tanggal`, `m_show_schedule`.`waktu_mulai`, `m_show_schedule`.`waktu_selesai`, MIN(m_seat_pricing.harga) AS harga, `m_penampilan`.`qrcode_bayar`
FROM `r_show_schedule`
JOIN `m_show_schedule` ON `r_show_schedule`.`id_schedule` = `m_show_schedule`.`id_schedule`
JOIN `m_teater` ON `m_show_schedule`.`id_teater` = `m_teater`.`id_teater`
LEFT JOIN `m_seat_pricing` ON `m_seat_pricing`.`id_penampilan` = `m_penampilan`.`id_penampilan`
LEFT JOIN `m_penampilan` ON `m_penampilan`.`id_teater` = `m_teater`.`id_teater`
WHERE `m_teater`.`id_teater` = :m_teater.id_teater:
GROUP BY `r_show_schedule`.`id_schedule_show`', [...], false)
 4 APPPATH\Controllers\Audiens.php(633): CodeIgniter\Database\BaseBuilder->get()
 5 SYSTEMPATH\CodeIgniter.php(933): App\Controllers\Audiens->showBookingPopup('penampilan', '110')
 6 SYSTEMPATH\CodeIgniter.php(509): CodeIgniter\CodeIgniter->runController(Object(App\Controllers\Audiens))
 7 SYSTEMPATH\CodeIgniter.php(355): CodeIgniter\CodeIgniter->handleRequest(null, Object(Config\Cache), false)
 8 SYSTEMPATH\Boot.php(325): CodeIgniter\CodeIgniter->run()
 9 SYSTEMPATH\Boot.php(67): CodeIgniter\Boot::runCodeIgniter(Object(CodeIgniter\CodeIgniter))
10 FCPATH\index.php(59): CodeIgniter\Boot::bootWeb(Object(Config\Paths))
CRITICAL - 2025-08-15 02:38:30 --> [Caused by] mysqli_sql_exception: Unknown column 'm_penampilan.id_penampilan' in 'on clause'
in SYSTEMPATH\Database\MySQLi\Connection.php on line 312.
 1 SYSTEMPATH\Database\MySQLi\Connection.php(312): mysqli->query('SELECT `r_show_schedule`.`id_schedule_show` AS `id_jadwal`, `m_show_schedule`.`tanggal`, `m_show_schedule`.`waktu_mulai`, `m_show_schedule`.`waktu_selesai`, MIN(m_seat_pricing.harga) AS harga, `m_penampilan`.`qrcode_bayar`
FROM `r_show_schedule`
JOIN `m_show_schedule` ON `r_show_schedule`.`id_schedule` = `m_show_schedule`.`id_schedule`
JOIN `m_teater` ON `m_show_schedule`.`id_teater` = `m_teater`.`id_teater`
LEFT JOIN `m_seat_pricing` ON `m_seat_pricing`.`id_penampilan` = `m_penampilan`.`id_penampilan`
LEFT JOIN `m_penampilan` ON `m_penampilan`.`id_teater` = `m_teater`.`id_teater`
WHERE `m_teater`.`id_teater` = \'110\'
GROUP BY `r_show_schedule`.`id_schedule_show`', 0)
 2 SYSTEMPATH\Database\BaseConnection.php(734): CodeIgniter\Database\MySQLi\Connection->execute('SELECT `r_show_schedule`.`id_schedule_show` AS `id_jadwal`, `m_show_schedule`.`tanggal`, `m_show_schedule`.`waktu_mulai`, `m_show_schedule`.`waktu_selesai`, MIN(m_seat_pricing.harga) AS harga, `m_penampilan`.`qrcode_bayar`
FROM `r_show_schedule`
JOIN `m_show_schedule` ON `r_show_schedule`.`id_schedule` = `m_show_schedule`.`id_schedule`
JOIN `m_teater` ON `m_show_schedule`.`id_teater` = `m_teater`.`id_teater`
LEFT JOIN `m_seat_pricing` ON `m_seat_pricing`.`id_penampilan` = `m_penampilan`.`id_penampilan`
LEFT JOIN `m_penampilan` ON `m_penampilan`.`id_teater` = `m_teater`.`id_teater`
WHERE `m_teater`.`id_teater` = \'110\'
GROUP BY `r_show_schedule`.`id_schedule_show`')
 3 SYSTEMPATH\Database\BaseConnection.php(648): CodeIgniter\Database\BaseConnection->simpleQuery('SELECT `r_show_schedule`.`id_schedule_show` AS `id_jadwal`, `m_show_schedule`.`tanggal`, `m_show_schedule`.`waktu_mulai`, `m_show_schedule`.`waktu_selesai`, MIN(m_seat_pricing.harga) AS harga, `m_penampilan`.`qrcode_bayar`
FROM `r_show_schedule`
JOIN `m_show_schedule` ON `r_show_schedule`.`id_schedule` = `m_show_schedule`.`id_schedule`
JOIN `m_teater` ON `m_show_schedule`.`id_teater` = `m_teater`.`id_teater`
LEFT JOIN `m_seat_pricing` ON `m_seat_pricing`.`id_penampilan` = `m_penampilan`.`id_penampilan`
LEFT JOIN `m_penampilan` ON `m_penampilan`.`id_teater` = `m_teater`.`id_teater`
WHERE `m_teater`.`id_teater` = \'110\'
GROUP BY `r_show_schedule`.`id_schedule_show`')
 4 SYSTEMPATH\Database\BaseBuilder.php(1644): CodeIgniter\Database\BaseConnection->query('SELECT `r_show_schedule`.`id_schedule_show` AS `id_jadwal`, `m_show_schedule`.`tanggal`, `m_show_schedule`.`waktu_mulai`, `m_show_schedule`.`waktu_selesai`, MIN(m_seat_pricing.harga) AS harga, `m_penampilan`.`qrcode_bayar`
FROM `r_show_schedule`
JOIN `m_show_schedule` ON `r_show_schedule`.`id_schedule` = `m_show_schedule`.`id_schedule`
JOIN `m_teater` ON `m_show_schedule`.`id_teater` = `m_teater`.`id_teater`
LEFT JOIN `m_seat_pricing` ON `m_seat_pricing`.`id_penampilan` = `m_penampilan`.`id_penampilan`
LEFT JOIN `m_penampilan` ON `m_penampilan`.`id_teater` = `m_teater`.`id_teater`
WHERE `m_teater`.`id_teater` = :m_teater.id_teater:
GROUP BY `r_show_schedule`.`id_schedule_show`', [...], false)
 5 APPPATH\Controllers\Audiens.php(633): CodeIgniter\Database\BaseBuilder->get()
 6 SYSTEMPATH\CodeIgniter.php(933): App\Controllers\Audiens->showBookingPopup('penampilan', '110')
 7 SYSTEMPATH\CodeIgniter.php(509): CodeIgniter\CodeIgniter->runController(Object(App\Controllers\Audiens))
 8 SYSTEMPATH\CodeIgniter.php(355): CodeIgniter\CodeIgniter->handleRequest(null, Object(Config\Cache), false)
 9 SYSTEMPATH\Boot.php(325): CodeIgniter\CodeIgniter->run()
10 SYSTEMPATH\Boot.php(67): CodeIgniter\Boot::runCodeIgniter(Object(CodeIgniter\CodeIgniter))
11 FCPATH\index.php(59): CodeIgniter\Boot::bootWeb(Object(Config\Paths))
INFO - 2025-08-15 02:45:04 --> Session: Class initialized using 'CodeIgniter\Session\Handlers\FileHandler' driver.
INFO - 2025-08-15 02:45:10 --> Session: Class initialized using 'CodeIgniter\Session\Handlers\FileHandler' driver.
INFO - 2025-08-15 02:46:00 --> Session: Class initialized using 'CodeIgniter\Session\Handlers\FileHandler' driver.
INFO - 2025-08-15 02:56:56 --> Session: Class initialized using 'CodeIgniter\Session\Handlers\FileHandler' driver.
INFO - 2025-08-15 02:57:02 --> Session: Class initialized using 'CodeIgniter\Session\Handlers\FileHandler' driver.
INFO - 2025-08-15 02:57:44 --> Session: Class initialized using 'CodeIgniter\Session\Handlers\FileHandler' driver.
INFO - 2025-08-15 03:13:10 --> Session: Class initialized using 'CodeIgniter\Session\Handlers\FileHandler' driver.
INFO - 2025-08-15 03:13:19 --> Session: Class initialized using 'CodeIgniter\Session\Handlers\FileHandler' driver.
INFO - 2025-08-15 03:13:22 --> Session: Class initialized using 'CodeIgniter\Session\Handlers\FileHandler' driver.
INFO - 2025-08-15 03:16:22 --> Session: Class initialized using 'CodeIgniter\Session\Handlers\FileHandler' driver.
INFO - 2025-08-15 03:16:27 --> Session: Class initialized using 'CodeIgniter\Session\Handlers\FileHandler' driver.
INFO - 2025-08-15 03:18:47 --> Session: Class initialized using 'CodeIgniter\Session\Handlers\FileHandler' driver.
INFO - 2025-08-15 03:18:53 --> Session: Class initialized using 'CodeIgniter\Session\Handlers\FileHandler' driver.
INFO - 2025-08-15 03:25:50 --> Session: Class initialized using 'CodeIgniter\Session\Handlers\FileHandler' driver.
INFO - 2025-08-15 03:25:54 --> Session: Class initialized using 'CodeIgniter\Session\Handlers\FileHandler' driver.
INFO - 2025-08-15 03:35:34 --> Session: Class initialized using 'CodeIgniter\Session\Handlers\FileHandler' driver.
INFO - 2025-08-15 03:35:39 --> Session: Class initialized using 'CodeIgniter\Session\Handlers\FileHandler' driver.
INFO - 2025-08-15 03:42:36 --> Session: Class initialized using 'CodeIgniter\Session\Handlers\FileHandler' driver.
INFO - 2025-08-15 03:42:42 --> Session: Class initialized using 'CodeIgniter\Session\Handlers\FileHandler' driver.
INFO - 2025-08-15 03:42:59 --> Session: Class initialized using 'CodeIgniter\Session\Handlers\FileHandler' driver.
INFO - 2025-08-15 03:48:40 --> Session: Class initialized using 'CodeIgniter\Session\Handlers\FileHandler' driver.
INFO - 2025-08-15 03:48:46 --> Session: Class initialized using 'CodeIgniter\Session\Handlers\FileHandler' driver.
INFO - 2025-08-15 03:54:15 --> Session: Class initialized using 'CodeIgniter\Session\Handlers\FileHandler' driver.
INFO - 2025-08-15 03:54:21 --> Session: Class initialized using 'CodeIgniter\Session\Handlers\FileHandler' driver.
INFO - 2025-08-15 03:58:35 --> Session: Class initialized using 'CodeIgniter\Session\Handlers\FileHandler' driver.
INFO - 2025-08-15 04:02:30 --> Session: Class initialized using 'CodeIgniter\Session\Handlers\FileHandler' driver.
INFO - 2025-08-15 04:02:38 --> Session: Class initialized using 'CodeIgniter\Session\Handlers\FileHandler' driver.
INFO - 2025-08-15 04:05:17 --> Session: Class initialized using 'CodeIgniter\Session\Handlers\FileHandler' driver.
INFO - 2025-08-15 04:05:23 --> Session: Class initialized using 'CodeIgniter\Session\Handlers\FileHandler' driver.
INFO - 2025-08-15 04:06:19 --> Session: Class initialized using 'CodeIgniter\Session\Handlers\FileHandler' driver.
INFO - 2025-08-15 04:11:21 --> Session: Class initialized using 'CodeIgniter\Session\Handlers\FileHandler' driver.
INFO - 2025-08-15 04:11:26 --> Session: Class initialized using 'CodeIgniter\Session\Handlers\FileHandler' driver.
INFO - 2025-08-15 04:11:29 --> Session: Class initialized using 'CodeIgniter\Session\Handlers\FileHandler' driver.
INFO - 2025-08-15 04:15:28 --> Session: Class initialized using 'CodeIgniter\Session\Handlers\FileHandler' driver.
INFO - 2025-08-15 04:15:36 --> Session: Class initialized using 'CodeIgniter\Session\Handlers\FileHandler' driver.
INFO - 2025-08-15 04:17:52 --> Session: Class initialized using 'CodeIgniter\Session\Handlers\FileHandler' driver.
INFO - 2025-08-15 04:17:58 --> Session: Class initialized using 'CodeIgniter\Session\Handlers\FileHandler' driver.
INFO - 2025-08-15 04:23:26 --> Session: Class initialized using 'CodeIgniter\Session\Handlers\FileHandler' driver.
INFO - 2025-08-15 04:23:31 --> Session: Class initialized using 'CodeIgniter\Session\Handlers\FileHandler' driver.
INFO - 2025-08-15 04:25:05 --> Session: Class initialized using 'CodeIgniter\Session\Handlers\FileHandler' driver.
INFO - 2025-08-15 04:25:08 --> Session: Class initialized using 'CodeIgniter\Session\Handlers\FileHandler' driver.
INFO - 2025-08-15 04:36:42 --> Session: Class initialized using 'CodeIgniter\Session\Handlers\FileHandler' driver.
INFO - 2025-08-15 04:36:48 --> Session: Class initialized using 'CodeIgniter\Session\Handlers\FileHandler' driver.
INFO - 2025-08-15 04:40:33 --> Session: Class initialized using 'CodeIgniter\Session\Handlers\FileHandler' driver.
INFO - 2025-08-15 04:40:38 --> Session: Class initialized using 'CodeIgniter\Session\Handlers\FileHandler' driver.
INFO - 2025-08-15 04:40:56 --> Session: Class initialized using 'CodeIgniter\Session\Handlers\FileHandler' driver.
INFO - 2025-08-15 04:41:01 --> Session: Class initialized using 'CodeIgniter\Session\Handlers\FileHandler' driver.
INFO - 2025-08-15 04:45:53 --> Session: Class initialized using 'CodeIgniter\Session\Handlers\FileHandler' driver.
INFO - 2025-08-15 04:45:58 --> Session: Class initialized using 'CodeIgniter\Session\Handlers\FileHandler' driver.
ERROR - 2025-08-15 04:45:58 --> mysqli_sql_exception: Unknown column 'id_schedule' in 'where clause' in C:\xampp\htdocs\CodeIgniter4\system\Database\MySQLi\Connection.php:312
Stack trace:
#0 C:\xampp\htdocs\CodeIgniter4\system\Database\MySQLi\Connection.php(312): mysqli->query('SELECT *\nFROM `...', 0)
#1 C:\xampp\htdocs\CodeIgniter4\system\Database\BaseConnection.php(734): CodeIgniter\Database\MySQLi\Connection->execute('SELECT *\nFROM `...')
#2 C:\xampp\htdocs\CodeIgniter4\system\Database\BaseConnection.php(648): CodeIgniter\Database\BaseConnection->simpleQuery('SELECT *\nFROM `...')
#3 C:\xampp\htdocs\CodeIgniter4\system\Database\BaseBuilder.php(1644): CodeIgniter\Database\BaseConnection->query('SELECT *\nFROM `...', Array, false)
#4 C:\xampp\htdocs\CodeIgniter4\app\Controllers\Audiens.php(635): CodeIgniter\Database\BaseBuilder->get()
#5 C:\xampp\htdocs\CodeIgniter4\system\CodeIgniter.php(933): App\Controllers\Audiens->showBookingPopup('penampilan', '110')
#6 C:\xampp\htdocs\CodeIgniter4\system\CodeIgniter.php(509): CodeIgniter\CodeIgniter->runController(Object(App\Controllers\Audiens))
#7 C:\xampp\htdocs\CodeIgniter4\system\CodeIgniter.php(355): CodeIgniter\CodeIgniter->handleRequest(NULL, Object(Config\Cache), false)
#8 C:\xampp\htdocs\CodeIgniter4\system\Boot.php(325): CodeIgniter\CodeIgniter->run()
#9 C:\xampp\htdocs\CodeIgniter4\system\Boot.php(67): CodeIgniter\Boot::runCodeIgniter(Object(CodeIgniter\CodeIgniter))
#10 C:\xampp\htdocs\CodeIgniter4\index.php(59): CodeIgniter\Boot::bootWeb(Object(Config\Paths))
#11 {main}
CRITICAL - 2025-08-15 04:45:59 --> CodeIgniter\Database\Exceptions\DatabaseException: Unknown column 'id_schedule' in 'where clause'
[Method: GET, Route: Audiens/booking-popup/penampilan/110]
in SYSTEMPATH\Database\BaseConnection.php on line 688.
 1 SYSTEMPATH\Database\BaseBuilder.php(1644): CodeIgniter\Database\BaseConnection->query('SELECT *
FROM `m_penampilan`
WHERE `id_teater` = :id_teater:
AND `id_schedule` = :id_schedule:', [...], false)
 2 APPPATH\Controllers\Audiens.php(635): CodeIgniter\Database\BaseBuilder->get()
 3 SYSTEMPATH\CodeIgniter.php(933): App\Controllers\Audiens->showBookingPopup('penampilan', '110')
 4 SYSTEMPATH\CodeIgniter.php(509): CodeIgniter\CodeIgniter->runController(Object(App\Controllers\Audiens))
 5 SYSTEMPATH\CodeIgniter.php(355): CodeIgniter\CodeIgniter->handleRequest(null, Object(Config\Cache), false)
 6 SYSTEMPATH\Boot.php(325): CodeIgniter\CodeIgniter->run()
 7 SYSTEMPATH\Boot.php(67): CodeIgniter\Boot::runCodeIgniter(Object(CodeIgniter\CodeIgniter))
 8 FCPATH\index.php(59): CodeIgniter\Boot::bootWeb(Object(Config\Paths))
CRITICAL - 2025-08-15 04:45:59 --> [Caused by] CodeIgniter\Database\Exceptions\DatabaseException: Unknown column 'id_schedule' in 'where clause'
in SYSTEMPATH\Database\MySQLi\Connection.php on line 317.
 1 SYSTEMPATH\Database\BaseConnection.php(734): CodeIgniter\Database\MySQLi\Connection->execute('SELECT *
FROM `m_penampilan`
WHERE `id_teater` = \'110\'
AND `id_schedule` = \'205\'')
 2 SYSTEMPATH\Database\BaseConnection.php(648): CodeIgniter\Database\BaseConnection->simpleQuery('SELECT *
FROM `m_penampilan`
WHERE `id_teater` = \'110\'
AND `id_schedule` = \'205\'')
 3 SYSTEMPATH\Database\BaseBuilder.php(1644): CodeIgniter\Database\BaseConnection->query('SELECT *
FROM `m_penampilan`
WHERE `id_teater` = :id_teater:
AND `id_schedule` = :id_schedule:', [...], false)
 4 APPPATH\Controllers\Audiens.php(635): CodeIgniter\Database\BaseBuilder->get()
 5 SYSTEMPATH\CodeIgniter.php(933): App\Controllers\Audiens->showBookingPopup('penampilan', '110')
 6 SYSTEMPATH\CodeIgniter.php(509): CodeIgniter\CodeIgniter->runController(Object(App\Controllers\Audiens))
 7 SYSTEMPATH\CodeIgniter.php(355): CodeIgniter\CodeIgniter->handleRequest(null, Object(Config\Cache), false)
 8 SYSTEMPATH\Boot.php(325): CodeIgniter\CodeIgniter->run()
 9 SYSTEMPATH\Boot.php(67): CodeIgniter\Boot::runCodeIgniter(Object(CodeIgniter\CodeIgniter))
10 FCPATH\index.php(59): CodeIgniter\Boot::bootWeb(Object(Config\Paths))
CRITICAL - 2025-08-15 04:45:59 --> [Caused by] mysqli_sql_exception: Unknown column 'id_schedule' in 'where clause'
in SYSTEMPATH\Database\MySQLi\Connection.php on line 312.
 1 SYSTEMPATH\Database\MySQLi\Connection.php(312): mysqli->query('SELECT *
FROM `m_penampilan`
WHERE `id_teater` = \'110\'
AND `id_schedule` = \'205\'', 0)
 2 SYSTEMPATH\Database\BaseConnection.php(734): CodeIgniter\Database\MySQLi\Connection->execute('SELECT *
FROM `m_penampilan`
WHERE `id_teater` = \'110\'
AND `id_schedule` = \'205\'')
 3 SYSTEMPATH\Database\BaseConnection.php(648): CodeIgniter\Database\BaseConnection->simpleQuery('SELECT *
FROM `m_penampilan`
WHERE `id_teater` = \'110\'
AND `id_schedule` = \'205\'')
 4 SYSTEMPATH\Database\BaseBuilder.php(1644): CodeIgniter\Database\BaseConnection->query('SELECT *
FROM `m_penampilan`
WHERE `id_teater` = :id_teater:
AND `id_schedule` = :id_schedule:', [...], false)
 5 APPPATH\Controllers\Audiens.php(635): CodeIgniter\Database\BaseBuilder->get()
 6 SYSTEMPATH\CodeIgniter.php(933): App\Controllers\Audiens->showBookingPopup('penampilan', '110')
 7 SYSTEMPATH\CodeIgniter.php(509): CodeIgniter\CodeIgniter->runController(Object(App\Controllers\Audiens))
 8 SYSTEMPATH\CodeIgniter.php(355): CodeIgniter\CodeIgniter->handleRequest(null, Object(Config\Cache), false)
 9 SYSTEMPATH\Boot.php(325): CodeIgniter\CodeIgniter->run()
10 SYSTEMPATH\Boot.php(67): CodeIgniter\Boot::runCodeIgniter(Object(CodeIgniter\CodeIgniter))
11 FCPATH\index.php(59): CodeIgniter\Boot::bootWeb(Object(Config\Paths))
INFO - 2025-08-15 04:46:01 --> Session: Class initialized using 'CodeIgniter\Session\Handlers\FileHandler' driver.
ERROR - 2025-08-15 04:46:01 --> mysqli_sql_exception: Unknown column 'id_schedule' in 'where clause' in C:\xampp\htdocs\CodeIgniter4\system\Database\MySQLi\Connection.php:312
Stack trace:
#0 C:\xampp\htdocs\CodeIgniter4\system\Database\MySQLi\Connection.php(312): mysqli->query('SELECT *\nFROM `...', 0)
#1 C:\xampp\htdocs\CodeIgniter4\system\Database\BaseConnection.php(734): CodeIgniter\Database\MySQLi\Connection->execute('SELECT *\nFROM `...')
#2 C:\xampp\htdocs\CodeIgniter4\system\Database\BaseConnection.php(648): CodeIgniter\Database\BaseConnection->simpleQuery('SELECT *\nFROM `...')
#3 C:\xampp\htdocs\CodeIgniter4\system\Database\BaseBuilder.php(1644): CodeIgniter\Database\BaseConnection->query('SELECT *\nFROM `...', Array, false)
#4 C:\xampp\htdocs\CodeIgniter4\app\Controllers\Audiens.php(635): CodeIgniter\Database\BaseBuilder->get()
#5 C:\xampp\htdocs\CodeIgniter4\system\CodeIgniter.php(933): App\Controllers\Audiens->showBookingPopup('penampilan', '110')
#6 C:\xampp\htdocs\CodeIgniter4\system\CodeIgniter.php(509): CodeIgniter\CodeIgniter->runController(Object(App\Controllers\Audiens))
#7 C:\xampp\htdocs\CodeIgniter4\system\CodeIgniter.php(355): CodeIgniter\CodeIgniter->handleRequest(NULL, Object(Config\Cache), false)
#8 C:\xampp\htdocs\CodeIgniter4\system\Boot.php(325): CodeIgniter\CodeIgniter->run()
#9 C:\xampp\htdocs\CodeIgniter4\system\Boot.php(67): CodeIgniter\Boot::runCodeIgniter(Object(CodeIgniter\CodeIgniter))
#10 C:\xampp\htdocs\CodeIgniter4\index.php(59): CodeIgniter\Boot::bootWeb(Object(Config\Paths))
#11 {main}
CRITICAL - 2025-08-15 04:46:01 --> CodeIgniter\Database\Exceptions\DatabaseException: Unknown column 'id_schedule' in 'where clause'
[Method: GET, Route: Audiens/booking-popup/penampilan/110]
in SYSTEMPATH\Database\BaseConnection.php on line 688.
 1 SYSTEMPATH\Database\BaseBuilder.php(1644): CodeIgniter\Database\BaseConnection->query('SELECT *
FROM `m_penampilan`
WHERE `id_teater` = :id_teater:
AND `id_schedule` = :id_schedule:', [...], false)
 2 APPPATH\Controllers\Audiens.php(635): CodeIgniter\Database\BaseBuilder->get()
 3 SYSTEMPATH\CodeIgniter.php(933): App\Controllers\Audiens->showBookingPopup('penampilan', '110')
 4 SYSTEMPATH\CodeIgniter.php(509): CodeIgniter\CodeIgniter->runController(Object(App\Controllers\Audiens))
 5 SYSTEMPATH\CodeIgniter.php(355): CodeIgniter\CodeIgniter->handleRequest(null, Object(Config\Cache), false)
 6 SYSTEMPATH\Boot.php(325): CodeIgniter\CodeIgniter->run()
 7 SYSTEMPATH\Boot.php(67): CodeIgniter\Boot::runCodeIgniter(Object(CodeIgniter\CodeIgniter))
 8 FCPATH\index.php(59): CodeIgniter\Boot::bootWeb(Object(Config\Paths))
CRITICAL - 2025-08-15 04:46:01 --> [Caused by] CodeIgniter\Database\Exceptions\DatabaseException: Unknown column 'id_schedule' in 'where clause'
in SYSTEMPATH\Database\MySQLi\Connection.php on line 317.
 1 SYSTEMPATH\Database\BaseConnection.php(734): CodeIgniter\Database\MySQLi\Connection->execute('SELECT *
FROM `m_penampilan`
WHERE `id_teater` = \'110\'
AND `id_schedule` = \'205\'')
 2 SYSTEMPATH\Database\BaseConnection.php(648): CodeIgniter\Database\BaseConnection->simpleQuery('SELECT *
FROM `m_penampilan`
WHERE `id_teater` = \'110\'
AND `id_schedule` = \'205\'')
 3 SYSTEMPATH\Database\BaseBuilder.php(1644): CodeIgniter\Database\BaseConnection->query('SELECT *
FROM `m_penampilan`
WHERE `id_teater` = :id_teater:
AND `id_schedule` = :id_schedule:', [...], false)
 4 APPPATH\Controllers\Audiens.php(635): CodeIgniter\Database\BaseBuilder->get()
 5 SYSTEMPATH\CodeIgniter.php(933): App\Controllers\Audiens->showBookingPopup('penampilan', '110')
 6 SYSTEMPATH\CodeIgniter.php(509): CodeIgniter\CodeIgniter->runController(Object(App\Controllers\Audiens))
 7 SYSTEMPATH\CodeIgniter.php(355): CodeIgniter\CodeIgniter->handleRequest(null, Object(Config\Cache), false)
 8 SYSTEMPATH\Boot.php(325): CodeIgniter\CodeIgniter->run()
 9 SYSTEMPATH\Boot.php(67): CodeIgniter\Boot::runCodeIgniter(Object(CodeIgniter\CodeIgniter))
10 FCPATH\index.php(59): CodeIgniter\Boot::bootWeb(Object(Config\Paths))
CRITICAL - 2025-08-15 04:46:01 --> [Caused by] mysqli_sql_exception: Unknown column 'id_schedule' in 'where clause'
in SYSTEMPATH\Database\MySQLi\Connection.php on line 312.
 1 SYSTEMPATH\Database\MySQLi\Connection.php(312): mysqli->query('SELECT *
FROM `m_penampilan`
WHERE `id_teater` = \'110\'
AND `id_schedule` = \'205\'', 0)
 2 SYSTEMPATH\Database\BaseConnection.php(734): CodeIgniter\Database\MySQLi\Connection->execute('SELECT *
FROM `m_penampilan`
WHERE `id_teater` = \'110\'
AND `id_schedule` = \'205\'')
 3 SYSTEMPATH\Database\BaseConnection.php(648): CodeIgniter\Database\BaseConnection->simpleQuery('SELECT *
FROM `m_penampilan`
WHERE `id_teater` = \'110\'
AND `id_schedule` = \'205\'')
 4 SYSTEMPATH\Database\BaseBuilder.php(1644): CodeIgniter\Database\BaseConnection->query('SELECT *
FROM `m_penampilan`
WHERE `id_teater` = :id_teater:
AND `id_schedule` = :id_schedule:', [...], false)
 5 APPPATH\Controllers\Audiens.php(635): CodeIgniter\Database\BaseBuilder->get()
 6 SYSTEMPATH\CodeIgniter.php(933): App\Controllers\Audiens->showBookingPopup('penampilan', '110')
 7 SYSTEMPATH\CodeIgniter.php(509): CodeIgniter\CodeIgniter->runController(Object(App\Controllers\Audiens))
 8 SYSTEMPATH\CodeIgniter.php(355): CodeIgniter\CodeIgniter->handleRequest(null, Object(Config\Cache), false)
 9 SYSTEMPATH\Boot.php(325): CodeIgniter\CodeIgniter->run()
10 SYSTEMPATH\Boot.php(67): CodeIgniter\Boot::runCodeIgniter(Object(CodeIgniter\CodeIgniter))
11 FCPATH\index.php(59): CodeIgniter\Boot::bootWeb(Object(Config\Paths))
INFO - 2025-08-15 05:26:03 --> Session: Class initialized using 'CodeIgniter\Session\Handlers\FileHandler' driver.
INFO - 2025-08-15 05:26:09 --> Session: Class initialized using 'CodeIgniter\Session\Handlers\FileHandler' driver.
INFO - 2025-08-15 05:29:49 --> Session: Class initialized using 'CodeIgniter\Session\Handlers\FileHandler' driver.
INFO - 2025-08-15 05:29:56 --> Session: Class initialized using 'CodeIgniter\Session\Handlers\FileHandler' driver.
INFO - 2025-08-15 05:32:06 --> Session: Class initialized using 'CodeIgniter\Session\Handlers\FileHandler' driver.
INFO - 2025-08-15 05:32:11 --> Session: Class initialized using 'CodeIgniter\Session\Handlers\FileHandler' driver.
INFO - 2025-08-15 05:34:38 --> Session: Class initialized using 'CodeIgniter\Session\Handlers\FileHandler' driver.
INFO - 2025-08-15 05:34:43 --> Session: Class initialized using 'CodeIgniter\Session\Handlers\FileHandler' driver.
INFO - 2025-08-15 05:38:10 --> Session: Class initialized using 'CodeIgniter\Session\Handlers\FileHandler' driver.
INFO - 2025-08-15 05:38:15 --> Session: Class initialized using 'CodeIgniter\Session\Handlers\FileHandler' driver.
INFO - 2025-08-15 06:05:49 --> Session: Class initialized using 'CodeIgniter\Session\Handlers\FileHandler' driver.
INFO - 2025-08-15 06:05:56 --> Session: Class initialized using 'CodeIgniter\Session\Handlers\FileHandler' driver.
INFO - 2025-08-15 06:11:15 --> Session: Class initialized using 'CodeIgniter\Session\Handlers\FileHandler' driver.
INFO - 2025-08-15 06:11:15 --> Session: Class initialized using 'CodeIgniter\Session\Handlers\FileHandler' driver.
INFO - 2025-08-15 06:23:36 --> Session: Class initialized using 'CodeIgniter\Session\Handlers\FileHandler' driver.
INFO - 2025-08-15 06:23:41 --> Session: Class initialized using 'CodeIgniter\Session\Handlers\FileHandler' driver.
INFO - 2025-08-15 06:30:24 --> Session: Class initialized using 'CodeIgniter\Session\Handlers\FileHandler' driver.
INFO - 2025-08-15 06:30:44 --> Session: Class initialized using 'CodeIgniter\Session\Handlers\FileHandler' driver.
INFO - 2025-08-15 06:30:50 --> Session: Class initialized using 'CodeIgniter\Session\Handlers\FileHandler' driver.
INFO - 2025-08-15 06:31:23 --> Session: Class initialized using 'CodeIgniter\Session\Handlers\FileHandler' driver.
INFO - 2025-08-15 06:31:38 --> Session: Class initialized using 'CodeIgniter\Session\Handlers\FileHandler' driver.
INFO - 2025-08-15 06:32:00 --> Session: Class initialized using 'CodeIgniter\Session\Handlers\FileHandler' driver.
INFO - 2025-08-15 06:32:00 --> Session: Class initialized using 'CodeIgniter\Session\Handlers\FileHandler' driver.
INFO - 2025-08-15 06:32:21 --> Session: Class initialized using 'CodeIgniter\Session\Handlers\FileHandler' driver.
INFO - 2025-08-15 06:32:22 --> Session: Class initialized using 'CodeIgniter\Session\Handlers\FileHandler' driver.
INFO - 2025-08-15 06:32:26 --> Session: Class initialized using 'CodeIgniter\Session\Handlers\FileHandler' driver.
INFO - 2025-08-15 06:32:26 --> Session: Class initialized using 'CodeIgniter\Session\Handlers\FileHandler' driver.
INFO - 2025-08-15 06:32:29 --> Session: Class initialized using 'CodeIgniter\Session\Handlers\FileHandler' driver.
WARNING - 2025-08-15 06:32:30 --> [DEPRECATED] number_format(): Passing null to parameter #1 ($num) of type float is deprecated in APPPATH\Views\templates\bodyAudisiMitra.php on line 66.
 1 APPPATH\Views\templates\bodyAudisiMitra.php(66): number_format(null, 0, ',', '.')
 2 SYSTEMPATH\View\View.php(234): include('C:\\xampp\\htdocs\\CodeIgniter4\\app\\Views\\templates\\bodyAudisiMitra.php')
 3 SYSTEMPATH\View\View.php(237): CodeIgniter\View\View->CodeIgniter\View\{closure}()
 4 SYSTEMPATH\Common.php(1171): CodeIgniter\View\View->render('templates/bodyAudisiMitra', [], true)
 5 APPPATH\Controllers\MitraTeater.php(1845): view('templates/bodyAudisiMitra', [...])
 6 SYSTEMPATH\CodeIgniter.php(933): App\Controllers\MitraTeater->audisi()
 7 SYSTEMPATH\CodeIgniter.php(509): CodeIgniter\CodeIgniter->runController(Object(App\Controllers\MitraTeater))
 8 SYSTEMPATH\CodeIgniter.php(355): CodeIgniter\CodeIgniter->handleRequest(null, Object(Config\Cache), false)
 9 SYSTEMPATH\Boot.php(325): CodeIgniter\CodeIgniter->run()
10 SYSTEMPATH\Boot.php(67): CodeIgniter\Boot::runCodeIgniter(Object(CodeIgniter\CodeIgniter))
11 FCPATH\index.php(59): CodeIgniter\Boot::bootWeb(Object(Config\Paths))
INFO - 2025-08-15 06:32:30 --> Session: Class initialized using 'CodeIgniter\Session\Handlers\FileHandler' driver.
INFO - 2025-08-15 06:32:31 --> Session: Class initialized using 'CodeIgniter\Session\Handlers\FileHandler' driver.
INFO - 2025-08-15 06:32:35 --> Session: Class initialized using 'CodeIgniter\Session\Handlers\FileHandler' driver.
INFO - 2025-08-15 06:32:35 --> Session: Class initialized using 'CodeIgniter\Session\Handlers\FileHandler' driver.
INFO - 2025-08-15 06:32:44 --> Session: Class initialized using 'CodeIgniter\Session\Handlers\FileHandler' driver.
INFO - 2025-08-15 06:34:58 --> Session: Class initialized using 'CodeIgniter\Session\Handlers\FileHandler' driver.
INFO - 2025-08-15 06:35:00 --> Session: Class initialized using 'CodeIgniter\Session\Handlers\FileHandler' driver.
INFO - 2025-08-15 06:35:04 --> Session: Class initialized using 'CodeIgniter\Session\Handlers\FileHandler' driver.
INFO - 2025-08-15 06:36:29 --> Session: Class initialized using 'CodeIgniter\Session\Handlers\FileHandler' driver.
INFO - 2025-08-15 06:36:32 --> Session: Class initialized using 'CodeIgniter\Session\Handlers\FileHandler' driver.
INFO - 2025-08-15 06:36:34 --> Session: Class initialized using 'CodeIgniter\Session\Handlers\FileHandler' driver.
INFO - 2025-08-15 06:45:59 --> Session: Class initialized using 'CodeIgniter\Session\Handlers\FileHandler' driver.
CRITICAL - 2025-08-15 06:46:00 --> ErrorException: Undefined variable $row
[Method: GET, Route: MitraTeater/crudPenampilan]
in APPPATH\Views\templates\footerPenampilanMitra.php on line 2083.
 1 APPPATH\Views\templates\footerPenampilanMitra.php(2083): CodeIgniter\Debug\Exceptions->errorHandler(2, 'Undefined variable $row', 'C:\\xampp\\htdocs\\CodeIgniter4\\app\\Views\\templates\\footerPenampilanMitra.php', 2083)
 2 SYSTEMPATH\View\View.php(234): include('C:\\xampp\\htdocs\\CodeIgniter4\\app\\Views\\templates\\footerPenampilanMitra.php')
 3 SYSTEMPATH\View\View.php(237): CodeIgniter\View\View->CodeIgniter\View\{closure}()
 4 SYSTEMPATH\Common.php(1171): CodeIgniter\View\View->render('templates/footerPenampilanMitra', [], true)
 5 APPPATH\Controllers\MitraTeater.php(635): view('templates/footerPenampilanMitra')
 6 SYSTEMPATH\CodeIgniter.php(933): App\Controllers\MitraTeater->penampilan()
 7 SYSTEMPATH\CodeIgniter.php(509): CodeIgniter\CodeIgniter->runController(Object(App\Controllers\MitraTeater))
 8 SYSTEMPATH\CodeIgniter.php(355): CodeIgniter\CodeIgniter->handleRequest(null, Object(Config\Cache), false)
 9 SYSTEMPATH\Boot.php(325): CodeIgniter\CodeIgniter->run()
10 SYSTEMPATH\Boot.php(67): CodeIgniter\Boot::runCodeIgniter(Object(CodeIgniter\CodeIgniter))
11 FCPATH\index.php(59): CodeIgniter\Boot::bootWeb(Object(Config\Paths))
INFO - 2025-08-15 06:50:06 --> Session: Class initialized using 'CodeIgniter\Session\Handlers\FileHandler' driver.
INFO - 2025-08-15 06:50:07 --> Session: Class initialized using 'CodeIgniter\Session\Handlers\FileHandler' driver.
INFO - 2025-08-15 06:50:14 --> Session: Class initialized using 'CodeIgniter\Session\Handlers\FileHandler' driver.
CRITICAL - 2025-08-15 06:50:16 --> CodeIgniter\HTTP\Exceptions\BadRequestException: The URI you submitted has disallowed characters: "${row.bukti_pembayaran}"
[Method: GET, Route: uploads/bukti/$%7Brow.bukti_pembayaran%7D]
in SYSTEMPATH\Router\Router.php on line 737.
 1 SYSTEMPATH\Router\Router.php(204): CodeIgniter\Router\Router->checkDisallowedChars('uploads/bukti/${row.bukti_pembayaran}')
 2 SYSTEMPATH\CodeIgniter.php(834): CodeIgniter\Router\Router->handle('uploads/bukti/${row.bukti_pembayaran}')
 3 SYSTEMPATH\CodeIgniter.php(457): CodeIgniter\CodeIgniter->tryToRouteIt(Object(CodeIgniter\Router\RouteCollection))
 4 SYSTEMPATH\CodeIgniter.php(355): CodeIgniter\CodeIgniter->handleRequest(null, Object(Config\Cache), false)
 5 SYSTEMPATH\Boot.php(325): CodeIgniter\CodeIgniter->run()
 6 SYSTEMPATH\Boot.php(67): CodeIgniter\Boot::runCodeIgniter(Object(CodeIgniter\CodeIgniter))
 7 FCPATH\index.php(59): CodeIgniter\Boot::bootWeb(Object(Config\Paths))
INFO - 2025-08-15 06:52:14 --> Session: Class initialized using 'CodeIgniter\Session\Handlers\FileHandler' driver.
CRITICAL - 2025-08-15 06:52:15 --> ErrorException: Undefined variable $row
[Method: GET, Route: MitraTeater/crudPenampilan]
in APPPATH\Views\templates\footerPenampilanMitra.php on line 2083.
 1 APPPATH\Views\templates\footerPenampilanMitra.php(2083): CodeIgniter\Debug\Exceptions->errorHandler(2, 'Undefined variable $row', 'C:\\xampp\\htdocs\\CodeIgniter4\\app\\Views\\templates\\footerPenampilanMitra.php', 2083)
 2 SYSTEMPATH\View\View.php(234): include('C:\\xampp\\htdocs\\CodeIgniter4\\app\\Views\\templates\\footerPenampilanMitra.php')
 3 SYSTEMPATH\View\View.php(237): CodeIgniter\View\View->CodeIgniter\View\{closure}()
 4 SYSTEMPATH\Common.php(1171): CodeIgniter\View\View->render('templates/footerPenampilanMitra', [], true)
 5 APPPATH\Controllers\MitraTeater.php(635): view('templates/footerPenampilanMitra')
 6 SYSTEMPATH\CodeIgniter.php(933): App\Controllers\MitraTeater->penampilan()
 7 SYSTEMPATH\CodeIgniter.php(509): CodeIgniter\CodeIgniter->runController(Object(App\Controllers\MitraTeater))
 8 SYSTEMPATH\CodeIgniter.php(355): CodeIgniter\CodeIgniter->handleRequest(null, Object(Config\Cache), false)
 9 SYSTEMPATH\Boot.php(325): CodeIgniter\CodeIgniter->run()
10 SYSTEMPATH\Boot.php(67): CodeIgniter\Boot::runCodeIgniter(Object(CodeIgniter\CodeIgniter))
11 FCPATH\index.php(59): CodeIgniter\Boot::bootWeb(Object(Config\Paths))
INFO - 2025-08-15 06:54:53 --> Session: Class initialized using 'CodeIgniter\Session\Handlers\FileHandler' driver.
INFO - 2025-08-15 06:54:55 --> Session: Class initialized using 'CodeIgniter\Session\Handlers\FileHandler' driver.
INFO - 2025-08-15 06:55:07 --> Session: Class initialized using 'CodeIgniter\Session\Handlers\FileHandler' driver.
INFO - 2025-08-15 06:55:44 --> Session: Class initialized using 'CodeIgniter\Session\Handlers\FileHandler' driver.
CRITICAL - 2025-08-15 06:55:44 --> ErrorException: Undefined variable $row
[Method: GET, Route: MitraTeater/crudPenampilan]
in APPPATH\Views\templates\footerPenampilanMitra.php on line 2083.
 1 APPPATH\Views\templates\footerPenampilanMitra.php(2083): CodeIgniter\Debug\Exceptions->errorHandler(2, 'Undefined variable $row', 'C:\\xampp\\htdocs\\CodeIgniter4\\app\\Views\\templates\\footerPenampilanMitra.php', 2083)
 2 SYSTEMPATH\View\View.php(234): include('C:\\xampp\\htdocs\\CodeIgniter4\\app\\Views\\templates\\footerPenampilanMitra.php')
 3 SYSTEMPATH\View\View.php(237): CodeIgniter\View\View->CodeIgniter\View\{closure}()
 4 SYSTEMPATH\Common.php(1171): CodeIgniter\View\View->render('templates/footerPenampilanMitra', [], true)
 5 APPPATH\Controllers\MitraTeater.php(635): view('templates/footerPenampilanMitra')
 6 SYSTEMPATH\CodeIgniter.php(933): App\Controllers\MitraTeater->penampilan()
 7 SYSTEMPATH\CodeIgniter.php(509): CodeIgniter\CodeIgniter->runController(Object(App\Controllers\MitraTeater))
 8 SYSTEMPATH\CodeIgniter.php(355): CodeIgniter\CodeIgniter->handleRequest(null, Object(Config\Cache), false)
 9 SYSTEMPATH\Boot.php(325): CodeIgniter\CodeIgniter->run()
10 SYSTEMPATH\Boot.php(67): CodeIgniter\Boot::runCodeIgniter(Object(CodeIgniter\CodeIgniter))
11 FCPATH\index.php(59): CodeIgniter\Boot::bootWeb(Object(Config\Paths))
INFO - 2025-08-15 06:57:39 --> Session: Class initialized using 'CodeIgniter\Session\Handlers\FileHandler' driver.
INFO - 2025-08-15 06:57:41 --> Session: Class initialized using 'CodeIgniter\Session\Handlers\FileHandler' driver.
INFO - 2025-08-15 06:57:51 --> Session: Class initialized using 'CodeIgniter\Session\Handlers\FileHandler' driver.
INFO - 2025-08-15 06:58:25 --> Session: Class initialized using 'CodeIgniter\Session\Handlers\FileHandler' driver.
INFO - 2025-08-15 06:58:26 --> Session: Class initialized using 'CodeIgniter\Session\Handlers\FileHandler' driver.
INFO - 2025-08-15 06:58:33 --> Session: Class initialized using 'CodeIgniter\Session\Handlers\FileHandler' driver.
INFO - 2025-08-15 06:59:03 --> Session: Class initialized using 'CodeIgniter\Session\Handlers\FileHandler' driver.
INFO - 2025-08-15 06:59:14 --> Session: Class initialized using 'CodeIgniter\Session\Handlers\FileHandler' driver.
INFO - 2025-08-15 06:59:15 --> Session: Class initialized using 'CodeIgniter\Session\Handlers\FileHandler' driver.
INFO - 2025-08-15 06:59:22 --> Session: Class initialized using 'CodeIgniter\Session\Handlers\FileHandler' driver.
INFO - 2025-08-15 07:00:04 --> Session: Class initialized using 'CodeIgniter\Session\Handlers\FileHandler' driver.
INFO - 2025-08-15 07:00:04 --> Session: Class initialized using 'CodeIgniter\Session\Handlers\FileHandler' driver.
INFO - 2025-08-15 07:00:09 --> Session: Class initialized using 'CodeIgniter\Session\Handlers\FileHandler' driver.
INFO - 2025-08-15 07:00:10 --> Session: Class initialized using 'CodeIgniter\Session\Handlers\FileHandler' driver.
INFO - 2025-08-15 07:00:11 --> Session: Class initialized using 'CodeIgniter\Session\Handlers\FileHandler' driver.
INFO - 2025-08-15 07:00:15 --> Session: Class initialized using 'CodeIgniter\Session\Handlers\FileHandler' driver.
INFO - 2025-08-15 07:00:28 --> Session: Class initialized using 'CodeIgniter\Session\Handlers\FileHandler' driver.
INFO - 2025-08-15 07:08:50 --> Session: Class initialized using 'CodeIgniter\Session\Handlers\FileHandler' driver.
INFO - 2025-08-15 07:09:31 --> Session: Class initialized using 'CodeIgniter\Session\Handlers\FileHandler' driver.
INFO - 2025-08-15 07:09:35 --> Session: Class initialized using 'CodeIgniter\Session\Handlers\FileHandler' driver.
INFO - 2025-08-15 07:09:39 --> Session: Class initialized using 'CodeIgniter\Session\Handlers\FileHandler' driver.
INFO - 2025-08-15 07:09:43 --> Session: Class initialized using 'CodeIgniter\Session\Handlers\FileHandler' driver.
INFO - 2025-08-15 09:32:56 --> Session: Class initialized using 'CodeIgniter\Session\Handlers\FileHandler' driver.
INFO - 2025-08-15 09:32:56 --> Session: Class initialized using 'CodeIgniter\Session\Handlers\FileHandler' driver.
INFO - 2025-08-15 09:32:59 --> Session: Class initialized using 'CodeIgniter\Session\Handlers\FileHandler' driver.
INFO - 2025-08-15 09:32:59 --> Session: Class initialized using 'CodeIgniter\Session\Handlers\FileHandler' driver.
INFO - 2025-08-15 09:33:02 --> Session: Class initialized using 'CodeIgniter\Session\Handlers\FileHandler' driver.
INFO - 2025-08-15 09:33:05 --> Session: Class initialized using 'CodeIgniter\Session\Handlers\FileHandler' driver.
INFO - 2025-08-15 09:49:07 --> Session: Class initialized using 'CodeIgniter\Session\Handlers\FileHandler' driver.
INFO - 2025-08-15 09:49:10 --> Session: Class initialized using 'CodeIgniter\Session\Handlers\FileHandler' driver.
INFO - 2025-08-15 09:57:53 --> Session: Class initialized using 'CodeIgniter\Session\Handlers\FileHandler' driver.
INFO - 2025-08-15 09:58:03 --> Session: Class initialized using 'CodeIgniter\Session\Handlers\FileHandler' driver.
INFO - 2025-08-15 10:03:39 --> Session: Class initialized using 'CodeIgniter\Session\Handlers\FileHandler' driver.
INFO - 2025-08-15 10:03:43 --> Session: Class initialized using 'CodeIgniter\Session\Handlers\FileHandler' driver.
INFO - 2025-08-15 10:04:55 --> Session: Class initialized using 'CodeIgniter\Session\Handlers\FileHandler' driver.
INFO - 2025-08-15 10:04:57 --> Session: Class initialized using 'CodeIgniter\Session\Handlers\FileHandler' driver.
INFO - 2025-08-15 10:06:18 --> Session: Class initialized using 'CodeIgniter\Session\Handlers\FileHandler' driver.
INFO - 2025-08-15 10:08:41 --> Session: Class initialized using 'CodeIgniter\Session\Handlers\FileHandler' driver.
INFO - 2025-08-15 10:13:30 --> Session: Class initialized using 'CodeIgniter\Session\Handlers\FileHandler' driver.
INFO - 2025-08-15 10:17:18 --> Session: Class initialized using 'CodeIgniter\Session\Handlers\FileHandler' driver.
CRITICAL - 2025-08-15 10:17:18 --> ErrorException: Undefined array key "waktu"
[Method: GET, Route: Audiens/detailAudisiAktor/98]
in APPPATH\Views\templates\bodyDetailAudisiAktor.php on line 102.
 1 APPPATH\Views\templates\bodyDetailAudisiAktor.php(102): CodeIgniter\Debug\Exceptions->errorHandler(2, 'Undefined array key "waktu"', 'C:\\xampp\\htdocs\\CodeIgniter4\\app\\Views\\templates\\bodyDetailAudisiAktor.php', 102)
 2 SYSTEMPATH\View\View.php(234): include('C:\\xampp\\htdocs\\CodeIgniter4\\app\\Views\\templates\\bodyDetailAudisiAktor.php')
 3 SYSTEMPATH\View\View.php(237): CodeIgniter\View\View->CodeIgniter\View\{closure}()
 4 SYSTEMPATH\Common.php(1171): CodeIgniter\View\View->render('templates/bodyDetailAudisiAktor', [], true)
 5 APPPATH\Controllers\Audiens.php(1223): view('templates/bodyDetailAudisiAktor', [...])
 6 SYSTEMPATH\CodeIgniter.php(933): App\Controllers\Audiens->DetailAudisiAktor('98')
 7 SYSTEMPATH\CodeIgniter.php(509): CodeIgniter\CodeIgniter->runController(Object(App\Controllers\Audiens))
 8 SYSTEMPATH\CodeIgniter.php(355): CodeIgniter\CodeIgniter->handleRequest(null, Object(Config\Cache), false)
 9 SYSTEMPATH\Boot.php(325): CodeIgniter\CodeIgniter->run()
10 SYSTEMPATH\Boot.php(67): CodeIgniter\Boot::runCodeIgniter(Object(CodeIgniter\CodeIgniter))
11 FCPATH\index.php(59): CodeIgniter\Boot::bootWeb(Object(Config\Paths))
INFO - 2025-08-15 10:20:51 --> Session: Class initialized using 'CodeIgniter\Session\Handlers\FileHandler' driver.
INFO - 2025-08-15 10:28:18 --> Session: Class initialized using 'CodeIgniter\Session\Handlers\FileHandler' driver.
INFO - 2025-08-15 10:28:23 --> Session: Class initialized using 'CodeIgniter\Session\Handlers\FileHandler' driver.
INFO - 2025-08-15 10:33:18 --> Session: Class initialized using 'CodeIgniter\Session\Handlers\FileHandler' driver.
INFO - 2025-08-15 10:40:21 --> Session: Class initialized using 'CodeIgniter\Session\Handlers\FileHandler' driver.
INFO - 2025-08-15 11:59:02 --> Session: Class initialized using 'CodeIgniter\Session\Handlers\FileHandler' driver.
INFO - 2025-08-15 11:59:27 --> Session: Class initialized using 'CodeIgniter\Session\Handlers\FileHandler' driver.
INFO - 2025-08-15 11:59:39 --> Session: Class initialized using 'CodeIgniter\Session\Handlers\FileHandler' driver.
INFO - 2025-08-15 11:59:45 --> Session: Class initialized using 'CodeIgniter\Session\Handlers\FileHandler' driver.
INFO - 2025-08-15 11:59:59 --> Session: Class initialized using 'CodeIgniter\Session\Handlers\FileHandler' driver.
INFO - 2025-08-15 12:00:02 --> Session: Class initialized using 'CodeIgniter\Session\Handlers\FileHandler' driver.
INFO - 2025-08-15 12:04:59 --> Session: Class initialized using 'CodeIgniter\Session\Handlers\FileHandler' driver.
INFO - 2025-08-15 12:16:16 --> Session: Class initialized using 'CodeIgniter\Session\Handlers\FileHandler' driver.
INFO - 2025-08-15 12:16:43 --> Session: Class initialized using 'CodeIgniter\Session\Handlers\FileHandler' driver.
INFO - 2025-08-15 12:24:17 --> Session: Class initialized using 'CodeIgniter\Session\Handlers\FileHandler' driver.
INFO - 2025-08-15 12:24:26 --> Session: Class initialized using 'CodeIgniter\Session\Handlers\FileHandler' driver.
INFO - 2025-08-15 12:24:33 --> Session: Class initialized using 'CodeIgniter\Session\Handlers\FileHandler' driver.
INFO - 2025-08-15 15:22:57 --> Session: Class initialized using 'CodeIgniter\Session\Handlers\FileHandler' driver.
INFO - 2025-08-15 15:22:58 --> Session: Class initialized using 'CodeIgniter\Session\Handlers\FileHandler' driver.
INFO - 2025-08-15 15:23:06 --> Session: Class initialized using 'CodeIgniter\Session\Handlers\FileHandler' driver.
INFO - 2025-08-15 15:23:07 --> Session: Class initialized using 'CodeIgniter\Session\Handlers\FileHandler' driver.
INFO - 2025-08-15 15:23:12 --> Session: Class initialized using 'CodeIgniter\Session\Handlers\FileHandler' driver.
INFO - 2025-08-15 15:23:16 --> Session: Class initialized using 'CodeIgniter\Session\Handlers\FileHandler' driver.
INFO - 2025-08-15 15:25:28 --> Session: Class initialized using 'CodeIgniter\Session\Handlers\FileHandler' driver.
INFO - 2025-08-15 15:25:37 --> Session: Class initialized using 'CodeIgniter\Session\Handlers\FileHandler' driver.
INFO - 2025-08-15 15:25:47 --> Session: Class initialized using 'CodeIgniter\Session\Handlers\FileHandler' driver.
INFO - 2025-08-15 15:27:21 --> Session: Class initialized using 'CodeIgniter\Session\Handlers\FileHandler' driver.
INFO - 2025-08-15 15:29:27 --> Session: Class initialized using 'CodeIgniter\Session\Handlers\FileHandler' driver.
INFO - 2025-08-15 15:37:36 --> Session: Class initialized using 'CodeIgniter\Session\Handlers\FileHandler' driver.
INFO - 2025-08-15 15:37:50 --> Session: Class initialized using 'CodeIgniter\Session\Handlers\FileHandler' driver.
INFO - 2025-08-15 15:40:21 --> Session: Class initialized using 'CodeIgniter\Session\Handlers\FileHandler' driver.
INFO - 2025-08-15 15:40:31 --> Session: Class initialized using 'CodeIgniter\Session\Handlers\FileHandler' driver.
