CRITICAL - 2024-12-19 01:44:47 --> ErrorException: Undefined variable $userModel
[Method: POST, Route: Audiens/registration]
in APPPATH\Controllers\Audiens.php on line 72.
 1 APPPATH\Controllers\Audiens.php(72): CodeIgniter\Debug\Exceptions->errorHandler(2, 'Undefined variable $userModel', 'C:\\xampp\\htdocs\\CodeIgniter4\\app\\Controllers\\Audiens.php', 72)
 2 SYSTEMPATH\CodeIgniter.php(933): App\Controllers\Audiens->register()
 3 SYSTEMPATH\CodeIgniter.php(509): CodeIgniter\CodeIgniter->runController(Object(App\Controllers\Audiens))
 4 SYSTEMPATH\CodeIgniter.php(355): CodeIgniter\CodeIgniter->handleRequest(null, Object(Config\Cache), false)
 5 SYSTEMPATH\Boot.php(325): CodeIgniter\CodeIgniter->run()
 6 SYSTEMPATH\Boot.php(67): CodeIgniter\Boot::runCodeIgniter(Object(CodeIgniter\CodeIgniter))
 7 FCPATH\index.php(59): CodeIgniter\Boot::bootWeb(Object(Config\Paths))
ERROR - 2024-12-19 01:49:39 --> mysqli_sql_exception: Duplicate entry 'mackiyah' for key 'username' in C:\xampp\htdocs\CodeIgniter4\system\Database\MySQLi\Connection.php:312
Stack trace:
#0 C:\xampp\htdocs\CodeIgniter4\system\Database\MySQLi\Connection.php(312): mysqli->query('INSERT INTO `m_...', 0)
#1 C:\xampp\htdocs\CodeIgniter4\system\Database\BaseConnection.php(734): CodeIgniter\Database\MySQLi\Connection->execute('INSERT INTO `m_...')
#2 C:\xampp\htdocs\CodeIgniter4\system\Database\BaseConnection.php(648): CodeIgniter\Database\BaseConnection->simpleQuery('INSERT INTO `m_...')
#3 C:\xampp\htdocs\CodeIgniter4\system\Database\BaseBuilder.php(2340): CodeIgniter\Database\BaseConnection->query('INSERT INTO `m_...', Array, false)
#4 C:\xampp\htdocs\CodeIgniter4\system\Model.php(394): CodeIgniter\Database\BaseBuilder->insert()
#5 C:\xampp\htdocs\CodeIgniter4\system\BaseModel.php(840): CodeIgniter\Model->doInsert(Array)
#6 C:\xampp\htdocs\CodeIgniter4\system\Model.php(802): CodeIgniter\BaseModel->insert(Array, true)
#7 C:\xampp\htdocs\CodeIgniter4\app\Controllers\Audiens.php(93): CodeIgniter\Model->insert(Array)
#8 C:\xampp\htdocs\CodeIgniter4\system\CodeIgniter.php(933): App\Controllers\Audiens->register()
#9 C:\xampp\htdocs\CodeIgniter4\system\CodeIgniter.php(509): CodeIgniter\CodeIgniter->runController(Object(App\Controllers\Audiens))
#10 C:\xampp\htdocs\CodeIgniter4\system\CodeIgniter.php(355): CodeIgniter\CodeIgniter->handleRequest(NULL, Object(Config\Cache), false)
#11 C:\xampp\htdocs\CodeIgniter4\system\Boot.php(325): CodeIgniter\CodeIgniter->run()
#12 C:\xampp\htdocs\CodeIgniter4\system\Boot.php(67): CodeIgniter\Boot::runCodeIgniter(Object(CodeIgniter\CodeIgniter))
#13 C:\xampp\htdocs\CodeIgniter4\public\index.php(59): CodeIgniter\Boot::bootWeb(Object(Config\Paths))
#14 {main}
CRITICAL - 2024-12-19 01:49:40 --> CodeIgniter\Database\Exceptions\DatabaseException: Duplicate entry 'mackiyah' for key 'username'
[Method: POST, Route: Audiens/registration]
in SYSTEMPATH\Database\BaseConnection.php on line 688.
 1 SYSTEMPATH\Database\BaseBuilder.php(2340): CodeIgniter\Database\BaseConnection->query('INSERT INTO `m_user` (`id_role`, `username`, `nama`, `password`, `email`, `login_attempt`, `tgl_dibuat`, `tgl_dimodif`) VALUES (:id_role:, :username:, :nama:, :password:, :email:, :login_attempt:, :tgl_dibuat:, :tgl_dimodif:)', [...], false)
 2 SYSTEMPATH\Model.php(394): CodeIgniter\Database\BaseBuilder->insert()
 3 SYSTEMPATH\BaseModel.php(840): CodeIgniter\Model->doInsert([...])
 4 SYSTEMPATH\Model.php(802): CodeIgniter\BaseModel->insert([...], true)
 5 APPPATH\Controllers\Audiens.php(93): CodeIgniter\Model->insert([...])
 6 SYSTEMPATH\CodeIgniter.php(933): App\Controllers\Audiens->register()
 7 SYSTEMPATH\CodeIgniter.php(509): CodeIgniter\CodeIgniter->runController(Object(App\Controllers\Audiens))
 8 SYSTEMPATH\CodeIgniter.php(355): CodeIgniter\CodeIgniter->handleRequest(null, Object(Config\Cache), false)
 9 SYSTEMPATH\Boot.php(325): CodeIgniter\CodeIgniter->run()
10 SYSTEMPATH\Boot.php(67): CodeIgniter\Boot::runCodeIgniter(Object(CodeIgniter\CodeIgniter))
11 FCPATH\index.php(59): CodeIgniter\Boot::bootWeb(Object(Config\Paths))
CRITICAL - 2024-12-19 01:49:40 --> [Caused by] CodeIgniter\Database\Exceptions\DatabaseException: Duplicate entry 'mackiyah' for key 'username'
in SYSTEMPATH\Database\MySQLi\Connection.php on line 317.
 1 SYSTEMPATH\Database\BaseConnection.php(734): CodeIgniter\Database\MySQLi\Connection->execute('INSERT INTO `m_user` (`id_role`, `username`, `nama`, `password`, `email`, `login_attempt`, `tgl_dibuat`, `tgl_dimodif`) VALUES (1, \'mackiyah\', \'mackiyah\', \'$2y$10$d9j3bTvWYPLe8pVgsspz2O8fAvBAcWByETOtHFpImqCU37MUGA.uS\', \'masdjkdbhf@gmail.com\', 0, \'2024-12-19 01:49:39\', \'2024-12-19 01:49:39\')')
 2 SYSTEMPATH\Database\BaseConnection.php(648): CodeIgniter\Database\BaseConnection->simpleQuery('INSERT INTO `m_user` (`id_role`, `username`, `nama`, `password`, `email`, `login_attempt`, `tgl_dibuat`, `tgl_dimodif`) VALUES (1, \'mackiyah\', \'mackiyah\', \'$2y$10$d9j3bTvWYPLe8pVgsspz2O8fAvBAcWByETOtHFpImqCU37MUGA.uS\', \'masdjkdbhf@gmail.com\', 0, \'2024-12-19 01:49:39\', \'2024-12-19 01:49:39\')')
 3 SYSTEMPATH\Database\BaseBuilder.php(2340): CodeIgniter\Database\BaseConnection->query('INSERT INTO `m_user` (`id_role`, `username`, `nama`, `password`, `email`, `login_attempt`, `tgl_dibuat`, `tgl_dimodif`) VALUES (:id_role:, :username:, :nama:, :password:, :email:, :login_attempt:, :tgl_dibuat:, :tgl_dimodif:)', [...], false)
 4 SYSTEMPATH\Model.php(394): CodeIgniter\Database\BaseBuilder->insert()
 5 SYSTEMPATH\BaseModel.php(840): CodeIgniter\Model->doInsert([...])
 6 SYSTEMPATH\Model.php(802): CodeIgniter\BaseModel->insert([...], true)
 7 APPPATH\Controllers\Audiens.php(93): CodeIgniter\Model->insert([...])
 8 SYSTEMPATH\CodeIgniter.php(933): App\Controllers\Audiens->register()
 9 SYSTEMPATH\CodeIgniter.php(509): CodeIgniter\CodeIgniter->runController(Object(App\Controllers\Audiens))
10 SYSTEMPATH\CodeIgniter.php(355): CodeIgniter\CodeIgniter->handleRequest(null, Object(Config\Cache), false)
11 SYSTEMPATH\Boot.php(325): CodeIgniter\CodeIgniter->run()
12 SYSTEMPATH\Boot.php(67): CodeIgniter\Boot::runCodeIgniter(Object(CodeIgniter\CodeIgniter))
13 FCPATH\index.php(59): CodeIgniter\Boot::bootWeb(Object(Config\Paths))
CRITICAL - 2024-12-19 01:49:40 --> [Caused by] mysqli_sql_exception: Duplicate entry 'mackiyah' for key 'username'
in SYSTEMPATH\Database\MySQLi\Connection.php on line 312.
 1 SYSTEMPATH\Database\MySQLi\Connection.php(312): mysqli->query('INSERT INTO `m_user` (`id_role`, `username`, `nama`, `password`, `email`, `login_attempt`, `tgl_dibuat`, `tgl_dimodif`) VALUES (1, \'mackiyah\', \'mackiyah\', \'$2y$10$d9j3bTvWYPLe8pVgsspz2O8fAvBAcWByETOtHFpImqCU37MUGA.uS\', \'masdjkdbhf@gmail.com\', 0, \'2024-12-19 01:49:39\', \'2024-12-19 01:49:39\')', 0)
 2 SYSTEMPATH\Database\BaseConnection.php(734): CodeIgniter\Database\MySQLi\Connection->execute('INSERT INTO `m_user` (`id_role`, `username`, `nama`, `password`, `email`, `login_attempt`, `tgl_dibuat`, `tgl_dimodif`) VALUES (1, \'mackiyah\', \'mackiyah\', \'$2y$10$d9j3bTvWYPLe8pVgsspz2O8fAvBAcWByETOtHFpImqCU37MUGA.uS\', \'masdjkdbhf@gmail.com\', 0, \'2024-12-19 01:49:39\', \'2024-12-19 01:49:39\')')
 3 SYSTEMPATH\Database\BaseConnection.php(648): CodeIgniter\Database\BaseConnection->simpleQuery('INSERT INTO `m_user` (`id_role`, `username`, `nama`, `password`, `email`, `login_attempt`, `tgl_dibuat`, `tgl_dimodif`) VALUES (1, \'mackiyah\', \'mackiyah\', \'$2y$10$d9j3bTvWYPLe8pVgsspz2O8fAvBAcWByETOtHFpImqCU37MUGA.uS\', \'masdjkdbhf@gmail.com\', 0, \'2024-12-19 01:49:39\', \'2024-12-19 01:49:39\')')
 4 SYSTEMPATH\Database\BaseBuilder.php(2340): CodeIgniter\Database\BaseConnection->query('INSERT INTO `m_user` (`id_role`, `username`, `nama`, `password`, `email`, `login_attempt`, `tgl_dibuat`, `tgl_dimodif`) VALUES (:id_role:, :username:, :nama:, :password:, :email:, :login_attempt:, :tgl_dibuat:, :tgl_dimodif:)', [...], false)
 5 SYSTEMPATH\Model.php(394): CodeIgniter\Database\BaseBuilder->insert()
 6 SYSTEMPATH\BaseModel.php(840): CodeIgniter\Model->doInsert([...])
 7 SYSTEMPATH\Model.php(802): CodeIgniter\BaseModel->insert([...], true)
 8 APPPATH\Controllers\Audiens.php(93): CodeIgniter\Model->insert([...])
 9 SYSTEMPATH\CodeIgniter.php(933): App\Controllers\Audiens->register()
10 SYSTEMPATH\CodeIgniter.php(509): CodeIgniter\CodeIgniter->runController(Object(App\Controllers\Audiens))
11 SYSTEMPATH\CodeIgniter.php(355): CodeIgniter\CodeIgniter->handleRequest(null, Object(Config\Cache), false)
12 SYSTEMPATH\Boot.php(325): CodeIgniter\CodeIgniter->run()
13 SYSTEMPATH\Boot.php(67): CodeIgniter\Boot::runCodeIgniter(Object(CodeIgniter\CodeIgniter))
14 FCPATH\index.php(59): CodeIgniter\Boot::bootWeb(Object(Config\Paths))
ERROR - 2024-12-19 02:35:13 --> mysqli_sql_exception: Duplicate entry 'NaKamden' for key 'username' in C:\xampp\htdocs\CodeIgniter4\system\Database\MySQLi\Connection.php:312
Stack trace:
#0 C:\xampp\htdocs\CodeIgniter4\system\Database\MySQLi\Connection.php(312): mysqli->query('INSERT INTO `m_...', 0)
#1 C:\xampp\htdocs\CodeIgniter4\system\Database\BaseConnection.php(734): CodeIgniter\Database\MySQLi\Connection->execute('INSERT INTO `m_...')
#2 C:\xampp\htdocs\CodeIgniter4\system\Database\BaseConnection.php(648): CodeIgniter\Database\BaseConnection->simpleQuery('INSERT INTO `m_...')
#3 C:\xampp\htdocs\CodeIgniter4\system\Database\BaseBuilder.php(2340): CodeIgniter\Database\BaseConnection->query('INSERT INTO `m_...', Array, false)
#4 C:\xampp\htdocs\CodeIgniter4\system\Model.php(394): CodeIgniter\Database\BaseBuilder->insert()
#5 C:\xampp\htdocs\CodeIgniter4\system\BaseModel.php(840): CodeIgniter\Model->doInsert(Array)
#6 C:\xampp\htdocs\CodeIgniter4\system\Model.php(802): CodeIgniter\BaseModel->insert(Array, true)
#7 C:\xampp\htdocs\CodeIgniter4\app\Controllers\Audiens.php(96): CodeIgniter\Model->insert(Array)
#8 C:\xampp\htdocs\CodeIgniter4\system\CodeIgniter.php(933): App\Controllers\Audiens->register()
#9 C:\xampp\htdocs\CodeIgniter4\system\CodeIgniter.php(509): CodeIgniter\CodeIgniter->runController(Object(App\Controllers\Audiens))
#10 C:\xampp\htdocs\CodeIgniter4\system\CodeIgniter.php(355): CodeIgniter\CodeIgniter->handleRequest(NULL, Object(Config\Cache), false)
#11 C:\xampp\htdocs\CodeIgniter4\system\Boot.php(325): CodeIgniter\CodeIgniter->run()
#12 C:\xampp\htdocs\CodeIgniter4\system\Boot.php(67): CodeIgniter\Boot::runCodeIgniter(Object(CodeIgniter\CodeIgniter))
#13 C:\xampp\htdocs\CodeIgniter4\public\index.php(59): CodeIgniter\Boot::bootWeb(Object(Config\Paths))
#14 {main}
CRITICAL - 2024-12-19 02:35:13 --> CodeIgniter\Database\Exceptions\DatabaseException: Duplicate entry 'NaKamden' for key 'username'
[Method: POST, Route: Audiens/registration]
in SYSTEMPATH\Database\BaseConnection.php on line 688.
 1 SYSTEMPATH\Database\BaseBuilder.php(2340): CodeIgniter\Database\BaseConnection->query('INSERT INTO `m_user` (`id_role`, `username`, `nama`, `password`, `email`, `login_attempt`, `tgl_dibuat`, `tgl_dimodif`) VALUES (:id_role:, :username:, :nama:, :password:, :email:, :login_attempt:, :tgl_dibuat:, :tgl_dimodif:)', [...], false)
 2 SYSTEMPATH\Model.php(394): CodeIgniter\Database\BaseBuilder->insert()
 3 SYSTEMPATH\BaseModel.php(840): CodeIgniter\Model->doInsert([...])
 4 SYSTEMPATH\Model.php(802): CodeIgniter\BaseModel->insert([...], true)
 5 APPPATH\Controllers\Audiens.php(96): CodeIgniter\Model->insert([...])
 6 SYSTEMPATH\CodeIgniter.php(933): App\Controllers\Audiens->register()
 7 SYSTEMPATH\CodeIgniter.php(509): CodeIgniter\CodeIgniter->runController(Object(App\Controllers\Audiens))
 8 SYSTEMPATH\CodeIgniter.php(355): CodeIgniter\CodeIgniter->handleRequest(null, Object(Config\Cache), false)
 9 SYSTEMPATH\Boot.php(325): CodeIgniter\CodeIgniter->run()
10 SYSTEMPATH\Boot.php(67): CodeIgniter\Boot::runCodeIgniter(Object(CodeIgniter\CodeIgniter))
11 FCPATH\index.php(59): CodeIgniter\Boot::bootWeb(Object(Config\Paths))
CRITICAL - 2024-12-19 02:35:13 --> [Caused by] CodeIgniter\Database\Exceptions\DatabaseException: Duplicate entry 'NaKamden' for key 'username'
in SYSTEMPATH\Database\MySQLi\Connection.php on line 317.
 1 SYSTEMPATH\Database\BaseConnection.php(734): CodeIgniter\Database\MySQLi\Connection->execute('INSERT INTO `m_user` (`id_role`, `username`, `nama`, `password`, `email`, `login_attempt`, `tgl_dibuat`, `tgl_dimodif`) VALUES (1, \'NaKamden\', \'Na Kamden\', \'$2y$10$7S11sKeQL1tDrBt6lJ7Ea.pJqCLdxiDIsCA5zfWjH2MtkkFDasmku\', \'kadjnisdbf@gmail.com\', 0, \'2024-12-19 02:35:13\', \'2024-12-19 02:35:13\')')
 2 SYSTEMPATH\Database\BaseConnection.php(648): CodeIgniter\Database\BaseConnection->simpleQuery('INSERT INTO `m_user` (`id_role`, `username`, `nama`, `password`, `email`, `login_attempt`, `tgl_dibuat`, `tgl_dimodif`) VALUES (1, \'NaKamden\', \'Na Kamden\', \'$2y$10$7S11sKeQL1tDrBt6lJ7Ea.pJqCLdxiDIsCA5zfWjH2MtkkFDasmku\', \'kadjnisdbf@gmail.com\', 0, \'2024-12-19 02:35:13\', \'2024-12-19 02:35:13\')')
 3 SYSTEMPATH\Database\BaseBuilder.php(2340): CodeIgniter\Database\BaseConnection->query('INSERT INTO `m_user` (`id_role`, `username`, `nama`, `password`, `email`, `login_attempt`, `tgl_dibuat`, `tgl_dimodif`) VALUES (:id_role:, :username:, :nama:, :password:, :email:, :login_attempt:, :tgl_dibuat:, :tgl_dimodif:)', [...], false)
 4 SYSTEMPATH\Model.php(394): CodeIgniter\Database\BaseBuilder->insert()
 5 SYSTEMPATH\BaseModel.php(840): CodeIgniter\Model->doInsert([...])
 6 SYSTEMPATH\Model.php(802): CodeIgniter\BaseModel->insert([...], true)
 7 APPPATH\Controllers\Audiens.php(96): CodeIgniter\Model->insert([...])
 8 SYSTEMPATH\CodeIgniter.php(933): App\Controllers\Audiens->register()
 9 SYSTEMPATH\CodeIgniter.php(509): CodeIgniter\CodeIgniter->runController(Object(App\Controllers\Audiens))
10 SYSTEMPATH\CodeIgniter.php(355): CodeIgniter\CodeIgniter->handleRequest(null, Object(Config\Cache), false)
11 SYSTEMPATH\Boot.php(325): CodeIgniter\CodeIgniter->run()
12 SYSTEMPATH\Boot.php(67): CodeIgniter\Boot::runCodeIgniter(Object(CodeIgniter\CodeIgniter))
13 FCPATH\index.php(59): CodeIgniter\Boot::bootWeb(Object(Config\Paths))
CRITICAL - 2024-12-19 02:35:13 --> [Caused by] mysqli_sql_exception: Duplicate entry 'NaKamden' for key 'username'
in SYSTEMPATH\Database\MySQLi\Connection.php on line 312.
 1 SYSTEMPATH\Database\MySQLi\Connection.php(312): mysqli->query('INSERT INTO `m_user` (`id_role`, `username`, `nama`, `password`, `email`, `login_attempt`, `tgl_dibuat`, `tgl_dimodif`) VALUES (1, \'NaKamden\', \'Na Kamden\', \'$2y$10$7S11sKeQL1tDrBt6lJ7Ea.pJqCLdxiDIsCA5zfWjH2MtkkFDasmku\', \'kadjnisdbf@gmail.com\', 0, \'2024-12-19 02:35:13\', \'2024-12-19 02:35:13\')', 0)
 2 SYSTEMPATH\Database\BaseConnection.php(734): CodeIgniter\Database\MySQLi\Connection->execute('INSERT INTO `m_user` (`id_role`, `username`, `nama`, `password`, `email`, `login_attempt`, `tgl_dibuat`, `tgl_dimodif`) VALUES (1, \'NaKamden\', \'Na Kamden\', \'$2y$10$7S11sKeQL1tDrBt6lJ7Ea.pJqCLdxiDIsCA5zfWjH2MtkkFDasmku\', \'kadjnisdbf@gmail.com\', 0, \'2024-12-19 02:35:13\', \'2024-12-19 02:35:13\')')
 3 SYSTEMPATH\Database\BaseConnection.php(648): CodeIgniter\Database\BaseConnection->simpleQuery('INSERT INTO `m_user` (`id_role`, `username`, `nama`, `password`, `email`, `login_attempt`, `tgl_dibuat`, `tgl_dimodif`) VALUES (1, \'NaKamden\', \'Na Kamden\', \'$2y$10$7S11sKeQL1tDrBt6lJ7Ea.pJqCLdxiDIsCA5zfWjH2MtkkFDasmku\', \'kadjnisdbf@gmail.com\', 0, \'2024-12-19 02:35:13\', \'2024-12-19 02:35:13\')')
 4 SYSTEMPATH\Database\BaseBuilder.php(2340): CodeIgniter\Database\BaseConnection->query('INSERT INTO `m_user` (`id_role`, `username`, `nama`, `password`, `email`, `login_attempt`, `tgl_dibuat`, `tgl_dimodif`) VALUES (:id_role:, :username:, :nama:, :password:, :email:, :login_attempt:, :tgl_dibuat:, :tgl_dimodif:)', [...], false)
 5 SYSTEMPATH\Model.php(394): CodeIgniter\Database\BaseBuilder->insert()
 6 SYSTEMPATH\BaseModel.php(840): CodeIgniter\Model->doInsert([...])
 7 SYSTEMPATH\Model.php(802): CodeIgniter\BaseModel->insert([...], true)
 8 APPPATH\Controllers\Audiens.php(96): CodeIgniter\Model->insert([...])
 9 SYSTEMPATH\CodeIgniter.php(933): App\Controllers\Audiens->register()
10 SYSTEMPATH\CodeIgniter.php(509): CodeIgniter\CodeIgniter->runController(Object(App\Controllers\Audiens))
11 SYSTEMPATH\CodeIgniter.php(355): CodeIgniter\CodeIgniter->handleRequest(null, Object(Config\Cache), false)
12 SYSTEMPATH\Boot.php(325): CodeIgniter\CodeIgniter->run()
13 SYSTEMPATH\Boot.php(67): CodeIgniter\Boot::runCodeIgniter(Object(CodeIgniter\CodeIgniter))
14 FCPATH\index.php(59): CodeIgniter\Boot::bootWeb(Object(Config\Paths))
ERROR - 2024-12-19 04:43:27 --> mysqli_sql_exception: Duplicate entry 'cahyoning' for key 'username' in C:\xampp\htdocs\CodeIgniter4\system\Database\MySQLi\Connection.php:312
Stack trace:
#0 C:\xampp\htdocs\CodeIgniter4\system\Database\MySQLi\Connection.php(312): mysqli->query('INSERT INTO `m_...', 0)
#1 C:\xampp\htdocs\CodeIgniter4\system\Database\BaseConnection.php(734): CodeIgniter\Database\MySQLi\Connection->execute('INSERT INTO `m_...')
#2 C:\xampp\htdocs\CodeIgniter4\system\Database\BaseConnection.php(648): CodeIgniter\Database\BaseConnection->simpleQuery('INSERT INTO `m_...')
#3 C:\xampp\htdocs\CodeIgniter4\system\Database\BaseBuilder.php(2340): CodeIgniter\Database\BaseConnection->query('INSERT INTO `m_...', Array, false)
#4 C:\xampp\htdocs\CodeIgniter4\system\Model.php(394): CodeIgniter\Database\BaseBuilder->insert()
#5 C:\xampp\htdocs\CodeIgniter4\system\BaseModel.php(840): CodeIgniter\Model->doInsert(Array)
#6 C:\xampp\htdocs\CodeIgniter4\system\Model.php(802): CodeIgniter\BaseModel->insert(Array, true)
#7 C:\xampp\htdocs\CodeIgniter4\app\Controllers\Audiens.php(96): CodeIgniter\Model->insert(Array)
#8 C:\xampp\htdocs\CodeIgniter4\system\CodeIgniter.php(933): App\Controllers\Audiens->register()
#9 C:\xampp\htdocs\CodeIgniter4\system\CodeIgniter.php(509): CodeIgniter\CodeIgniter->runController(Object(App\Controllers\Audiens))
#10 C:\xampp\htdocs\CodeIgniter4\system\CodeIgniter.php(355): CodeIgniter\CodeIgniter->handleRequest(NULL, Object(Config\Cache), false)
#11 C:\xampp\htdocs\CodeIgniter4\system\Boot.php(325): CodeIgniter\CodeIgniter->run()
#12 C:\xampp\htdocs\CodeIgniter4\system\Boot.php(67): CodeIgniter\Boot::runCodeIgniter(Object(CodeIgniter\CodeIgniter))
#13 C:\xampp\htdocs\CodeIgniter4\public\index.php(59): CodeIgniter\Boot::bootWeb(Object(Config\Paths))
#14 {main}
CRITICAL - 2024-12-19 04:43:28 --> CodeIgniter\Database\Exceptions\DatabaseException: Duplicate entry 'cahyoning' for key 'username'
[Method: POST, Route: Audiens/registration]
in SYSTEMPATH\Database\BaseConnection.php on line 688.
 1 SYSTEMPATH\Database\BaseBuilder.php(2340): CodeIgniter\Database\BaseConnection->query('INSERT INTO `m_user` (`id_role`, `username`, `nama`, `password`, `email`, `login_attempt`, `tgl_dibuat`, `tgl_dimodif`) VALUES (:id_role:, :username:, :nama:, :password:, :email:, :login_attempt:, :tgl_dibuat:, :tgl_dimodif:)', [...], false)
 2 SYSTEMPATH\Model.php(394): CodeIgniter\Database\BaseBuilder->insert()
 3 SYSTEMPATH\BaseModel.php(840): CodeIgniter\Model->doInsert([...])
 4 SYSTEMPATH\Model.php(802): CodeIgniter\BaseModel->insert([...], true)
 5 APPPATH\Controllers\Audiens.php(96): CodeIgniter\Model->insert([...])
 6 SYSTEMPATH\CodeIgniter.php(933): App\Controllers\Audiens->register()
 7 SYSTEMPATH\CodeIgniter.php(509): CodeIgniter\CodeIgniter->runController(Object(App\Controllers\Audiens))
 8 SYSTEMPATH\CodeIgniter.php(355): CodeIgniter\CodeIgniter->handleRequest(null, Object(Config\Cache), false)
 9 SYSTEMPATH\Boot.php(325): CodeIgniter\CodeIgniter->run()
10 SYSTEMPATH\Boot.php(67): CodeIgniter\Boot::runCodeIgniter(Object(CodeIgniter\CodeIgniter))
11 FCPATH\index.php(59): CodeIgniter\Boot::bootWeb(Object(Config\Paths))
CRITICAL - 2024-12-19 04:43:28 --> [Caused by] CodeIgniter\Database\Exceptions\DatabaseException: Duplicate entry 'cahyoning' for key 'username'
in SYSTEMPATH\Database\MySQLi\Connection.php on line 317.
 1 SYSTEMPATH\Database\BaseConnection.php(734): CodeIgniter\Database\MySQLi\Connection->execute('INSERT INTO `m_user` (`id_role`, `username`, `nama`, `password`, `email`, `login_attempt`, `tgl_dibuat`, `tgl_dimodif`) VALUES (1, \'cahyoning\', \'cahyo\', \'$2y$10$bSWwG9NKcwmkVK6j/HlJu.Swtp9TVV0SgdH3UFPlu62gaavq58nmS\', \'ajkdbhas@gmail.com\', 0, \'2024-12-19 04:43:27\', \'2024-12-19 04:43:27\')')
 2 SYSTEMPATH\Database\BaseConnection.php(648): CodeIgniter\Database\BaseConnection->simpleQuery('INSERT INTO `m_user` (`id_role`, `username`, `nama`, `password`, `email`, `login_attempt`, `tgl_dibuat`, `tgl_dimodif`) VALUES (1, \'cahyoning\', \'cahyo\', \'$2y$10$bSWwG9NKcwmkVK6j/HlJu.Swtp9TVV0SgdH3UFPlu62gaavq58nmS\', \'ajkdbhas@gmail.com\', 0, \'2024-12-19 04:43:27\', \'2024-12-19 04:43:27\')')
 3 SYSTEMPATH\Database\BaseBuilder.php(2340): CodeIgniter\Database\BaseConnection->query('INSERT INTO `m_user` (`id_role`, `username`, `nama`, `password`, `email`, `login_attempt`, `tgl_dibuat`, `tgl_dimodif`) VALUES (:id_role:, :username:, :nama:, :password:, :email:, :login_attempt:, :tgl_dibuat:, :tgl_dimodif:)', [...], false)
 4 SYSTEMPATH\Model.php(394): CodeIgniter\Database\BaseBuilder->insert()
 5 SYSTEMPATH\BaseModel.php(840): CodeIgniter\Model->doInsert([...])
 6 SYSTEMPATH\Model.php(802): CodeIgniter\BaseModel->insert([...], true)
 7 APPPATH\Controllers\Audiens.php(96): CodeIgniter\Model->insert([...])
 8 SYSTEMPATH\CodeIgniter.php(933): App\Controllers\Audiens->register()
 9 SYSTEMPATH\CodeIgniter.php(509): CodeIgniter\CodeIgniter->runController(Object(App\Controllers\Audiens))
10 SYSTEMPATH\CodeIgniter.php(355): CodeIgniter\CodeIgniter->handleRequest(null, Object(Config\Cache), false)
11 SYSTEMPATH\Boot.php(325): CodeIgniter\CodeIgniter->run()
12 SYSTEMPATH\Boot.php(67): CodeIgniter\Boot::runCodeIgniter(Object(CodeIgniter\CodeIgniter))
13 FCPATH\index.php(59): CodeIgniter\Boot::bootWeb(Object(Config\Paths))
CRITICAL - 2024-12-19 04:43:28 --> [Caused by] mysqli_sql_exception: Duplicate entry 'cahyoning' for key 'username'
in SYSTEMPATH\Database\MySQLi\Connection.php on line 312.
 1 SYSTEMPATH\Database\MySQLi\Connection.php(312): mysqli->query('INSERT INTO `m_user` (`id_role`, `username`, `nama`, `password`, `email`, `login_attempt`, `tgl_dibuat`, `tgl_dimodif`) VALUES (1, \'cahyoning\', \'cahyo\', \'$2y$10$bSWwG9NKcwmkVK6j/HlJu.Swtp9TVV0SgdH3UFPlu62gaavq58nmS\', \'ajkdbhas@gmail.com\', 0, \'2024-12-19 04:43:27\', \'2024-12-19 04:43:27\')', 0)
 2 SYSTEMPATH\Database\BaseConnection.php(734): CodeIgniter\Database\MySQLi\Connection->execute('INSERT INTO `m_user` (`id_role`, `username`, `nama`, `password`, `email`, `login_attempt`, `tgl_dibuat`, `tgl_dimodif`) VALUES (1, \'cahyoning\', \'cahyo\', \'$2y$10$bSWwG9NKcwmkVK6j/HlJu.Swtp9TVV0SgdH3UFPlu62gaavq58nmS\', \'ajkdbhas@gmail.com\', 0, \'2024-12-19 04:43:27\', \'2024-12-19 04:43:27\')')
 3 SYSTEMPATH\Database\BaseConnection.php(648): CodeIgniter\Database\BaseConnection->simpleQuery('INSERT INTO `m_user` (`id_role`, `username`, `nama`, `password`, `email`, `login_attempt`, `tgl_dibuat`, `tgl_dimodif`) VALUES (1, \'cahyoning\', \'cahyo\', \'$2y$10$bSWwG9NKcwmkVK6j/HlJu.Swtp9TVV0SgdH3UFPlu62gaavq58nmS\', \'ajkdbhas@gmail.com\', 0, \'2024-12-19 04:43:27\', \'2024-12-19 04:43:27\')')
 4 SYSTEMPATH\Database\BaseBuilder.php(2340): CodeIgniter\Database\BaseConnection->query('INSERT INTO `m_user` (`id_role`, `username`, `nama`, `password`, `email`, `login_attempt`, `tgl_dibuat`, `tgl_dimodif`) VALUES (:id_role:, :username:, :nama:, :password:, :email:, :login_attempt:, :tgl_dibuat:, :tgl_dimodif:)', [...], false)
 5 SYSTEMPATH\Model.php(394): CodeIgniter\Database\BaseBuilder->insert()
 6 SYSTEMPATH\BaseModel.php(840): CodeIgniter\Model->doInsert([...])
 7 SYSTEMPATH\Model.php(802): CodeIgniter\BaseModel->insert([...], true)
 8 APPPATH\Controllers\Audiens.php(96): CodeIgniter\Model->insert([...])
 9 SYSTEMPATH\CodeIgniter.php(933): App\Controllers\Audiens->register()
10 SYSTEMPATH\CodeIgniter.php(509): CodeIgniter\CodeIgniter->runController(Object(App\Controllers\Audiens))
11 SYSTEMPATH\CodeIgniter.php(355): CodeIgniter\CodeIgniter->handleRequest(null, Object(Config\Cache), false)
12 SYSTEMPATH\Boot.php(325): CodeIgniter\CodeIgniter->run()
13 SYSTEMPATH\Boot.php(67): CodeIgniter\Boot::runCodeIgniter(Object(CodeIgniter\CodeIgniter))
14 FCPATH\index.php(59): CodeIgniter\Boot::bootWeb(Object(Config\Paths))
