INFO - 2025-05-05 02:37:07 --> Session: Class initialized using 'CodeIgniter\Session\Handlers\FileHandler' driver.
CRITICAL - 2025-05-05 02:37:07 --> ErrorException: Undefined array key "nama"
[Method: GET, Route: Admin/listPenampilan]
in APPPATH\Views\templates\headerAdmin.php on line 88.
 1 APPPATH\Views\templates\headerAdmin.php(88): CodeIgniter\Debug\Exceptions->errorHandler(2, 'Undefined array key "nama"', 'C:\\xampp\\htdocs\\CodeIgniter4\\app\\Views\\templates\\headerAdmin.php', 88)
 2 SYSTEMPATH\View\View.php(234): include('C:\\xampp\\htdocs\\CodeIgniter4\\app\\Views\\templates\\headerAdmin.php')
 3 SYSTEMPATH\View\View.php(237): CodeIgniter\View\View->CodeIgniter\View\{closure}()
 4 SYSTEMPATH\Common.php(1171): CodeIgniter\View\View->render('templates/headerAdmin', [], true)
 5 APPPATH\Controllers\Admin.php(1316): view('templates/headerAdmin', [...])
 6 SYSTEMPATH\CodeIgniter.php(933): App\Controllers\Admin->penampilan()
 7 SYSTEMPATH\CodeIgniter.php(509): CodeIgniter\CodeIgniter->runController(Object(App\Controllers\Admin))
 8 SYSTEMPATH\CodeIgniter.php(355): CodeIgniter\CodeIgniter->handleRequest(null, Object(Config\Cache), false)
 9 SYSTEMPATH\Boot.php(325): CodeIgniter\CodeIgniter->run()
10 SYSTEMPATH\Boot.php(67): CodeIgniter\Boot::runCodeIgniter(Object(CodeIgniter\CodeIgniter))
11 FCPATH\index.php(59): CodeIgniter\Boot::bootWeb(Object(Config\Paths))
INFO - 2025-05-05 02:39:13 --> Session: Class initialized using 'CodeIgniter\Session\Handlers\FileHandler' driver.
CRITICAL - 2025-05-05 02:39:13 --> ErrorException: Undefined array key "nama"
[Method: GET, Route: Admin/homepage]
in APPPATH\Views\templates\headerAdmin.php on line 88.
 1 APPPATH\Views\templates\headerAdmin.php(88): CodeIgniter\Debug\Exceptions->errorHandler(2, 'Undefined array key "nama"', 'C:\\xampp\\htdocs\\CodeIgniter4\\app\\Views\\templates\\headerAdmin.php', 88)
 2 SYSTEMPATH\View\View.php(234): include('C:\\xampp\\htdocs\\CodeIgniter4\\app\\Views\\templates\\headerAdmin.php')
 3 SYSTEMPATH\View\View.php(237): CodeIgniter\View\View->CodeIgniter\View\{closure}()
 4 SYSTEMPATH\Common.php(1171): CodeIgniter\View\View->render('templates/headerAdmin', [], true)
 5 APPPATH\Controllers\Admin.php(84): view('templates/headerAdmin', [...])
 6 SYSTEMPATH\CodeIgniter.php(933): App\Controllers\Admin->homepageAfterLogin()
 7 SYSTEMPATH\CodeIgniter.php(509): CodeIgniter\CodeIgniter->runController(Object(App\Controllers\Admin))
 8 SYSTEMPATH\CodeIgniter.php(355): CodeIgniter\CodeIgniter->handleRequest(null, Object(Config\Cache), false)
 9 SYSTEMPATH\Boot.php(325): CodeIgniter\CodeIgniter->run()
10 SYSTEMPATH\Boot.php(67): CodeIgniter\Boot::runCodeIgniter(Object(CodeIgniter\CodeIgniter))
11 FCPATH\index.php(59): CodeIgniter\Boot::bootWeb(Object(Config\Paths))
INFO - 2025-05-05 02:39:15 --> Session: Class initialized using 'CodeIgniter\Session\Handlers\FileHandler' driver.
INFO - 2025-05-05 02:39:19 --> Session: Class initialized using 'CodeIgniter\Session\Handlers\FileHandler' driver.
INFO - 2025-05-05 02:39:20 --> Session: Class initialized using 'CodeIgniter\Session\Handlers\FileHandler' driver.
INFO - 2025-05-05 02:39:22 --> Session: Class initialized using 'CodeIgniter\Session\Handlers\FileHandler' driver.
INFO - 2025-05-05 02:39:23 --> Session: Class initialized using 'CodeIgniter\Session\Handlers\FileHandler' driver.
INFO - 2025-05-05 02:41:33 --> Session: Class initialized using 'CodeIgniter\Session\Handlers\FileHandler' driver.
INFO - 2025-05-05 02:41:35 --> Session: Class initialized using 'CodeIgniter\Session\Handlers\FileHandler' driver.
INFO - 2025-05-05 02:41:37 --> Session: Class initialized using 'CodeIgniter\Session\Handlers\FileHandler' driver.
INFO - 2025-05-05 02:41:37 --> Session: Class initialized using 'CodeIgniter\Session\Handlers\FileHandler' driver.
INFO - 2025-05-05 02:43:58 --> Session: Class initialized using 'CodeIgniter\Session\Handlers\FileHandler' driver.
DEBUG - 2025-05-05 02:43:58 --> Last Query: NULL
INFO - 2025-05-05 02:43:58 --> Session: Class initialized using 'CodeIgniter\Session\Handlers\FileHandler' driver.
DEBUG - 2025-05-05 02:43:58 --> Last Query: NULL
DEBUG - 2025-05-05 02:43:58 --> Poster uploaded: uploads/posters/1746413038_f20157c94fb1eb775eaa.jpeg
DEBUG - 2025-05-05 02:43:58 --> Request data: {"csrf_test_name":"2039a2aab0d1c0b9d50c4c41f3722db2","id_teater":"","tipe_teater":"penampilan","judul":"Jaya Wijaya Show","sinopsis":"Tujuh kurcaci dalam hutan.","hidden_schedule":"[{\"tanggal\":\"2025-05-01\",\"waktu_mulai\":\"09:45\",\"waktu_selesai\":\"11:45\",\"tipe_harga\":\"Bayar\",\"nama_kategori\":\"VIP, Premium\",\"harga\":\"500000, 250000\",\"kota\":\"Surabaya\",\"tempat\":\"Balai Sarbini\",\"denah_seat\":\"456692073_3508642322776413_1712171767507578024_n.jpg\"},{\"tanggal\":\"2025-05-02\",\"waktu_mulai\":\"09:45\",\"waktu_selesai\":\"11:45\",\"tipe_harga\":\"Bayar\",\"nama_kategori\":\"\",\"harga\":\"50000\",\"kota\":\"Surabaya\",\"tempat\":\"Balai Sarbini\",\"denah_seat\":\"\"},{\"tanggal\":\"2025-05-03\",\"waktu_mulai\":\"09:45\",\"waktu_selesai\":\"11:45\",\"tipe_harga\":\"Gratis\",\"nama_kategori\":\"\",\"harga\":\"\",\"kota\":\"Jakarta\",\"tempat\":\"Balai Sarbini\",\"denah_seat\":\"\"}]","penulis":"Jaya Wijaya","url_pendaftaran":"www.form-pendaftaran.com","sutradara":"Willy Santoso","staff":"Toni Jojoni","aktor":"Jaya Wijaya, Lilith Purnawarman, Toni Jojoni","durasi":"120","rating_umur":["Semua Umur (SU)"],"mitra_teater":"5","id_platform_sosmed":["2"],"acc_name":["omas"],"hidden_accounts":"","judul_web":[""],"url_web":[""],"hidden_web":""}
DEBUG - 2025-05-05 02:43:58 --> Data yang diterima: {"tipe_teater":"penampilan","judul":"Jaya Wijaya Show","poster":"uploads\/posters\/1746413038_f20157c94fb1eb775eaa.jpeg","sinopsis":"Tujuh kurcaci dalam hutan.","penulis":"Jaya Wijaya","sutradara":"Willy Santoso","staff":"Toni Jojoni","dibuat_oleh":"AdminGNCD","dimodif_oleh":null}
DEBUG - 2025-05-05 02:43:58 --> ID Teater yang dibuat: 78
DEBUG - 2025-05-05 02:43:58 --> ID Penampilan yang dibuat: 67
DEBUG - 2025-05-05 02:43:58 --> Jadwal ke-0: Tanggal: 2025-05-01, Mulai: 09:45, Selesai: 11:45, Kota: Surabaya, Tempat: Balai Sarbini
DEBUG - 2025-05-05 02:43:58 --> Data lokasi yang akan disimpan: {"tempat":"Balai Sarbini","kota":"Surabaya"}
DEBUG - 2025-05-05 02:43:58 --> ID Location yang didapat setelah insert: 115
DEBUG - 2025-05-05 02:43:58 --> Data jadwal diterima: [{"tanggal":"2025-05-01","waktu_mulai":"09:45","waktu_selesai":"11:45","tipe_harga":"Bayar","nama_kategori":"VIP, Premium","harga":"500000, 250000","kota":"Surabaya","tempat":"Balai Sarbini","denah_seat":"456692073_3508642322776413_1712171767507578024_n.jpg"},{"tanggal":"2025-05-02","waktu_mulai":"09:45","waktu_selesai":"11:45","tipe_harga":"Bayar","nama_kategori":"","harga":"50000","kota":"Surabaya","tempat":"Balai Sarbini","denah_seat":""},{"tanggal":"2025-05-03","waktu_mulai":"09:45","waktu_selesai":"11:45","tipe_harga":"Gratis","nama_kategori":"","harga":"","kota":"Jakarta","tempat":"Balai Sarbini","denah_seat":""}]
DEBUG - 2025-05-05 02:43:58 --> Jadwal ke-1: Tanggal: 2025-05-02, Mulai: 09:45, Selesai: 11:45, Kota: Surabaya, Tempat: Balai Sarbini
DEBUG - 2025-05-05 02:43:58 --> Data lokasi yang akan disimpan: {"tempat":"Balai Sarbini","kota":"Surabaya"}
DEBUG - 2025-05-05 02:43:58 --> ID Location yang didapat setelah insert: 116
DEBUG - 2025-05-05 02:43:58 --> Data jadwal diterima: [{"tanggal":"2025-05-01","waktu_mulai":"09:45","waktu_selesai":"11:45","tipe_harga":"Bayar","nama_kategori":"VIP, Premium","harga":"500000, 250000","kota":"Surabaya","tempat":"Balai Sarbini","denah_seat":"456692073_3508642322776413_1712171767507578024_n.jpg"},{"tanggal":"2025-05-02","waktu_mulai":"09:45","waktu_selesai":"11:45","tipe_harga":"Bayar","nama_kategori":"","harga":"50000","kota":"Surabaya","tempat":"Balai Sarbini","denah_seat":""},{"tanggal":"2025-05-03","waktu_mulai":"09:45","waktu_selesai":"11:45","tipe_harga":"Gratis","nama_kategori":"","harga":"","kota":"Jakarta","tempat":"Balai Sarbini","denah_seat":""}]
DEBUG - 2025-05-05 02:43:58 --> Jadwal ke-2: Tanggal: 2025-05-03, Mulai: 09:45, Selesai: 11:45, Kota: Jakarta, Tempat: Balai Sarbini
DEBUG - 2025-05-05 02:43:58 --> Data lokasi yang akan disimpan: {"tempat":"Balai Sarbini","kota":"Jakarta"}
DEBUG - 2025-05-05 02:43:58 --> ID Location yang didapat setelah insert: 117
DEBUG - 2025-05-05 02:43:58 --> Data jadwal diterima: [{"tanggal":"2025-05-01","waktu_mulai":"09:45","waktu_selesai":"11:45","tipe_harga":"Bayar","nama_kategori":"VIP, Premium","harga":"500000, 250000","kota":"Surabaya","tempat":"Balai Sarbini","denah_seat":"456692073_3508642322776413_1712171767507578024_n.jpg"},{"tanggal":"2025-05-02","waktu_mulai":"09:45","waktu_selesai":"11:45","tipe_harga":"Bayar","nama_kategori":"","harga":"50000","kota":"Surabaya","tempat":"Balai Sarbini","denah_seat":""},{"tanggal":"2025-05-03","waktu_mulai":"09:45","waktu_selesai":"11:45","tipe_harga":"Gratis","nama_kategori":"","harga":"","kota":"Jakarta","tempat":"Balai Sarbini","denah_seat":""}]
DEBUG - 2025-05-05 02:43:58 --> ID Web Teater yang diperoleh: 22
DEBUG - 2025-05-05 02:43:58 --> Poster uploaded: uploads/posters/1746413038_8c7e72f52aa85f38d2aa.jpeg
DEBUG - 2025-05-05 02:43:58 --> Request data: {"csrf_test_name":"2039a2aab0d1c0b9d50c4c41f3722db2","id_teater":"","tipe_teater":"penampilan","judul":"Jaya Wijaya Show","sinopsis":"Tujuh kurcaci dalam hutan.","hidden_schedule":"[{\"tanggal\":\"2025-05-01\",\"waktu_mulai\":\"09:45\",\"waktu_selesai\":\"11:45\",\"tipe_harga\":\"Bayar\",\"nama_kategori\":\"VIP, Premium\",\"harga\":\"500000, 250000\",\"kota\":\"Surabaya\",\"tempat\":\"Balai Sarbini\",\"denah_seat\":\"456692073_3508642322776413_1712171767507578024_n.jpg\"},{\"tanggal\":\"2025-05-02\",\"waktu_mulai\":\"09:45\",\"waktu_selesai\":\"11:45\",\"tipe_harga\":\"Bayar\",\"nama_kategori\":\"\",\"harga\":\"50000\",\"kota\":\"Surabaya\",\"tempat\":\"Balai Sarbini\",\"denah_seat\":\"\"},{\"tanggal\":\"2025-05-03\",\"waktu_mulai\":\"09:45\",\"waktu_selesai\":\"11:45\",\"tipe_harga\":\"Gratis\",\"nama_kategori\":\"\",\"harga\":\"\",\"kota\":\"Jakarta\",\"tempat\":\"Balai Sarbini\",\"denah_seat\":\"\"}]","penulis":"Jaya Wijaya","url_pendaftaran":"www.form-pendaftaran.com","sutradara":"Willy Santoso","staff":"Toni Jojoni","aktor":"Jaya Wijaya, Lilith Purnawarman, Toni Jojoni","durasi":"120","rating_umur":["Semua Umur (SU)"],"mitra_teater":"5","id_platform_sosmed":["2"],"acc_name":["omas"],"hidden_accounts":"","judul_web":[""],"url_web":[""],"hidden_web":""}
DEBUG - 2025-05-05 02:43:58 --> Data yang diterima: {"tipe_teater":"penampilan","judul":"Jaya Wijaya Show","poster":"uploads\/posters\/1746413038_8c7e72f52aa85f38d2aa.jpeg","sinopsis":"Tujuh kurcaci dalam hutan.","penulis":"Jaya Wijaya","sutradara":"Willy Santoso","staff":"Toni Jojoni","dibuat_oleh":"AdminGNCD","dimodif_oleh":null}
DEBUG - 2025-05-05 02:43:58 --> ID Teater yang dibuat: 79
DEBUG - 2025-05-05 02:43:58 --> ID Penampilan yang dibuat: 68
DEBUG - 2025-05-05 02:43:58 --> Jadwal ke-0: Tanggal: 2025-05-01, Mulai: 09:45, Selesai: 11:45, Kota: Surabaya, Tempat: Balai Sarbini
DEBUG - 2025-05-05 02:43:58 --> Data lokasi yang akan disimpan: {"tempat":"Balai Sarbini","kota":"Surabaya"}
DEBUG - 2025-05-05 02:43:58 --> ID Location yang didapat setelah insert: 118
DEBUG - 2025-05-05 02:43:58 --> Data jadwal diterima: [{"tanggal":"2025-05-01","waktu_mulai":"09:45","waktu_selesai":"11:45","tipe_harga":"Bayar","nama_kategori":"VIP, Premium","harga":"500000, 250000","kota":"Surabaya","tempat":"Balai Sarbini","denah_seat":"456692073_3508642322776413_1712171767507578024_n.jpg"},{"tanggal":"2025-05-02","waktu_mulai":"09:45","waktu_selesai":"11:45","tipe_harga":"Bayar","nama_kategori":"","harga":"50000","kota":"Surabaya","tempat":"Balai Sarbini","denah_seat":""},{"tanggal":"2025-05-03","waktu_mulai":"09:45","waktu_selesai":"11:45","tipe_harga":"Gratis","nama_kategori":"","harga":"","kota":"Jakarta","tempat":"Balai Sarbini","denah_seat":""}]
DEBUG - 2025-05-05 02:43:58 --> Jadwal ke-1: Tanggal: 2025-05-02, Mulai: 09:45, Selesai: 11:45, Kota: Surabaya, Tempat: Balai Sarbini
DEBUG - 2025-05-05 02:43:58 --> Data lokasi yang akan disimpan: {"tempat":"Balai Sarbini","kota":"Surabaya"}
DEBUG - 2025-05-05 02:43:58 --> ID Location yang didapat setelah insert: 119
DEBUG - 2025-05-05 02:43:58 --> Data jadwal diterima: [{"tanggal":"2025-05-01","waktu_mulai":"09:45","waktu_selesai":"11:45","tipe_harga":"Bayar","nama_kategori":"VIP, Premium","harga":"500000, 250000","kota":"Surabaya","tempat":"Balai Sarbini","denah_seat":"456692073_3508642322776413_1712171767507578024_n.jpg"},{"tanggal":"2025-05-02","waktu_mulai":"09:45","waktu_selesai":"11:45","tipe_harga":"Bayar","nama_kategori":"","harga":"50000","kota":"Surabaya","tempat":"Balai Sarbini","denah_seat":""},{"tanggal":"2025-05-03","waktu_mulai":"09:45","waktu_selesai":"11:45","tipe_harga":"Gratis","nama_kategori":"","harga":"","kota":"Jakarta","tempat":"Balai Sarbini","denah_seat":""}]
DEBUG - 2025-05-05 02:43:58 --> Jadwal ke-2: Tanggal: 2025-05-03, Mulai: 09:45, Selesai: 11:45, Kota: Jakarta, Tempat: Balai Sarbini
DEBUG - 2025-05-05 02:43:58 --> Data lokasi yang akan disimpan: {"tempat":"Balai Sarbini","kota":"Jakarta"}
DEBUG - 2025-05-05 02:43:58 --> ID Location yang didapat setelah insert: 120
DEBUG - 2025-05-05 02:43:58 --> Data jadwal diterima: [{"tanggal":"2025-05-01","waktu_mulai":"09:45","waktu_selesai":"11:45","tipe_harga":"Bayar","nama_kategori":"VIP, Premium","harga":"500000, 250000","kota":"Surabaya","tempat":"Balai Sarbini","denah_seat":"456692073_3508642322776413_1712171767507578024_n.jpg"},{"tanggal":"2025-05-02","waktu_mulai":"09:45","waktu_selesai":"11:45","tipe_harga":"Bayar","nama_kategori":"","harga":"50000","kota":"Surabaya","tempat":"Balai Sarbini","denah_seat":""},{"tanggal":"2025-05-03","waktu_mulai":"09:45","waktu_selesai":"11:45","tipe_harga":"Gratis","nama_kategori":"","harga":"","kota":"Jakarta","tempat":"Balai Sarbini","denah_seat":""}]
DEBUG - 2025-05-05 02:43:58 --> ID Web Teater yang diperoleh: 23
INFO - 2025-05-05 11:23:09 --> Session: Class initialized using 'CodeIgniter\Session\Handlers\FileHandler' driver.
CRITICAL - 2025-05-05 11:23:10 --> ErrorException: Undefined array key "nama"
[Method: GET, Route: Admin/listPenampilan]
in APPPATH\Views\templates\headerAdmin.php on line 88.
 1 APPPATH\Views\templates\headerAdmin.php(88): CodeIgniter\Debug\Exceptions->errorHandler(2, 'Undefined array key "nama"', 'C:\\xampp\\htdocs\\CodeIgniter4\\app\\Views\\templates\\headerAdmin.php', 88)
 2 SYSTEMPATH\View\View.php(234): include('C:\\xampp\\htdocs\\CodeIgniter4\\app\\Views\\templates\\headerAdmin.php')
 3 SYSTEMPATH\View\View.php(237): CodeIgniter\View\View->CodeIgniter\View\{closure}()
 4 SYSTEMPATH\Common.php(1171): CodeIgniter\View\View->render('templates/headerAdmin', [], true)
 5 APPPATH\Controllers\Admin.php(1321): view('templates/headerAdmin', [...])
 6 SYSTEMPATH\CodeIgniter.php(933): App\Controllers\Admin->penampilan()
 7 SYSTEMPATH\CodeIgniter.php(509): CodeIgniter\CodeIgniter->runController(Object(App\Controllers\Admin))
 8 SYSTEMPATH\CodeIgniter.php(355): CodeIgniter\CodeIgniter->handleRequest(null, Object(Config\Cache), false)
 9 SYSTEMPATH\Boot.php(325): CodeIgniter\CodeIgniter->run()
10 SYSTEMPATH\Boot.php(67): CodeIgniter\Boot::runCodeIgniter(Object(CodeIgniter\CodeIgniter))
11 FCPATH\index.php(59): CodeIgniter\Boot::bootWeb(Object(Config\Paths))
INFO - 2025-05-05 11:23:13 --> Session: Class initialized using 'CodeIgniter\Session\Handlers\FileHandler' driver.
CRITICAL - 2025-05-05 11:23:13 --> ErrorException: Undefined array key "nama"
[Method: GET, Route: Admin/homepage]
in APPPATH\Views\templates\headerAdmin.php on line 88.
 1 APPPATH\Views\templates\headerAdmin.php(88): CodeIgniter\Debug\Exceptions->errorHandler(2, 'Undefined array key "nama"', 'C:\\xampp\\htdocs\\CodeIgniter4\\app\\Views\\templates\\headerAdmin.php', 88)
 2 SYSTEMPATH\View\View.php(234): include('C:\\xampp\\htdocs\\CodeIgniter4\\app\\Views\\templates\\headerAdmin.php')
 3 SYSTEMPATH\View\View.php(237): CodeIgniter\View\View->CodeIgniter\View\{closure}()
 4 SYSTEMPATH\Common.php(1171): CodeIgniter\View\View->render('templates/headerAdmin', [], true)
 5 APPPATH\Controllers\Admin.php(84): view('templates/headerAdmin', [...])
 6 SYSTEMPATH\CodeIgniter.php(933): App\Controllers\Admin->homepageAfterLogin()
 7 SYSTEMPATH\CodeIgniter.php(509): CodeIgniter\CodeIgniter->runController(Object(App\Controllers\Admin))
 8 SYSTEMPATH\CodeIgniter.php(355): CodeIgniter\CodeIgniter->handleRequest(null, Object(Config\Cache), false)
 9 SYSTEMPATH\Boot.php(325): CodeIgniter\CodeIgniter->run()
10 SYSTEMPATH\Boot.php(67): CodeIgniter\Boot::runCodeIgniter(Object(CodeIgniter\CodeIgniter))
11 FCPATH\index.php(59): CodeIgniter\Boot::bootWeb(Object(Config\Paths))
INFO - 2025-05-05 11:23:14 --> Session: Class initialized using 'CodeIgniter\Session\Handlers\FileHandler' driver.
INFO - 2025-05-05 11:23:17 --> Session: Class initialized using 'CodeIgniter\Session\Handlers\FileHandler' driver.
INFO - 2025-05-05 11:23:18 --> Session: Class initialized using 'CodeIgniter\Session\Handlers\FileHandler' driver.
INFO - 2025-05-05 11:23:19 --> Session: Class initialized using 'CodeIgniter\Session\Handlers\FileHandler' driver.
INFO - 2025-05-05 11:23:20 --> Session: Class initialized using 'CodeIgniter\Session\Handlers\FileHandler' driver.
INFO - 2025-05-05 11:25:29 --> Session: Class initialized using 'CodeIgniter\Session\Handlers\FileHandler' driver.
DEBUG - 2025-05-05 11:25:29 --> Last Query: NULL
INFO - 2025-05-05 11:28:05 --> Session: Class initialized using 'CodeIgniter\Session\Handlers\FileHandler' driver.
DEBUG - 2025-05-05 11:28:05 --> Last Query: NULL
INFO - 2025-05-05 11:28:58 --> Session: Class initialized using 'CodeIgniter\Session\Handlers\FileHandler' driver.
DEBUG - 2025-05-05 11:28:58 --> Last Query: NULL
DEBUG - 2025-05-05 11:28:58 --> Poster uploaded: uploads/posters/1746444538_d1286601d9fb4a24ae1e.jpeg
DEBUG - 2025-05-05 11:28:58 --> Request data: {"csrf_test_name":"91ac23a4178aaecfd20df42e761b0939","id_teater":"","tipe_teater":"penampilan","judul":"Jaya Wijaya Show","sinopsis":"Tujuh kurcaci dalam hutan.","tanggal":"2025-05-03","waktu_mulai":"18:30","waktu_selesai":"20:30","tipe_harga":"Gratis","harga":"","nama_kategori":"","kota":["Jakarta",""],"kota_real":"Jakarta","tempat":"Balai Sarbini","hidden_schedule":"[{\"tanggal\":\"2025-05-01\",\"waktu_mulai\":\"18:30\",\"waktu_selesai\":\"20:30\",\"tipe_harga\":\"Bayar\",\"nama_kategori\":\"VIP, Premium\",\"harga\":\"500000, 250000\",\"kota\":\"Surabaya\",\"tempat\":\"Balai Sarbini\"},{\"tanggal\":\"2025-05-01\",\"waktu_mulai\":\"18:30\",\"waktu_selesai\":\"20:30\",\"tipe_harga\":\"Bayar\",\"nama_kategori\":\"VIP, Premium\",\"harga\":\"500000, 250000\",\"kota\":\"Surabaya\",\"tempat\":\"Balai Sarbini\"},{\"tanggal\":\"2025-05-02\",\"waktu_mulai\":\"18:30\",\"waktu_selesai\":\"20:30\",\"tipe_harga\":\"Bayar\",\"nama_kategori\":\"\",\"harga\":\"50000\",\"kota\":\"Surabaya\",\"tempat\":\"Balai Sarbini\"},{\"tanggal\":\"2025-05-03\",\"waktu_mulai\":\"18:30\",\"waktu_selesai\":\"20:30\",\"tipe_harga\":\"Gratis\",\"nama_kategori\":\"\",\"harga\":\"\",\"kota\":\"Jakarta\",\"tempat\":\"Balai Sarbini\"}]","penulis":"Jaya Wijaya","url_pendaftaran":"www.form-pendaftaran.com","sutradara":"Willy Santoso","staff":"Toni Jojoni","aktor":"Jaya Wijaya, Lilith Purnawarman, Toni Jojoni","durasi":"120","rating_umur":["Semua Umur (SU)"],"mitra_teater":"5","id_platform_sosmed":["2"],"acc_name":["omas"],"hidden_accounts":"","judul_web":[""],"url_web":[""],"hidden_web":""}
DEBUG - 2025-05-05 11:28:58 --> Data yang diterima: {"tipe_teater":"penampilan","judul":"Jaya Wijaya Show","poster":"uploads\/posters\/1746444538_d1286601d9fb4a24ae1e.jpeg","sinopsis":"Tujuh kurcaci dalam hutan.","penulis":"Jaya Wijaya","sutradara":"Willy Santoso","staff":"Toni Jojoni","dibuat_oleh":"AdminGNCD","dimodif_oleh":null}
DEBUG - 2025-05-05 11:28:58 --> ID Teater yang dibuat: 80
DEBUG - 2025-05-05 11:28:58 --> ID Penampilan yang dibuat: 69
DEBUG - 2025-05-05 11:28:58 --> Jadwal ke-0: Tanggal: 2025-05-01, Mulai: 18:30, Selesai: 20:30, Kota: Surabaya, Tempat: Balai Sarbini
DEBUG - 2025-05-05 11:28:58 --> Data lokasi yang akan disimpan: {"tempat":"Balai Sarbini","kota":"Surabaya"}
DEBUG - 2025-05-05 11:28:58 --> ID Location yang didapat setelah insert: 121
DEBUG - 2025-05-05 11:28:58 --> Data jadwal diterima: [{"tanggal":"2025-05-01","waktu_mulai":"18:30","waktu_selesai":"20:30","tipe_harga":"Bayar","nama_kategori":"VIP, Premium","harga":"500000, 250000","kota":"Surabaya","tempat":"Balai Sarbini"},{"tanggal":"2025-05-01","waktu_mulai":"18:30","waktu_selesai":"20:30","tipe_harga":"Bayar","nama_kategori":"VIP, Premium","harga":"500000, 250000","kota":"Surabaya","tempat":"Balai Sarbini"},{"tanggal":"2025-05-02","waktu_mulai":"18:30","waktu_selesai":"20:30","tipe_harga":"Bayar","nama_kategori":"","harga":"50000","kota":"Surabaya","tempat":"Balai Sarbini"},{"tanggal":"2025-05-03","waktu_mulai":"18:30","waktu_selesai":"20:30","tipe_harga":"Gratis","nama_kategori":"","harga":"","kota":"Jakarta","tempat":"Balai Sarbini"}]
DEBUG - 2025-05-05 11:28:58 --> Jadwal ke-1: Tanggal: 2025-05-01, Mulai: 18:30, Selesai: 20:30, Kota: Surabaya, Tempat: Balai Sarbini
DEBUG - 2025-05-05 11:28:58 --> Data lokasi yang akan disimpan: {"tempat":"Balai Sarbini","kota":"Surabaya"}
DEBUG - 2025-05-05 11:28:58 --> ID Location yang didapat setelah insert: 122
DEBUG - 2025-05-05 11:28:58 --> Data jadwal diterima: [{"tanggal":"2025-05-01","waktu_mulai":"18:30","waktu_selesai":"20:30","tipe_harga":"Bayar","nama_kategori":"VIP, Premium","harga":"500000, 250000","kota":"Surabaya","tempat":"Balai Sarbini"},{"tanggal":"2025-05-01","waktu_mulai":"18:30","waktu_selesai":"20:30","tipe_harga":"Bayar","nama_kategori":"VIP, Premium","harga":"500000, 250000","kota":"Surabaya","tempat":"Balai Sarbini"},{"tanggal":"2025-05-02","waktu_mulai":"18:30","waktu_selesai":"20:30","tipe_harga":"Bayar","nama_kategori":"","harga":"50000","kota":"Surabaya","tempat":"Balai Sarbini"},{"tanggal":"2025-05-03","waktu_mulai":"18:30","waktu_selesai":"20:30","tipe_harga":"Gratis","nama_kategori":"","harga":"","kota":"Jakarta","tempat":"Balai Sarbini"}]
DEBUG - 2025-05-05 11:28:58 --> Jadwal ke-2: Tanggal: 2025-05-02, Mulai: 18:30, Selesai: 20:30, Kota: Surabaya, Tempat: Balai Sarbini
DEBUG - 2025-05-05 11:28:58 --> Data lokasi yang akan disimpan: {"tempat":"Balai Sarbini","kota":"Surabaya"}
DEBUG - 2025-05-05 11:28:58 --> ID Location yang didapat setelah insert: 123
DEBUG - 2025-05-05 11:28:58 --> Data jadwal diterima: [{"tanggal":"2025-05-01","waktu_mulai":"18:30","waktu_selesai":"20:30","tipe_harga":"Bayar","nama_kategori":"VIP, Premium","harga":"500000, 250000","kota":"Surabaya","tempat":"Balai Sarbini"},{"tanggal":"2025-05-01","waktu_mulai":"18:30","waktu_selesai":"20:30","tipe_harga":"Bayar","nama_kategori":"VIP, Premium","harga":"500000, 250000","kota":"Surabaya","tempat":"Balai Sarbini"},{"tanggal":"2025-05-02","waktu_mulai":"18:30","waktu_selesai":"20:30","tipe_harga":"Bayar","nama_kategori":"","harga":"50000","kota":"Surabaya","tempat":"Balai Sarbini"},{"tanggal":"2025-05-03","waktu_mulai":"18:30","waktu_selesai":"20:30","tipe_harga":"Gratis","nama_kategori":"","harga":"","kota":"Jakarta","tempat":"Balai Sarbini"}]
DEBUG - 2025-05-05 11:28:58 --> Jadwal ke-3: Tanggal: 2025-05-03, Mulai: 18:30, Selesai: 20:30, Kota: Jakarta, Tempat: Balai Sarbini
DEBUG - 2025-05-05 11:28:58 --> Data lokasi yang akan disimpan: {"tempat":"Balai Sarbini","kota":"Jakarta"}
DEBUG - 2025-05-05 11:28:58 --> ID Location yang didapat setelah insert: 124
DEBUG - 2025-05-05 11:28:58 --> Data jadwal diterima: [{"tanggal":"2025-05-01","waktu_mulai":"18:30","waktu_selesai":"20:30","tipe_harga":"Bayar","nama_kategori":"VIP, Premium","harga":"500000, 250000","kota":"Surabaya","tempat":"Balai Sarbini"},{"tanggal":"2025-05-01","waktu_mulai":"18:30","waktu_selesai":"20:30","tipe_harga":"Bayar","nama_kategori":"VIP, Premium","harga":"500000, 250000","kota":"Surabaya","tempat":"Balai Sarbini"},{"tanggal":"2025-05-02","waktu_mulai":"18:30","waktu_selesai":"20:30","tipe_harga":"Bayar","nama_kategori":"","harga":"50000","kota":"Surabaya","tempat":"Balai Sarbini"},{"tanggal":"2025-05-03","waktu_mulai":"18:30","waktu_selesai":"20:30","tipe_harga":"Gratis","nama_kategori":"","harga":"","kota":"Jakarta","tempat":"Balai Sarbini"}]
DEBUG - 2025-05-05 11:28:58 --> ID Web Teater yang diperoleh: 24
INFO - 2025-05-05 14:36:21 --> Session: Class initialized using 'CodeIgniter\Session\Handlers\FileHandler' driver.
CRITICAL - 2025-05-05 14:36:22 --> ErrorException: Undefined array key "nama"
[Method: GET, Route: Admin/listPenampilan]
in APPPATH\Views\templates\headerAdmin.php on line 88.
 1 APPPATH\Views\templates\headerAdmin.php(88): CodeIgniter\Debug\Exceptions->errorHandler(2, 'Undefined array key "nama"', 'C:\\xampp\\htdocs\\CodeIgniter4\\app\\Views\\templates\\headerAdmin.php', 88)
 2 SYSTEMPATH\View\View.php(234): include('C:\\xampp\\htdocs\\CodeIgniter4\\app\\Views\\templates\\headerAdmin.php')
 3 SYSTEMPATH\View\View.php(237): CodeIgniter\View\View->CodeIgniter\View\{closure}()
 4 SYSTEMPATH\Common.php(1171): CodeIgniter\View\View->render('templates/headerAdmin', [], true)
 5 APPPATH\Controllers\Admin.php(1339): view('templates/headerAdmin', [...])
 6 SYSTEMPATH\CodeIgniter.php(933): App\Controllers\Admin->penampilan()
 7 SYSTEMPATH\CodeIgniter.php(509): CodeIgniter\CodeIgniter->runController(Object(App\Controllers\Admin))
 8 SYSTEMPATH\CodeIgniter.php(355): CodeIgniter\CodeIgniter->handleRequest(null, Object(Config\Cache), false)
 9 SYSTEMPATH\Boot.php(325): CodeIgniter\CodeIgniter->run()
10 SYSTEMPATH\Boot.php(67): CodeIgniter\Boot::runCodeIgniter(Object(CodeIgniter\CodeIgniter))
11 FCPATH\index.php(59): CodeIgniter\Boot::bootWeb(Object(Config\Paths))
INFO - 2025-05-05 14:36:24 --> Session: Class initialized using 'CodeIgniter\Session\Handlers\FileHandler' driver.
CRITICAL - 2025-05-05 14:36:24 --> ErrorException: Undefined array key "nama"
[Method: GET, Route: Admin/homepage]
in APPPATH\Views\templates\headerAdmin.php on line 88.
 1 APPPATH\Views\templates\headerAdmin.php(88): CodeIgniter\Debug\Exceptions->errorHandler(2, 'Undefined array key "nama"', 'C:\\xampp\\htdocs\\CodeIgniter4\\app\\Views\\templates\\headerAdmin.php', 88)
 2 SYSTEMPATH\View\View.php(234): include('C:\\xampp\\htdocs\\CodeIgniter4\\app\\Views\\templates\\headerAdmin.php')
 3 SYSTEMPATH\View\View.php(237): CodeIgniter\View\View->CodeIgniter\View\{closure}()
 4 SYSTEMPATH\Common.php(1171): CodeIgniter\View\View->render('templates/headerAdmin', [], true)
 5 APPPATH\Controllers\Admin.php(84): view('templates/headerAdmin', [...])
 6 SYSTEMPATH\CodeIgniter.php(933): App\Controllers\Admin->homepageAfterLogin()
 7 SYSTEMPATH\CodeIgniter.php(509): CodeIgniter\CodeIgniter->runController(Object(App\Controllers\Admin))
 8 SYSTEMPATH\CodeIgniter.php(355): CodeIgniter\CodeIgniter->handleRequest(null, Object(Config\Cache), false)
 9 SYSTEMPATH\Boot.php(325): CodeIgniter\CodeIgniter->run()
10 SYSTEMPATH\Boot.php(67): CodeIgniter\Boot::runCodeIgniter(Object(CodeIgniter\CodeIgniter))
11 FCPATH\index.php(59): CodeIgniter\Boot::bootWeb(Object(Config\Paths))
INFO - 2025-05-05 14:36:25 --> Session: Class initialized using 'CodeIgniter\Session\Handlers\FileHandler' driver.
INFO - 2025-05-05 14:36:32 --> Session: Class initialized using 'CodeIgniter\Session\Handlers\FileHandler' driver.
INFO - 2025-05-05 14:36:32 --> Session: Class initialized using 'CodeIgniter\Session\Handlers\FileHandler' driver.
INFO - 2025-05-05 14:36:45 --> Session: Class initialized using 'CodeIgniter\Session\Handlers\FileHandler' driver.
INFO - 2025-05-05 14:36:48 --> Session: Class initialized using 'CodeIgniter\Session\Handlers\FileHandler' driver.
INFO - 2025-05-05 14:36:49 --> Session: Class initialized using 'CodeIgniter\Session\Handlers\FileHandler' driver.
INFO - 2025-05-05 14:38:21 --> Session: Class initialized using 'CodeIgniter\Session\Handlers\FileHandler' driver.
DEBUG - 2025-05-05 14:38:21 --> Last Query: NULL
INFO - 2025-05-05 14:40:00 --> Session: Class initialized using 'CodeIgniter\Session\Handlers\FileHandler' driver.
DEBUG - 2025-05-05 14:40:00 --> Last Query: NULL
INFO - 2025-05-05 14:41:27 --> Session: Class initialized using 'CodeIgniter\Session\Handlers\FileHandler' driver.
DEBUG - 2025-05-05 14:41:27 --> Last Query: NULL
INFO - 2025-05-05 14:41:27 --> Session: Class initialized using 'CodeIgniter\Session\Handlers\FileHandler' driver.
DEBUG - 2025-05-05 14:41:27 --> Last Query: NULL
DEBUG - 2025-05-05 14:41:28 --> Poster uploaded: uploads/posters/1746456088_dc1ca8a6d983748f6cab.jpeg
DEBUG - 2025-05-05 14:41:28 --> Poster uploaded: uploads/posters/1746456088_5a3bf1527464b9cd2653.jpeg
DEBUG - 2025-05-05 14:41:28 --> Request data: {"csrf_test_name":"2802ead15eab24f8a73c786a831a4aa7","id_teater":"","tipe_teater":"penampilan","judul":"Jaya Wijaya Show","sinopsis":"Tujuh kurcaci dalam hutan.","hidden_schedule":"[{\"tanggal\":\"2025-05-01\",\"waktu_mulai\":\"21:40\",\"waktu_selesai\":\"23:40\",\"tipe_harga\":\"Bayar\",\"nama_kategori\":\"VIP, Premium\",\"harga\":\"500000, 250000\",\"kota\":\"Surabaya\",\"tempat\":\"Balai Sarbini\",\"denah_seat\":null},{\"tanggal\":\"2025-05-01\",\"waktu_mulai\":\"21:40\",\"waktu_selesai\":\"23:40\",\"tipe_harga\":\"Bayar\",\"nama_kategori\":\"VIP, Premium\",\"harga\":\"500000, 250000\",\"kota\":\"Surabaya\",\"tempat\":\"Balai Sarbini\",\"denah_seat\":null},{\"tanggal\":\"2025-05-02\",\"waktu_mulai\":\"21:40\",\"waktu_selesai\":\"23:40\",\"tipe_harga\":\"Bayar\",\"nama_kategori\":\"\",\"harga\":\"50000\",\"kota\":\"Surabaya\",\"tempat\":\"Balai Sarbini\",\"denah_seat\":\"\"},{\"tanggal\":\"2025-05-02\",\"waktu_mulai\":\"21:40\",\"waktu_selesai\":\"23:40\",\"tipe_harga\":\"Bayar\",\"nama_kategori\":\"\",\"harga\":\"50000\",\"kota\":\"Surabaya\",\"tempat\":\"Balai Sarbini\",\"denah_seat\":\"\"},{\"tanggal\":\"2025-05-03\",\"waktu_mulai\":\"21:40\",\"waktu_selesai\":\"23:40\",\"tipe_harga\":\"Gratis\",\"nama_kategori\":\"\",\"harga\":\"\",\"kota\":\"Jakarta\",\"tempat\":\"Balai Sarbini\",\"denah_seat\":\"\"},{\"tanggal\":\"2025-05-03\",\"waktu_mulai\":\"21:40\",\"waktu_selesai\":\"23:40\",\"tipe_harga\":\"Gratis\",\"nama_kategori\":\"\",\"harga\":\"\",\"kota\":\"Jakarta\",\"tempat\":\"Balai Sarbini\",\"denah_seat\":\"\"}]","penulis":"Jaya Wijaya","url_pendaftaran":"www.form-pendaftaran.com","sutradara":"Willy Santoso","staff":"Toni Jojoni","aktor":"Jaya Wijaya, Lilith Purnawarman, Toni Jojoni","durasi":"120","rating_umur":["Semua Umur (SU)"],"mitra_teater":"5","id_platform_sosmed":["2"],"acc_name":["omas"],"hidden_accounts":"","judul_web":[""],"url_web":[""],"hidden_web":""}
DEBUG - 2025-05-05 14:41:28 --> Request data: {"csrf_test_name":"2802ead15eab24f8a73c786a831a4aa7","id_teater":"","tipe_teater":"penampilan","judul":"Jaya Wijaya Show","sinopsis":"Tujuh kurcaci dalam hutan.","tanggal":"2025-05-03","waktu_mulai":"21:40","waktu_selesai":"23:40","tipe_harga":"Gratis","harga":"","nama_kategori":"","kota":["Jakarta",""],"kota_real":"Jakarta","tempat":"Balai Sarbini","hidden_schedule":"[{\"tanggal\":\"2025-05-01\",\"waktu_mulai\":\"21:40\",\"waktu_selesai\":\"23:40\",\"tipe_harga\":\"Bayar\",\"nama_kategori\":\"VIP, Premium\",\"harga\":\"500000, 250000\",\"kota\":\"Surabaya\",\"tempat\":\"Balai Sarbini\",\"denah_seat\":null},{\"tanggal\":\"2025-05-01\",\"waktu_mulai\":\"21:40\",\"waktu_selesai\":\"23:40\",\"tipe_harga\":\"Bayar\",\"nama_kategori\":\"VIP, Premium\",\"harga\":\"500000, 250000\",\"kota\":\"Surabaya\",\"tempat\":\"Balai Sarbini\",\"denah_seat\":null},{\"tanggal\":\"2025-05-02\",\"waktu_mulai\":\"21:40\",\"waktu_selesai\":\"23:40\",\"tipe_harga\":\"Bayar\",\"nama_kategori\":\"\",\"harga\":\"50000\",\"kota\":\"Surabaya\",\"tempat\":\"Balai Sarbini\",\"denah_seat\":\"\"},{\"tanggal\":\"2025-05-02\",\"waktu_mulai\":\"21:40\",\"waktu_selesai\":\"23:40\",\"tipe_harga\":\"Bayar\",\"nama_kategori\":\"\",\"harga\":\"50000\",\"kota\":\"Surabaya\",\"tempat\":\"Balai Sarbini\",\"denah_seat\":\"\"},{\"tanggal\":\"2025-05-03\",\"waktu_mulai\":\"21:40\",\"waktu_selesai\":\"23:40\",\"tipe_harga\":\"Gratis\",\"nama_kategori\":\"\",\"harga\":\"\",\"kota\":\"Jakarta\",\"tempat\":\"Balai Sarbini\",\"denah_seat\":\"\"},{\"tanggal\":\"2025-05-03\",\"waktu_mulai\":\"21:40\",\"waktu_selesai\":\"23:40\",\"tipe_harga\":\"Gratis\",\"nama_kategori\":\"\",\"harga\":\"\",\"kota\":\"Jakarta\",\"tempat\":\"Balai Sarbini\",\"denah_seat\":\"\"}]","penulis":"Jaya Wijaya","url_pendaftaran":"www.form-pendaftaran.com","sutradara":"Willy Santoso","staff":"Toni Jojoni","aktor":"Jaya Wijaya, Lilith Purnawarman, Toni Jojoni","durasi":"120","rating_umur":["Semua Umur (SU)"],"mitra_teater":"5","id_platform_sosmed":["2"],"acc_name":["omas"],"hidden_accounts":"","judul_web":[""],"url_web":[""],"hidden_web":""}
DEBUG - 2025-05-05 14:41:28 --> Data yang diterima: {"tipe_teater":"penampilan","judul":"Jaya Wijaya Show","poster":"uploads\/posters\/1746456088_dc1ca8a6d983748f6cab.jpeg","sinopsis":"Tujuh kurcaci dalam hutan.","penulis":"Jaya Wijaya","sutradara":"Willy Santoso","staff":"Toni Jojoni","dibuat_oleh":"AdminGNCD","dimodif_oleh":null}
DEBUG - 2025-05-05 14:41:28 --> ID Teater yang dibuat: 81
DEBUG - 2025-05-05 14:41:28 --> Data yang diterima: {"tipe_teater":"penampilan","judul":"Jaya Wijaya Show","poster":"uploads\/posters\/1746456088_5a3bf1527464b9cd2653.jpeg","sinopsis":"Tujuh kurcaci dalam hutan.","penulis":"Jaya Wijaya","sutradara":"Willy Santoso","staff":"Toni Jojoni","dibuat_oleh":"AdminGNCD","dimodif_oleh":null}
DEBUG - 2025-05-05 14:41:28 --> ID Teater yang dibuat: 82
DEBUG - 2025-05-05 14:41:28 --> ID Penampilan yang dibuat: 70
DEBUG - 2025-05-05 14:41:28 --> ID Penampilan yang dibuat: 71
DEBUG - 2025-05-05 14:41:28 --> Jadwal ke-0: Tanggal: 2025-05-01, Mulai: 21:40, Selesai: 23:40, Kota: Surabaya, Tempat: Balai Sarbini
DEBUG - 2025-05-05 14:41:28 --> Jadwal ke-0: Tanggal: 2025-05-01, Mulai: 21:40, Selesai: 23:40, Kota: Surabaya, Tempat: Balai Sarbini
DEBUG - 2025-05-05 14:41:28 --> Data lokasi yang akan disimpan: {"tempat":"Balai Sarbini","kota":"Surabaya"}
DEBUG - 2025-05-05 14:41:28 --> Data lokasi yang akan disimpan: {"tempat":"Balai Sarbini","kota":"Surabaya"}
DEBUG - 2025-05-05 14:41:28 --> ID Location yang didapat setelah insert: 125
DEBUG - 2025-05-05 14:41:28 --> ID Location yang didapat setelah insert: 126
DEBUG - 2025-05-05 14:41:28 --> Data jadwal diterima: [{"tanggal":"2025-05-01","waktu_mulai":"21:40","waktu_selesai":"23:40","tipe_harga":"Bayar","nama_kategori":"VIP, Premium","harga":"500000, 250000","kota":"Surabaya","tempat":"Balai Sarbini","denah_seat":null},{"tanggal":"2025-05-01","waktu_mulai":"21:40","waktu_selesai":"23:40","tipe_harga":"Bayar","nama_kategori":"VIP, Premium","harga":"500000, 250000","kota":"Surabaya","tempat":"Balai Sarbini","denah_seat":null},{"tanggal":"2025-05-02","waktu_mulai":"21:40","waktu_selesai":"23:40","tipe_harga":"Bayar","nama_kategori":"","harga":"50000","kota":"Surabaya","tempat":"Balai Sarbini","denah_seat":""},{"tanggal":"2025-05-02","waktu_mulai":"21:40","waktu_selesai":"23:40","tipe_harga":"Bayar","nama_kategori":"","harga":"50000","kota":"Surabaya","tempat":"Balai Sarbini","denah_seat":""},{"tanggal":"2025-05-03","waktu_mulai":"21:40","waktu_selesai":"23:40","tipe_harga":"Gratis","nama_kategori":"","harga":"","kota":"Jakarta","tempat":"Balai Sarbini","denah_seat":""},{"tanggal":"2025-05-03","waktu_mulai":"21:40","waktu_selesai":"23:40","tipe_harga":"Gratis","nama_kategori":"","harga":"","kota":"Jakarta","tempat":"Balai Sarbini","denah_seat":""}]
DEBUG - 2025-05-05 14:41:28 --> Jadwal ke-1: Tanggal: 2025-05-01, Mulai: 21:40, Selesai: 23:40, Kota: Surabaya, Tempat: Balai Sarbini
DEBUG - 2025-05-05 14:41:28 --> Data lokasi yang akan disimpan: {"tempat":"Balai Sarbini","kota":"Surabaya"}
DEBUG - 2025-05-05 14:41:28 --> ID Location yang didapat setelah insert: 127
DEBUG - 2025-05-05 14:41:28 --> Data jadwal diterima: [{"tanggal":"2025-05-01","waktu_mulai":"21:40","waktu_selesai":"23:40","tipe_harga":"Bayar","nama_kategori":"VIP, Premium","harga":"500000, 250000","kota":"Surabaya","tempat":"Balai Sarbini","denah_seat":null},{"tanggal":"2025-05-01","waktu_mulai":"21:40","waktu_selesai":"23:40","tipe_harga":"Bayar","nama_kategori":"VIP, Premium","harga":"500000, 250000","kota":"Surabaya","tempat":"Balai Sarbini","denah_seat":null},{"tanggal":"2025-05-02","waktu_mulai":"21:40","waktu_selesai":"23:40","tipe_harga":"Bayar","nama_kategori":"","harga":"50000","kota":"Surabaya","tempat":"Balai Sarbini","denah_seat":""},{"tanggal":"2025-05-02","waktu_mulai":"21:40","waktu_selesai":"23:40","tipe_harga":"Bayar","nama_kategori":"","harga":"50000","kota":"Surabaya","tempat":"Balai Sarbini","denah_seat":""},{"tanggal":"2025-05-03","waktu_mulai":"21:40","waktu_selesai":"23:40","tipe_harga":"Gratis","nama_kategori":"","harga":"","kota":"Jakarta","tempat":"Balai Sarbini","denah_seat":""},{"tanggal":"2025-05-03","waktu_mulai":"21:40","waktu_selesai":"23:40","tipe_harga":"Gratis","nama_kategori":"","harga":"","kota":"Jakarta","tempat":"Balai Sarbini","denah_seat":""}]
DEBUG - 2025-05-05 14:41:28 --> Jadwal ke-1: Tanggal: 2025-05-01, Mulai: 21:40, Selesai: 23:40, Kota: Surabaya, Tempat: Balai Sarbini
DEBUG - 2025-05-05 14:41:28 --> Data lokasi yang akan disimpan: {"tempat":"Balai Sarbini","kota":"Surabaya"}
DEBUG - 2025-05-05 14:41:28 --> ID Location yang didapat setelah insert: 128
DEBUG - 2025-05-05 14:41:28 --> Data jadwal diterima: [{"tanggal":"2025-05-01","waktu_mulai":"21:40","waktu_selesai":"23:40","tipe_harga":"Bayar","nama_kategori":"VIP, Premium","harga":"500000, 250000","kota":"Surabaya","tempat":"Balai Sarbini","denah_seat":null},{"tanggal":"2025-05-01","waktu_mulai":"21:40","waktu_selesai":"23:40","tipe_harga":"Bayar","nama_kategori":"VIP, Premium","harga":"500000, 250000","kota":"Surabaya","tempat":"Balai Sarbini","denah_seat":null},{"tanggal":"2025-05-02","waktu_mulai":"21:40","waktu_selesai":"23:40","tipe_harga":"Bayar","nama_kategori":"","harga":"50000","kota":"Surabaya","tempat":"Balai Sarbini","denah_seat":""},{"tanggal":"2025-05-02","waktu_mulai":"21:40","waktu_selesai":"23:40","tipe_harga":"Bayar","nama_kategori":"","harga":"50000","kota":"Surabaya","tempat":"Balai Sarbini","denah_seat":""},{"tanggal":"2025-05-03","waktu_mulai":"21:40","waktu_selesai":"23:40","tipe_harga":"Gratis","nama_kategori":"","harga":"","kota":"Jakarta","tempat":"Balai Sarbini","denah_seat":""},{"tanggal":"2025-05-03","waktu_mulai":"21:40","waktu_selesai":"23:40","tipe_harga":"Gratis","nama_kategori":"","harga":"","kota":"Jakarta","tempat":"Balai Sarbini","denah_seat":""}]
DEBUG - 2025-05-05 14:41:28 --> Jadwal ke-2: Tanggal: 2025-05-02, Mulai: 21:40, Selesai: 23:40, Kota: Surabaya, Tempat: Balai Sarbini
DEBUG - 2025-05-05 14:41:28 --> Data lokasi yang akan disimpan: {"tempat":"Balai Sarbini","kota":"Surabaya"}
DEBUG - 2025-05-05 14:41:28 --> Data jadwal diterima: [{"tanggal":"2025-05-01","waktu_mulai":"21:40","waktu_selesai":"23:40","tipe_harga":"Bayar","nama_kategori":"VIP, Premium","harga":"500000, 250000","kota":"Surabaya","tempat":"Balai Sarbini","denah_seat":null},{"tanggal":"2025-05-01","waktu_mulai":"21:40","waktu_selesai":"23:40","tipe_harga":"Bayar","nama_kategori":"VIP, Premium","harga":"500000, 250000","kota":"Surabaya","tempat":"Balai Sarbini","denah_seat":null},{"tanggal":"2025-05-02","waktu_mulai":"21:40","waktu_selesai":"23:40","tipe_harga":"Bayar","nama_kategori":"","harga":"50000","kota":"Surabaya","tempat":"Balai Sarbini","denah_seat":""},{"tanggal":"2025-05-02","waktu_mulai":"21:40","waktu_selesai":"23:40","tipe_harga":"Bayar","nama_kategori":"","harga":"50000","kota":"Surabaya","tempat":"Balai Sarbini","denah_seat":""},{"tanggal":"2025-05-03","waktu_mulai":"21:40","waktu_selesai":"23:40","tipe_harga":"Gratis","nama_kategori":"","harga":"","kota":"Jakarta","tempat":"Balai Sarbini","denah_seat":""},{"tanggal":"2025-05-03","waktu_mulai":"21:40","waktu_selesai":"23:40","tipe_harga":"Gratis","nama_kategori":"","harga":"","kota":"Jakarta","tempat":"Balai Sarbini","denah_seat":""}]
DEBUG - 2025-05-05 14:41:28 --> ID Location yang didapat setelah insert: 129
DEBUG - 2025-05-05 14:41:28 --> Jadwal ke-2: Tanggal: 2025-05-02, Mulai: 21:40, Selesai: 23:40, Kota: Surabaya, Tempat: Balai Sarbini
DEBUG - 2025-05-05 14:41:28 --> Data lokasi yang akan disimpan: {"tempat":"Balai Sarbini","kota":"Surabaya"}
DEBUG - 2025-05-05 14:41:28 --> ID Location yang didapat setelah insert: 130
DEBUG - 2025-05-05 14:41:28 --> Data jadwal diterima: [{"tanggal":"2025-05-01","waktu_mulai":"21:40","waktu_selesai":"23:40","tipe_harga":"Bayar","nama_kategori":"VIP, Premium","harga":"500000, 250000","kota":"Surabaya","tempat":"Balai Sarbini","denah_seat":null},{"tanggal":"2025-05-01","waktu_mulai":"21:40","waktu_selesai":"23:40","tipe_harga":"Bayar","nama_kategori":"VIP, Premium","harga":"500000, 250000","kota":"Surabaya","tempat":"Balai Sarbini","denah_seat":null},{"tanggal":"2025-05-02","waktu_mulai":"21:40","waktu_selesai":"23:40","tipe_harga":"Bayar","nama_kategori":"","harga":"50000","kota":"Surabaya","tempat":"Balai Sarbini","denah_seat":""},{"tanggal":"2025-05-02","waktu_mulai":"21:40","waktu_selesai":"23:40","tipe_harga":"Bayar","nama_kategori":"","harga":"50000","kota":"Surabaya","tempat":"Balai Sarbini","denah_seat":""},{"tanggal":"2025-05-03","waktu_mulai":"21:40","waktu_selesai":"23:40","tipe_harga":"Gratis","nama_kategori":"","harga":"","kota":"Jakarta","tempat":"Balai Sarbini","denah_seat":""},{"tanggal":"2025-05-03","waktu_mulai":"21:40","waktu_selesai":"23:40","tipe_harga":"Gratis","nama_kategori":"","harga":"","kota":"Jakarta","tempat":"Balai Sarbini","denah_seat":""}]
DEBUG - 2025-05-05 14:41:28 --> Jadwal ke-3: Tanggal: 2025-05-02, Mulai: 21:40, Selesai: 23:40, Kota: Surabaya, Tempat: Balai Sarbini
DEBUG - 2025-05-05 14:41:28 --> Data lokasi yang akan disimpan: {"tempat":"Balai Sarbini","kota":"Surabaya"}
DEBUG - 2025-05-05 14:41:28 --> Data jadwal diterima: [{"tanggal":"2025-05-01","waktu_mulai":"21:40","waktu_selesai":"23:40","tipe_harga":"Bayar","nama_kategori":"VIP, Premium","harga":"500000, 250000","kota":"Surabaya","tempat":"Balai Sarbini","denah_seat":null},{"tanggal":"2025-05-01","waktu_mulai":"21:40","waktu_selesai":"23:40","tipe_harga":"Bayar","nama_kategori":"VIP, Premium","harga":"500000, 250000","kota":"Surabaya","tempat":"Balai Sarbini","denah_seat":null},{"tanggal":"2025-05-02","waktu_mulai":"21:40","waktu_selesai":"23:40","tipe_harga":"Bayar","nama_kategori":"","harga":"50000","kota":"Surabaya","tempat":"Balai Sarbini","denah_seat":""},{"tanggal":"2025-05-02","waktu_mulai":"21:40","waktu_selesai":"23:40","tipe_harga":"Bayar","nama_kategori":"","harga":"50000","kota":"Surabaya","tempat":"Balai Sarbini","denah_seat":""},{"tanggal":"2025-05-03","waktu_mulai":"21:40","waktu_selesai":"23:40","tipe_harga":"Gratis","nama_kategori":"","harga":"","kota":"Jakarta","tempat":"Balai Sarbini","denah_seat":""},{"tanggal":"2025-05-03","waktu_mulai":"21:40","waktu_selesai":"23:40","tipe_harga":"Gratis","nama_kategori":"","harga":"","kota":"Jakarta","tempat":"Balai Sarbini","denah_seat":""}]
DEBUG - 2025-05-05 14:41:28 --> Jadwal ke-3: Tanggal: 2025-05-02, Mulai: 21:40, Selesai: 23:40, Kota: Surabaya, Tempat: Balai Sarbini
DEBUG - 2025-05-05 14:41:28 --> ID Location yang didapat setelah insert: 131
DEBUG - 2025-05-05 14:41:28 --> Data lokasi yang akan disimpan: {"tempat":"Balai Sarbini","kota":"Surabaya"}
DEBUG - 2025-05-05 14:41:28 --> ID Location yang didapat setelah insert: 132
DEBUG - 2025-05-05 14:41:28 --> Data jadwal diterima: [{"tanggal":"2025-05-01","waktu_mulai":"21:40","waktu_selesai":"23:40","tipe_harga":"Bayar","nama_kategori":"VIP, Premium","harga":"500000, 250000","kota":"Surabaya","tempat":"Balai Sarbini","denah_seat":null},{"tanggal":"2025-05-01","waktu_mulai":"21:40","waktu_selesai":"23:40","tipe_harga":"Bayar","nama_kategori":"VIP, Premium","harga":"500000, 250000","kota":"Surabaya","tempat":"Balai Sarbini","denah_seat":null},{"tanggal":"2025-05-02","waktu_mulai":"21:40","waktu_selesai":"23:40","tipe_harga":"Bayar","nama_kategori":"","harga":"50000","kota":"Surabaya","tempat":"Balai Sarbini","denah_seat":""},{"tanggal":"2025-05-02","waktu_mulai":"21:40","waktu_selesai":"23:40","tipe_harga":"Bayar","nama_kategori":"","harga":"50000","kota":"Surabaya","tempat":"Balai Sarbini","denah_seat":""},{"tanggal":"2025-05-03","waktu_mulai":"21:40","waktu_selesai":"23:40","tipe_harga":"Gratis","nama_kategori":"","harga":"","kota":"Jakarta","tempat":"Balai Sarbini","denah_seat":""},{"tanggal":"2025-05-03","waktu_mulai":"21:40","waktu_selesai":"23:40","tipe_harga":"Gratis","nama_kategori":"","harga":"","kota":"Jakarta","tempat":"Balai Sarbini","denah_seat":""}]
DEBUG - 2025-05-05 14:41:28 --> Data jadwal diterima: [{"tanggal":"2025-05-01","waktu_mulai":"21:40","waktu_selesai":"23:40","tipe_harga":"Bayar","nama_kategori":"VIP, Premium","harga":"500000, 250000","kota":"Surabaya","tempat":"Balai Sarbini","denah_seat":null},{"tanggal":"2025-05-01","waktu_mulai":"21:40","waktu_selesai":"23:40","tipe_harga":"Bayar","nama_kategori":"VIP, Premium","harga":"500000, 250000","kota":"Surabaya","tempat":"Balai Sarbini","denah_seat":null},{"tanggal":"2025-05-02","waktu_mulai":"21:40","waktu_selesai":"23:40","tipe_harga":"Bayar","nama_kategori":"","harga":"50000","kota":"Surabaya","tempat":"Balai Sarbini","denah_seat":""},{"tanggal":"2025-05-02","waktu_mulai":"21:40","waktu_selesai":"23:40","tipe_harga":"Bayar","nama_kategori":"","harga":"50000","kota":"Surabaya","tempat":"Balai Sarbini","denah_seat":""},{"tanggal":"2025-05-03","waktu_mulai":"21:40","waktu_selesai":"23:40","tipe_harga":"Gratis","nama_kategori":"","harga":"","kota":"Jakarta","tempat":"Balai Sarbini","denah_seat":""},{"tanggal":"2025-05-03","waktu_mulai":"21:40","waktu_selesai":"23:40","tipe_harga":"Gratis","nama_kategori":"","harga":"","kota":"Jakarta","tempat":"Balai Sarbini","denah_seat":""}]
DEBUG - 2025-05-05 14:41:28 --> Jadwal ke-4: Tanggal: 2025-05-03, Mulai: 21:40, Selesai: 23:40, Kota: Jakarta, Tempat: Balai Sarbini
DEBUG - 2025-05-05 14:41:28 --> Jadwal ke-4: Tanggal: 2025-05-03, Mulai: 21:40, Selesai: 23:40, Kota: Jakarta, Tempat: Balai Sarbini
DEBUG - 2025-05-05 14:41:28 --> Data lokasi yang akan disimpan: {"tempat":"Balai Sarbini","kota":"Jakarta"}
DEBUG - 2025-05-05 14:41:28 --> Data lokasi yang akan disimpan: {"tempat":"Balai Sarbini","kota":"Jakarta"}
DEBUG - 2025-05-05 14:41:28 --> ID Location yang didapat setelah insert: 134
DEBUG - 2025-05-05 14:41:28 --> ID Location yang didapat setelah insert: 133
DEBUG - 2025-05-05 14:41:28 --> Data jadwal diterima: [{"tanggal":"2025-05-01","waktu_mulai":"21:40","waktu_selesai":"23:40","tipe_harga":"Bayar","nama_kategori":"VIP, Premium","harga":"500000, 250000","kota":"Surabaya","tempat":"Balai Sarbini","denah_seat":null},{"tanggal":"2025-05-01","waktu_mulai":"21:40","waktu_selesai":"23:40","tipe_harga":"Bayar","nama_kategori":"VIP, Premium","harga":"500000, 250000","kota":"Surabaya","tempat":"Balai Sarbini","denah_seat":null},{"tanggal":"2025-05-02","waktu_mulai":"21:40","waktu_selesai":"23:40","tipe_harga":"Bayar","nama_kategori":"","harga":"50000","kota":"Surabaya","tempat":"Balai Sarbini","denah_seat":""},{"tanggal":"2025-05-02","waktu_mulai":"21:40","waktu_selesai":"23:40","tipe_harga":"Bayar","nama_kategori":"","harga":"50000","kota":"Surabaya","tempat":"Balai Sarbini","denah_seat":""},{"tanggal":"2025-05-03","waktu_mulai":"21:40","waktu_selesai":"23:40","tipe_harga":"Gratis","nama_kategori":"","harga":"","kota":"Jakarta","tempat":"Balai Sarbini","denah_seat":""},{"tanggal":"2025-05-03","waktu_mulai":"21:40","waktu_selesai":"23:40","tipe_harga":"Gratis","nama_kategori":"","harga":"","kota":"Jakarta","tempat":"Balai Sarbini","denah_seat":""}]
DEBUG - 2025-05-05 14:41:28 --> Data jadwal diterima: [{"tanggal":"2025-05-01","waktu_mulai":"21:40","waktu_selesai":"23:40","tipe_harga":"Bayar","nama_kategori":"VIP, Premium","harga":"500000, 250000","kota":"Surabaya","tempat":"Balai Sarbini","denah_seat":null},{"tanggal":"2025-05-01","waktu_mulai":"21:40","waktu_selesai":"23:40","tipe_harga":"Bayar","nama_kategori":"VIP, Premium","harga":"500000, 250000","kota":"Surabaya","tempat":"Balai Sarbini","denah_seat":null},{"tanggal":"2025-05-02","waktu_mulai":"21:40","waktu_selesai":"23:40","tipe_harga":"Bayar","nama_kategori":"","harga":"50000","kota":"Surabaya","tempat":"Balai Sarbini","denah_seat":""},{"tanggal":"2025-05-02","waktu_mulai":"21:40","waktu_selesai":"23:40","tipe_harga":"Bayar","nama_kategori":"","harga":"50000","kota":"Surabaya","tempat":"Balai Sarbini","denah_seat":""},{"tanggal":"2025-05-03","waktu_mulai":"21:40","waktu_selesai":"23:40","tipe_harga":"Gratis","nama_kategori":"","harga":"","kota":"Jakarta","tempat":"Balai Sarbini","denah_seat":""},{"tanggal":"2025-05-03","waktu_mulai":"21:40","waktu_selesai":"23:40","tipe_harga":"Gratis","nama_kategori":"","harga":"","kota":"Jakarta","tempat":"Balai Sarbini","denah_seat":""}]
DEBUG - 2025-05-05 14:41:28 --> Jadwal ke-5: Tanggal: 2025-05-03, Mulai: 21:40, Selesai: 23:40, Kota: Jakarta, Tempat: Balai Sarbini
DEBUG - 2025-05-05 14:41:28 --> Jadwal ke-5: Tanggal: 2025-05-03, Mulai: 21:40, Selesai: 23:40, Kota: Jakarta, Tempat: Balai Sarbini
DEBUG - 2025-05-05 14:41:28 --> Data lokasi yang akan disimpan: {"tempat":"Balai Sarbini","kota":"Jakarta"}
DEBUG - 2025-05-05 14:41:28 --> Data lokasi yang akan disimpan: {"tempat":"Balai Sarbini","kota":"Jakarta"}
DEBUG - 2025-05-05 14:41:28 --> ID Location yang didapat setelah insert: 135
DEBUG - 2025-05-05 14:41:28 --> ID Location yang didapat setelah insert: 136
DEBUG - 2025-05-05 14:41:28 --> Data jadwal diterima: [{"tanggal":"2025-05-01","waktu_mulai":"21:40","waktu_selesai":"23:40","tipe_harga":"Bayar","nama_kategori":"VIP, Premium","harga":"500000, 250000","kota":"Surabaya","tempat":"Balai Sarbini","denah_seat":null},{"tanggal":"2025-05-01","waktu_mulai":"21:40","waktu_selesai":"23:40","tipe_harga":"Bayar","nama_kategori":"VIP, Premium","harga":"500000, 250000","kota":"Surabaya","tempat":"Balai Sarbini","denah_seat":null},{"tanggal":"2025-05-02","waktu_mulai":"21:40","waktu_selesai":"23:40","tipe_harga":"Bayar","nama_kategori":"","harga":"50000","kota":"Surabaya","tempat":"Balai Sarbini","denah_seat":""},{"tanggal":"2025-05-02","waktu_mulai":"21:40","waktu_selesai":"23:40","tipe_harga":"Bayar","nama_kategori":"","harga":"50000","kota":"Surabaya","tempat":"Balai Sarbini","denah_seat":""},{"tanggal":"2025-05-03","waktu_mulai":"21:40","waktu_selesai":"23:40","tipe_harga":"Gratis","nama_kategori":"","harga":"","kota":"Jakarta","tempat":"Balai Sarbini","denah_seat":""},{"tanggal":"2025-05-03","waktu_mulai":"21:40","waktu_selesai":"23:40","tipe_harga":"Gratis","nama_kategori":"","harga":"","kota":"Jakarta","tempat":"Balai Sarbini","denah_seat":""}]
DEBUG - 2025-05-05 14:41:28 --> Data jadwal diterima: [{"tanggal":"2025-05-01","waktu_mulai":"21:40","waktu_selesai":"23:40","tipe_harga":"Bayar","nama_kategori":"VIP, Premium","harga":"500000, 250000","kota":"Surabaya","tempat":"Balai Sarbini","denah_seat":null},{"tanggal":"2025-05-01","waktu_mulai":"21:40","waktu_selesai":"23:40","tipe_harga":"Bayar","nama_kategori":"VIP, Premium","harga":"500000, 250000","kota":"Surabaya","tempat":"Balai Sarbini","denah_seat":null},{"tanggal":"2025-05-02","waktu_mulai":"21:40","waktu_selesai":"23:40","tipe_harga":"Bayar","nama_kategori":"","harga":"50000","kota":"Surabaya","tempat":"Balai Sarbini","denah_seat":""},{"tanggal":"2025-05-02","waktu_mulai":"21:40","waktu_selesai":"23:40","tipe_harga":"Bayar","nama_kategori":"","harga":"50000","kota":"Surabaya","tempat":"Balai Sarbini","denah_seat":""},{"tanggal":"2025-05-03","waktu_mulai":"21:40","waktu_selesai":"23:40","tipe_harga":"Gratis","nama_kategori":"","harga":"","kota":"Jakarta","tempat":"Balai Sarbini","denah_seat":""},{"tanggal":"2025-05-03","waktu_mulai":"21:40","waktu_selesai":"23:40","tipe_harga":"Gratis","nama_kategori":"","harga":"","kota":"Jakarta","tempat":"Balai Sarbini","denah_seat":""}]
DEBUG - 2025-05-05 14:41:28 --> ID Web Teater yang diperoleh: 25
DEBUG - 2025-05-05 14:41:28 --> ID Web Teater yang diperoleh: 26
