INFO - 2025-07-19 09:17:38 --> Session: Class initialized using 'CodeIgniter\Session\Handlers\FileHandler' driver.
INFO - 2025-07-19 09:17:39 --> Session: Class initialized using 'CodeIgniter\Session\Handlers\FileHandler' driver.
INFO - 2025-07-19 09:17:50 --> Session: Class initialized using 'CodeIgniter\Session\Handlers\FileHandler' driver.
INFO - 2025-07-19 09:17:50 --> Session: Class initialized using 'CodeIgniter\Session\Handlers\FileHandler' driver.
INFO - 2025-07-19 09:17:56 --> Session: Class initialized using 'CodeIgniter\Session\Handlers\FileHandler' driver.
INFO - 2025-07-19 09:18:03 --> Session: Class initialized using 'CodeIgniter\Session\Handlers\FileHandler' driver.
INFO - 2025-07-19 09:18:09 --> Session: Class initialized using 'CodeIgniter\Session\Handlers\FileHandler' driver.
INFO - 2025-07-19 09:18:11 --> Session: Class initialized using 'CodeIgniter\Session\Handlers\FileHandler' driver.
INFO - 2025-07-19 09:36:58 --> Session: Class initialized using 'CodeIgniter\Session\Handlers\FileHandler' driver.
INFO - 2025-07-19 09:37:07 --> Session: Class initialized using 'CodeIgniter\Session\Handlers\FileHandler' driver.
INFO - 2025-07-19 09:39:03 --> Session: Class initialized using 'CodeIgniter\Session\Handlers\FileHandler' driver.
INFO - 2025-07-19 09:46:45 --> Session: Class initialized using 'CodeIgniter\Session\Handlers\FileHandler' driver.
ERROR - 2025-07-19 09:46:45 --> mysqli_sql_exception: Unknown column 'r_audition_schedule.id_schedule' in 'on clause' in C:\xampp\htdocs\CodeIgniter4\system\Database\MySQLi\Connection.php:312
Stack trace:
#0 C:\xampp\htdocs\CodeIgniter4\system\Database\MySQLi\Connection.php(312): mysqli->query('SELECT `t_booki...', 0)
#1 C:\xampp\htdocs\CodeIgniter4\system\Database\BaseConnection.php(734): CodeIgniter\Database\MySQLi\Connection->execute('SELECT `t_booki...')
#2 C:\xampp\htdocs\CodeIgniter4\system\Database\BaseConnection.php(648): CodeIgniter\Database\BaseConnection->simpleQuery('SELECT `t_booki...')
#3 C:\xampp\htdocs\CodeIgniter4\system\Database\BaseBuilder.php(1644): CodeIgniter\Database\BaseConnection->query('SELECT `t_booki...', Array, false)
#4 C:\xampp\htdocs\CodeIgniter4\system\Model.php(286): CodeIgniter\Database\BaseBuilder->get()
#5 C:\xampp\htdocs\CodeIgniter4\system\BaseModel.php(676): CodeIgniter\Model->doFindAll(0, 0)
#6 C:\xampp\htdocs\CodeIgniter4\app\Controllers\Audiens.php(1131): CodeIgniter\BaseModel->findAll()
#7 C:\xampp\htdocs\CodeIgniter4\system\CodeIgniter.php(933): App\Controllers\Audiens->DetailAudisiAktor('98')
#8 C:\xampp\htdocs\CodeIgniter4\system\CodeIgniter.php(509): CodeIgniter\CodeIgniter->runController(Object(App\Controllers\Audiens))
#9 C:\xampp\htdocs\CodeIgniter4\system\CodeIgniter.php(355): CodeIgniter\CodeIgniter->handleRequest(NULL, Object(Config\Cache), false)
#10 C:\xampp\htdocs\CodeIgniter4\system\Boot.php(325): CodeIgniter\CodeIgniter->run()
#11 C:\xampp\htdocs\CodeIgniter4\system\Boot.php(67): CodeIgniter\Boot::runCodeIgniter(Object(CodeIgniter\CodeIgniter))
#12 C:\xampp\htdocs\CodeIgniter4\index.php(59): CodeIgniter\Boot::bootWeb(Object(Config\Paths))
#13 {main}
CRITICAL - 2025-07-19 09:46:45 --> CodeIgniter\Database\Exceptions\DatabaseException: Unknown column 'r_audition_schedule.id_schedule' in 'on clause'
[Method: GET, Route: Audiens/detailAudisiAktor/98]
in SYSTEMPATH\Database\BaseConnection.php on line 688.
 1 SYSTEMPATH\Database\BaseBuilder.php(1644): CodeIgniter\Database\BaseConnection->query('SELECT `t_booking`.`id_booking`, `t_booking`.`created_at` AS `issue_date`, `user_audiens`.`nama` AS `nama_audiens`, `m_teater`.`judul`, `m_teater`.`tipe_teater` AS `jenis_teater`, `user_mitra`.`nama` AS `nama_mitra`, `m_lokasi_teater`.`tempat`, `m_lokasi_teater`.`kota`, `s`.`tanggal`, `s`.`waktu_mulai`, `s`.`waktu_selesai`
FROM `t_booking`
JOIN `m_audiens` ON `t_booking`.`id_audiens` = `m_audiens`.`id_audiens`
JOIN `m_user` AS `user_audiens` ON `m_audiens`.`id_user` = `user_audiens`.`id_user`
JOIN `r_audisi_schedule` ON `t_booking`.`id_jadwal` = `r_audisi_schedule`.`id_audisi_schedule`
JOIN `m_show_schedule` AS `s` ON `r_audition_schedule`.`id_schedule` = `s`.`id_schedule`
JOIN `m_lokasi_teater` ON `s`.`id_location` = `m_lokasi_teater`.`id_location`
JOIN `m_teater` ON `s`.`id_teater` = `m_teater`.`id_teater`
JOIN `r_user_teater` ON `m_teater`.`id_teater` = `r_user_teater`.`id_teater`
JOIN `m_user` AS `user_mitra` ON `r_user_teater`.`id_user` = `user_mitra`.`id_user`
WHERE `t_booking`.`id_audiens` = :t_booking.id_audiens:
AND `t_booking`.`tipe_jadwal` = :t_booking.tipe_jadwal:
AND `t_booking`.`status` = :t_booking.status:', [...], false)
 2 SYSTEMPATH\Model.php(286): CodeIgniter\Database\BaseBuilder->get()
 3 SYSTEMPATH\BaseModel.php(676): CodeIgniter\Model->doFindAll(0, 0)
 4 APPPATH\Controllers\Audiens.php(1131): CodeIgniter\BaseModel->findAll()
 5 SYSTEMPATH\CodeIgniter.php(933): App\Controllers\Audiens->DetailAudisiAktor('98')
 6 SYSTEMPATH\CodeIgniter.php(509): CodeIgniter\CodeIgniter->runController(Object(App\Controllers\Audiens))
 7 SYSTEMPATH\CodeIgniter.php(355): CodeIgniter\CodeIgniter->handleRequest(null, Object(Config\Cache), false)
 8 SYSTEMPATH\Boot.php(325): CodeIgniter\CodeIgniter->run()
 9 SYSTEMPATH\Boot.php(67): CodeIgniter\Boot::runCodeIgniter(Object(CodeIgniter\CodeIgniter))
10 FCPATH\index.php(59): CodeIgniter\Boot::bootWeb(Object(Config\Paths))
CRITICAL - 2025-07-19 09:46:45 --> [Caused by] CodeIgniter\Database\Exceptions\DatabaseException: Unknown column 'r_audition_schedule.id_schedule' in 'on clause'
in SYSTEMPATH\Database\MySQLi\Connection.php on line 317.
 1 SYSTEMPATH\Database\BaseConnection.php(734): CodeIgniter\Database\MySQLi\Connection->execute('SELECT `t_booking`.`id_booking`, `t_booking`.`created_at` AS `issue_date`, `user_audiens`.`nama` AS `nama_audiens`, `m_teater`.`judul`, `m_teater`.`tipe_teater` AS `jenis_teater`, `user_mitra`.`nama` AS `nama_mitra`, `m_lokasi_teater`.`tempat`, `m_lokasi_teater`.`kota`, `s`.`tanggal`, `s`.`waktu_mulai`, `s`.`waktu_selesai`
FROM `t_booking`
JOIN `m_audiens` ON `t_booking`.`id_audiens` = `m_audiens`.`id_audiens`
JOIN `m_user` AS `user_audiens` ON `m_audiens`.`id_user` = `user_audiens`.`id_user`
JOIN `r_audisi_schedule` ON `t_booking`.`id_jadwal` = `r_audisi_schedule`.`id_audisi_schedule`
JOIN `m_show_schedule` AS `s` ON `r_audition_schedule`.`id_schedule` = `s`.`id_schedule`
JOIN `m_lokasi_teater` ON `s`.`id_location` = `m_lokasi_teater`.`id_location`
JOIN `m_teater` ON `s`.`id_teater` = `m_teater`.`id_teater`
JOIN `r_user_teater` ON `m_teater`.`id_teater` = `r_user_teater`.`id_teater`
JOIN `m_user` AS `user_mitra` ON `r_user_teater`.`id_user` = `user_mitra`.`id_user`
WHERE `t_booking`.`id_audiens` = \'6\'
AND `t_booking`.`tipe_jadwal` = \'audisi\'
AND `t_booking`.`status` = \'success\'')
 2 SYSTEMPATH\Database\BaseConnection.php(648): CodeIgniter\Database\BaseConnection->simpleQuery('SELECT `t_booking`.`id_booking`, `t_booking`.`created_at` AS `issue_date`, `user_audiens`.`nama` AS `nama_audiens`, `m_teater`.`judul`, `m_teater`.`tipe_teater` AS `jenis_teater`, `user_mitra`.`nama` AS `nama_mitra`, `m_lokasi_teater`.`tempat`, `m_lokasi_teater`.`kota`, `s`.`tanggal`, `s`.`waktu_mulai`, `s`.`waktu_selesai`
FROM `t_booking`
JOIN `m_audiens` ON `t_booking`.`id_audiens` = `m_audiens`.`id_audiens`
JOIN `m_user` AS `user_audiens` ON `m_audiens`.`id_user` = `user_audiens`.`id_user`
JOIN `r_audisi_schedule` ON `t_booking`.`id_jadwal` = `r_audisi_schedule`.`id_audisi_schedule`
JOIN `m_show_schedule` AS `s` ON `r_audition_schedule`.`id_schedule` = `s`.`id_schedule`
JOIN `m_lokasi_teater` ON `s`.`id_location` = `m_lokasi_teater`.`id_location`
JOIN `m_teater` ON `s`.`id_teater` = `m_teater`.`id_teater`
JOIN `r_user_teater` ON `m_teater`.`id_teater` = `r_user_teater`.`id_teater`
JOIN `m_user` AS `user_mitra` ON `r_user_teater`.`id_user` = `user_mitra`.`id_user`
WHERE `t_booking`.`id_audiens` = \'6\'
AND `t_booking`.`tipe_jadwal` = \'audisi\'
AND `t_booking`.`status` = \'success\'')
 3 SYSTEMPATH\Database\BaseBuilder.php(1644): CodeIgniter\Database\BaseConnection->query('SELECT `t_booking`.`id_booking`, `t_booking`.`created_at` AS `issue_date`, `user_audiens`.`nama` AS `nama_audiens`, `m_teater`.`judul`, `m_teater`.`tipe_teater` AS `jenis_teater`, `user_mitra`.`nama` AS `nama_mitra`, `m_lokasi_teater`.`tempat`, `m_lokasi_teater`.`kota`, `s`.`tanggal`, `s`.`waktu_mulai`, `s`.`waktu_selesai`
FROM `t_booking`
JOIN `m_audiens` ON `t_booking`.`id_audiens` = `m_audiens`.`id_audiens`
JOIN `m_user` AS `user_audiens` ON `m_audiens`.`id_user` = `user_audiens`.`id_user`
JOIN `r_audisi_schedule` ON `t_booking`.`id_jadwal` = `r_audisi_schedule`.`id_audisi_schedule`
JOIN `m_show_schedule` AS `s` ON `r_audition_schedule`.`id_schedule` = `s`.`id_schedule`
JOIN `m_lokasi_teater` ON `s`.`id_location` = `m_lokasi_teater`.`id_location`
JOIN `m_teater` ON `s`.`id_teater` = `m_teater`.`id_teater`
JOIN `r_user_teater` ON `m_teater`.`id_teater` = `r_user_teater`.`id_teater`
JOIN `m_user` AS `user_mitra` ON `r_user_teater`.`id_user` = `user_mitra`.`id_user`
WHERE `t_booking`.`id_audiens` = :t_booking.id_audiens:
AND `t_booking`.`tipe_jadwal` = :t_booking.tipe_jadwal:
AND `t_booking`.`status` = :t_booking.status:', [...], false)
 4 SYSTEMPATH\Model.php(286): CodeIgniter\Database\BaseBuilder->get()
 5 SYSTEMPATH\BaseModel.php(676): CodeIgniter\Model->doFindAll(0, 0)
 6 APPPATH\Controllers\Audiens.php(1131): CodeIgniter\BaseModel->findAll()
 7 SYSTEMPATH\CodeIgniter.php(933): App\Controllers\Audiens->DetailAudisiAktor('98')
 8 SYSTEMPATH\CodeIgniter.php(509): CodeIgniter\CodeIgniter->runController(Object(App\Controllers\Audiens))
 9 SYSTEMPATH\CodeIgniter.php(355): CodeIgniter\CodeIgniter->handleRequest(null, Object(Config\Cache), false)
10 SYSTEMPATH\Boot.php(325): CodeIgniter\CodeIgniter->run()
11 SYSTEMPATH\Boot.php(67): CodeIgniter\Boot::runCodeIgniter(Object(CodeIgniter\CodeIgniter))
12 FCPATH\index.php(59): CodeIgniter\Boot::bootWeb(Object(Config\Paths))
CRITICAL - 2025-07-19 09:46:45 --> [Caused by] mysqli_sql_exception: Unknown column 'r_audition_schedule.id_schedule' in 'on clause'
in SYSTEMPATH\Database\MySQLi\Connection.php on line 312.
 1 SYSTEMPATH\Database\MySQLi\Connection.php(312): mysqli->query('SELECT `t_booking`.`id_booking`, `t_booking`.`created_at` AS `issue_date`, `user_audiens`.`nama` AS `nama_audiens`, `m_teater`.`judul`, `m_teater`.`tipe_teater` AS `jenis_teater`, `user_mitra`.`nama` AS `nama_mitra`, `m_lokasi_teater`.`tempat`, `m_lokasi_teater`.`kota`, `s`.`tanggal`, `s`.`waktu_mulai`, `s`.`waktu_selesai`
FROM `t_booking`
JOIN `m_audiens` ON `t_booking`.`id_audiens` = `m_audiens`.`id_audiens`
JOIN `m_user` AS `user_audiens` ON `m_audiens`.`id_user` = `user_audiens`.`id_user`
JOIN `r_audisi_schedule` ON `t_booking`.`id_jadwal` = `r_audisi_schedule`.`id_audisi_schedule`
JOIN `m_show_schedule` AS `s` ON `r_audition_schedule`.`id_schedule` = `s`.`id_schedule`
JOIN `m_lokasi_teater` ON `s`.`id_location` = `m_lokasi_teater`.`id_location`
JOIN `m_teater` ON `s`.`id_teater` = `m_teater`.`id_teater`
JOIN `r_user_teater` ON `m_teater`.`id_teater` = `r_user_teater`.`id_teater`
JOIN `m_user` AS `user_mitra` ON `r_user_teater`.`id_user` = `user_mitra`.`id_user`
WHERE `t_booking`.`id_audiens` = \'6\'
AND `t_booking`.`tipe_jadwal` = \'audisi\'
AND `t_booking`.`status` = \'success\'', 0)
 2 SYSTEMPATH\Database\BaseConnection.php(734): CodeIgniter\Database\MySQLi\Connection->execute('SELECT `t_booking`.`id_booking`, `t_booking`.`created_at` AS `issue_date`, `user_audiens`.`nama` AS `nama_audiens`, `m_teater`.`judul`, `m_teater`.`tipe_teater` AS `jenis_teater`, `user_mitra`.`nama` AS `nama_mitra`, `m_lokasi_teater`.`tempat`, `m_lokasi_teater`.`kota`, `s`.`tanggal`, `s`.`waktu_mulai`, `s`.`waktu_selesai`
FROM `t_booking`
JOIN `m_audiens` ON `t_booking`.`id_audiens` = `m_audiens`.`id_audiens`
JOIN `m_user` AS `user_audiens` ON `m_audiens`.`id_user` = `user_audiens`.`id_user`
JOIN `r_audisi_schedule` ON `t_booking`.`id_jadwal` = `r_audisi_schedule`.`id_audisi_schedule`
JOIN `m_show_schedule` AS `s` ON `r_audition_schedule`.`id_schedule` = `s`.`id_schedule`
JOIN `m_lokasi_teater` ON `s`.`id_location` = `m_lokasi_teater`.`id_location`
JOIN `m_teater` ON `s`.`id_teater` = `m_teater`.`id_teater`
JOIN `r_user_teater` ON `m_teater`.`id_teater` = `r_user_teater`.`id_teater`
JOIN `m_user` AS `user_mitra` ON `r_user_teater`.`id_user` = `user_mitra`.`id_user`
WHERE `t_booking`.`id_audiens` = \'6\'
AND `t_booking`.`tipe_jadwal` = \'audisi\'
AND `t_booking`.`status` = \'success\'')
 3 SYSTEMPATH\Database\BaseConnection.php(648): CodeIgniter\Database\BaseConnection->simpleQuery('SELECT `t_booking`.`id_booking`, `t_booking`.`created_at` AS `issue_date`, `user_audiens`.`nama` AS `nama_audiens`, `m_teater`.`judul`, `m_teater`.`tipe_teater` AS `jenis_teater`, `user_mitra`.`nama` AS `nama_mitra`, `m_lokasi_teater`.`tempat`, `m_lokasi_teater`.`kota`, `s`.`tanggal`, `s`.`waktu_mulai`, `s`.`waktu_selesai`
FROM `t_booking`
JOIN `m_audiens` ON `t_booking`.`id_audiens` = `m_audiens`.`id_audiens`
JOIN `m_user` AS `user_audiens` ON `m_audiens`.`id_user` = `user_audiens`.`id_user`
JOIN `r_audisi_schedule` ON `t_booking`.`id_jadwal` = `r_audisi_schedule`.`id_audisi_schedule`
JOIN `m_show_schedule` AS `s` ON `r_audition_schedule`.`id_schedule` = `s`.`id_schedule`
JOIN `m_lokasi_teater` ON `s`.`id_location` = `m_lokasi_teater`.`id_location`
JOIN `m_teater` ON `s`.`id_teater` = `m_teater`.`id_teater`
JOIN `r_user_teater` ON `m_teater`.`id_teater` = `r_user_teater`.`id_teater`
JOIN `m_user` AS `user_mitra` ON `r_user_teater`.`id_user` = `user_mitra`.`id_user`
WHERE `t_booking`.`id_audiens` = \'6\'
AND `t_booking`.`tipe_jadwal` = \'audisi\'
AND `t_booking`.`status` = \'success\'')
 4 SYSTEMPATH\Database\BaseBuilder.php(1644): CodeIgniter\Database\BaseConnection->query('SELECT `t_booking`.`id_booking`, `t_booking`.`created_at` AS `issue_date`, `user_audiens`.`nama` AS `nama_audiens`, `m_teater`.`judul`, `m_teater`.`tipe_teater` AS `jenis_teater`, `user_mitra`.`nama` AS `nama_mitra`, `m_lokasi_teater`.`tempat`, `m_lokasi_teater`.`kota`, `s`.`tanggal`, `s`.`waktu_mulai`, `s`.`waktu_selesai`
FROM `t_booking`
JOIN `m_audiens` ON `t_booking`.`id_audiens` = `m_audiens`.`id_audiens`
JOIN `m_user` AS `user_audiens` ON `m_audiens`.`id_user` = `user_audiens`.`id_user`
JOIN `r_audisi_schedule` ON `t_booking`.`id_jadwal` = `r_audisi_schedule`.`id_audisi_schedule`
JOIN `m_show_schedule` AS `s` ON `r_audition_schedule`.`id_schedule` = `s`.`id_schedule`
JOIN `m_lokasi_teater` ON `s`.`id_location` = `m_lokasi_teater`.`id_location`
JOIN `m_teater` ON `s`.`id_teater` = `m_teater`.`id_teater`
JOIN `r_user_teater` ON `m_teater`.`id_teater` = `r_user_teater`.`id_teater`
JOIN `m_user` AS `user_mitra` ON `r_user_teater`.`id_user` = `user_mitra`.`id_user`
WHERE `t_booking`.`id_audiens` = :t_booking.id_audiens:
AND `t_booking`.`tipe_jadwal` = :t_booking.tipe_jadwal:
AND `t_booking`.`status` = :t_booking.status:', [...], false)
 5 SYSTEMPATH\Model.php(286): CodeIgniter\Database\BaseBuilder->get()
 6 SYSTEMPATH\BaseModel.php(676): CodeIgniter\Model->doFindAll(0, 0)
 7 APPPATH\Controllers\Audiens.php(1131): CodeIgniter\BaseModel->findAll()
 8 SYSTEMPATH\CodeIgniter.php(933): App\Controllers\Audiens->DetailAudisiAktor('98')
 9 SYSTEMPATH\CodeIgniter.php(509): CodeIgniter\CodeIgniter->runController(Object(App\Controllers\Audiens))
10 SYSTEMPATH\CodeIgniter.php(355): CodeIgniter\CodeIgniter->handleRequest(null, Object(Config\Cache), false)
11 SYSTEMPATH\Boot.php(325): CodeIgniter\CodeIgniter->run()
12 SYSTEMPATH\Boot.php(67): CodeIgniter\Boot::runCodeIgniter(Object(CodeIgniter\CodeIgniter))
13 FCPATH\index.php(59): CodeIgniter\Boot::bootWeb(Object(Config\Paths))
INFO - 2025-07-19 09:47:12 --> Session: Class initialized using 'CodeIgniter\Session\Handlers\FileHandler' driver.
