INFO - 2025-08-14 09:07:44 --> Session: Class initialized using 'CodeIgniter\Session\Handlers\FileHandler' driver.
INFO - 2025-08-14 09:07:45 --> Session: Class initialized using 'CodeIgniter\Session\Handlers\FileHandler' driver.
INFO - 2025-08-14 09:08:51 --> Session: Class initialized using 'CodeIgniter\Session\Handlers\FileHandler' driver.
INFO - 2025-08-14 09:08:52 --> Session: Class initialized using 'CodeIgniter\Session\Handlers\FileHandler' driver.
INFO - 2025-08-14 09:09:01 --> Session: Class initialized using 'CodeIgniter\Session\Handlers\FileHandler' driver.
INFO - 2025-08-14 09:09:03 --> Session: Class initialized using 'CodeIgniter\Session\Handlers\FileHandler' driver.
INFO - 2025-08-14 09:19:51 --> Session: Class initialized using 'CodeIgniter\Session\Handlers\FileHandler' driver.
INFO - 2025-08-14 09:19:53 --> Session: Class initialized using 'CodeIgniter\Session\Handlers\FileHandler' driver.
CRITICAL - 2025-08-14 09:19:53 --> ErrorException: Undefined variable $tiketiketAudisitPenampilan
[Method: GET, Route: Audiens/detailAudisiStaff/99]
in APPPATH\Views\templates\bodyDetailAudisiStaff.php on line 109.
 1 APPPATH\Views\templates\bodyDetailAudisiStaff.php(109): CodeIgniter\Debug\Exceptions->errorHandler(2, 'Undefined variable $tiketiketAudisitPenampilan', 'C:\\xampp\\htdocs\\CodeIgniter4\\app\\Views\\templates\\bodyDetailAudisiStaff.php', 109)
 2 SYSTEMPATH\View\View.php(234): include('C:\\xampp\\htdocs\\CodeIgniter4\\app\\Views\\templates\\bodyDetailAudisiStaff.php')
 3 SYSTEMPATH\View\View.php(237): CodeIgniter\View\View->CodeIgniter\View\{closure}()
 4 SYSTEMPATH\Common.php(1171): CodeIgniter\View\View->render('templates/bodyDetailAudisiStaff', [], true)
 5 APPPATH\Controllers\Audiens.php(1267): view('templates/bodyDetailAudisiStaff', [...])
 6 SYSTEMPATH\CodeIgniter.php(933): App\Controllers\Audiens->detailAudisiStaff('99')
 7 SYSTEMPATH\CodeIgniter.php(509): CodeIgniter\CodeIgniter->runController(Object(App\Controllers\Audiens))
 8 SYSTEMPATH\CodeIgniter.php(355): CodeIgniter\CodeIgniter->handleRequest(null, Object(Config\Cache), false)
 9 SYSTEMPATH\Boot.php(325): CodeIgniter\CodeIgniter->run()
10 SYSTEMPATH\Boot.php(67): CodeIgniter\Boot::runCodeIgniter(Object(CodeIgniter\CodeIgniter))
11 FCPATH\index.php(59): CodeIgniter\Boot::bootWeb(Object(Config\Paths))
INFO - 2025-08-14 09:21:08 --> Session: Class initialized using 'CodeIgniter\Session\Handlers\FileHandler' driver.
INFO - 2025-08-14 12:09:15 --> Session: Class initialized using 'CodeIgniter\Session\Handlers\FileHandler' driver.
INFO - 2025-08-14 12:09:16 --> Session: Class initialized using 'CodeIgniter\Session\Handlers\FileHandler' driver.
INFO - 2025-08-14 12:09:20 --> Session: Class initialized using 'CodeIgniter\Session\Handlers\FileHandler' driver.
INFO - 2025-08-14 12:09:21 --> Session: Class initialized using 'CodeIgniter\Session\Handlers\FileHandler' driver.
INFO - 2025-08-14 12:09:24 --> Session: Class initialized using 'CodeIgniter\Session\Handlers\FileHandler' driver.
INFO - 2025-08-14 12:09:26 --> Session: Class initialized using 'CodeIgniter\Session\Handlers\FileHandler' driver.
INFO - 2025-08-14 12:09:33 --> Session: Class initialized using 'CodeIgniter\Session\Handlers\FileHandler' driver.
INFO - 2025-08-14 12:09:59 --> Session: Class initialized using 'CodeIgniter\Session\Handlers\FileHandler' driver.
INFO - 2025-08-14 12:10:07 --> Session: Class initialized using 'CodeIgniter\Session\Handlers\FileHandler' driver.
INFO - 2025-08-14 12:14:14 --> Session: Class initialized using 'CodeIgniter\Session\Handlers\FileHandler' driver.
INFO - 2025-08-14 12:20:06 --> Session: Class initialized using 'CodeIgniter\Session\Handlers\FileHandler' driver.
INFO - 2025-08-14 12:30:10 --> Session: Class initialized using 'CodeIgniter\Session\Handlers\FileHandler' driver.
INFO - 2025-08-14 13:35:03 --> Session: Class initialized using 'CodeIgniter\Session\Handlers\FileHandler' driver.
INFO - 2025-08-14 13:35:09 --> Session: Class initialized using 'CodeIgniter\Session\Handlers\FileHandler' driver.
INFO - 2025-08-14 13:35:19 --> Session: Class initialized using 'CodeIgniter\Session\Handlers\FileHandler' driver.
ERROR - 2025-08-14 13:35:19 --> mysqli_sql_exception: Unknown column 'm_penampilan.qrcode_bayar' in 'field list' in C:\xampp\htdocs\CodeIgniter4\system\Database\MySQLi\Connection.php:312
Stack trace:
#0 C:\xampp\htdocs\CodeIgniter4\system\Database\MySQLi\Connection.php(312): mysqli->query('SELECT `r_show_...', 0)
#1 C:\xampp\htdocs\CodeIgniter4\system\Database\BaseConnection.php(734): CodeIgniter\Database\MySQLi\Connection->execute('SELECT `r_show_...')
#2 C:\xampp\htdocs\CodeIgniter4\system\Database\BaseConnection.php(648): CodeIgniter\Database\BaseConnection->simpleQuery('SELECT `r_show_...')
#3 C:\xampp\htdocs\CodeIgniter4\system\Database\BaseBuilder.php(1644): CodeIgniter\Database\BaseConnection->query('SELECT `r_show_...', Array, false)
#4 C:\xampp\htdocs\CodeIgniter4\app\Controllers\Audiens.php(631): CodeIgniter\Database\BaseBuilder->get()
#5 C:\xampp\htdocs\CodeIgniter4\system\CodeIgniter.php(933): App\Controllers\Audiens->showBookingPopup('penampilan', '108')
#6 C:\xampp\htdocs\CodeIgniter4\system\CodeIgniter.php(509): CodeIgniter\CodeIgniter->runController(Object(App\Controllers\Audiens))
#7 C:\xampp\htdocs\CodeIgniter4\system\CodeIgniter.php(355): CodeIgniter\CodeIgniter->handleRequest(NULL, Object(Config\Cache), false)
#8 C:\xampp\htdocs\CodeIgniter4\system\Boot.php(325): CodeIgniter\CodeIgniter->run()
#9 C:\xampp\htdocs\CodeIgniter4\system\Boot.php(67): CodeIgniter\Boot::runCodeIgniter(Object(CodeIgniter\CodeIgniter))
#10 C:\xampp\htdocs\CodeIgniter4\index.php(59): CodeIgniter\Boot::bootWeb(Object(Config\Paths))
#11 {main}
CRITICAL - 2025-08-14 13:35:19 --> CodeIgniter\Database\Exceptions\DatabaseException: Unknown column 'm_penampilan.qrcode_bayar' in 'field list'
[Method: GET, Route: Audiens/booking-popup/penampilan/108]
in SYSTEMPATH\Database\BaseConnection.php on line 688.
 1 SYSTEMPATH\Database\BaseBuilder.php(1644): CodeIgniter\Database\BaseConnection->query('SELECT `r_show_schedule`.`id_schedule_show` AS `id_jadwal`, `m_show_schedule`.`tanggal`, `m_show_schedule`.`waktu_mulai`, `m_show_schedule`.`waktu_selesai`, MIN(m_seat_pricing.harga) AS harga, `m_penampilan`.`qrcode_bayar`
FROM `r_show_schedule`
JOIN `m_show_schedule` ON `r_show_schedule`.`id_schedule` = `m_show_schedule`.`id_schedule`
JOIN `m_teater` ON `m_show_schedule`.`id_teater` = `m_teater`.`id_teater`
LEFT JOIN `m_seat_pricing` ON `m_seat_pricing`.`id_penampilan` = `r_show_schedule`.`id_penampilan`
LEFT JOIN `m_penampilan` ON `r_show_schedule`.`id_penampilan` = `m_penampilan`.`id_penampilan`
WHERE `m_teater`.`id_teater` = :m_teater.id_teater:
GROUP BY `r_show_schedule`.`id_schedule_show`', [...], false)
 2 APPPATH\Controllers\Audiens.php(631): CodeIgniter\Database\BaseBuilder->get()
 3 SYSTEMPATH\CodeIgniter.php(933): App\Controllers\Audiens->showBookingPopup('penampilan', '108')
 4 SYSTEMPATH\CodeIgniter.php(509): CodeIgniter\CodeIgniter->runController(Object(App\Controllers\Audiens))
 5 SYSTEMPATH\CodeIgniter.php(355): CodeIgniter\CodeIgniter->handleRequest(null, Object(Config\Cache), false)
 6 SYSTEMPATH\Boot.php(325): CodeIgniter\CodeIgniter->run()
 7 SYSTEMPATH\Boot.php(67): CodeIgniter\Boot::runCodeIgniter(Object(CodeIgniter\CodeIgniter))
 8 FCPATH\index.php(59): CodeIgniter\Boot::bootWeb(Object(Config\Paths))
CRITICAL - 2025-08-14 13:35:19 --> [Caused by] CodeIgniter\Database\Exceptions\DatabaseException: Unknown column 'm_penampilan.qrcode_bayar' in 'field list'
in SYSTEMPATH\Database\MySQLi\Connection.php on line 317.
 1 SYSTEMPATH\Database\BaseConnection.php(734): CodeIgniter\Database\MySQLi\Connection->execute('SELECT `r_show_schedule`.`id_schedule_show` AS `id_jadwal`, `m_show_schedule`.`tanggal`, `m_show_schedule`.`waktu_mulai`, `m_show_schedule`.`waktu_selesai`, MIN(m_seat_pricing.harga) AS harga, `m_penampilan`.`qrcode_bayar`
FROM `r_show_schedule`
JOIN `m_show_schedule` ON `r_show_schedule`.`id_schedule` = `m_show_schedule`.`id_schedule`
JOIN `m_teater` ON `m_show_schedule`.`id_teater` = `m_teater`.`id_teater`
LEFT JOIN `m_seat_pricing` ON `m_seat_pricing`.`id_penampilan` = `r_show_schedule`.`id_penampilan`
LEFT JOIN `m_penampilan` ON `r_show_schedule`.`id_penampilan` = `m_penampilan`.`id_penampilan`
WHERE `m_teater`.`id_teater` = \'108\'
GROUP BY `r_show_schedule`.`id_schedule_show`')
 2 SYSTEMPATH\Database\BaseConnection.php(648): CodeIgniter\Database\BaseConnection->simpleQuery('SELECT `r_show_schedule`.`id_schedule_show` AS `id_jadwal`, `m_show_schedule`.`tanggal`, `m_show_schedule`.`waktu_mulai`, `m_show_schedule`.`waktu_selesai`, MIN(m_seat_pricing.harga) AS harga, `m_penampilan`.`qrcode_bayar`
FROM `r_show_schedule`
JOIN `m_show_schedule` ON `r_show_schedule`.`id_schedule` = `m_show_schedule`.`id_schedule`
JOIN `m_teater` ON `m_show_schedule`.`id_teater` = `m_teater`.`id_teater`
LEFT JOIN `m_seat_pricing` ON `m_seat_pricing`.`id_penampilan` = `r_show_schedule`.`id_penampilan`
LEFT JOIN `m_penampilan` ON `r_show_schedule`.`id_penampilan` = `m_penampilan`.`id_penampilan`
WHERE `m_teater`.`id_teater` = \'108\'
GROUP BY `r_show_schedule`.`id_schedule_show`')
 3 SYSTEMPATH\Database\BaseBuilder.php(1644): CodeIgniter\Database\BaseConnection->query('SELECT `r_show_schedule`.`id_schedule_show` AS `id_jadwal`, `m_show_schedule`.`tanggal`, `m_show_schedule`.`waktu_mulai`, `m_show_schedule`.`waktu_selesai`, MIN(m_seat_pricing.harga) AS harga, `m_penampilan`.`qrcode_bayar`
FROM `r_show_schedule`
JOIN `m_show_schedule` ON `r_show_schedule`.`id_schedule` = `m_show_schedule`.`id_schedule`
JOIN `m_teater` ON `m_show_schedule`.`id_teater` = `m_teater`.`id_teater`
LEFT JOIN `m_seat_pricing` ON `m_seat_pricing`.`id_penampilan` = `r_show_schedule`.`id_penampilan`
LEFT JOIN `m_penampilan` ON `r_show_schedule`.`id_penampilan` = `m_penampilan`.`id_penampilan`
WHERE `m_teater`.`id_teater` = :m_teater.id_teater:
GROUP BY `r_show_schedule`.`id_schedule_show`', [...], false)
 4 APPPATH\Controllers\Audiens.php(631): CodeIgniter\Database\BaseBuilder->get()
 5 SYSTEMPATH\CodeIgniter.php(933): App\Controllers\Audiens->showBookingPopup('penampilan', '108')
 6 SYSTEMPATH\CodeIgniter.php(509): CodeIgniter\CodeIgniter->runController(Object(App\Controllers\Audiens))
 7 SYSTEMPATH\CodeIgniter.php(355): CodeIgniter\CodeIgniter->handleRequest(null, Object(Config\Cache), false)
 8 SYSTEMPATH\Boot.php(325): CodeIgniter\CodeIgniter->run()
 9 SYSTEMPATH\Boot.php(67): CodeIgniter\Boot::runCodeIgniter(Object(CodeIgniter\CodeIgniter))
10 FCPATH\index.php(59): CodeIgniter\Boot::bootWeb(Object(Config\Paths))
CRITICAL - 2025-08-14 13:35:19 --> [Caused by] mysqli_sql_exception: Unknown column 'm_penampilan.qrcode_bayar' in 'field list'
in SYSTEMPATH\Database\MySQLi\Connection.php on line 312.
 1 SYSTEMPATH\Database\MySQLi\Connection.php(312): mysqli->query('SELECT `r_show_schedule`.`id_schedule_show` AS `id_jadwal`, `m_show_schedule`.`tanggal`, `m_show_schedule`.`waktu_mulai`, `m_show_schedule`.`waktu_selesai`, MIN(m_seat_pricing.harga) AS harga, `m_penampilan`.`qrcode_bayar`
FROM `r_show_schedule`
JOIN `m_show_schedule` ON `r_show_schedule`.`id_schedule` = `m_show_schedule`.`id_schedule`
JOIN `m_teater` ON `m_show_schedule`.`id_teater` = `m_teater`.`id_teater`
LEFT JOIN `m_seat_pricing` ON `m_seat_pricing`.`id_penampilan` = `r_show_schedule`.`id_penampilan`
LEFT JOIN `m_penampilan` ON `r_show_schedule`.`id_penampilan` = `m_penampilan`.`id_penampilan`
WHERE `m_teater`.`id_teater` = \'108\'
GROUP BY `r_show_schedule`.`id_schedule_show`', 0)
 2 SYSTEMPATH\Database\BaseConnection.php(734): CodeIgniter\Database\MySQLi\Connection->execute('SELECT `r_show_schedule`.`id_schedule_show` AS `id_jadwal`, `m_show_schedule`.`tanggal`, `m_show_schedule`.`waktu_mulai`, `m_show_schedule`.`waktu_selesai`, MIN(m_seat_pricing.harga) AS harga, `m_penampilan`.`qrcode_bayar`
FROM `r_show_schedule`
JOIN `m_show_schedule` ON `r_show_schedule`.`id_schedule` = `m_show_schedule`.`id_schedule`
JOIN `m_teater` ON `m_show_schedule`.`id_teater` = `m_teater`.`id_teater`
LEFT JOIN `m_seat_pricing` ON `m_seat_pricing`.`id_penampilan` = `r_show_schedule`.`id_penampilan`
LEFT JOIN `m_penampilan` ON `r_show_schedule`.`id_penampilan` = `m_penampilan`.`id_penampilan`
WHERE `m_teater`.`id_teater` = \'108\'
GROUP BY `r_show_schedule`.`id_schedule_show`')
 3 SYSTEMPATH\Database\BaseConnection.php(648): CodeIgniter\Database\BaseConnection->simpleQuery('SELECT `r_show_schedule`.`id_schedule_show` AS `id_jadwal`, `m_show_schedule`.`tanggal`, `m_show_schedule`.`waktu_mulai`, `m_show_schedule`.`waktu_selesai`, MIN(m_seat_pricing.harga) AS harga, `m_penampilan`.`qrcode_bayar`
FROM `r_show_schedule`
JOIN `m_show_schedule` ON `r_show_schedule`.`id_schedule` = `m_show_schedule`.`id_schedule`
JOIN `m_teater` ON `m_show_schedule`.`id_teater` = `m_teater`.`id_teater`
LEFT JOIN `m_seat_pricing` ON `m_seat_pricing`.`id_penampilan` = `r_show_schedule`.`id_penampilan`
LEFT JOIN `m_penampilan` ON `r_show_schedule`.`id_penampilan` = `m_penampilan`.`id_penampilan`
WHERE `m_teater`.`id_teater` = \'108\'
GROUP BY `r_show_schedule`.`id_schedule_show`')
 4 SYSTEMPATH\Database\BaseBuilder.php(1644): CodeIgniter\Database\BaseConnection->query('SELECT `r_show_schedule`.`id_schedule_show` AS `id_jadwal`, `m_show_schedule`.`tanggal`, `m_show_schedule`.`waktu_mulai`, `m_show_schedule`.`waktu_selesai`, MIN(m_seat_pricing.harga) AS harga, `m_penampilan`.`qrcode_bayar`
FROM `r_show_schedule`
JOIN `m_show_schedule` ON `r_show_schedule`.`id_schedule` = `m_show_schedule`.`id_schedule`
JOIN `m_teater` ON `m_show_schedule`.`id_teater` = `m_teater`.`id_teater`
LEFT JOIN `m_seat_pricing` ON `m_seat_pricing`.`id_penampilan` = `r_show_schedule`.`id_penampilan`
LEFT JOIN `m_penampilan` ON `r_show_schedule`.`id_penampilan` = `m_penampilan`.`id_penampilan`
WHERE `m_teater`.`id_teater` = :m_teater.id_teater:
GROUP BY `r_show_schedule`.`id_schedule_show`', [...], false)
 5 APPPATH\Controllers\Audiens.php(631): CodeIgniter\Database\BaseBuilder->get()
 6 SYSTEMPATH\CodeIgniter.php(933): App\Controllers\Audiens->showBookingPopup('penampilan', '108')
 7 SYSTEMPATH\CodeIgniter.php(509): CodeIgniter\CodeIgniter->runController(Object(App\Controllers\Audiens))
 8 SYSTEMPATH\CodeIgniter.php(355): CodeIgniter\CodeIgniter->handleRequest(null, Object(Config\Cache), false)
 9 SYSTEMPATH\Boot.php(325): CodeIgniter\CodeIgniter->run()
10 SYSTEMPATH\Boot.php(67): CodeIgniter\Boot::runCodeIgniter(Object(CodeIgniter\CodeIgniter))
11 FCPATH\index.php(59): CodeIgniter\Boot::bootWeb(Object(Config\Paths))
INFO - 2025-08-14 13:35:41 --> Session: Class initialized using 'CodeIgniter\Session\Handlers\FileHandler' driver.
INFO - 2025-08-14 13:35:50 --> Session: Class initialized using 'CodeIgniter\Session\Handlers\FileHandler' driver.
ERROR - 2025-08-14 13:35:50 --> mysqli_sql_exception: Unknown column 'm_penampilan.qrcode_bayar' in 'field list' in C:\xampp\htdocs\CodeIgniter4\system\Database\MySQLi\Connection.php:312
Stack trace:
#0 C:\xampp\htdocs\CodeIgniter4\system\Database\MySQLi\Connection.php(312): mysqli->query('SELECT `r_show_...', 0)
#1 C:\xampp\htdocs\CodeIgniter4\system\Database\BaseConnection.php(734): CodeIgniter\Database\MySQLi\Connection->execute('SELECT `r_show_...')
#2 C:\xampp\htdocs\CodeIgniter4\system\Database\BaseConnection.php(648): CodeIgniter\Database\BaseConnection->simpleQuery('SELECT `r_show_...')
#3 C:\xampp\htdocs\CodeIgniter4\system\Database\BaseBuilder.php(1644): CodeIgniter\Database\BaseConnection->query('SELECT `r_show_...', Array, false)
#4 C:\xampp\htdocs\CodeIgniter4\app\Controllers\Audiens.php(631): CodeIgniter\Database\BaseBuilder->get()
#5 C:\xampp\htdocs\CodeIgniter4\system\CodeIgniter.php(933): App\Controllers\Audiens->showBookingPopup('penampilan', '108')
#6 C:\xampp\htdocs\CodeIgniter4\system\CodeIgniter.php(509): CodeIgniter\CodeIgniter->runController(Object(App\Controllers\Audiens))
#7 C:\xampp\htdocs\CodeIgniter4\system\CodeIgniter.php(355): CodeIgniter\CodeIgniter->handleRequest(NULL, Object(Config\Cache), false)
#8 C:\xampp\htdocs\CodeIgniter4\system\Boot.php(325): CodeIgniter\CodeIgniter->run()
#9 C:\xampp\htdocs\CodeIgniter4\system\Boot.php(67): CodeIgniter\Boot::runCodeIgniter(Object(CodeIgniter\CodeIgniter))
#10 C:\xampp\htdocs\CodeIgniter4\index.php(59): CodeIgniter\Boot::bootWeb(Object(Config\Paths))
#11 {main}
CRITICAL - 2025-08-14 13:35:50 --> CodeIgniter\Database\Exceptions\DatabaseException: Unknown column 'm_penampilan.qrcode_bayar' in 'field list'
[Method: GET, Route: Audiens/booking-popup/penampilan/108]
in SYSTEMPATH\Database\BaseConnection.php on line 688.
 1 SYSTEMPATH\Database\BaseBuilder.php(1644): CodeIgniter\Database\BaseConnection->query('SELECT `r_show_schedule`.`id_schedule_show` AS `id_jadwal`, `m_show_schedule`.`tanggal`, `m_show_schedule`.`waktu_mulai`, `m_show_schedule`.`waktu_selesai`, MIN(m_seat_pricing.harga) AS harga, `m_penampilan`.`qrcode_bayar`
FROM `r_show_schedule`
JOIN `m_show_schedule` ON `r_show_schedule`.`id_schedule` = `m_show_schedule`.`id_schedule`
JOIN `m_teater` ON `m_show_schedule`.`id_teater` = `m_teater`.`id_teater`
LEFT JOIN `m_seat_pricing` ON `m_seat_pricing`.`id_penampilan` = `r_show_schedule`.`id_penampilan`
LEFT JOIN `m_penampilan` ON `r_show_schedule`.`id_penampilan` = `m_penampilan`.`id_penampilan`
WHERE `m_teater`.`id_teater` = :m_teater.id_teater:
GROUP BY `r_show_schedule`.`id_schedule_show`', [...], false)
 2 APPPATH\Controllers\Audiens.php(631): CodeIgniter\Database\BaseBuilder->get()
 3 SYSTEMPATH\CodeIgniter.php(933): App\Controllers\Audiens->showBookingPopup('penampilan', '108')
 4 SYSTEMPATH\CodeIgniter.php(509): CodeIgniter\CodeIgniter->runController(Object(App\Controllers\Audiens))
 5 SYSTEMPATH\CodeIgniter.php(355): CodeIgniter\CodeIgniter->handleRequest(null, Object(Config\Cache), false)
 6 SYSTEMPATH\Boot.php(325): CodeIgniter\CodeIgniter->run()
 7 SYSTEMPATH\Boot.php(67): CodeIgniter\Boot::runCodeIgniter(Object(CodeIgniter\CodeIgniter))
 8 FCPATH\index.php(59): CodeIgniter\Boot::bootWeb(Object(Config\Paths))
CRITICAL - 2025-08-14 13:35:50 --> [Caused by] CodeIgniter\Database\Exceptions\DatabaseException: Unknown column 'm_penampilan.qrcode_bayar' in 'field list'
in SYSTEMPATH\Database\MySQLi\Connection.php on line 317.
 1 SYSTEMPATH\Database\BaseConnection.php(734): CodeIgniter\Database\MySQLi\Connection->execute('SELECT `r_show_schedule`.`id_schedule_show` AS `id_jadwal`, `m_show_schedule`.`tanggal`, `m_show_schedule`.`waktu_mulai`, `m_show_schedule`.`waktu_selesai`, MIN(m_seat_pricing.harga) AS harga, `m_penampilan`.`qrcode_bayar`
FROM `r_show_schedule`
JOIN `m_show_schedule` ON `r_show_schedule`.`id_schedule` = `m_show_schedule`.`id_schedule`
JOIN `m_teater` ON `m_show_schedule`.`id_teater` = `m_teater`.`id_teater`
LEFT JOIN `m_seat_pricing` ON `m_seat_pricing`.`id_penampilan` = `r_show_schedule`.`id_penampilan`
LEFT JOIN `m_penampilan` ON `r_show_schedule`.`id_penampilan` = `m_penampilan`.`id_penampilan`
WHERE `m_teater`.`id_teater` = \'108\'
GROUP BY `r_show_schedule`.`id_schedule_show`')
 2 SYSTEMPATH\Database\BaseConnection.php(648): CodeIgniter\Database\BaseConnection->simpleQuery('SELECT `r_show_schedule`.`id_schedule_show` AS `id_jadwal`, `m_show_schedule`.`tanggal`, `m_show_schedule`.`waktu_mulai`, `m_show_schedule`.`waktu_selesai`, MIN(m_seat_pricing.harga) AS harga, `m_penampilan`.`qrcode_bayar`
FROM `r_show_schedule`
JOIN `m_show_schedule` ON `r_show_schedule`.`id_schedule` = `m_show_schedule`.`id_schedule`
JOIN `m_teater` ON `m_show_schedule`.`id_teater` = `m_teater`.`id_teater`
LEFT JOIN `m_seat_pricing` ON `m_seat_pricing`.`id_penampilan` = `r_show_schedule`.`id_penampilan`
LEFT JOIN `m_penampilan` ON `r_show_schedule`.`id_penampilan` = `m_penampilan`.`id_penampilan`
WHERE `m_teater`.`id_teater` = \'108\'
GROUP BY `r_show_schedule`.`id_schedule_show`')
 3 SYSTEMPATH\Database\BaseBuilder.php(1644): CodeIgniter\Database\BaseConnection->query('SELECT `r_show_schedule`.`id_schedule_show` AS `id_jadwal`, `m_show_schedule`.`tanggal`, `m_show_schedule`.`waktu_mulai`, `m_show_schedule`.`waktu_selesai`, MIN(m_seat_pricing.harga) AS harga, `m_penampilan`.`qrcode_bayar`
FROM `r_show_schedule`
JOIN `m_show_schedule` ON `r_show_schedule`.`id_schedule` = `m_show_schedule`.`id_schedule`
JOIN `m_teater` ON `m_show_schedule`.`id_teater` = `m_teater`.`id_teater`
LEFT JOIN `m_seat_pricing` ON `m_seat_pricing`.`id_penampilan` = `r_show_schedule`.`id_penampilan`
LEFT JOIN `m_penampilan` ON `r_show_schedule`.`id_penampilan` = `m_penampilan`.`id_penampilan`
WHERE `m_teater`.`id_teater` = :m_teater.id_teater:
GROUP BY `r_show_schedule`.`id_schedule_show`', [...], false)
 4 APPPATH\Controllers\Audiens.php(631): CodeIgniter\Database\BaseBuilder->get()
 5 SYSTEMPATH\CodeIgniter.php(933): App\Controllers\Audiens->showBookingPopup('penampilan', '108')
 6 SYSTEMPATH\CodeIgniter.php(509): CodeIgniter\CodeIgniter->runController(Object(App\Controllers\Audiens))
 7 SYSTEMPATH\CodeIgniter.php(355): CodeIgniter\CodeIgniter->handleRequest(null, Object(Config\Cache), false)
 8 SYSTEMPATH\Boot.php(325): CodeIgniter\CodeIgniter->run()
 9 SYSTEMPATH\Boot.php(67): CodeIgniter\Boot::runCodeIgniter(Object(CodeIgniter\CodeIgniter))
10 FCPATH\index.php(59): CodeIgniter\Boot::bootWeb(Object(Config\Paths))
CRITICAL - 2025-08-14 13:35:50 --> [Caused by] mysqli_sql_exception: Unknown column 'm_penampilan.qrcode_bayar' in 'field list'
in SYSTEMPATH\Database\MySQLi\Connection.php on line 312.
 1 SYSTEMPATH\Database\MySQLi\Connection.php(312): mysqli->query('SELECT `r_show_schedule`.`id_schedule_show` AS `id_jadwal`, `m_show_schedule`.`tanggal`, `m_show_schedule`.`waktu_mulai`, `m_show_schedule`.`waktu_selesai`, MIN(m_seat_pricing.harga) AS harga, `m_penampilan`.`qrcode_bayar`
FROM `r_show_schedule`
JOIN `m_show_schedule` ON `r_show_schedule`.`id_schedule` = `m_show_schedule`.`id_schedule`
JOIN `m_teater` ON `m_show_schedule`.`id_teater` = `m_teater`.`id_teater`
LEFT JOIN `m_seat_pricing` ON `m_seat_pricing`.`id_penampilan` = `r_show_schedule`.`id_penampilan`
LEFT JOIN `m_penampilan` ON `r_show_schedule`.`id_penampilan` = `m_penampilan`.`id_penampilan`
WHERE `m_teater`.`id_teater` = \'108\'
GROUP BY `r_show_schedule`.`id_schedule_show`', 0)
 2 SYSTEMPATH\Database\BaseConnection.php(734): CodeIgniter\Database\MySQLi\Connection->execute('SELECT `r_show_schedule`.`id_schedule_show` AS `id_jadwal`, `m_show_schedule`.`tanggal`, `m_show_schedule`.`waktu_mulai`, `m_show_schedule`.`waktu_selesai`, MIN(m_seat_pricing.harga) AS harga, `m_penampilan`.`qrcode_bayar`
FROM `r_show_schedule`
JOIN `m_show_schedule` ON `r_show_schedule`.`id_schedule` = `m_show_schedule`.`id_schedule`
JOIN `m_teater` ON `m_show_schedule`.`id_teater` = `m_teater`.`id_teater`
LEFT JOIN `m_seat_pricing` ON `m_seat_pricing`.`id_penampilan` = `r_show_schedule`.`id_penampilan`
LEFT JOIN `m_penampilan` ON `r_show_schedule`.`id_penampilan` = `m_penampilan`.`id_penampilan`
WHERE `m_teater`.`id_teater` = \'108\'
GROUP BY `r_show_schedule`.`id_schedule_show`')
 3 SYSTEMPATH\Database\BaseConnection.php(648): CodeIgniter\Database\BaseConnection->simpleQuery('SELECT `r_show_schedule`.`id_schedule_show` AS `id_jadwal`, `m_show_schedule`.`tanggal`, `m_show_schedule`.`waktu_mulai`, `m_show_schedule`.`waktu_selesai`, MIN(m_seat_pricing.harga) AS harga, `m_penampilan`.`qrcode_bayar`
FROM `r_show_schedule`
JOIN `m_show_schedule` ON `r_show_schedule`.`id_schedule` = `m_show_schedule`.`id_schedule`
JOIN `m_teater` ON `m_show_schedule`.`id_teater` = `m_teater`.`id_teater`
LEFT JOIN `m_seat_pricing` ON `m_seat_pricing`.`id_penampilan` = `r_show_schedule`.`id_penampilan`
LEFT JOIN `m_penampilan` ON `r_show_schedule`.`id_penampilan` = `m_penampilan`.`id_penampilan`
WHERE `m_teater`.`id_teater` = \'108\'
GROUP BY `r_show_schedule`.`id_schedule_show`')
 4 SYSTEMPATH\Database\BaseBuilder.php(1644): CodeIgniter\Database\BaseConnection->query('SELECT `r_show_schedule`.`id_schedule_show` AS `id_jadwal`, `m_show_schedule`.`tanggal`, `m_show_schedule`.`waktu_mulai`, `m_show_schedule`.`waktu_selesai`, MIN(m_seat_pricing.harga) AS harga, `m_penampilan`.`qrcode_bayar`
FROM `r_show_schedule`
JOIN `m_show_schedule` ON `r_show_schedule`.`id_schedule` = `m_show_schedule`.`id_schedule`
JOIN `m_teater` ON `m_show_schedule`.`id_teater` = `m_teater`.`id_teater`
LEFT JOIN `m_seat_pricing` ON `m_seat_pricing`.`id_penampilan` = `r_show_schedule`.`id_penampilan`
LEFT JOIN `m_penampilan` ON `r_show_schedule`.`id_penampilan` = `m_penampilan`.`id_penampilan`
WHERE `m_teater`.`id_teater` = :m_teater.id_teater:
GROUP BY `r_show_schedule`.`id_schedule_show`', [...], false)
 5 APPPATH\Controllers\Audiens.php(631): CodeIgniter\Database\BaseBuilder->get()
 6 SYSTEMPATH\CodeIgniter.php(933): App\Controllers\Audiens->showBookingPopup('penampilan', '108')
 7 SYSTEMPATH\CodeIgniter.php(509): CodeIgniter\CodeIgniter->runController(Object(App\Controllers\Audiens))
 8 SYSTEMPATH\CodeIgniter.php(355): CodeIgniter\CodeIgniter->handleRequest(null, Object(Config\Cache), false)
 9 SYSTEMPATH\Boot.php(325): CodeIgniter\CodeIgniter->run()
10 SYSTEMPATH\Boot.php(67): CodeIgniter\Boot::runCodeIgniter(Object(CodeIgniter\CodeIgniter))
11 FCPATH\index.php(59): CodeIgniter\Boot::bootWeb(Object(Config\Paths))
INFO - 2025-08-14 13:37:32 --> Session: Class initialized using 'CodeIgniter\Session\Handlers\FileHandler' driver.
INFO - 2025-08-14 13:37:38 --> Session: Class initialized using 'CodeIgniter\Session\Handlers\FileHandler' driver.
ERROR - 2025-08-14 13:37:38 --> mysqli_sql_exception: Unknown column 'm_penampilan.qrcode_bayar' in 'field list' in C:\xampp\htdocs\CodeIgniter4\system\Database\MySQLi\Connection.php:312
Stack trace:
#0 C:\xampp\htdocs\CodeIgniter4\system\Database\MySQLi\Connection.php(312): mysqli->query('SELECT `r_show_...', 0)
#1 C:\xampp\htdocs\CodeIgniter4\system\Database\BaseConnection.php(734): CodeIgniter\Database\MySQLi\Connection->execute('SELECT `r_show_...')
#2 C:\xampp\htdocs\CodeIgniter4\system\Database\BaseConnection.php(648): CodeIgniter\Database\BaseConnection->simpleQuery('SELECT `r_show_...')
#3 C:\xampp\htdocs\CodeIgniter4\system\Database\BaseBuilder.php(1644): CodeIgniter\Database\BaseConnection->query('SELECT `r_show_...', Array, false)
#4 C:\xampp\htdocs\CodeIgniter4\app\Controllers\Audiens.php(631): CodeIgniter\Database\BaseBuilder->get()
#5 C:\xampp\htdocs\CodeIgniter4\system\CodeIgniter.php(933): App\Controllers\Audiens->showBookingPopup('penampilan', '108')
#6 C:\xampp\htdocs\CodeIgniter4\system\CodeIgniter.php(509): CodeIgniter\CodeIgniter->runController(Object(App\Controllers\Audiens))
#7 C:\xampp\htdocs\CodeIgniter4\system\CodeIgniter.php(355): CodeIgniter\CodeIgniter->handleRequest(NULL, Object(Config\Cache), false)
#8 C:\xampp\htdocs\CodeIgniter4\system\Boot.php(325): CodeIgniter\CodeIgniter->run()
#9 C:\xampp\htdocs\CodeIgniter4\system\Boot.php(67): CodeIgniter\Boot::runCodeIgniter(Object(CodeIgniter\CodeIgniter))
#10 C:\xampp\htdocs\CodeIgniter4\index.php(59): CodeIgniter\Boot::bootWeb(Object(Config\Paths))
#11 {main}
CRITICAL - 2025-08-14 13:37:38 --> CodeIgniter\Database\Exceptions\DatabaseException: Unknown column 'm_penampilan.qrcode_bayar' in 'field list'
[Method: GET, Route: Audiens/booking-popup/penampilan/108]
in SYSTEMPATH\Database\BaseConnection.php on line 688.
 1 SYSTEMPATH\Database\BaseBuilder.php(1644): CodeIgniter\Database\BaseConnection->query('SELECT `r_show_schedule`.`id_schedule_show` AS `id_jadwal`, `m_show_schedule`.`tanggal`, `m_show_schedule`.`waktu_mulai`, `m_show_schedule`.`waktu_selesai`, MIN(m_seat_pricing.harga) AS harga, `m_penampilan`.`qrcode_bayar`
FROM `r_show_schedule`
JOIN `m_show_schedule` ON `r_show_schedule`.`id_schedule` = `m_show_schedule`.`id_schedule`
JOIN `m_teater` ON `m_show_schedule`.`id_teater` = `m_teater`.`id_teater`
LEFT JOIN `m_seat_pricing` ON `m_seat_pricing`.`id_penampilan` = `r_show_schedule`.`id_penampilan`
LEFT JOIN `m_penampilan` ON `r_show_schedule`.`id_penampilan` = `m_penampilan`.`id_penampilan`
WHERE `m_teater`.`id_teater` = :m_teater.id_teater:
GROUP BY `r_show_schedule`.`id_schedule_show`', [...], false)
 2 APPPATH\Controllers\Audiens.php(631): CodeIgniter\Database\BaseBuilder->get()
 3 SYSTEMPATH\CodeIgniter.php(933): App\Controllers\Audiens->showBookingPopup('penampilan', '108')
 4 SYSTEMPATH\CodeIgniter.php(509): CodeIgniter\CodeIgniter->runController(Object(App\Controllers\Audiens))
 5 SYSTEMPATH\CodeIgniter.php(355): CodeIgniter\CodeIgniter->handleRequest(null, Object(Config\Cache), false)
 6 SYSTEMPATH\Boot.php(325): CodeIgniter\CodeIgniter->run()
 7 SYSTEMPATH\Boot.php(67): CodeIgniter\Boot::runCodeIgniter(Object(CodeIgniter\CodeIgniter))
 8 FCPATH\index.php(59): CodeIgniter\Boot::bootWeb(Object(Config\Paths))
CRITICAL - 2025-08-14 13:37:38 --> [Caused by] CodeIgniter\Database\Exceptions\DatabaseException: Unknown column 'm_penampilan.qrcode_bayar' in 'field list'
in SYSTEMPATH\Database\MySQLi\Connection.php on line 317.
 1 SYSTEMPATH\Database\BaseConnection.php(734): CodeIgniter\Database\MySQLi\Connection->execute('SELECT `r_show_schedule`.`id_schedule_show` AS `id_jadwal`, `m_show_schedule`.`tanggal`, `m_show_schedule`.`waktu_mulai`, `m_show_schedule`.`waktu_selesai`, MIN(m_seat_pricing.harga) AS harga, `m_penampilan`.`qrcode_bayar`
FROM `r_show_schedule`
JOIN `m_show_schedule` ON `r_show_schedule`.`id_schedule` = `m_show_schedule`.`id_schedule`
JOIN `m_teater` ON `m_show_schedule`.`id_teater` = `m_teater`.`id_teater`
LEFT JOIN `m_seat_pricing` ON `m_seat_pricing`.`id_penampilan` = `r_show_schedule`.`id_penampilan`
LEFT JOIN `m_penampilan` ON `r_show_schedule`.`id_penampilan` = `m_penampilan`.`id_penampilan`
WHERE `m_teater`.`id_teater` = \'108\'
GROUP BY `r_show_schedule`.`id_schedule_show`')
 2 SYSTEMPATH\Database\BaseConnection.php(648): CodeIgniter\Database\BaseConnection->simpleQuery('SELECT `r_show_schedule`.`id_schedule_show` AS `id_jadwal`, `m_show_schedule`.`tanggal`, `m_show_schedule`.`waktu_mulai`, `m_show_schedule`.`waktu_selesai`, MIN(m_seat_pricing.harga) AS harga, `m_penampilan`.`qrcode_bayar`
FROM `r_show_schedule`
JOIN `m_show_schedule` ON `r_show_schedule`.`id_schedule` = `m_show_schedule`.`id_schedule`
JOIN `m_teater` ON `m_show_schedule`.`id_teater` = `m_teater`.`id_teater`
LEFT JOIN `m_seat_pricing` ON `m_seat_pricing`.`id_penampilan` = `r_show_schedule`.`id_penampilan`
LEFT JOIN `m_penampilan` ON `r_show_schedule`.`id_penampilan` = `m_penampilan`.`id_penampilan`
WHERE `m_teater`.`id_teater` = \'108\'
GROUP BY `r_show_schedule`.`id_schedule_show`')
 3 SYSTEMPATH\Database\BaseBuilder.php(1644): CodeIgniter\Database\BaseConnection->query('SELECT `r_show_schedule`.`id_schedule_show` AS `id_jadwal`, `m_show_schedule`.`tanggal`, `m_show_schedule`.`waktu_mulai`, `m_show_schedule`.`waktu_selesai`, MIN(m_seat_pricing.harga) AS harga, `m_penampilan`.`qrcode_bayar`
FROM `r_show_schedule`
JOIN `m_show_schedule` ON `r_show_schedule`.`id_schedule` = `m_show_schedule`.`id_schedule`
JOIN `m_teater` ON `m_show_schedule`.`id_teater` = `m_teater`.`id_teater`
LEFT JOIN `m_seat_pricing` ON `m_seat_pricing`.`id_penampilan` = `r_show_schedule`.`id_penampilan`
LEFT JOIN `m_penampilan` ON `r_show_schedule`.`id_penampilan` = `m_penampilan`.`id_penampilan`
WHERE `m_teater`.`id_teater` = :m_teater.id_teater:
GROUP BY `r_show_schedule`.`id_schedule_show`', [...], false)
 4 APPPATH\Controllers\Audiens.php(631): CodeIgniter\Database\BaseBuilder->get()
 5 SYSTEMPATH\CodeIgniter.php(933): App\Controllers\Audiens->showBookingPopup('penampilan', '108')
 6 SYSTEMPATH\CodeIgniter.php(509): CodeIgniter\CodeIgniter->runController(Object(App\Controllers\Audiens))
 7 SYSTEMPATH\CodeIgniter.php(355): CodeIgniter\CodeIgniter->handleRequest(null, Object(Config\Cache), false)
 8 SYSTEMPATH\Boot.php(325): CodeIgniter\CodeIgniter->run()
 9 SYSTEMPATH\Boot.php(67): CodeIgniter\Boot::runCodeIgniter(Object(CodeIgniter\CodeIgniter))
10 FCPATH\index.php(59): CodeIgniter\Boot::bootWeb(Object(Config\Paths))
CRITICAL - 2025-08-14 13:37:38 --> [Caused by] mysqli_sql_exception: Unknown column 'm_penampilan.qrcode_bayar' in 'field list'
in SYSTEMPATH\Database\MySQLi\Connection.php on line 312.
 1 SYSTEMPATH\Database\MySQLi\Connection.php(312): mysqli->query('SELECT `r_show_schedule`.`id_schedule_show` AS `id_jadwal`, `m_show_schedule`.`tanggal`, `m_show_schedule`.`waktu_mulai`, `m_show_schedule`.`waktu_selesai`, MIN(m_seat_pricing.harga) AS harga, `m_penampilan`.`qrcode_bayar`
FROM `r_show_schedule`
JOIN `m_show_schedule` ON `r_show_schedule`.`id_schedule` = `m_show_schedule`.`id_schedule`
JOIN `m_teater` ON `m_show_schedule`.`id_teater` = `m_teater`.`id_teater`
LEFT JOIN `m_seat_pricing` ON `m_seat_pricing`.`id_penampilan` = `r_show_schedule`.`id_penampilan`
LEFT JOIN `m_penampilan` ON `r_show_schedule`.`id_penampilan` = `m_penampilan`.`id_penampilan`
WHERE `m_teater`.`id_teater` = \'108\'
GROUP BY `r_show_schedule`.`id_schedule_show`', 0)
 2 SYSTEMPATH\Database\BaseConnection.php(734): CodeIgniter\Database\MySQLi\Connection->execute('SELECT `r_show_schedule`.`id_schedule_show` AS `id_jadwal`, `m_show_schedule`.`tanggal`, `m_show_schedule`.`waktu_mulai`, `m_show_schedule`.`waktu_selesai`, MIN(m_seat_pricing.harga) AS harga, `m_penampilan`.`qrcode_bayar`
FROM `r_show_schedule`
JOIN `m_show_schedule` ON `r_show_schedule`.`id_schedule` = `m_show_schedule`.`id_schedule`
JOIN `m_teater` ON `m_show_schedule`.`id_teater` = `m_teater`.`id_teater`
LEFT JOIN `m_seat_pricing` ON `m_seat_pricing`.`id_penampilan` = `r_show_schedule`.`id_penampilan`
LEFT JOIN `m_penampilan` ON `r_show_schedule`.`id_penampilan` = `m_penampilan`.`id_penampilan`
WHERE `m_teater`.`id_teater` = \'108\'
GROUP BY `r_show_schedule`.`id_schedule_show`')
 3 SYSTEMPATH\Database\BaseConnection.php(648): CodeIgniter\Database\BaseConnection->simpleQuery('SELECT `r_show_schedule`.`id_schedule_show` AS `id_jadwal`, `m_show_schedule`.`tanggal`, `m_show_schedule`.`waktu_mulai`, `m_show_schedule`.`waktu_selesai`, MIN(m_seat_pricing.harga) AS harga, `m_penampilan`.`qrcode_bayar`
FROM `r_show_schedule`
JOIN `m_show_schedule` ON `r_show_schedule`.`id_schedule` = `m_show_schedule`.`id_schedule`
JOIN `m_teater` ON `m_show_schedule`.`id_teater` = `m_teater`.`id_teater`
LEFT JOIN `m_seat_pricing` ON `m_seat_pricing`.`id_penampilan` = `r_show_schedule`.`id_penampilan`
LEFT JOIN `m_penampilan` ON `r_show_schedule`.`id_penampilan` = `m_penampilan`.`id_penampilan`
WHERE `m_teater`.`id_teater` = \'108\'
GROUP BY `r_show_schedule`.`id_schedule_show`')
 4 SYSTEMPATH\Database\BaseBuilder.php(1644): CodeIgniter\Database\BaseConnection->query('SELECT `r_show_schedule`.`id_schedule_show` AS `id_jadwal`, `m_show_schedule`.`tanggal`, `m_show_schedule`.`waktu_mulai`, `m_show_schedule`.`waktu_selesai`, MIN(m_seat_pricing.harga) AS harga, `m_penampilan`.`qrcode_bayar`
FROM `r_show_schedule`
JOIN `m_show_schedule` ON `r_show_schedule`.`id_schedule` = `m_show_schedule`.`id_schedule`
JOIN `m_teater` ON `m_show_schedule`.`id_teater` = `m_teater`.`id_teater`
LEFT JOIN `m_seat_pricing` ON `m_seat_pricing`.`id_penampilan` = `r_show_schedule`.`id_penampilan`
LEFT JOIN `m_penampilan` ON `r_show_schedule`.`id_penampilan` = `m_penampilan`.`id_penampilan`
WHERE `m_teater`.`id_teater` = :m_teater.id_teater:
GROUP BY `r_show_schedule`.`id_schedule_show`', [...], false)
 5 APPPATH\Controllers\Audiens.php(631): CodeIgniter\Database\BaseBuilder->get()
 6 SYSTEMPATH\CodeIgniter.php(933): App\Controllers\Audiens->showBookingPopup('penampilan', '108')
 7 SYSTEMPATH\CodeIgniter.php(509): CodeIgniter\CodeIgniter->runController(Object(App\Controllers\Audiens))
 8 SYSTEMPATH\CodeIgniter.php(355): CodeIgniter\CodeIgniter->handleRequest(null, Object(Config\Cache), false)
 9 SYSTEMPATH\Boot.php(325): CodeIgniter\CodeIgniter->run()
10 SYSTEMPATH\Boot.php(67): CodeIgniter\Boot::runCodeIgniter(Object(CodeIgniter\CodeIgniter))
11 FCPATH\index.php(59): CodeIgniter\Boot::bootWeb(Object(Config\Paths))
INFO - 2025-08-14 16:28:52 --> Session: Class initialized using 'CodeIgniter\Session\Handlers\FileHandler' driver.
INFO - 2025-08-14 16:28:52 --> Session: Class initialized using 'CodeIgniter\Session\Handlers\FileHandler' driver.
INFO - 2025-08-14 16:28:58 --> Session: Class initialized using 'CodeIgniter\Session\Handlers\FileHandler' driver.
INFO - 2025-08-14 16:28:58 --> Session: Class initialized using 'CodeIgniter\Session\Handlers\FileHandler' driver.
INFO - 2025-08-14 16:29:13 --> Session: Class initialized using 'CodeIgniter\Session\Handlers\FileHandler' driver.
WARNING - 2025-08-14 16:29:13 --> [DEPRECATED] number_format(): Passing null to parameter #1 ($num) of type float is deprecated in APPPATH\Views\templates\bodyAudisiMitra.php on line 66.
 1 APPPATH\Views\templates\bodyAudisiMitra.php(66): number_format(null, 0, ',', '.')
 2 SYSTEMPATH\View\View.php(234): include('C:\\xampp\\htdocs\\CodeIgniter4\\app\\Views\\templates\\bodyAudisiMitra.php')
 3 SYSTEMPATH\View\View.php(237): CodeIgniter\View\View->CodeIgniter\View\{closure}()
 4 SYSTEMPATH\Common.php(1171): CodeIgniter\View\View->render('templates/bodyAudisiMitra', [], true)
 5 APPPATH\Controllers\MitraTeater.php(1846): view('templates/bodyAudisiMitra', [...])
 6 SYSTEMPATH\CodeIgniter.php(933): App\Controllers\MitraTeater->audisi()
 7 SYSTEMPATH\CodeIgniter.php(509): CodeIgniter\CodeIgniter->runController(Object(App\Controllers\MitraTeater))
 8 SYSTEMPATH\CodeIgniter.php(355): CodeIgniter\CodeIgniter->handleRequest(null, Object(Config\Cache), false)
 9 SYSTEMPATH\Boot.php(325): CodeIgniter\CodeIgniter->run()
10 SYSTEMPATH\Boot.php(67): CodeIgniter\Boot::runCodeIgniter(Object(CodeIgniter\CodeIgniter))
11 FCPATH\index.php(59): CodeIgniter\Boot::bootWeb(Object(Config\Paths))
INFO - 2025-08-14 16:29:15 --> Session: Class initialized using 'CodeIgniter\Session\Handlers\FileHandler' driver.
INFO - 2025-08-14 16:29:15 --> Session: Class initialized using 'CodeIgniter\Session\Handlers\FileHandler' driver.
INFO - 2025-08-14 16:30:48 --> Session: Class initialized using 'CodeIgniter\Session\Handlers\FileHandler' driver.
INFO - 2025-08-14 16:30:49 --> Session: Class initialized using 'CodeIgniter\Session\Handlers\FileHandler' driver.
INFO - 2025-08-14 16:31:25 --> Session: Class initialized using 'CodeIgniter\Session\Handlers\FileHandler' driver.
INFO - 2025-08-14 16:31:25 --> Session: Class initialized using 'CodeIgniter\Session\Handlers\FileHandler' driver.
INFO - 2025-08-14 16:31:32 --> Session: Class initialized using 'CodeIgniter\Session\Handlers\FileHandler' driver.
INFO - 2025-08-14 16:37:32 --> Session: Class initialized using 'CodeIgniter\Session\Handlers\FileHandler' driver.
INFO - 2025-08-14 16:37:35 --> Session: Class initialized using 'CodeIgniter\Session\Handlers\FileHandler' driver.
INFO - 2025-08-14 16:37:40 --> Session: Class initialized using 'CodeIgniter\Session\Handlers\FileHandler' driver.
INFO - 2025-08-14 16:38:06 --> Session: Class initialized using 'CodeIgniter\Session\Handlers\FileHandler' driver.
INFO - 2025-08-14 16:38:06 --> Session: Class initialized using 'CodeIgniter\Session\Handlers\FileHandler' driver.
INFO - 2025-08-14 16:38:11 --> Session: Class initialized using 'CodeIgniter\Session\Handlers\FileHandler' driver.
INFO - 2025-08-14 16:38:12 --> Session: Class initialized using 'CodeIgniter\Session\Handlers\FileHandler' driver.
INFO - 2025-08-14 16:38:16 --> Session: Class initialized using 'CodeIgniter\Session\Handlers\FileHandler' driver.
INFO - 2025-08-14 16:38:20 --> Session: Class initialized using 'CodeIgniter\Session\Handlers\FileHandler' driver.
INFO - 2025-08-14 16:38:26 --> Session: Class initialized using 'CodeIgniter\Session\Handlers\FileHandler' driver.
ERROR - 2025-08-14 16:38:26 --> mysqli_sql_exception: Unknown column 'm_penampilan.qrcode_bayar' in 'field list' in C:\xampp\htdocs\CodeIgniter4\system\Database\MySQLi\Connection.php:312
Stack trace:
#0 C:\xampp\htdocs\CodeIgniter4\system\Database\MySQLi\Connection.php(312): mysqli->query('SELECT `r_show_...', 0)
#1 C:\xampp\htdocs\CodeIgniter4\system\Database\BaseConnection.php(734): CodeIgniter\Database\MySQLi\Connection->execute('SELECT `r_show_...')
#2 C:\xampp\htdocs\CodeIgniter4\system\Database\BaseConnection.php(648): CodeIgniter\Database\BaseConnection->simpleQuery('SELECT `r_show_...')
#3 C:\xampp\htdocs\CodeIgniter4\system\Database\BaseBuilder.php(1644): CodeIgniter\Database\BaseConnection->query('SELECT `r_show_...', Array, false)
#4 C:\xampp\htdocs\CodeIgniter4\app\Controllers\Audiens.php(630): CodeIgniter\Database\BaseBuilder->get()
#5 C:\xampp\htdocs\CodeIgniter4\system\CodeIgniter.php(933): App\Controllers\Audiens->showBookingPopup('penampilan', '109')
#6 C:\xampp\htdocs\CodeIgniter4\system\CodeIgniter.php(509): CodeIgniter\CodeIgniter->runController(Object(App\Controllers\Audiens))
#7 C:\xampp\htdocs\CodeIgniter4\system\CodeIgniter.php(355): CodeIgniter\CodeIgniter->handleRequest(NULL, Object(Config\Cache), false)
#8 C:\xampp\htdocs\CodeIgniter4\system\Boot.php(325): CodeIgniter\CodeIgniter->run()
#9 C:\xampp\htdocs\CodeIgniter4\system\Boot.php(67): CodeIgniter\Boot::runCodeIgniter(Object(CodeIgniter\CodeIgniter))
#10 C:\xampp\htdocs\CodeIgniter4\index.php(59): CodeIgniter\Boot::bootWeb(Object(Config\Paths))
#11 {main}
CRITICAL - 2025-08-14 16:38:26 --> CodeIgniter\Database\Exceptions\DatabaseException: Unknown column 'm_penampilan.qrcode_bayar' in 'field list'
[Method: GET, Route: Audiens/booking-popup/penampilan/109]
in SYSTEMPATH\Database\BaseConnection.php on line 688.
 1 SYSTEMPATH\Database\BaseBuilder.php(1644): CodeIgniter\Database\BaseConnection->query('SELECT `r_show_schedule`.`id_schedule_show` AS `id_jadwal`, `m_show_schedule`.`tanggal`, `m_show_schedule`.`waktu_mulai`, `m_show_schedule`.`waktu_selesai`, MIN(m_seat_pricing.harga) AS harga, `m_penampilan`.`qrcode_bayar`
FROM `r_show_schedule`
JOIN `m_show_schedule` ON `r_show_schedule`.`id_schedule` = `m_show_schedule`.`id_schedule`
JOIN `m_teater` ON `m_show_schedule`.`id_teater` = `m_teater`.`id_teater`
LEFT JOIN `m_seat_pricing` ON `m_seat_pricing`.`id_penampilan` = `m_penampilan`.`id_penampilan`
WHERE `m_teater`.`id_teater` = :m_teater.id_teater:
GROUP BY `r_show_schedule`.`id_schedule_show`', [...], false)
 2 APPPATH\Controllers\Audiens.php(630): CodeIgniter\Database\BaseBuilder->get()
 3 SYSTEMPATH\CodeIgniter.php(933): App\Controllers\Audiens->showBookingPopup('penampilan', '109')
 4 SYSTEMPATH\CodeIgniter.php(509): CodeIgniter\CodeIgniter->runController(Object(App\Controllers\Audiens))
 5 SYSTEMPATH\CodeIgniter.php(355): CodeIgniter\CodeIgniter->handleRequest(null, Object(Config\Cache), false)
 6 SYSTEMPATH\Boot.php(325): CodeIgniter\CodeIgniter->run()
 7 SYSTEMPATH\Boot.php(67): CodeIgniter\Boot::runCodeIgniter(Object(CodeIgniter\CodeIgniter))
 8 FCPATH\index.php(59): CodeIgniter\Boot::bootWeb(Object(Config\Paths))
CRITICAL - 2025-08-14 16:38:26 --> [Caused by] CodeIgniter\Database\Exceptions\DatabaseException: Unknown column 'm_penampilan.qrcode_bayar' in 'field list'
in SYSTEMPATH\Database\MySQLi\Connection.php on line 317.
 1 SYSTEMPATH\Database\BaseConnection.php(734): CodeIgniter\Database\MySQLi\Connection->execute('SELECT `r_show_schedule`.`id_schedule_show` AS `id_jadwal`, `m_show_schedule`.`tanggal`, `m_show_schedule`.`waktu_mulai`, `m_show_schedule`.`waktu_selesai`, MIN(m_seat_pricing.harga) AS harga, `m_penampilan`.`qrcode_bayar`
FROM `r_show_schedule`
JOIN `m_show_schedule` ON `r_show_schedule`.`id_schedule` = `m_show_schedule`.`id_schedule`
JOIN `m_teater` ON `m_show_schedule`.`id_teater` = `m_teater`.`id_teater`
LEFT JOIN `m_seat_pricing` ON `m_seat_pricing`.`id_penampilan` = `m_penampilan`.`id_penampilan`
WHERE `m_teater`.`id_teater` = \'109\'
GROUP BY `r_show_schedule`.`id_schedule_show`')
 2 SYSTEMPATH\Database\BaseConnection.php(648): CodeIgniter\Database\BaseConnection->simpleQuery('SELECT `r_show_schedule`.`id_schedule_show` AS `id_jadwal`, `m_show_schedule`.`tanggal`, `m_show_schedule`.`waktu_mulai`, `m_show_schedule`.`waktu_selesai`, MIN(m_seat_pricing.harga) AS harga, `m_penampilan`.`qrcode_bayar`
FROM `r_show_schedule`
JOIN `m_show_schedule` ON `r_show_schedule`.`id_schedule` = `m_show_schedule`.`id_schedule`
JOIN `m_teater` ON `m_show_schedule`.`id_teater` = `m_teater`.`id_teater`
LEFT JOIN `m_seat_pricing` ON `m_seat_pricing`.`id_penampilan` = `m_penampilan`.`id_penampilan`
WHERE `m_teater`.`id_teater` = \'109\'
GROUP BY `r_show_schedule`.`id_schedule_show`')
 3 SYSTEMPATH\Database\BaseBuilder.php(1644): CodeIgniter\Database\BaseConnection->query('SELECT `r_show_schedule`.`id_schedule_show` AS `id_jadwal`, `m_show_schedule`.`tanggal`, `m_show_schedule`.`waktu_mulai`, `m_show_schedule`.`waktu_selesai`, MIN(m_seat_pricing.harga) AS harga, `m_penampilan`.`qrcode_bayar`
FROM `r_show_schedule`
JOIN `m_show_schedule` ON `r_show_schedule`.`id_schedule` = `m_show_schedule`.`id_schedule`
JOIN `m_teater` ON `m_show_schedule`.`id_teater` = `m_teater`.`id_teater`
LEFT JOIN `m_seat_pricing` ON `m_seat_pricing`.`id_penampilan` = `m_penampilan`.`id_penampilan`
WHERE `m_teater`.`id_teater` = :m_teater.id_teater:
GROUP BY `r_show_schedule`.`id_schedule_show`', [...], false)
 4 APPPATH\Controllers\Audiens.php(630): CodeIgniter\Database\BaseBuilder->get()
 5 SYSTEMPATH\CodeIgniter.php(933): App\Controllers\Audiens->showBookingPopup('penampilan', '109')
 6 SYSTEMPATH\CodeIgniter.php(509): CodeIgniter\CodeIgniter->runController(Object(App\Controllers\Audiens))
 7 SYSTEMPATH\CodeIgniter.php(355): CodeIgniter\CodeIgniter->handleRequest(null, Object(Config\Cache), false)
 8 SYSTEMPATH\Boot.php(325): CodeIgniter\CodeIgniter->run()
 9 SYSTEMPATH\Boot.php(67): CodeIgniter\Boot::runCodeIgniter(Object(CodeIgniter\CodeIgniter))
10 FCPATH\index.php(59): CodeIgniter\Boot::bootWeb(Object(Config\Paths))
CRITICAL - 2025-08-14 16:38:26 --> [Caused by] mysqli_sql_exception: Unknown column 'm_penampilan.qrcode_bayar' in 'field list'
in SYSTEMPATH\Database\MySQLi\Connection.php on line 312.
 1 SYSTEMPATH\Database\MySQLi\Connection.php(312): mysqli->query('SELECT `r_show_schedule`.`id_schedule_show` AS `id_jadwal`, `m_show_schedule`.`tanggal`, `m_show_schedule`.`waktu_mulai`, `m_show_schedule`.`waktu_selesai`, MIN(m_seat_pricing.harga) AS harga, `m_penampilan`.`qrcode_bayar`
FROM `r_show_schedule`
JOIN `m_show_schedule` ON `r_show_schedule`.`id_schedule` = `m_show_schedule`.`id_schedule`
JOIN `m_teater` ON `m_show_schedule`.`id_teater` = `m_teater`.`id_teater`
LEFT JOIN `m_seat_pricing` ON `m_seat_pricing`.`id_penampilan` = `m_penampilan`.`id_penampilan`
WHERE `m_teater`.`id_teater` = \'109\'
GROUP BY `r_show_schedule`.`id_schedule_show`', 0)
 2 SYSTEMPATH\Database\BaseConnection.php(734): CodeIgniter\Database\MySQLi\Connection->execute('SELECT `r_show_schedule`.`id_schedule_show` AS `id_jadwal`, `m_show_schedule`.`tanggal`, `m_show_schedule`.`waktu_mulai`, `m_show_schedule`.`waktu_selesai`, MIN(m_seat_pricing.harga) AS harga, `m_penampilan`.`qrcode_bayar`
FROM `r_show_schedule`
JOIN `m_show_schedule` ON `r_show_schedule`.`id_schedule` = `m_show_schedule`.`id_schedule`
JOIN `m_teater` ON `m_show_schedule`.`id_teater` = `m_teater`.`id_teater`
LEFT JOIN `m_seat_pricing` ON `m_seat_pricing`.`id_penampilan` = `m_penampilan`.`id_penampilan`
WHERE `m_teater`.`id_teater` = \'109\'
GROUP BY `r_show_schedule`.`id_schedule_show`')
 3 SYSTEMPATH\Database\BaseConnection.php(648): CodeIgniter\Database\BaseConnection->simpleQuery('SELECT `r_show_schedule`.`id_schedule_show` AS `id_jadwal`, `m_show_schedule`.`tanggal`, `m_show_schedule`.`waktu_mulai`, `m_show_schedule`.`waktu_selesai`, MIN(m_seat_pricing.harga) AS harga, `m_penampilan`.`qrcode_bayar`
FROM `r_show_schedule`
JOIN `m_show_schedule` ON `r_show_schedule`.`id_schedule` = `m_show_schedule`.`id_schedule`
JOIN `m_teater` ON `m_show_schedule`.`id_teater` = `m_teater`.`id_teater`
LEFT JOIN `m_seat_pricing` ON `m_seat_pricing`.`id_penampilan` = `m_penampilan`.`id_penampilan`
WHERE `m_teater`.`id_teater` = \'109\'
GROUP BY `r_show_schedule`.`id_schedule_show`')
 4 SYSTEMPATH\Database\BaseBuilder.php(1644): CodeIgniter\Database\BaseConnection->query('SELECT `r_show_schedule`.`id_schedule_show` AS `id_jadwal`, `m_show_schedule`.`tanggal`, `m_show_schedule`.`waktu_mulai`, `m_show_schedule`.`waktu_selesai`, MIN(m_seat_pricing.harga) AS harga, `m_penampilan`.`qrcode_bayar`
FROM `r_show_schedule`
JOIN `m_show_schedule` ON `r_show_schedule`.`id_schedule` = `m_show_schedule`.`id_schedule`
JOIN `m_teater` ON `m_show_schedule`.`id_teater` = `m_teater`.`id_teater`
LEFT JOIN `m_seat_pricing` ON `m_seat_pricing`.`id_penampilan` = `m_penampilan`.`id_penampilan`
WHERE `m_teater`.`id_teater` = :m_teater.id_teater:
GROUP BY `r_show_schedule`.`id_schedule_show`', [...], false)
 5 APPPATH\Controllers\Audiens.php(630): CodeIgniter\Database\BaseBuilder->get()
 6 SYSTEMPATH\CodeIgniter.php(933): App\Controllers\Audiens->showBookingPopup('penampilan', '109')
 7 SYSTEMPATH\CodeIgniter.php(509): CodeIgniter\CodeIgniter->runController(Object(App\Controllers\Audiens))
 8 SYSTEMPATH\CodeIgniter.php(355): CodeIgniter\CodeIgniter->handleRequest(null, Object(Config\Cache), false)
 9 SYSTEMPATH\Boot.php(325): CodeIgniter\CodeIgniter->run()
10 SYSTEMPATH\Boot.php(67): CodeIgniter\Boot::runCodeIgniter(Object(CodeIgniter\CodeIgniter))
11 FCPATH\index.php(59): CodeIgniter\Boot::bootWeb(Object(Config\Paths))
