INFO - 2025-04-29 03:40:43 --> Session: Class initialized using 'CodeIgniter\Session\Handlers\FileHandler' driver.
CRITICAL - 2025-04-29 03:40:44 --> ErrorException: Undefined array key "nama"
[Method: GET, Route: Admin/listPenampilan]
in APPPATH\Views\templates\headerAdmin.php on line 88.
 1 APPPATH\Views\templates\headerAdmin.php(88): CodeIgniter\Debug\Exceptions->errorHandler(2, 'Undefined array key "nama"', 'C:\\xampp\\htdocs\\CodeIgniter4\\app\\Views\\templates\\headerAdmin.php', 88)
 2 SYSTEMPATH\View\View.php(234): include('C:\\xampp\\htdocs\\CodeIgniter4\\app\\Views\\templates\\headerAdmin.php')
 3 SYSTEMPATH\View\View.php(237): CodeIgniter\View\View->CodeIgniter\View\{closure}()
 4 SYSTEMPATH\Common.php(1171): CodeIgniter\View\View->render('templates/headerAdmin', [], true)
 5 APPPATH\Controllers\Admin.php(1332): view('templates/headerAdmin', [...])
 6 SYSTEMPATH\CodeIgniter.php(933): App\Controllers\Admin->penampilan()
 7 SYSTEMPATH\CodeIgniter.php(509): CodeIgniter\CodeIgniter->runController(Object(App\Controllers\Admin))
 8 SYSTEMPATH\CodeIgniter.php(355): CodeIgniter\CodeIgniter->handleRequest(null, Object(Config\Cache), false)
 9 SYSTEMPATH\Boot.php(325): CodeIgniter\CodeIgniter->run()
10 SYSTEMPATH\Boot.php(67): CodeIgniter\Boot::runCodeIgniter(Object(CodeIgniter\CodeIgniter))
11 FCPATH\index.php(59): CodeIgniter\Boot::bootWeb(Object(Config\Paths))
INFO - 2025-04-29 03:40:45 --> Session: Class initialized using 'CodeIgniter\Session\Handlers\FileHandler' driver.
CRITICAL - 2025-04-29 03:40:45 --> ErrorException: Undefined array key "nama"
[Method: GET, Route: Admin/homepage]
in APPPATH\Views\templates\headerAdmin.php on line 88.
 1 APPPATH\Views\templates\headerAdmin.php(88): CodeIgniter\Debug\Exceptions->errorHandler(2, 'Undefined array key "nama"', 'C:\\xampp\\htdocs\\CodeIgniter4\\app\\Views\\templates\\headerAdmin.php', 88)
 2 SYSTEMPATH\View\View.php(234): include('C:\\xampp\\htdocs\\CodeIgniter4\\app\\Views\\templates\\headerAdmin.php')
 3 SYSTEMPATH\View\View.php(237): CodeIgniter\View\View->CodeIgniter\View\{closure}()
 4 SYSTEMPATH\Common.php(1171): CodeIgniter\View\View->render('templates/headerAdmin', [], true)
 5 APPPATH\Controllers\Admin.php(87): view('templates/headerAdmin', [...])
 6 SYSTEMPATH\CodeIgniter.php(933): App\Controllers\Admin->homepageAfterLogin()
 7 SYSTEMPATH\CodeIgniter.php(509): CodeIgniter\CodeIgniter->runController(Object(App\Controllers\Admin))
 8 SYSTEMPATH\CodeIgniter.php(355): CodeIgniter\CodeIgniter->handleRequest(null, Object(Config\Cache), false)
 9 SYSTEMPATH\Boot.php(325): CodeIgniter\CodeIgniter->run()
10 SYSTEMPATH\Boot.php(67): CodeIgniter\Boot::runCodeIgniter(Object(CodeIgniter\CodeIgniter))
11 FCPATH\index.php(59): CodeIgniter\Boot::bootWeb(Object(Config\Paths))
INFO - 2025-04-29 03:40:47 --> Session: Class initialized using 'CodeIgniter\Session\Handlers\FileHandler' driver.
INFO - 2025-04-29 03:40:55 --> Session: Class initialized using 'CodeIgniter\Session\Handlers\FileHandler' driver.
INFO - 2025-04-29 03:41:31 --> Session: Class initialized using 'CodeIgniter\Session\Handlers\FileHandler' driver.
INFO - 2025-04-29 03:51:40 --> Session: Class initialized using 'CodeIgniter\Session\Handlers\FileHandler' driver.
