INFO - 2025-03-05 02:44:33 --> Session: Class initialized using 'CodeIgniter\Session\Handlers\FileHandler' driver.
INFO - 2025-03-05 06:40:10 --> Session: Class initialized using 'CodeIgniter\Session\Handlers\FileHandler' driver.
CRITICAL - 2025-03-05 06:40:11 --> ErrorException: Undefined array key "nama"
[Method: GET, Route: Admin/listPenampilan]
in APPPATH\Views\templates\headerAdmin.php on line 209.
 1 APPPATH\Views\templates\headerAdmin.php(209): CodeIgniter\Debug\Exceptions->errorHandler(2, 'Undefined array key "nama"', 'C:\\xampp\\htdocs\\CodeIgniter4\\app\\Views\\templates\\headerAdmin.php', 209)
 2 SYSTEMPATH\View\View.php(234): include('C:\\xampp\\htdocs\\CodeIgniter4\\app\\Views\\templates\\headerAdmin.php')
 3 SYSTEMPATH\View\View.php(237): CodeIgniter\View\View->CodeIgniter\View\{closure}()
 4 SYSTEMPATH\Common.php(1171): CodeIgniter\View\View->render('templates/headerAdmin', [], true)
 5 APPPATH\Controllers\Admin.php(446): view('templates/headerAdmin', [...])
 6 SYSTEMPATH\CodeIgniter.php(933): App\Controllers\Admin->penampilan()
 7 SYSTEMPATH\CodeIgniter.php(509): CodeIgniter\CodeIgniter->runController(Object(App\Controllers\Admin))
 8 SYSTEMPATH\CodeIgniter.php(355): CodeIgniter\CodeIgniter->handleRequest(null, Object(Config\Cache), false)
 9 SYSTEMPATH\Boot.php(325): CodeIgniter\CodeIgniter->run()
10 SYSTEMPATH\Boot.php(67): CodeIgniter\Boot::runCodeIgniter(Object(CodeIgniter\CodeIgniter))
11 FCPATH\index.php(59): CodeIgniter\Boot::bootWeb(Object(Config\Paths))
INFO - 2025-03-05 06:40:15 --> Session: Class initialized using 'CodeIgniter\Session\Handlers\FileHandler' driver.
CRITICAL - 2025-03-05 06:40:15 --> ErrorException: Undefined array key "nama"
[Method: GET, Route: Admin/homepage]
in APPPATH\Views\templates\headerAdmin.php on line 209.
 1 APPPATH\Views\templates\headerAdmin.php(209): CodeIgniter\Debug\Exceptions->errorHandler(2, 'Undefined array key "nama"', 'C:\\xampp\\htdocs\\CodeIgniter4\\app\\Views\\templates\\headerAdmin.php', 209)
 2 SYSTEMPATH\View\View.php(234): include('C:\\xampp\\htdocs\\CodeIgniter4\\app\\Views\\templates\\headerAdmin.php')
 3 SYSTEMPATH\View\View.php(237): CodeIgniter\View\View->CodeIgniter\View\{closure}()
 4 SYSTEMPATH\Common.php(1171): CodeIgniter\View\View->render('templates/headerAdmin', [], true)
 5 APPPATH\Controllers\Admin.php(55): view('templates/headerAdmin', [...])
 6 SYSTEMPATH\CodeIgniter.php(933): App\Controllers\Admin->homepageAfterLogin()
 7 SYSTEMPATH\CodeIgniter.php(509): CodeIgniter\CodeIgniter->runController(Object(App\Controllers\Admin))
 8 SYSTEMPATH\CodeIgniter.php(355): CodeIgniter\CodeIgniter->handleRequest(null, Object(Config\Cache), false)
 9 SYSTEMPATH\Boot.php(325): CodeIgniter\CodeIgniter->run()
10 SYSTEMPATH\Boot.php(67): CodeIgniter\Boot::runCodeIgniter(Object(CodeIgniter\CodeIgniter))
11 FCPATH\index.php(59): CodeIgniter\Boot::bootWeb(Object(Config\Paths))
INFO - 2025-03-05 06:40:16 --> Session: Class initialized using 'CodeIgniter\Session\Handlers\FileHandler' driver.
INFO - 2025-03-05 06:40:18 --> Session: Class initialized using 'CodeIgniter\Session\Handlers\FileHandler' driver.
INFO - 2025-03-05 06:40:21 --> Session: Class initialized using 'CodeIgniter\Session\Handlers\FileHandler' driver.
INFO - 2025-03-05 06:40:28 --> Session: Class initialized using 'CodeIgniter\Session\Handlers\FileHandler' driver.
INFO - 2025-03-05 06:40:28 --> Session: Class initialized using 'CodeIgniter\Session\Handlers\FileHandler' driver.
INFO - 2025-03-05 06:40:33 --> Session: Class initialized using 'CodeIgniter\Session\Handlers\FileHandler' driver.
INFO - 2025-03-05 06:40:35 --> Session: Class initialized using 'CodeIgniter\Session\Handlers\FileHandler' driver.
INFO - 2025-03-05 06:43:28 --> Session: Class initialized using 'CodeIgniter\Session\Handlers\FileHandler' driver.
INFO - 2025-03-05 06:43:30 --> Session: Class initialized using 'CodeIgniter\Session\Handlers\FileHandler' driver.
INFO - 2025-03-05 06:43:41 --> Session: Class initialized using 'CodeIgniter\Session\Handlers\FileHandler' driver.
ERROR - 2025-03-05 06:43:41 --> mysqli_sql_exception: Table 'db_teaterform.r_teater_mitra_sosmed' doesn't exist in C:\xampp\htdocs\CodeIgniter4\system\Database\MySQLi\Connection.php:312
Stack trace:
#0 C:\xampp\htdocs\CodeIgniter4\system\Database\MySQLi\Connection.php(312): mysqli->query('SELECT `r_mitra...', 0)
#1 C:\xampp\htdocs\CodeIgniter4\system\Database\BaseConnection.php(734): CodeIgniter\Database\MySQLi\Connection->execute('SELECT `r_mitra...')
#2 C:\xampp\htdocs\CodeIgniter4\system\Database\BaseConnection.php(648): CodeIgniter\Database\BaseConnection->simpleQuery('SELECT `r_mitra...')
#3 C:\xampp\htdocs\CodeIgniter4\system\Database\BaseBuilder.php(1644): CodeIgniter\Database\BaseConnection->query('SELECT `r_mitra...', Array, false)
#4 C:\xampp\htdocs\CodeIgniter4\system\Model.php(286): CodeIgniter\Database\BaseBuilder->get()
#5 C:\xampp\htdocs\CodeIgniter4\system\BaseModel.php(676): CodeIgniter\Model->doFindAll(0, 0)
#6 C:\xampp\htdocs\CodeIgniter4\app\Controllers\Admin.php(351): CodeIgniter\BaseModel->findAll()
#7 C:\xampp\htdocs\CodeIgniter4\system\CodeIgniter.php(933): App\Controllers\Admin->getMitraSosmed('5')
#8 C:\xampp\htdocs\CodeIgniter4\system\CodeIgniter.php(509): CodeIgniter\CodeIgniter->runController(Object(App\Controllers\Admin))
#9 C:\xampp\htdocs\CodeIgniter4\system\CodeIgniter.php(355): CodeIgniter\CodeIgniter->handleRequest(NULL, Object(Config\Cache), false)
#10 C:\xampp\htdocs\CodeIgniter4\system\Boot.php(325): CodeIgniter\CodeIgniter->run()
#11 C:\xampp\htdocs\CodeIgniter4\system\Boot.php(67): CodeIgniter\Boot::runCodeIgniter(Object(CodeIgniter\CodeIgniter))
#12 C:\xampp\htdocs\CodeIgniter4\public\index.php(59): CodeIgniter\Boot::bootWeb(Object(Config\Paths))
#13 {main}
CRITICAL - 2025-03-05 06:43:41 --> CodeIgniter\Database\Exceptions\DatabaseException: Table 'db_teaterform.r_teater_mitra_sosmed' doesn't exist
[Method: GET, Route: teater/getMitraSosmed/5]
in SYSTEMPATH\Database\BaseConnection.php on line 688.
 1 SYSTEMPATH\Database\BaseBuilder.php(1644): CodeIgniter\Database\BaseConnection->query('SELECT `r_mitra_sosmed`.`id_platform_sosmed`, `r_teater_mitra_sosmed`.`platform_name`, `r_mitra_sosmed`.`acc_mitra`
FROM `r_mitra_sosmed`
LEFT JOIN `r_teater_mitra_sosmed` ON `r_teater_mitra_sosmed`.`id_platform_sosmed` = `r_mitra_sosmed`.`id_platform_sosmed`
WHERE `r_mitra_sosmed`.`id_mitra` = :r_mitra_sosmed.id_mitra:', [...], false)
 2 SYSTEMPATH\Model.php(286): CodeIgniter\Database\BaseBuilder->get()
 3 SYSTEMPATH\BaseModel.php(676): CodeIgniter\Model->doFindAll(0, 0)
 4 APPPATH\Controllers\Admin.php(351): CodeIgniter\BaseModel->findAll()
 5 SYSTEMPATH\CodeIgniter.php(933): App\Controllers\Admin->getMitraSosmed('5')
 6 SYSTEMPATH\CodeIgniter.php(509): CodeIgniter\CodeIgniter->runController(Object(App\Controllers\Admin))
 7 SYSTEMPATH\CodeIgniter.php(355): CodeIgniter\CodeIgniter->handleRequest(null, Object(Config\Cache), false)
 8 SYSTEMPATH\Boot.php(325): CodeIgniter\CodeIgniter->run()
 9 SYSTEMPATH\Boot.php(67): CodeIgniter\Boot::runCodeIgniter(Object(CodeIgniter\CodeIgniter))
10 FCPATH\index.php(59): CodeIgniter\Boot::bootWeb(Object(Config\Paths))
CRITICAL - 2025-03-05 06:43:41 --> [Caused by] CodeIgniter\Database\Exceptions\DatabaseException: Table 'db_teaterform.r_teater_mitra_sosmed' doesn't exist
in SYSTEMPATH\Database\MySQLi\Connection.php on line 317.
 1 SYSTEMPATH\Database\BaseConnection.php(734): CodeIgniter\Database\MySQLi\Connection->execute('SELECT `r_mitra_sosmed`.`id_platform_sosmed`, `r_teater_mitra_sosmed`.`platform_name`, `r_mitra_sosmed`.`acc_mitra`
FROM `r_mitra_sosmed`
LEFT JOIN `r_teater_mitra_sosmed` ON `r_teater_mitra_sosmed`.`id_platform_sosmed` = `r_mitra_sosmed`.`id_platform_sosmed`
WHERE `r_mitra_sosmed`.`id_mitra` = \'5\'')
 2 SYSTEMPATH\Database\BaseConnection.php(648): CodeIgniter\Database\BaseConnection->simpleQuery('SELECT `r_mitra_sosmed`.`id_platform_sosmed`, `r_teater_mitra_sosmed`.`platform_name`, `r_mitra_sosmed`.`acc_mitra`
FROM `r_mitra_sosmed`
LEFT JOIN `r_teater_mitra_sosmed` ON `r_teater_mitra_sosmed`.`id_platform_sosmed` = `r_mitra_sosmed`.`id_platform_sosmed`
WHERE `r_mitra_sosmed`.`id_mitra` = \'5\'')
 3 SYSTEMPATH\Database\BaseBuilder.php(1644): CodeIgniter\Database\BaseConnection->query('SELECT `r_mitra_sosmed`.`id_platform_sosmed`, `r_teater_mitra_sosmed`.`platform_name`, `r_mitra_sosmed`.`acc_mitra`
FROM `r_mitra_sosmed`
LEFT JOIN `r_teater_mitra_sosmed` ON `r_teater_mitra_sosmed`.`id_platform_sosmed` = `r_mitra_sosmed`.`id_platform_sosmed`
WHERE `r_mitra_sosmed`.`id_mitra` = :r_mitra_sosmed.id_mitra:', [...], false)
 4 SYSTEMPATH\Model.php(286): CodeIgniter\Database\BaseBuilder->get()
 5 SYSTEMPATH\BaseModel.php(676): CodeIgniter\Model->doFindAll(0, 0)
 6 APPPATH\Controllers\Admin.php(351): CodeIgniter\BaseModel->findAll()
 7 SYSTEMPATH\CodeIgniter.php(933): App\Controllers\Admin->getMitraSosmed('5')
 8 SYSTEMPATH\CodeIgniter.php(509): CodeIgniter\CodeIgniter->runController(Object(App\Controllers\Admin))
 9 SYSTEMPATH\CodeIgniter.php(355): CodeIgniter\CodeIgniter->handleRequest(null, Object(Config\Cache), false)
10 SYSTEMPATH\Boot.php(325): CodeIgniter\CodeIgniter->run()
11 SYSTEMPATH\Boot.php(67): CodeIgniter\Boot::runCodeIgniter(Object(CodeIgniter\CodeIgniter))
12 FCPATH\index.php(59): CodeIgniter\Boot::bootWeb(Object(Config\Paths))
CRITICAL - 2025-03-05 06:43:41 --> [Caused by] mysqli_sql_exception: Table 'db_teaterform.r_teater_mitra_sosmed' doesn't exist
in SYSTEMPATH\Database\MySQLi\Connection.php on line 312.
 1 SYSTEMPATH\Database\MySQLi\Connection.php(312): mysqli->query('SELECT `r_mitra_sosmed`.`id_platform_sosmed`, `r_teater_mitra_sosmed`.`platform_name`, `r_mitra_sosmed`.`acc_mitra`
FROM `r_mitra_sosmed`
LEFT JOIN `r_teater_mitra_sosmed` ON `r_teater_mitra_sosmed`.`id_platform_sosmed` = `r_mitra_sosmed`.`id_platform_sosmed`
WHERE `r_mitra_sosmed`.`id_mitra` = \'5\'', 0)
 2 SYSTEMPATH\Database\BaseConnection.php(734): CodeIgniter\Database\MySQLi\Connection->execute('SELECT `r_mitra_sosmed`.`id_platform_sosmed`, `r_teater_mitra_sosmed`.`platform_name`, `r_mitra_sosmed`.`acc_mitra`
FROM `r_mitra_sosmed`
LEFT JOIN `r_teater_mitra_sosmed` ON `r_teater_mitra_sosmed`.`id_platform_sosmed` = `r_mitra_sosmed`.`id_platform_sosmed`
WHERE `r_mitra_sosmed`.`id_mitra` = \'5\'')
 3 SYSTEMPATH\Database\BaseConnection.php(648): CodeIgniter\Database\BaseConnection->simpleQuery('SELECT `r_mitra_sosmed`.`id_platform_sosmed`, `r_teater_mitra_sosmed`.`platform_name`, `r_mitra_sosmed`.`acc_mitra`
FROM `r_mitra_sosmed`
LEFT JOIN `r_teater_mitra_sosmed` ON `r_teater_mitra_sosmed`.`id_platform_sosmed` = `r_mitra_sosmed`.`id_platform_sosmed`
WHERE `r_mitra_sosmed`.`id_mitra` = \'5\'')
 4 SYSTEMPATH\Database\BaseBuilder.php(1644): CodeIgniter\Database\BaseConnection->query('SELECT `r_mitra_sosmed`.`id_platform_sosmed`, `r_teater_mitra_sosmed`.`platform_name`, `r_mitra_sosmed`.`acc_mitra`
FROM `r_mitra_sosmed`
LEFT JOIN `r_teater_mitra_sosmed` ON `r_teater_mitra_sosmed`.`id_platform_sosmed` = `r_mitra_sosmed`.`id_platform_sosmed`
WHERE `r_mitra_sosmed`.`id_mitra` = :r_mitra_sosmed.id_mitra:', [...], false)
 5 SYSTEMPATH\Model.php(286): CodeIgniter\Database\BaseBuilder->get()
 6 SYSTEMPATH\BaseModel.php(676): CodeIgniter\Model->doFindAll(0, 0)
 7 APPPATH\Controllers\Admin.php(351): CodeIgniter\BaseModel->findAll()
 8 SYSTEMPATH\CodeIgniter.php(933): App\Controllers\Admin->getMitraSosmed('5')
 9 SYSTEMPATH\CodeIgniter.php(509): CodeIgniter\CodeIgniter->runController(Object(App\Controllers\Admin))
10 SYSTEMPATH\CodeIgniter.php(355): CodeIgniter\CodeIgniter->handleRequest(null, Object(Config\Cache), false)
11 SYSTEMPATH\Boot.php(325): CodeIgniter\CodeIgniter->run()
12 SYSTEMPATH\Boot.php(67): CodeIgniter\Boot::runCodeIgniter(Object(CodeIgniter\CodeIgniter))
13 FCPATH\index.php(59): CodeIgniter\Boot::bootWeb(Object(Config\Paths))
INFO - 2025-03-05 06:44:04 --> Session: Class initialized using 'CodeIgniter\Session\Handlers\FileHandler' driver.
ERROR - 2025-03-05 06:44:04 --> mysqli_sql_exception: Table 'db_teaterform.r_teater_mitra_sosmed' doesn't exist in C:\xampp\htdocs\CodeIgniter4\system\Database\MySQLi\Connection.php:312
Stack trace:
#0 C:\xampp\htdocs\CodeIgniter4\system\Database\MySQLi\Connection.php(312): mysqli->query('SELECT `r_mitra...', 0)
#1 C:\xampp\htdocs\CodeIgniter4\system\Database\BaseConnection.php(734): CodeIgniter\Database\MySQLi\Connection->execute('SELECT `r_mitra...')
#2 C:\xampp\htdocs\CodeIgniter4\system\Database\BaseConnection.php(648): CodeIgniter\Database\BaseConnection->simpleQuery('SELECT `r_mitra...')
#3 C:\xampp\htdocs\CodeIgniter4\system\Database\BaseBuilder.php(1644): CodeIgniter\Database\BaseConnection->query('SELECT `r_mitra...', Array, false)
#4 C:\xampp\htdocs\CodeIgniter4\system\Model.php(286): CodeIgniter\Database\BaseBuilder->get()
#5 C:\xampp\htdocs\CodeIgniter4\system\BaseModel.php(676): CodeIgniter\Model->doFindAll(0, 0)
#6 C:\xampp\htdocs\CodeIgniter4\app\Controllers\Admin.php(351): CodeIgniter\BaseModel->findAll()
#7 C:\xampp\htdocs\CodeIgniter4\system\CodeIgniter.php(933): App\Controllers\Admin->getMitraSosmed('5')
#8 C:\xampp\htdocs\CodeIgniter4\system\CodeIgniter.php(509): CodeIgniter\CodeIgniter->runController(Object(App\Controllers\Admin))
#9 C:\xampp\htdocs\CodeIgniter4\system\CodeIgniter.php(355): CodeIgniter\CodeIgniter->handleRequest(NULL, Object(Config\Cache), false)
#10 C:\xampp\htdocs\CodeIgniter4\system\Boot.php(325): CodeIgniter\CodeIgniter->run()
#11 C:\xampp\htdocs\CodeIgniter4\system\Boot.php(67): CodeIgniter\Boot::runCodeIgniter(Object(CodeIgniter\CodeIgniter))
#12 C:\xampp\htdocs\CodeIgniter4\public\index.php(59): CodeIgniter\Boot::bootWeb(Object(Config\Paths))
#13 {main}
CRITICAL - 2025-03-05 06:44:04 --> CodeIgniter\Database\Exceptions\DatabaseException: Table 'db_teaterform.r_teater_mitra_sosmed' doesn't exist
[Method: GET, Route: teater/getMitraSosmed/5]
in SYSTEMPATH\Database\BaseConnection.php on line 688.
 1 SYSTEMPATH\Database\BaseBuilder.php(1644): CodeIgniter\Database\BaseConnection->query('SELECT `r_mitra_sosmed`.`id_platform_sosmed`, `r_teater_mitra_sosmed`.`platform_name`, `r_mitra_sosmed`.`acc_mitra`
FROM `r_mitra_sosmed`
LEFT JOIN `r_teater_mitra_sosmed` ON `r_teater_mitra_sosmed`.`id_platform_sosmed` = `r_mitra_sosmed`.`id_platform_sosmed`
WHERE `r_mitra_sosmed`.`id_mitra` = :r_mitra_sosmed.id_mitra:', [...], false)
 2 SYSTEMPATH\Model.php(286): CodeIgniter\Database\BaseBuilder->get()
 3 SYSTEMPATH\BaseModel.php(676): CodeIgniter\Model->doFindAll(0, 0)
 4 APPPATH\Controllers\Admin.php(351): CodeIgniter\BaseModel->findAll()
 5 SYSTEMPATH\CodeIgniter.php(933): App\Controllers\Admin->getMitraSosmed('5')
 6 SYSTEMPATH\CodeIgniter.php(509): CodeIgniter\CodeIgniter->runController(Object(App\Controllers\Admin))
 7 SYSTEMPATH\CodeIgniter.php(355): CodeIgniter\CodeIgniter->handleRequest(null, Object(Config\Cache), false)
 8 SYSTEMPATH\Boot.php(325): CodeIgniter\CodeIgniter->run()
 9 SYSTEMPATH\Boot.php(67): CodeIgniter\Boot::runCodeIgniter(Object(CodeIgniter\CodeIgniter))
10 FCPATH\index.php(59): CodeIgniter\Boot::bootWeb(Object(Config\Paths))
CRITICAL - 2025-03-05 06:44:04 --> [Caused by] CodeIgniter\Database\Exceptions\DatabaseException: Table 'db_teaterform.r_teater_mitra_sosmed' doesn't exist
in SYSTEMPATH\Database\MySQLi\Connection.php on line 317.
 1 SYSTEMPATH\Database\BaseConnection.php(734): CodeIgniter\Database\MySQLi\Connection->execute('SELECT `r_mitra_sosmed`.`id_platform_sosmed`, `r_teater_mitra_sosmed`.`platform_name`, `r_mitra_sosmed`.`acc_mitra`
FROM `r_mitra_sosmed`
LEFT JOIN `r_teater_mitra_sosmed` ON `r_teater_mitra_sosmed`.`id_platform_sosmed` = `r_mitra_sosmed`.`id_platform_sosmed`
WHERE `r_mitra_sosmed`.`id_mitra` = \'5\'')
 2 SYSTEMPATH\Database\BaseConnection.php(648): CodeIgniter\Database\BaseConnection->simpleQuery('SELECT `r_mitra_sosmed`.`id_platform_sosmed`, `r_teater_mitra_sosmed`.`platform_name`, `r_mitra_sosmed`.`acc_mitra`
FROM `r_mitra_sosmed`
LEFT JOIN `r_teater_mitra_sosmed` ON `r_teater_mitra_sosmed`.`id_platform_sosmed` = `r_mitra_sosmed`.`id_platform_sosmed`
WHERE `r_mitra_sosmed`.`id_mitra` = \'5\'')
 3 SYSTEMPATH\Database\BaseBuilder.php(1644): CodeIgniter\Database\BaseConnection->query('SELECT `r_mitra_sosmed`.`id_platform_sosmed`, `r_teater_mitra_sosmed`.`platform_name`, `r_mitra_sosmed`.`acc_mitra`
FROM `r_mitra_sosmed`
LEFT JOIN `r_teater_mitra_sosmed` ON `r_teater_mitra_sosmed`.`id_platform_sosmed` = `r_mitra_sosmed`.`id_platform_sosmed`
WHERE `r_mitra_sosmed`.`id_mitra` = :r_mitra_sosmed.id_mitra:', [...], false)
 4 SYSTEMPATH\Model.php(286): CodeIgniter\Database\BaseBuilder->get()
 5 SYSTEMPATH\BaseModel.php(676): CodeIgniter\Model->doFindAll(0, 0)
 6 APPPATH\Controllers\Admin.php(351): CodeIgniter\BaseModel->findAll()
 7 SYSTEMPATH\CodeIgniter.php(933): App\Controllers\Admin->getMitraSosmed('5')
 8 SYSTEMPATH\CodeIgniter.php(509): CodeIgniter\CodeIgniter->runController(Object(App\Controllers\Admin))
 9 SYSTEMPATH\CodeIgniter.php(355): CodeIgniter\CodeIgniter->handleRequest(null, Object(Config\Cache), false)
10 SYSTEMPATH\Boot.php(325): CodeIgniter\CodeIgniter->run()
11 SYSTEMPATH\Boot.php(67): CodeIgniter\Boot::runCodeIgniter(Object(CodeIgniter\CodeIgniter))
12 FCPATH\index.php(59): CodeIgniter\Boot::bootWeb(Object(Config\Paths))
CRITICAL - 2025-03-05 06:44:04 --> [Caused by] mysqli_sql_exception: Table 'db_teaterform.r_teater_mitra_sosmed' doesn't exist
in SYSTEMPATH\Database\MySQLi\Connection.php on line 312.
 1 SYSTEMPATH\Database\MySQLi\Connection.php(312): mysqli->query('SELECT `r_mitra_sosmed`.`id_platform_sosmed`, `r_teater_mitra_sosmed`.`platform_name`, `r_mitra_sosmed`.`acc_mitra`
FROM `r_mitra_sosmed`
LEFT JOIN `r_teater_mitra_sosmed` ON `r_teater_mitra_sosmed`.`id_platform_sosmed` = `r_mitra_sosmed`.`id_platform_sosmed`
WHERE `r_mitra_sosmed`.`id_mitra` = \'5\'', 0)
 2 SYSTEMPATH\Database\BaseConnection.php(734): CodeIgniter\Database\MySQLi\Connection->execute('SELECT `r_mitra_sosmed`.`id_platform_sosmed`, `r_teater_mitra_sosmed`.`platform_name`, `r_mitra_sosmed`.`acc_mitra`
FROM `r_mitra_sosmed`
LEFT JOIN `r_teater_mitra_sosmed` ON `r_teater_mitra_sosmed`.`id_platform_sosmed` = `r_mitra_sosmed`.`id_platform_sosmed`
WHERE `r_mitra_sosmed`.`id_mitra` = \'5\'')
 3 SYSTEMPATH\Database\BaseConnection.php(648): CodeIgniter\Database\BaseConnection->simpleQuery('SELECT `r_mitra_sosmed`.`id_platform_sosmed`, `r_teater_mitra_sosmed`.`platform_name`, `r_mitra_sosmed`.`acc_mitra`
FROM `r_mitra_sosmed`
LEFT JOIN `r_teater_mitra_sosmed` ON `r_teater_mitra_sosmed`.`id_platform_sosmed` = `r_mitra_sosmed`.`id_platform_sosmed`
WHERE `r_mitra_sosmed`.`id_mitra` = \'5\'')
 4 SYSTEMPATH\Database\BaseBuilder.php(1644): CodeIgniter\Database\BaseConnection->query('SELECT `r_mitra_sosmed`.`id_platform_sosmed`, `r_teater_mitra_sosmed`.`platform_name`, `r_mitra_sosmed`.`acc_mitra`
FROM `r_mitra_sosmed`
LEFT JOIN `r_teater_mitra_sosmed` ON `r_teater_mitra_sosmed`.`id_platform_sosmed` = `r_mitra_sosmed`.`id_platform_sosmed`
WHERE `r_mitra_sosmed`.`id_mitra` = :r_mitra_sosmed.id_mitra:', [...], false)
 5 SYSTEMPATH\Model.php(286): CodeIgniter\Database\BaseBuilder->get()
 6 SYSTEMPATH\BaseModel.php(676): CodeIgniter\Model->doFindAll(0, 0)
 7 APPPATH\Controllers\Admin.php(351): CodeIgniter\BaseModel->findAll()
 8 SYSTEMPATH\CodeIgniter.php(933): App\Controllers\Admin->getMitraSosmed('5')
 9 SYSTEMPATH\CodeIgniter.php(509): CodeIgniter\CodeIgniter->runController(Object(App\Controllers\Admin))
10 SYSTEMPATH\CodeIgniter.php(355): CodeIgniter\CodeIgniter->handleRequest(null, Object(Config\Cache), false)
11 SYSTEMPATH\Boot.php(325): CodeIgniter\CodeIgniter->run()
12 SYSTEMPATH\Boot.php(67): CodeIgniter\Boot::runCodeIgniter(Object(CodeIgniter\CodeIgniter))
13 FCPATH\index.php(59): CodeIgniter\Boot::bootWeb(Object(Config\Paths))
INFO - 2025-03-05 06:44:38 --> Session: Class initialized using 'CodeIgniter\Session\Handlers\FileHandler' driver.
ERROR - 2025-03-05 06:44:38 --> mysqli_sql_exception: Table 'db_teaterform.r_teater_mitra_sosmed' doesn't exist in C:\xampp\htdocs\CodeIgniter4\system\Database\MySQLi\Connection.php:312
Stack trace:
#0 C:\xampp\htdocs\CodeIgniter4\system\Database\MySQLi\Connection.php(312): mysqli->query('SELECT `r_mitra...', 0)
#1 C:\xampp\htdocs\CodeIgniter4\system\Database\BaseConnection.php(734): CodeIgniter\Database\MySQLi\Connection->execute('SELECT `r_mitra...')
#2 C:\xampp\htdocs\CodeIgniter4\system\Database\BaseConnection.php(648): CodeIgniter\Database\BaseConnection->simpleQuery('SELECT `r_mitra...')
#3 C:\xampp\htdocs\CodeIgniter4\system\Database\BaseBuilder.php(1644): CodeIgniter\Database\BaseConnection->query('SELECT `r_mitra...', Array, false)
#4 C:\xampp\htdocs\CodeIgniter4\system\Model.php(286): CodeIgniter\Database\BaseBuilder->get()
#5 C:\xampp\htdocs\CodeIgniter4\system\BaseModel.php(676): CodeIgniter\Model->doFindAll(0, 0)
#6 C:\xampp\htdocs\CodeIgniter4\app\Controllers\Admin.php(351): CodeIgniter\BaseModel->findAll()
#7 C:\xampp\htdocs\CodeIgniter4\system\CodeIgniter.php(933): App\Controllers\Admin->getMitraSosmed('5')
#8 C:\xampp\htdocs\CodeIgniter4\system\CodeIgniter.php(509): CodeIgniter\CodeIgniter->runController(Object(App\Controllers\Admin))
#9 C:\xampp\htdocs\CodeIgniter4\system\CodeIgniter.php(355): CodeIgniter\CodeIgniter->handleRequest(NULL, Object(Config\Cache), false)
#10 C:\xampp\htdocs\CodeIgniter4\system\Boot.php(325): CodeIgniter\CodeIgniter->run()
#11 C:\xampp\htdocs\CodeIgniter4\system\Boot.php(67): CodeIgniter\Boot::runCodeIgniter(Object(CodeIgniter\CodeIgniter))
#12 C:\xampp\htdocs\CodeIgniter4\public\index.php(59): CodeIgniter\Boot::bootWeb(Object(Config\Paths))
#13 {main}
CRITICAL - 2025-03-05 06:44:38 --> CodeIgniter\Database\Exceptions\DatabaseException: Table 'db_teaterform.r_teater_mitra_sosmed' doesn't exist
[Method: GET, Route: teater/getMitraSosmed/5]
in SYSTEMPATH\Database\BaseConnection.php on line 688.
 1 SYSTEMPATH\Database\BaseBuilder.php(1644): CodeIgniter\Database\BaseConnection->query('SELECT `r_mitra_sosmed`.`id_platform_sosmed`, `r_teater_mitra_sosmed`.`platform_name`, `r_mitra_sosmed`.`acc_mitra`
FROM `r_mitra_sosmed`
LEFT JOIN `r_teater_mitra_sosmed` ON `r_teater_mitra_sosmed`.`id_platform_sosmed` = `r_mitra_sosmed`.`id_platform_sosmed`
WHERE `r_mitra_sosmed`.`id_mitra` = :r_mitra_sosmed.id_mitra:', [...], false)
 2 SYSTEMPATH\Model.php(286): CodeIgniter\Database\BaseBuilder->get()
 3 SYSTEMPATH\BaseModel.php(676): CodeIgniter\Model->doFindAll(0, 0)
 4 APPPATH\Controllers\Admin.php(351): CodeIgniter\BaseModel->findAll()
 5 SYSTEMPATH\CodeIgniter.php(933): App\Controllers\Admin->getMitraSosmed('5')
 6 SYSTEMPATH\CodeIgniter.php(509): CodeIgniter\CodeIgniter->runController(Object(App\Controllers\Admin))
 7 SYSTEMPATH\CodeIgniter.php(355): CodeIgniter\CodeIgniter->handleRequest(null, Object(Config\Cache), false)
 8 SYSTEMPATH\Boot.php(325): CodeIgniter\CodeIgniter->run()
 9 SYSTEMPATH\Boot.php(67): CodeIgniter\Boot::runCodeIgniter(Object(CodeIgniter\CodeIgniter))
10 FCPATH\index.php(59): CodeIgniter\Boot::bootWeb(Object(Config\Paths))
CRITICAL - 2025-03-05 06:44:38 --> [Caused by] CodeIgniter\Database\Exceptions\DatabaseException: Table 'db_teaterform.r_teater_mitra_sosmed' doesn't exist
in SYSTEMPATH\Database\MySQLi\Connection.php on line 317.
 1 SYSTEMPATH\Database\BaseConnection.php(734): CodeIgniter\Database\MySQLi\Connection->execute('SELECT `r_mitra_sosmed`.`id_platform_sosmed`, `r_teater_mitra_sosmed`.`platform_name`, `r_mitra_sosmed`.`acc_mitra`
FROM `r_mitra_sosmed`
LEFT JOIN `r_teater_mitra_sosmed` ON `r_teater_mitra_sosmed`.`id_platform_sosmed` = `r_mitra_sosmed`.`id_platform_sosmed`
WHERE `r_mitra_sosmed`.`id_mitra` = \'5\'')
 2 SYSTEMPATH\Database\BaseConnection.php(648): CodeIgniter\Database\BaseConnection->simpleQuery('SELECT `r_mitra_sosmed`.`id_platform_sosmed`, `r_teater_mitra_sosmed`.`platform_name`, `r_mitra_sosmed`.`acc_mitra`
FROM `r_mitra_sosmed`
LEFT JOIN `r_teater_mitra_sosmed` ON `r_teater_mitra_sosmed`.`id_platform_sosmed` = `r_mitra_sosmed`.`id_platform_sosmed`
WHERE `r_mitra_sosmed`.`id_mitra` = \'5\'')
 3 SYSTEMPATH\Database\BaseBuilder.php(1644): CodeIgniter\Database\BaseConnection->query('SELECT `r_mitra_sosmed`.`id_platform_sosmed`, `r_teater_mitra_sosmed`.`platform_name`, `r_mitra_sosmed`.`acc_mitra`
FROM `r_mitra_sosmed`
LEFT JOIN `r_teater_mitra_sosmed` ON `r_teater_mitra_sosmed`.`id_platform_sosmed` = `r_mitra_sosmed`.`id_platform_sosmed`
WHERE `r_mitra_sosmed`.`id_mitra` = :r_mitra_sosmed.id_mitra:', [...], false)
 4 SYSTEMPATH\Model.php(286): CodeIgniter\Database\BaseBuilder->get()
 5 SYSTEMPATH\BaseModel.php(676): CodeIgniter\Model->doFindAll(0, 0)
 6 APPPATH\Controllers\Admin.php(351): CodeIgniter\BaseModel->findAll()
 7 SYSTEMPATH\CodeIgniter.php(933): App\Controllers\Admin->getMitraSosmed('5')
 8 SYSTEMPATH\CodeIgniter.php(509): CodeIgniter\CodeIgniter->runController(Object(App\Controllers\Admin))
 9 SYSTEMPATH\CodeIgniter.php(355): CodeIgniter\CodeIgniter->handleRequest(null, Object(Config\Cache), false)
10 SYSTEMPATH\Boot.php(325): CodeIgniter\CodeIgniter->run()
11 SYSTEMPATH\Boot.php(67): CodeIgniter\Boot::runCodeIgniter(Object(CodeIgniter\CodeIgniter))
12 FCPATH\index.php(59): CodeIgniter\Boot::bootWeb(Object(Config\Paths))
CRITICAL - 2025-03-05 06:44:38 --> [Caused by] mysqli_sql_exception: Table 'db_teaterform.r_teater_mitra_sosmed' doesn't exist
in SYSTEMPATH\Database\MySQLi\Connection.php on line 312.
 1 SYSTEMPATH\Database\MySQLi\Connection.php(312): mysqli->query('SELECT `r_mitra_sosmed`.`id_platform_sosmed`, `r_teater_mitra_sosmed`.`platform_name`, `r_mitra_sosmed`.`acc_mitra`
FROM `r_mitra_sosmed`
LEFT JOIN `r_teater_mitra_sosmed` ON `r_teater_mitra_sosmed`.`id_platform_sosmed` = `r_mitra_sosmed`.`id_platform_sosmed`
WHERE `r_mitra_sosmed`.`id_mitra` = \'5\'', 0)
 2 SYSTEMPATH\Database\BaseConnection.php(734): CodeIgniter\Database\MySQLi\Connection->execute('SELECT `r_mitra_sosmed`.`id_platform_sosmed`, `r_teater_mitra_sosmed`.`platform_name`, `r_mitra_sosmed`.`acc_mitra`
FROM `r_mitra_sosmed`
LEFT JOIN `r_teater_mitra_sosmed` ON `r_teater_mitra_sosmed`.`id_platform_sosmed` = `r_mitra_sosmed`.`id_platform_sosmed`
WHERE `r_mitra_sosmed`.`id_mitra` = \'5\'')
 3 SYSTEMPATH\Database\BaseConnection.php(648): CodeIgniter\Database\BaseConnection->simpleQuery('SELECT `r_mitra_sosmed`.`id_platform_sosmed`, `r_teater_mitra_sosmed`.`platform_name`, `r_mitra_sosmed`.`acc_mitra`
FROM `r_mitra_sosmed`
LEFT JOIN `r_teater_mitra_sosmed` ON `r_teater_mitra_sosmed`.`id_platform_sosmed` = `r_mitra_sosmed`.`id_platform_sosmed`
WHERE `r_mitra_sosmed`.`id_mitra` = \'5\'')
 4 SYSTEMPATH\Database\BaseBuilder.php(1644): CodeIgniter\Database\BaseConnection->query('SELECT `r_mitra_sosmed`.`id_platform_sosmed`, `r_teater_mitra_sosmed`.`platform_name`, `r_mitra_sosmed`.`acc_mitra`
FROM `r_mitra_sosmed`
LEFT JOIN `r_teater_mitra_sosmed` ON `r_teater_mitra_sosmed`.`id_platform_sosmed` = `r_mitra_sosmed`.`id_platform_sosmed`
WHERE `r_mitra_sosmed`.`id_mitra` = :r_mitra_sosmed.id_mitra:', [...], false)
 5 SYSTEMPATH\Model.php(286): CodeIgniter\Database\BaseBuilder->get()
 6 SYSTEMPATH\BaseModel.php(676): CodeIgniter\Model->doFindAll(0, 0)
 7 APPPATH\Controllers\Admin.php(351): CodeIgniter\BaseModel->findAll()
 8 SYSTEMPATH\CodeIgniter.php(933): App\Controllers\Admin->getMitraSosmed('5')
 9 SYSTEMPATH\CodeIgniter.php(509): CodeIgniter\CodeIgniter->runController(Object(App\Controllers\Admin))
10 SYSTEMPATH\CodeIgniter.php(355): CodeIgniter\CodeIgniter->handleRequest(null, Object(Config\Cache), false)
11 SYSTEMPATH\Boot.php(325): CodeIgniter\CodeIgniter->run()
12 SYSTEMPATH\Boot.php(67): CodeIgniter\Boot::runCodeIgniter(Object(CodeIgniter\CodeIgniter))
13 FCPATH\index.php(59): CodeIgniter\Boot::bootWeb(Object(Config\Paths))
INFO - 2025-03-05 06:48:12 --> Session: Class initialized using 'CodeIgniter\Session\Handlers\FileHandler' driver.
INFO - 2025-03-05 06:48:14 --> Session: Class initialized using 'CodeIgniter\Session\Handlers\FileHandler' driver.
INFO - 2025-03-05 06:48:24 --> Session: Class initialized using 'CodeIgniter\Session\Handlers\FileHandler' driver.
ERROR - 2025-03-05 06:48:24 --> mysqli_sql_exception: Unknown column 'r_mitra_sosmed.acc_mitra' in 'field list' in C:\xampp\htdocs\CodeIgniter4\system\Database\MySQLi\Connection.php:312
Stack trace:
#0 C:\xampp\htdocs\CodeIgniter4\system\Database\MySQLi\Connection.php(312): mysqli->query('SELECT `r_mitra...', 0)
#1 C:\xampp\htdocs\CodeIgniter4\system\Database\BaseConnection.php(734): CodeIgniter\Database\MySQLi\Connection->execute('SELECT `r_mitra...')
#2 C:\xampp\htdocs\CodeIgniter4\system\Database\BaseConnection.php(648): CodeIgniter\Database\BaseConnection->simpleQuery('SELECT `r_mitra...')
#3 C:\xampp\htdocs\CodeIgniter4\system\Database\BaseBuilder.php(1644): CodeIgniter\Database\BaseConnection->query('SELECT `r_mitra...', Array, false)
#4 C:\xampp\htdocs\CodeIgniter4\system\Model.php(286): CodeIgniter\Database\BaseBuilder->get()
#5 C:\xampp\htdocs\CodeIgniter4\system\BaseModel.php(676): CodeIgniter\Model->doFindAll(0, 0)
#6 C:\xampp\htdocs\CodeIgniter4\app\Controllers\Admin.php(351): CodeIgniter\BaseModel->findAll()
#7 C:\xampp\htdocs\CodeIgniter4\system\CodeIgniter.php(933): App\Controllers\Admin->getMitraSosmed('5')
#8 C:\xampp\htdocs\CodeIgniter4\system\CodeIgniter.php(509): CodeIgniter\CodeIgniter->runController(Object(App\Controllers\Admin))
#9 C:\xampp\htdocs\CodeIgniter4\system\CodeIgniter.php(355): CodeIgniter\CodeIgniter->handleRequest(NULL, Object(Config\Cache), false)
#10 C:\xampp\htdocs\CodeIgniter4\system\Boot.php(325): CodeIgniter\CodeIgniter->run()
#11 C:\xampp\htdocs\CodeIgniter4\system\Boot.php(67): CodeIgniter\Boot::runCodeIgniter(Object(CodeIgniter\CodeIgniter))
#12 C:\xampp\htdocs\CodeIgniter4\public\index.php(59): CodeIgniter\Boot::bootWeb(Object(Config\Paths))
#13 {main}
CRITICAL - 2025-03-05 06:48:24 --> CodeIgniter\Database\Exceptions\DatabaseException: Unknown column 'r_mitra_sosmed.acc_mitra' in 'field list'
[Method: GET, Route: teater/getMitraSosmed/5]
in SYSTEMPATH\Database\BaseConnection.php on line 688.
 1 SYSTEMPATH\Database\BaseBuilder.php(1644): CodeIgniter\Database\BaseConnection->query('SELECT `r_mitra_sosmed`.`id_platform_sosmed`, `m_platform_sosmed`.`platform_name`, `r_mitra_sosmed`.`acc_mitra`
FROM `r_mitra_sosmed`
LEFT JOIN `m_platform_sosmed` ON `m_platform_sosmed`.`id_platform_sosmed` = `r_mitra_sosmed`.`id_platform_sosmed`
WHERE `r_mitra_sosmed`.`id_mitra` = :r_mitra_sosmed.id_mitra:', [...], false)
 2 SYSTEMPATH\Model.php(286): CodeIgniter\Database\BaseBuilder->get()
 3 SYSTEMPATH\BaseModel.php(676): CodeIgniter\Model->doFindAll(0, 0)
 4 APPPATH\Controllers\Admin.php(351): CodeIgniter\BaseModel->findAll()
 5 SYSTEMPATH\CodeIgniter.php(933): App\Controllers\Admin->getMitraSosmed('5')
 6 SYSTEMPATH\CodeIgniter.php(509): CodeIgniter\CodeIgniter->runController(Object(App\Controllers\Admin))
 7 SYSTEMPATH\CodeIgniter.php(355): CodeIgniter\CodeIgniter->handleRequest(null, Object(Config\Cache), false)
 8 SYSTEMPATH\Boot.php(325): CodeIgniter\CodeIgniter->run()
 9 SYSTEMPATH\Boot.php(67): CodeIgniter\Boot::runCodeIgniter(Object(CodeIgniter\CodeIgniter))
10 FCPATH\index.php(59): CodeIgniter\Boot::bootWeb(Object(Config\Paths))
CRITICAL - 2025-03-05 06:48:24 --> [Caused by] CodeIgniter\Database\Exceptions\DatabaseException: Unknown column 'r_mitra_sosmed.acc_mitra' in 'field list'
in SYSTEMPATH\Database\MySQLi\Connection.php on line 317.
 1 SYSTEMPATH\Database\BaseConnection.php(734): CodeIgniter\Database\MySQLi\Connection->execute('SELECT `r_mitra_sosmed`.`id_platform_sosmed`, `m_platform_sosmed`.`platform_name`, `r_mitra_sosmed`.`acc_mitra`
FROM `r_mitra_sosmed`
LEFT JOIN `m_platform_sosmed` ON `m_platform_sosmed`.`id_platform_sosmed` = `r_mitra_sosmed`.`id_platform_sosmed`
WHERE `r_mitra_sosmed`.`id_mitra` = \'5\'')
 2 SYSTEMPATH\Database\BaseConnection.php(648): CodeIgniter\Database\BaseConnection->simpleQuery('SELECT `r_mitra_sosmed`.`id_platform_sosmed`, `m_platform_sosmed`.`platform_name`, `r_mitra_sosmed`.`acc_mitra`
FROM `r_mitra_sosmed`
LEFT JOIN `m_platform_sosmed` ON `m_platform_sosmed`.`id_platform_sosmed` = `r_mitra_sosmed`.`id_platform_sosmed`
WHERE `r_mitra_sosmed`.`id_mitra` = \'5\'')
 3 SYSTEMPATH\Database\BaseBuilder.php(1644): CodeIgniter\Database\BaseConnection->query('SELECT `r_mitra_sosmed`.`id_platform_sosmed`, `m_platform_sosmed`.`platform_name`, `r_mitra_sosmed`.`acc_mitra`
FROM `r_mitra_sosmed`
LEFT JOIN `m_platform_sosmed` ON `m_platform_sosmed`.`id_platform_sosmed` = `r_mitra_sosmed`.`id_platform_sosmed`
WHERE `r_mitra_sosmed`.`id_mitra` = :r_mitra_sosmed.id_mitra:', [...], false)
 4 SYSTEMPATH\Model.php(286): CodeIgniter\Database\BaseBuilder->get()
 5 SYSTEMPATH\BaseModel.php(676): CodeIgniter\Model->doFindAll(0, 0)
 6 APPPATH\Controllers\Admin.php(351): CodeIgniter\BaseModel->findAll()
 7 SYSTEMPATH\CodeIgniter.php(933): App\Controllers\Admin->getMitraSosmed('5')
 8 SYSTEMPATH\CodeIgniter.php(509): CodeIgniter\CodeIgniter->runController(Object(App\Controllers\Admin))
 9 SYSTEMPATH\CodeIgniter.php(355): CodeIgniter\CodeIgniter->handleRequest(null, Object(Config\Cache), false)
10 SYSTEMPATH\Boot.php(325): CodeIgniter\CodeIgniter->run()
11 SYSTEMPATH\Boot.php(67): CodeIgniter\Boot::runCodeIgniter(Object(CodeIgniter\CodeIgniter))
12 FCPATH\index.php(59): CodeIgniter\Boot::bootWeb(Object(Config\Paths))
CRITICAL - 2025-03-05 06:48:24 --> [Caused by] mysqli_sql_exception: Unknown column 'r_mitra_sosmed.acc_mitra' in 'field list'
in SYSTEMPATH\Database\MySQLi\Connection.php on line 312.
 1 SYSTEMPATH\Database\MySQLi\Connection.php(312): mysqli->query('SELECT `r_mitra_sosmed`.`id_platform_sosmed`, `m_platform_sosmed`.`platform_name`, `r_mitra_sosmed`.`acc_mitra`
FROM `r_mitra_sosmed`
LEFT JOIN `m_platform_sosmed` ON `m_platform_sosmed`.`id_platform_sosmed` = `r_mitra_sosmed`.`id_platform_sosmed`
WHERE `r_mitra_sosmed`.`id_mitra` = \'5\'', 0)
 2 SYSTEMPATH\Database\BaseConnection.php(734): CodeIgniter\Database\MySQLi\Connection->execute('SELECT `r_mitra_sosmed`.`id_platform_sosmed`, `m_platform_sosmed`.`platform_name`, `r_mitra_sosmed`.`acc_mitra`
FROM `r_mitra_sosmed`
LEFT JOIN `m_platform_sosmed` ON `m_platform_sosmed`.`id_platform_sosmed` = `r_mitra_sosmed`.`id_platform_sosmed`
WHERE `r_mitra_sosmed`.`id_mitra` = \'5\'')
 3 SYSTEMPATH\Database\BaseConnection.php(648): CodeIgniter\Database\BaseConnection->simpleQuery('SELECT `r_mitra_sosmed`.`id_platform_sosmed`, `m_platform_sosmed`.`platform_name`, `r_mitra_sosmed`.`acc_mitra`
FROM `r_mitra_sosmed`
LEFT JOIN `m_platform_sosmed` ON `m_platform_sosmed`.`id_platform_sosmed` = `r_mitra_sosmed`.`id_platform_sosmed`
WHERE `r_mitra_sosmed`.`id_mitra` = \'5\'')
 4 SYSTEMPATH\Database\BaseBuilder.php(1644): CodeIgniter\Database\BaseConnection->query('SELECT `r_mitra_sosmed`.`id_platform_sosmed`, `m_platform_sosmed`.`platform_name`, `r_mitra_sosmed`.`acc_mitra`
FROM `r_mitra_sosmed`
LEFT JOIN `m_platform_sosmed` ON `m_platform_sosmed`.`id_platform_sosmed` = `r_mitra_sosmed`.`id_platform_sosmed`
WHERE `r_mitra_sosmed`.`id_mitra` = :r_mitra_sosmed.id_mitra:', [...], false)
 5 SYSTEMPATH\Model.php(286): CodeIgniter\Database\BaseBuilder->get()
 6 SYSTEMPATH\BaseModel.php(676): CodeIgniter\Model->doFindAll(0, 0)
 7 APPPATH\Controllers\Admin.php(351): CodeIgniter\BaseModel->findAll()
 8 SYSTEMPATH\CodeIgniter.php(933): App\Controllers\Admin->getMitraSosmed('5')
 9 SYSTEMPATH\CodeIgniter.php(509): CodeIgniter\CodeIgniter->runController(Object(App\Controllers\Admin))
10 SYSTEMPATH\CodeIgniter.php(355): CodeIgniter\CodeIgniter->handleRequest(null, Object(Config\Cache), false)
11 SYSTEMPATH\Boot.php(325): CodeIgniter\CodeIgniter->run()
12 SYSTEMPATH\Boot.php(67): CodeIgniter\Boot::runCodeIgniter(Object(CodeIgniter\CodeIgniter))
13 FCPATH\index.php(59): CodeIgniter\Boot::bootWeb(Object(Config\Paths))
INFO - 2025-03-05 06:48:35 --> Session: Class initialized using 'CodeIgniter\Session\Handlers\FileHandler' driver.
ERROR - 2025-03-05 06:48:35 --> mysqli_sql_exception: Unknown column 'r_mitra_sosmed.acc_mitra' in 'field list' in C:\xampp\htdocs\CodeIgniter4\system\Database\MySQLi\Connection.php:312
Stack trace:
#0 C:\xampp\htdocs\CodeIgniter4\system\Database\MySQLi\Connection.php(312): mysqli->query('SELECT `r_mitra...', 0)
#1 C:\xampp\htdocs\CodeIgniter4\system\Database\BaseConnection.php(734): CodeIgniter\Database\MySQLi\Connection->execute('SELECT `r_mitra...')
#2 C:\xampp\htdocs\CodeIgniter4\system\Database\BaseConnection.php(648): CodeIgniter\Database\BaseConnection->simpleQuery('SELECT `r_mitra...')
#3 C:\xampp\htdocs\CodeIgniter4\system\Database\BaseBuilder.php(1644): CodeIgniter\Database\BaseConnection->query('SELECT `r_mitra...', Array, false)
#4 C:\xampp\htdocs\CodeIgniter4\system\Model.php(286): CodeIgniter\Database\BaseBuilder->get()
#5 C:\xampp\htdocs\CodeIgniter4\system\BaseModel.php(676): CodeIgniter\Model->doFindAll(0, 0)
#6 C:\xampp\htdocs\CodeIgniter4\app\Controllers\Admin.php(351): CodeIgniter\BaseModel->findAll()
#7 C:\xampp\htdocs\CodeIgniter4\system\CodeIgniter.php(933): App\Controllers\Admin->getMitraSosmed('5')
#8 C:\xampp\htdocs\CodeIgniter4\system\CodeIgniter.php(509): CodeIgniter\CodeIgniter->runController(Object(App\Controllers\Admin))
#9 C:\xampp\htdocs\CodeIgniter4\system\CodeIgniter.php(355): CodeIgniter\CodeIgniter->handleRequest(NULL, Object(Config\Cache), false)
#10 C:\xampp\htdocs\CodeIgniter4\system\Boot.php(325): CodeIgniter\CodeIgniter->run()
#11 C:\xampp\htdocs\CodeIgniter4\system\Boot.php(67): CodeIgniter\Boot::runCodeIgniter(Object(CodeIgniter\CodeIgniter))
#12 C:\xampp\htdocs\CodeIgniter4\public\index.php(59): CodeIgniter\Boot::bootWeb(Object(Config\Paths))
#13 {main}
CRITICAL - 2025-03-05 06:48:35 --> CodeIgniter\Database\Exceptions\DatabaseException: Unknown column 'r_mitra_sosmed.acc_mitra' in 'field list'
[Method: GET, Route: teater/getMitraSosmed/5]
in SYSTEMPATH\Database\BaseConnection.php on line 688.
 1 SYSTEMPATH\Database\BaseBuilder.php(1644): CodeIgniter\Database\BaseConnection->query('SELECT `r_mitra_sosmed`.`id_platform_sosmed`, `m_platform_sosmed`.`platform_name`, `r_mitra_sosmed`.`acc_mitra`
FROM `r_mitra_sosmed`
LEFT JOIN `m_platform_sosmed` ON `m_platform_sosmed`.`id_platform_sosmed` = `r_mitra_sosmed`.`id_platform_sosmed`
WHERE `r_mitra_sosmed`.`id_mitra` = :r_mitra_sosmed.id_mitra:', [...], false)
 2 SYSTEMPATH\Model.php(286): CodeIgniter\Database\BaseBuilder->get()
 3 SYSTEMPATH\BaseModel.php(676): CodeIgniter\Model->doFindAll(0, 0)
 4 APPPATH\Controllers\Admin.php(351): CodeIgniter\BaseModel->findAll()
 5 SYSTEMPATH\CodeIgniter.php(933): App\Controllers\Admin->getMitraSosmed('5')
 6 SYSTEMPATH\CodeIgniter.php(509): CodeIgniter\CodeIgniter->runController(Object(App\Controllers\Admin))
 7 SYSTEMPATH\CodeIgniter.php(355): CodeIgniter\CodeIgniter->handleRequest(null, Object(Config\Cache), false)
 8 SYSTEMPATH\Boot.php(325): CodeIgniter\CodeIgniter->run()
 9 SYSTEMPATH\Boot.php(67): CodeIgniter\Boot::runCodeIgniter(Object(CodeIgniter\CodeIgniter))
10 FCPATH\index.php(59): CodeIgniter\Boot::bootWeb(Object(Config\Paths))
CRITICAL - 2025-03-05 06:48:35 --> [Caused by] CodeIgniter\Database\Exceptions\DatabaseException: Unknown column 'r_mitra_sosmed.acc_mitra' in 'field list'
in SYSTEMPATH\Database\MySQLi\Connection.php on line 317.
 1 SYSTEMPATH\Database\BaseConnection.php(734): CodeIgniter\Database\MySQLi\Connection->execute('SELECT `r_mitra_sosmed`.`id_platform_sosmed`, `m_platform_sosmed`.`platform_name`, `r_mitra_sosmed`.`acc_mitra`
FROM `r_mitra_sosmed`
LEFT JOIN `m_platform_sosmed` ON `m_platform_sosmed`.`id_platform_sosmed` = `r_mitra_sosmed`.`id_platform_sosmed`
WHERE `r_mitra_sosmed`.`id_mitra` = \'5\'')
 2 SYSTEMPATH\Database\BaseConnection.php(648): CodeIgniter\Database\BaseConnection->simpleQuery('SELECT `r_mitra_sosmed`.`id_platform_sosmed`, `m_platform_sosmed`.`platform_name`, `r_mitra_sosmed`.`acc_mitra`
FROM `r_mitra_sosmed`
LEFT JOIN `m_platform_sosmed` ON `m_platform_sosmed`.`id_platform_sosmed` = `r_mitra_sosmed`.`id_platform_sosmed`
WHERE `r_mitra_sosmed`.`id_mitra` = \'5\'')
 3 SYSTEMPATH\Database\BaseBuilder.php(1644): CodeIgniter\Database\BaseConnection->query('SELECT `r_mitra_sosmed`.`id_platform_sosmed`, `m_platform_sosmed`.`platform_name`, `r_mitra_sosmed`.`acc_mitra`
FROM `r_mitra_sosmed`
LEFT JOIN `m_platform_sosmed` ON `m_platform_sosmed`.`id_platform_sosmed` = `r_mitra_sosmed`.`id_platform_sosmed`
WHERE `r_mitra_sosmed`.`id_mitra` = :r_mitra_sosmed.id_mitra:', [...], false)
 4 SYSTEMPATH\Model.php(286): CodeIgniter\Database\BaseBuilder->get()
 5 SYSTEMPATH\BaseModel.php(676): CodeIgniter\Model->doFindAll(0, 0)
 6 APPPATH\Controllers\Admin.php(351): CodeIgniter\BaseModel->findAll()
 7 SYSTEMPATH\CodeIgniter.php(933): App\Controllers\Admin->getMitraSosmed('5')
 8 SYSTEMPATH\CodeIgniter.php(509): CodeIgniter\CodeIgniter->runController(Object(App\Controllers\Admin))
 9 SYSTEMPATH\CodeIgniter.php(355): CodeIgniter\CodeIgniter->handleRequest(null, Object(Config\Cache), false)
10 SYSTEMPATH\Boot.php(325): CodeIgniter\CodeIgniter->run()
11 SYSTEMPATH\Boot.php(67): CodeIgniter\Boot::runCodeIgniter(Object(CodeIgniter\CodeIgniter))
12 FCPATH\index.php(59): CodeIgniter\Boot::bootWeb(Object(Config\Paths))
CRITICAL - 2025-03-05 06:48:35 --> [Caused by] mysqli_sql_exception: Unknown column 'r_mitra_sosmed.acc_mitra' in 'field list'
in SYSTEMPATH\Database\MySQLi\Connection.php on line 312.
 1 SYSTEMPATH\Database\MySQLi\Connection.php(312): mysqli->query('SELECT `r_mitra_sosmed`.`id_platform_sosmed`, `m_platform_sosmed`.`platform_name`, `r_mitra_sosmed`.`acc_mitra`
FROM `r_mitra_sosmed`
LEFT JOIN `m_platform_sosmed` ON `m_platform_sosmed`.`id_platform_sosmed` = `r_mitra_sosmed`.`id_platform_sosmed`
WHERE `r_mitra_sosmed`.`id_mitra` = \'5\'', 0)
 2 SYSTEMPATH\Database\BaseConnection.php(734): CodeIgniter\Database\MySQLi\Connection->execute('SELECT `r_mitra_sosmed`.`id_platform_sosmed`, `m_platform_sosmed`.`platform_name`, `r_mitra_sosmed`.`acc_mitra`
FROM `r_mitra_sosmed`
LEFT JOIN `m_platform_sosmed` ON `m_platform_sosmed`.`id_platform_sosmed` = `r_mitra_sosmed`.`id_platform_sosmed`
WHERE `r_mitra_sosmed`.`id_mitra` = \'5\'')
 3 SYSTEMPATH\Database\BaseConnection.php(648): CodeIgniter\Database\BaseConnection->simpleQuery('SELECT `r_mitra_sosmed`.`id_platform_sosmed`, `m_platform_sosmed`.`platform_name`, `r_mitra_sosmed`.`acc_mitra`
FROM `r_mitra_sosmed`
LEFT JOIN `m_platform_sosmed` ON `m_platform_sosmed`.`id_platform_sosmed` = `r_mitra_sosmed`.`id_platform_sosmed`
WHERE `r_mitra_sosmed`.`id_mitra` = \'5\'')
 4 SYSTEMPATH\Database\BaseBuilder.php(1644): CodeIgniter\Database\BaseConnection->query('SELECT `r_mitra_sosmed`.`id_platform_sosmed`, `m_platform_sosmed`.`platform_name`, `r_mitra_sosmed`.`acc_mitra`
FROM `r_mitra_sosmed`
LEFT JOIN `m_platform_sosmed` ON `m_platform_sosmed`.`id_platform_sosmed` = `r_mitra_sosmed`.`id_platform_sosmed`
WHERE `r_mitra_sosmed`.`id_mitra` = :r_mitra_sosmed.id_mitra:', [...], false)
 5 SYSTEMPATH\Model.php(286): CodeIgniter\Database\BaseBuilder->get()
 6 SYSTEMPATH\BaseModel.php(676): CodeIgniter\Model->doFindAll(0, 0)
 7 APPPATH\Controllers\Admin.php(351): CodeIgniter\BaseModel->findAll()
 8 SYSTEMPATH\CodeIgniter.php(933): App\Controllers\Admin->getMitraSosmed('5')
 9 SYSTEMPATH\CodeIgniter.php(509): CodeIgniter\CodeIgniter->runController(Object(App\Controllers\Admin))
10 SYSTEMPATH\CodeIgniter.php(355): CodeIgniter\CodeIgniter->handleRequest(null, Object(Config\Cache), false)
11 SYSTEMPATH\Boot.php(325): CodeIgniter\CodeIgniter->run()
12 SYSTEMPATH\Boot.php(67): CodeIgniter\Boot::runCodeIgniter(Object(CodeIgniter\CodeIgniter))
13 FCPATH\index.php(59): CodeIgniter\Boot::bootWeb(Object(Config\Paths))
INFO - 2025-03-05 06:51:56 --> Session: Class initialized using 'CodeIgniter\Session\Handlers\FileHandler' driver.
INFO - 2025-03-05 06:51:57 --> Session: Class initialized using 'CodeIgniter\Session\Handlers\FileHandler' driver.
INFO - 2025-03-05 06:52:04 --> Session: Class initialized using 'CodeIgniter\Session\Handlers\FileHandler' driver.
ERROR - 2025-03-05 06:52:04 --> mysqli_sql_exception: Unknown column 'r_mitra_sosmed.acc_mitra' in 'field list' in C:\xampp\htdocs\CodeIgniter4\system\Database\MySQLi\Connection.php:312
Stack trace:
#0 C:\xampp\htdocs\CodeIgniter4\system\Database\MySQLi\Connection.php(312): mysqli->query('SELECT `r_mitra...', 0)
#1 C:\xampp\htdocs\CodeIgniter4\system\Database\BaseConnection.php(734): CodeIgniter\Database\MySQLi\Connection->execute('SELECT `r_mitra...')
#2 C:\xampp\htdocs\CodeIgniter4\system\Database\BaseConnection.php(648): CodeIgniter\Database\BaseConnection->simpleQuery('SELECT `r_mitra...')
#3 C:\xampp\htdocs\CodeIgniter4\system\Database\BaseBuilder.php(1644): CodeIgniter\Database\BaseConnection->query('SELECT `r_mitra...', Array, false)
#4 C:\xampp\htdocs\CodeIgniter4\system\Model.php(286): CodeIgniter\Database\BaseBuilder->get()
#5 C:\xampp\htdocs\CodeIgniter4\system\BaseModel.php(676): CodeIgniter\Model->doFindAll(0, 0)
#6 C:\xampp\htdocs\CodeIgniter4\app\Controllers\Admin.php(351): CodeIgniter\BaseModel->findAll()
#7 C:\xampp\htdocs\CodeIgniter4\system\CodeIgniter.php(933): App\Controllers\Admin->getMitraSosmed('5')
#8 C:\xampp\htdocs\CodeIgniter4\system\CodeIgniter.php(509): CodeIgniter\CodeIgniter->runController(Object(App\Controllers\Admin))
#9 C:\xampp\htdocs\CodeIgniter4\system\CodeIgniter.php(355): CodeIgniter\CodeIgniter->handleRequest(NULL, Object(Config\Cache), false)
#10 C:\xampp\htdocs\CodeIgniter4\system\Boot.php(325): CodeIgniter\CodeIgniter->run()
#11 C:\xampp\htdocs\CodeIgniter4\system\Boot.php(67): CodeIgniter\Boot::runCodeIgniter(Object(CodeIgniter\CodeIgniter))
#12 C:\xampp\htdocs\CodeIgniter4\public\index.php(59): CodeIgniter\Boot::bootWeb(Object(Config\Paths))
#13 {main}
CRITICAL - 2025-03-05 06:52:04 --> CodeIgniter\Database\Exceptions\DatabaseException: Unknown column 'r_mitra_sosmed.acc_mitra' in 'field list'
[Method: GET, Route: teater/getMitraSosmed/5]
in SYSTEMPATH\Database\BaseConnection.php on line 688.
 1 SYSTEMPATH\Database\BaseBuilder.php(1644): CodeIgniter\Database\BaseConnection->query('SELECT `r_mitra_sosmed`.`id_platform_sosmed`, `m_platform_sosmed`.`platform_name`, `r_mitra_sosmed`.`acc_mitra`
FROM `r_mitra_sosmed`
LEFT JOIN `m_platform_sosmed` ON `m_platform_sosmed`.`id_platform_sosmed` = `r_mitra_sosmed`.`id_platform_sosmed`
WHERE `r_mitra_sosmed`.`id_mitra` = :r_mitra_sosmed.id_mitra:', [...], false)
 2 SYSTEMPATH\Model.php(286): CodeIgniter\Database\BaseBuilder->get()
 3 SYSTEMPATH\BaseModel.php(676): CodeIgniter\Model->doFindAll(0, 0)
 4 APPPATH\Controllers\Admin.php(351): CodeIgniter\BaseModel->findAll()
 5 SYSTEMPATH\CodeIgniter.php(933): App\Controllers\Admin->getMitraSosmed('5')
 6 SYSTEMPATH\CodeIgniter.php(509): CodeIgniter\CodeIgniter->runController(Object(App\Controllers\Admin))
 7 SYSTEMPATH\CodeIgniter.php(355): CodeIgniter\CodeIgniter->handleRequest(null, Object(Config\Cache), false)
 8 SYSTEMPATH\Boot.php(325): CodeIgniter\CodeIgniter->run()
 9 SYSTEMPATH\Boot.php(67): CodeIgniter\Boot::runCodeIgniter(Object(CodeIgniter\CodeIgniter))
10 FCPATH\index.php(59): CodeIgniter\Boot::bootWeb(Object(Config\Paths))
CRITICAL - 2025-03-05 06:52:04 --> [Caused by] CodeIgniter\Database\Exceptions\DatabaseException: Unknown column 'r_mitra_sosmed.acc_mitra' in 'field list'
in SYSTEMPATH\Database\MySQLi\Connection.php on line 317.
 1 SYSTEMPATH\Database\BaseConnection.php(734): CodeIgniter\Database\MySQLi\Connection->execute('SELECT `r_mitra_sosmed`.`id_platform_sosmed`, `m_platform_sosmed`.`platform_name`, `r_mitra_sosmed`.`acc_mitra`
FROM `r_mitra_sosmed`
LEFT JOIN `m_platform_sosmed` ON `m_platform_sosmed`.`id_platform_sosmed` = `r_mitra_sosmed`.`id_platform_sosmed`
WHERE `r_mitra_sosmed`.`id_mitra` = \'5\'')
 2 SYSTEMPATH\Database\BaseConnection.php(648): CodeIgniter\Database\BaseConnection->simpleQuery('SELECT `r_mitra_sosmed`.`id_platform_sosmed`, `m_platform_sosmed`.`platform_name`, `r_mitra_sosmed`.`acc_mitra`
FROM `r_mitra_sosmed`
LEFT JOIN `m_platform_sosmed` ON `m_platform_sosmed`.`id_platform_sosmed` = `r_mitra_sosmed`.`id_platform_sosmed`
WHERE `r_mitra_sosmed`.`id_mitra` = \'5\'')
 3 SYSTEMPATH\Database\BaseBuilder.php(1644): CodeIgniter\Database\BaseConnection->query('SELECT `r_mitra_sosmed`.`id_platform_sosmed`, `m_platform_sosmed`.`platform_name`, `r_mitra_sosmed`.`acc_mitra`
FROM `r_mitra_sosmed`
LEFT JOIN `m_platform_sosmed` ON `m_platform_sosmed`.`id_platform_sosmed` = `r_mitra_sosmed`.`id_platform_sosmed`
WHERE `r_mitra_sosmed`.`id_mitra` = :r_mitra_sosmed.id_mitra:', [...], false)
 4 SYSTEMPATH\Model.php(286): CodeIgniter\Database\BaseBuilder->get()
 5 SYSTEMPATH\BaseModel.php(676): CodeIgniter\Model->doFindAll(0, 0)
 6 APPPATH\Controllers\Admin.php(351): CodeIgniter\BaseModel->findAll()
 7 SYSTEMPATH\CodeIgniter.php(933): App\Controllers\Admin->getMitraSosmed('5')
 8 SYSTEMPATH\CodeIgniter.php(509): CodeIgniter\CodeIgniter->runController(Object(App\Controllers\Admin))
 9 SYSTEMPATH\CodeIgniter.php(355): CodeIgniter\CodeIgniter->handleRequest(null, Object(Config\Cache), false)
10 SYSTEMPATH\Boot.php(325): CodeIgniter\CodeIgniter->run()
11 SYSTEMPATH\Boot.php(67): CodeIgniter\Boot::runCodeIgniter(Object(CodeIgniter\CodeIgniter))
12 FCPATH\index.php(59): CodeIgniter\Boot::bootWeb(Object(Config\Paths))
CRITICAL - 2025-03-05 06:52:04 --> [Caused by] mysqli_sql_exception: Unknown column 'r_mitra_sosmed.acc_mitra' in 'field list'
in SYSTEMPATH\Database\MySQLi\Connection.php on line 312.
 1 SYSTEMPATH\Database\MySQLi\Connection.php(312): mysqli->query('SELECT `r_mitra_sosmed`.`id_platform_sosmed`, `m_platform_sosmed`.`platform_name`, `r_mitra_sosmed`.`acc_mitra`
FROM `r_mitra_sosmed`
LEFT JOIN `m_platform_sosmed` ON `m_platform_sosmed`.`id_platform_sosmed` = `r_mitra_sosmed`.`id_platform_sosmed`
WHERE `r_mitra_sosmed`.`id_mitra` = \'5\'', 0)
 2 SYSTEMPATH\Database\BaseConnection.php(734): CodeIgniter\Database\MySQLi\Connection->execute('SELECT `r_mitra_sosmed`.`id_platform_sosmed`, `m_platform_sosmed`.`platform_name`, `r_mitra_sosmed`.`acc_mitra`
FROM `r_mitra_sosmed`
LEFT JOIN `m_platform_sosmed` ON `m_platform_sosmed`.`id_platform_sosmed` = `r_mitra_sosmed`.`id_platform_sosmed`
WHERE `r_mitra_sosmed`.`id_mitra` = \'5\'')
 3 SYSTEMPATH\Database\BaseConnection.php(648): CodeIgniter\Database\BaseConnection->simpleQuery('SELECT `r_mitra_sosmed`.`id_platform_sosmed`, `m_platform_sosmed`.`platform_name`, `r_mitra_sosmed`.`acc_mitra`
FROM `r_mitra_sosmed`
LEFT JOIN `m_platform_sosmed` ON `m_platform_sosmed`.`id_platform_sosmed` = `r_mitra_sosmed`.`id_platform_sosmed`
WHERE `r_mitra_sosmed`.`id_mitra` = \'5\'')
 4 SYSTEMPATH\Database\BaseBuilder.php(1644): CodeIgniter\Database\BaseConnection->query('SELECT `r_mitra_sosmed`.`id_platform_sosmed`, `m_platform_sosmed`.`platform_name`, `r_mitra_sosmed`.`acc_mitra`
FROM `r_mitra_sosmed`
LEFT JOIN `m_platform_sosmed` ON `m_platform_sosmed`.`id_platform_sosmed` = `r_mitra_sosmed`.`id_platform_sosmed`
WHERE `r_mitra_sosmed`.`id_mitra` = :r_mitra_sosmed.id_mitra:', [...], false)
 5 SYSTEMPATH\Model.php(286): CodeIgniter\Database\BaseBuilder->get()
 6 SYSTEMPATH\BaseModel.php(676): CodeIgniter\Model->doFindAll(0, 0)
 7 APPPATH\Controllers\Admin.php(351): CodeIgniter\BaseModel->findAll()
 8 SYSTEMPATH\CodeIgniter.php(933): App\Controllers\Admin->getMitraSosmed('5')
 9 SYSTEMPATH\CodeIgniter.php(509): CodeIgniter\CodeIgniter->runController(Object(App\Controllers\Admin))
10 SYSTEMPATH\CodeIgniter.php(355): CodeIgniter\CodeIgniter->handleRequest(null, Object(Config\Cache), false)
11 SYSTEMPATH\Boot.php(325): CodeIgniter\CodeIgniter->run()
12 SYSTEMPATH\Boot.php(67): CodeIgniter\Boot::runCodeIgniter(Object(CodeIgniter\CodeIgniter))
13 FCPATH\index.php(59): CodeIgniter\Boot::bootWeb(Object(Config\Paths))
INFO - 2025-03-05 06:52:09 --> Session: Class initialized using 'CodeIgniter\Session\Handlers\FileHandler' driver.
ERROR - 2025-03-05 06:52:09 --> mysqli_sql_exception: Unknown column 'r_mitra_sosmed.acc_mitra' in 'field list' in C:\xampp\htdocs\CodeIgniter4\system\Database\MySQLi\Connection.php:312
Stack trace:
#0 C:\xampp\htdocs\CodeIgniter4\system\Database\MySQLi\Connection.php(312): mysqli->query('SELECT `r_mitra...', 0)
#1 C:\xampp\htdocs\CodeIgniter4\system\Database\BaseConnection.php(734): CodeIgniter\Database\MySQLi\Connection->execute('SELECT `r_mitra...')
#2 C:\xampp\htdocs\CodeIgniter4\system\Database\BaseConnection.php(648): CodeIgniter\Database\BaseConnection->simpleQuery('SELECT `r_mitra...')
#3 C:\xampp\htdocs\CodeIgniter4\system\Database\BaseBuilder.php(1644): CodeIgniter\Database\BaseConnection->query('SELECT `r_mitra...', Array, false)
#4 C:\xampp\htdocs\CodeIgniter4\system\Model.php(286): CodeIgniter\Database\BaseBuilder->get()
#5 C:\xampp\htdocs\CodeIgniter4\system\BaseModel.php(676): CodeIgniter\Model->doFindAll(0, 0)
#6 C:\xampp\htdocs\CodeIgniter4\app\Controllers\Admin.php(351): CodeIgniter\BaseModel->findAll()
#7 C:\xampp\htdocs\CodeIgniter4\system\CodeIgniter.php(933): App\Controllers\Admin->getMitraSosmed('5')
#8 C:\xampp\htdocs\CodeIgniter4\system\CodeIgniter.php(509): CodeIgniter\CodeIgniter->runController(Object(App\Controllers\Admin))
#9 C:\xampp\htdocs\CodeIgniter4\system\CodeIgniter.php(355): CodeIgniter\CodeIgniter->handleRequest(NULL, Object(Config\Cache), false)
#10 C:\xampp\htdocs\CodeIgniter4\system\Boot.php(325): CodeIgniter\CodeIgniter->run()
#11 C:\xampp\htdocs\CodeIgniter4\system\Boot.php(67): CodeIgniter\Boot::runCodeIgniter(Object(CodeIgniter\CodeIgniter))
#12 C:\xampp\htdocs\CodeIgniter4\public\index.php(59): CodeIgniter\Boot::bootWeb(Object(Config\Paths))
#13 {main}
CRITICAL - 2025-03-05 06:52:09 --> CodeIgniter\Database\Exceptions\DatabaseException: Unknown column 'r_mitra_sosmed.acc_mitra' in 'field list'
[Method: GET, Route: teater/getMitraSosmed/5]
in SYSTEMPATH\Database\BaseConnection.php on line 688.
 1 SYSTEMPATH\Database\BaseBuilder.php(1644): CodeIgniter\Database\BaseConnection->query('SELECT `r_mitra_sosmed`.`id_platform_sosmed`, `m_platform_sosmed`.`platform_name`, `r_mitra_sosmed`.`acc_mitra`
FROM `r_mitra_sosmed`
LEFT JOIN `m_platform_sosmed` ON `m_platform_sosmed`.`id_platform_sosmed` = `r_mitra_sosmed`.`id_platform_sosmed`
WHERE `r_mitra_sosmed`.`id_mitra` = :r_mitra_sosmed.id_mitra:', [...], false)
 2 SYSTEMPATH\Model.php(286): CodeIgniter\Database\BaseBuilder->get()
 3 SYSTEMPATH\BaseModel.php(676): CodeIgniter\Model->doFindAll(0, 0)
 4 APPPATH\Controllers\Admin.php(351): CodeIgniter\BaseModel->findAll()
 5 SYSTEMPATH\CodeIgniter.php(933): App\Controllers\Admin->getMitraSosmed('5')
 6 SYSTEMPATH\CodeIgniter.php(509): CodeIgniter\CodeIgniter->runController(Object(App\Controllers\Admin))
 7 SYSTEMPATH\CodeIgniter.php(355): CodeIgniter\CodeIgniter->handleRequest(null, Object(Config\Cache), false)
 8 SYSTEMPATH\Boot.php(325): CodeIgniter\CodeIgniter->run()
 9 SYSTEMPATH\Boot.php(67): CodeIgniter\Boot::runCodeIgniter(Object(CodeIgniter\CodeIgniter))
10 FCPATH\index.php(59): CodeIgniter\Boot::bootWeb(Object(Config\Paths))
CRITICAL - 2025-03-05 06:52:09 --> [Caused by] CodeIgniter\Database\Exceptions\DatabaseException: Unknown column 'r_mitra_sosmed.acc_mitra' in 'field list'
in SYSTEMPATH\Database\MySQLi\Connection.php on line 317.
 1 SYSTEMPATH\Database\BaseConnection.php(734): CodeIgniter\Database\MySQLi\Connection->execute('SELECT `r_mitra_sosmed`.`id_platform_sosmed`, `m_platform_sosmed`.`platform_name`, `r_mitra_sosmed`.`acc_mitra`
FROM `r_mitra_sosmed`
LEFT JOIN `m_platform_sosmed` ON `m_platform_sosmed`.`id_platform_sosmed` = `r_mitra_sosmed`.`id_platform_sosmed`
WHERE `r_mitra_sosmed`.`id_mitra` = \'5\'')
 2 SYSTEMPATH\Database\BaseConnection.php(648): CodeIgniter\Database\BaseConnection->simpleQuery('SELECT `r_mitra_sosmed`.`id_platform_sosmed`, `m_platform_sosmed`.`platform_name`, `r_mitra_sosmed`.`acc_mitra`
FROM `r_mitra_sosmed`
LEFT JOIN `m_platform_sosmed` ON `m_platform_sosmed`.`id_platform_sosmed` = `r_mitra_sosmed`.`id_platform_sosmed`
WHERE `r_mitra_sosmed`.`id_mitra` = \'5\'')
 3 SYSTEMPATH\Database\BaseBuilder.php(1644): CodeIgniter\Database\BaseConnection->query('SELECT `r_mitra_sosmed`.`id_platform_sosmed`, `m_platform_sosmed`.`platform_name`, `r_mitra_sosmed`.`acc_mitra`
FROM `r_mitra_sosmed`
LEFT JOIN `m_platform_sosmed` ON `m_platform_sosmed`.`id_platform_sosmed` = `r_mitra_sosmed`.`id_platform_sosmed`
WHERE `r_mitra_sosmed`.`id_mitra` = :r_mitra_sosmed.id_mitra:', [...], false)
 4 SYSTEMPATH\Model.php(286): CodeIgniter\Database\BaseBuilder->get()
 5 SYSTEMPATH\BaseModel.php(676): CodeIgniter\Model->doFindAll(0, 0)
 6 APPPATH\Controllers\Admin.php(351): CodeIgniter\BaseModel->findAll()
 7 SYSTEMPATH\CodeIgniter.php(933): App\Controllers\Admin->getMitraSosmed('5')
 8 SYSTEMPATH\CodeIgniter.php(509): CodeIgniter\CodeIgniter->runController(Object(App\Controllers\Admin))
 9 SYSTEMPATH\CodeIgniter.php(355): CodeIgniter\CodeIgniter->handleRequest(null, Object(Config\Cache), false)
10 SYSTEMPATH\Boot.php(325): CodeIgniter\CodeIgniter->run()
11 SYSTEMPATH\Boot.php(67): CodeIgniter\Boot::runCodeIgniter(Object(CodeIgniter\CodeIgniter))
12 FCPATH\index.php(59): CodeIgniter\Boot::bootWeb(Object(Config\Paths))
CRITICAL - 2025-03-05 06:52:09 --> [Caused by] mysqli_sql_exception: Unknown column 'r_mitra_sosmed.acc_mitra' in 'field list'
in SYSTEMPATH\Database\MySQLi\Connection.php on line 312.
 1 SYSTEMPATH\Database\MySQLi\Connection.php(312): mysqli->query('SELECT `r_mitra_sosmed`.`id_platform_sosmed`, `m_platform_sosmed`.`platform_name`, `r_mitra_sosmed`.`acc_mitra`
FROM `r_mitra_sosmed`
LEFT JOIN `m_platform_sosmed` ON `m_platform_sosmed`.`id_platform_sosmed` = `r_mitra_sosmed`.`id_platform_sosmed`
WHERE `r_mitra_sosmed`.`id_mitra` = \'5\'', 0)
 2 SYSTEMPATH\Database\BaseConnection.php(734): CodeIgniter\Database\MySQLi\Connection->execute('SELECT `r_mitra_sosmed`.`id_platform_sosmed`, `m_platform_sosmed`.`platform_name`, `r_mitra_sosmed`.`acc_mitra`
FROM `r_mitra_sosmed`
LEFT JOIN `m_platform_sosmed` ON `m_platform_sosmed`.`id_platform_sosmed` = `r_mitra_sosmed`.`id_platform_sosmed`
WHERE `r_mitra_sosmed`.`id_mitra` = \'5\'')
 3 SYSTEMPATH\Database\BaseConnection.php(648): CodeIgniter\Database\BaseConnection->simpleQuery('SELECT `r_mitra_sosmed`.`id_platform_sosmed`, `m_platform_sosmed`.`platform_name`, `r_mitra_sosmed`.`acc_mitra`
FROM `r_mitra_sosmed`
LEFT JOIN `m_platform_sosmed` ON `m_platform_sosmed`.`id_platform_sosmed` = `r_mitra_sosmed`.`id_platform_sosmed`
WHERE `r_mitra_sosmed`.`id_mitra` = \'5\'')
 4 SYSTEMPATH\Database\BaseBuilder.php(1644): CodeIgniter\Database\BaseConnection->query('SELECT `r_mitra_sosmed`.`id_platform_sosmed`, `m_platform_sosmed`.`platform_name`, `r_mitra_sosmed`.`acc_mitra`
FROM `r_mitra_sosmed`
LEFT JOIN `m_platform_sosmed` ON `m_platform_sosmed`.`id_platform_sosmed` = `r_mitra_sosmed`.`id_platform_sosmed`
WHERE `r_mitra_sosmed`.`id_mitra` = :r_mitra_sosmed.id_mitra:', [...], false)
 5 SYSTEMPATH\Model.php(286): CodeIgniter\Database\BaseBuilder->get()
 6 SYSTEMPATH\BaseModel.php(676): CodeIgniter\Model->doFindAll(0, 0)
 7 APPPATH\Controllers\Admin.php(351): CodeIgniter\BaseModel->findAll()
 8 SYSTEMPATH\CodeIgniter.php(933): App\Controllers\Admin->getMitraSosmed('5')
 9 SYSTEMPATH\CodeIgniter.php(509): CodeIgniter\CodeIgniter->runController(Object(App\Controllers\Admin))
10 SYSTEMPATH\CodeIgniter.php(355): CodeIgniter\CodeIgniter->handleRequest(null, Object(Config\Cache), false)
11 SYSTEMPATH\Boot.php(325): CodeIgniter\CodeIgniter->run()
12 SYSTEMPATH\Boot.php(67): CodeIgniter\Boot::runCodeIgniter(Object(CodeIgniter\CodeIgniter))
13 FCPATH\index.php(59): CodeIgniter\Boot::bootWeb(Object(Config\Paths))
INFO - 2025-03-05 07:33:25 --> Session: Class initialized using 'CodeIgniter\Session\Handlers\FileHandler' driver.
INFO - 2025-03-05 07:33:25 --> Session: Class initialized using 'CodeIgniter\Session\Handlers\FileHandler' driver.
INFO - 2025-03-05 07:33:30 --> Session: Class initialized using 'CodeIgniter\Session\Handlers\FileHandler' driver.
INFO - 2025-03-05 07:33:55 --> Session: Class initialized using 'CodeIgniter\Session\Handlers\FileHandler' driver.
INFO - 2025-03-05 07:35:11 --> Session: Class initialized using 'CodeIgniter\Session\Handlers\FileHandler' driver.
INFO - 2025-03-05 07:35:22 --> Session: Class initialized using 'CodeIgniter\Session\Handlers\FileHandler' driver.
INFO - 2025-03-05 07:35:27 --> Session: Class initialized using 'CodeIgniter\Session\Handlers\FileHandler' driver.
INFO - 2025-03-05 07:35:27 --> Session: Class initialized using 'CodeIgniter\Session\Handlers\FileHandler' driver.
INFO - 2025-03-05 07:35:35 --> Session: Class initialized using 'CodeIgniter\Session\Handlers\FileHandler' driver.
INFO - 2025-03-05 07:35:41 --> Session: Class initialized using 'CodeIgniter\Session\Handlers\FileHandler' driver.
INFO - 2025-03-05 07:51:12 --> Session: Class initialized using 'CodeIgniter\Session\Handlers\FileHandler' driver.
INFO - 2025-03-05 07:51:12 --> Session: Class initialized using 'CodeIgniter\Session\Handlers\FileHandler' driver.
INFO - 2025-03-05 07:51:17 --> Session: Class initialized using 'CodeIgniter\Session\Handlers\FileHandler' driver.
INFO - 2025-03-05 07:51:17 --> Session: Class initialized using 'CodeIgniter\Session\Handlers\FileHandler' driver.
INFO - 2025-03-05 07:51:19 --> Session: Class initialized using 'CodeIgniter\Session\Handlers\FileHandler' driver.
INFO - 2025-03-05 07:51:20 --> Session: Class initialized using 'CodeIgniter\Session\Handlers\FileHandler' driver.
CRITICAL - 2025-03-05 23:12:38 --> Error: Class "App\Models\TeaterMitraSosmedModel" not found
[Method: GET, Route: Admin/homepage]
in APPPATH\Controllers\Admin.php on line 48.
 1 SYSTEMPATH\CodeIgniter.php(903): App\Controllers\Admin->__construct()
 2 SYSTEMPATH\CodeIgniter.php(500): CodeIgniter\CodeIgniter->createController()
 3 SYSTEMPATH\CodeIgniter.php(355): CodeIgniter\CodeIgniter->handleRequest(null, Object(Config\Cache), false)
 4 SYSTEMPATH\Boot.php(325): CodeIgniter\CodeIgniter->run()
 5 SYSTEMPATH\Boot.php(67): CodeIgniter\Boot::runCodeIgniter(Object(CodeIgniter\CodeIgniter))
 6 FCPATH\index.php(59): CodeIgniter\Boot::bootWeb(Object(Config\Paths))
CRITICAL - 2025-03-05 23:12:38 --> Error: Class "App\Models\TeaterMitraSosmedModel" not found
[Method: GET, Route: Admin/listPenampilan]
in APPPATH\Controllers\Admin.php on line 48.
 1 SYSTEMPATH\CodeIgniter.php(903): App\Controllers\Admin->__construct()
 2 SYSTEMPATH\CodeIgniter.php(500): CodeIgniter\CodeIgniter->createController()
 3 SYSTEMPATH\CodeIgniter.php(355): CodeIgniter\CodeIgniter->handleRequest(null, Object(Config\Cache), false)
 4 SYSTEMPATH\Boot.php(325): CodeIgniter\CodeIgniter->run()
 5 SYSTEMPATH\Boot.php(67): CodeIgniter\Boot::runCodeIgniter(Object(CodeIgniter\CodeIgniter))
 6 FCPATH\index.php(59): CodeIgniter\Boot::bootWeb(Object(Config\Paths))
INFO - 2025-03-05 23:12:39 --> Session: Class initialized using 'CodeIgniter\Session\Handlers\FileHandler' driver.
INFO - 2025-03-05 23:12:44 --> Session: Class initialized using 'CodeIgniter\Session\Handlers\FileHandler' driver.
CRITICAL - 2025-03-05 23:12:44 --> Error: Class "App\Models\TeaterMitraSosmedModel" not found
[Method: GET, Route: Admin/homepage]
in APPPATH\Controllers\Admin.php on line 48.
 1 SYSTEMPATH\CodeIgniter.php(903): App\Controllers\Admin->__construct()
 2 SYSTEMPATH\CodeIgniter.php(500): CodeIgniter\CodeIgniter->createController()
 3 SYSTEMPATH\CodeIgniter.php(355): CodeIgniter\CodeIgniter->handleRequest(null, Object(Config\Cache), false)
 4 SYSTEMPATH\Boot.php(325): CodeIgniter\CodeIgniter->run()
 5 SYSTEMPATH\Boot.php(67): CodeIgniter\Boot::runCodeIgniter(Object(CodeIgniter\CodeIgniter))
 6 FCPATH\index.php(59): CodeIgniter\Boot::bootWeb(Object(Config\Paths))
INFO - 2025-03-05 23:15:24 --> Session: Class initialized using 'CodeIgniter\Session\Handlers\FileHandler' driver.
INFO - 2025-03-05 23:15:27 --> Session: Class initialized using 'CodeIgniter\Session\Handlers\FileHandler' driver.
INFO - 2025-03-05 23:15:27 --> Session: Class initialized using 'CodeIgniter\Session\Handlers\FileHandler' driver.
INFO - 2025-03-05 23:15:44 --> Session: Class initialized using 'CodeIgniter\Session\Handlers\FileHandler' driver.
INFO - 2025-03-05 23:16:00 --> Session: Class initialized using 'CodeIgniter\Session\Handlers\FileHandler' driver.
