CRITICAL - 2024-11-30 04:01:52 --> Toolbar collector does not exist (CodeIgniter\Debug\Toolbar\Collectors\Cache). Please check $collectors in the app/Config/Toolbar.php file.
CRITICAL - 2024-11-30 04:02:01 --> Toolbar collector does not exist (CodeIgniter\Debug\Toolbar\Collectors\Cache). Please check $collectors in the app/Config/Toolbar.php file.
CRITICAL - 2024-11-30 04:08:44 --> Toolbar collector does not exist (CodeIgniter\Debug\Toolbar\Collectors\Cache). Please check $collectors in the app/Config/Toolbar.php file.
CRITICAL - 2024-11-30 04:08:44 --> Toolbar collector does not exist (CodeIgniter\Debug\Toolbar\Collectors\Cache). Please check $collectors in the app/Config/Toolbar.php file.
CRITICAL - 2024-11-30 04:08:47 --> Toolbar collector does not exist (CodeIgniter\Debug\Toolbar\Collectors\Cache). Please check $collectors in the app/Config/Toolbar.php file.
CRITICAL - 2024-11-30 04:37:05 --> Toolbar collector does not exist (CodeIgniter\Debug\Toolbar\Collectors\Cache). Please check $collectors in the app/Config/Toolbar.php file.
CRITICAL - 2024-11-30 04:37:10 --> Toolbar collector does not exist (CodeIgniter\Debug\Toolbar\Collectors\Cache). Please check $collectors in the app/Config/Toolbar.php file.
CRITICAL - 2024-11-30 04:37:10 --> Toolbar collector does not exist (CodeIgniter\Debug\Toolbar\Collectors\Cache). Please check $collectors in the app/Config/Toolbar.php file.
CRITICAL - 2024-11-30 04:37:11 --> Toolbar collector does not exist (CodeIgniter\Debug\Toolbar\Collectors\Cache). Please check $collectors in the app/Config/Toolbar.php file.
CRITICAL - 2024-11-30 04:55:30 --> Toolbar collector does not exist (CodeIgniter\Debug\Toolbar\Collectors\Cache). Please check $collectors in the app/Config/Toolbar.php file.
CRITICAL - 2024-11-30 04:55:33 --> Toolbar collector does not exist (CodeIgniter\Debug\Toolbar\Collectors\Cache). Please check $collectors in the app/Config/Toolbar.php file.
CRITICAL - 2024-11-30 04:56:15 --> Toolbar collector does not exist (CodeIgniter\Debug\Toolbar\Collectors\Cache). Please check $collectors in the app/Config/Toolbar.php file.
CRITICAL - 2024-11-30 04:57:26 --> Toolbar collector does not exist (CodeIgniter\Debug\Toolbar\Collectors\Cache). Please check $collectors in the app/Config/Toolbar.php file.
CRITICAL - 2024-11-30 04:58:08 --> Toolbar collector does not exist (CodeIgniter\Debug\Toolbar\Collectors\Cache). Please check $collectors in the app/Config/Toolbar.php file.
CRITICAL - 2024-11-30 04:58:10 --> Toolbar collector does not exist (CodeIgniter\Debug\Toolbar\Collectors\Cache). Please check $collectors in the app/Config/Toolbar.php file.
CRITICAL - 2024-11-30 04:58:12 --> Toolbar collector does not exist (CodeIgniter\Debug\Toolbar\Collectors\Cache). Please check $collectors in the app/Config/Toolbar.php file.
CRITICAL - 2024-11-30 04:58:14 --> Toolbar collector does not exist (CodeIgniter\Debug\Toolbar\Collectors\Cache). Please check $collectors in the app/Config/Toolbar.php file.
CRITICAL - 2024-11-30 04:58:16 --> Toolbar collector does not exist (CodeIgniter\Debug\Toolbar\Collectors\Cache). Please check $collectors in the app/Config/Toolbar.php file.
CRITICAL - 2024-11-30 04:58:18 --> Toolbar collector does not exist (CodeIgniter\Debug\Toolbar\Collectors\Cache). Please check $collectors in the app/Config/Toolbar.php file.
CRITICAL - 2024-11-30 04:58:20 --> Toolbar collector does not exist (CodeIgniter\Debug\Toolbar\Collectors\Cache). Please check $collectors in the app/Config/Toolbar.php file.
CRITICAL - 2024-11-30 04:58:22 --> Toolbar collector does not exist (CodeIgniter\Debug\Toolbar\Collectors\Cache). Please check $collectors in the app/Config/Toolbar.php file.
CRITICAL - 2024-11-30 05:12:39 --> Toolbar collector does not exist (CodeIgniter\Debug\Toolbar\Collectors\Cache). Please check $collectors in the app/Config/Toolbar.php file.
CRITICAL - 2024-11-30 05:32:28 --> Toolbar collector does not exist (CodeIgniter\Debug\Toolbar\Collectors\Cache). Please check $collectors in the app/Config/Toolbar.php file.
CRITICAL - 2024-11-30 05:32:32 --> Toolbar collector does not exist (CodeIgniter\Debug\Toolbar\Collectors\Cache). Please check $collectors in the app/Config/Toolbar.php file.
CRITICAL - 2024-11-30 05:32:34 --> Toolbar collector does not exist (CodeIgniter\Debug\Toolbar\Collectors\Cache). Please check $collectors in the app/Config/Toolbar.php file.
CRITICAL - 2024-11-30 05:32:47 --> Toolbar collector does not exist (CodeIgniter\Debug\Toolbar\Collectors\Cache). Please check $collectors in the app/Config/Toolbar.php file.
CRITICAL - 2024-11-30 05:32:49 --> Toolbar collector does not exist (CodeIgniter\Debug\Toolbar\Collectors\Cache). Please check $collectors in the app/Config/Toolbar.php file.
CRITICAL - 2024-11-30 05:32:51 --> Toolbar collector does not exist (CodeIgniter\Debug\Toolbar\Collectors\Cache). Please check $collectors in the app/Config/Toolbar.php file.
CRITICAL - 2024-11-30 05:32:52 --> Toolbar collector does not exist (CodeIgniter\Debug\Toolbar\Collectors\Cache). Please check $collectors in the app/Config/Toolbar.php file.
CRITICAL - 2024-11-30 05:42:46 --> Toolbar collector does not exist (CodeIgniter\Debug\Toolbar\Collectors\Cache). Please check $collectors in the app/Config/Toolbar.php file.
CRITICAL - 2024-11-30 05:42:58 --> Toolbar collector does not exist (CodeIgniter\Debug\Toolbar\Collectors\Cache). Please check $collectors in the app/Config/Toolbar.php file.
CRITICAL - 2024-11-30 05:42:59 --> Toolbar collector does not exist (CodeIgniter\Debug\Toolbar\Collectors\Cache). Please check $collectors in the app/Config/Toolbar.php file.
CRITICAL - 2024-11-30 05:44:33 --> Toolbar collector does not exist (CodeIgniter\Debug\Toolbar\Collectors\Cache). Please check $collectors in the app/Config/Toolbar.php file.
CRITICAL - 2024-11-30 05:50:05 --> Toolbar collector does not exist (CodeIgniter\Debug\Toolbar\Collectors\Cache). Please check $collectors in the app/Config/Toolbar.php file.
CRITICAL - 2024-11-30 05:56:20 --> Toolbar collector does not exist (CodeIgniter\Debug\Toolbar\Collectors\Cache). Please check $collectors in the app/Config/Toolbar.php file.
CRITICAL - 2024-11-30 05:57:56 --> Toolbar collector does not exist (CodeIgniter\Debug\Toolbar\Collectors\Cache). Please check $collectors in the app/Config/Toolbar.php file.
CRITICAL - 2024-11-30 05:57:59 --> Toolbar collector does not exist (CodeIgniter\Debug\Toolbar\Collectors\Cache). Please check $collectors in the app/Config/Toolbar.php file.
CRITICAL - 2024-11-30 05:58:01 --> Toolbar collector does not exist (CodeIgniter\Debug\Toolbar\Collectors\Cache). Please check $collectors in the app/Config/Toolbar.php file.
CRITICAL - 2024-11-30 05:58:13 --> Toolbar collector does not exist (CodeIgniter\Debug\Toolbar\Collectors\Cache). Please check $collectors in the app/Config/Toolbar.php file.
CRITICAL - 2024-11-30 05:58:15 --> Toolbar collector does not exist (CodeIgniter\Debug\Toolbar\Collectors\Cache). Please check $collectors in the app/Config/Toolbar.php file.
CRITICAL - 2024-11-30 05:59:17 --> Toolbar collector does not exist (CodeIgniter\Debug\Toolbar\Collectors\Cache). Please check $collectors in the app/Config/Toolbar.php file.
CRITICAL - 2024-11-30 05:59:18 --> Toolbar collector does not exist (CodeIgniter\Debug\Toolbar\Collectors\Cache). Please check $collectors in the app/Config/Toolbar.php file.
CRITICAL - 2024-11-30 06:08:59 --> Toolbar collector does not exist (CodeIgniter\Debug\Toolbar\Collectors\Cache). Please check $collectors in the app/Config/Toolbar.php file.
CRITICAL - 2024-11-30 06:09:03 --> Toolbar collector does not exist (CodeIgniter\Debug\Toolbar\Collectors\Cache). Please check $collectors in the app/Config/Toolbar.php file.
CRITICAL - 2024-11-30 06:09:04 --> Toolbar collector does not exist (CodeIgniter\Debug\Toolbar\Collectors\Cache). Please check $collectors in the app/Config/Toolbar.php file.
CRITICAL - 2024-11-30 06:10:52 --> Toolbar collector does not exist (CodeIgniter\Debug\Toolbar\Collectors\Cache). Please check $collectors in the app/Config/Toolbar.php file.
CRITICAL - 2024-11-30 06:16:33 --> Toolbar collector does not exist (CodeIgniter\Debug\Toolbar\Collectors\Cache). Please check $collectors in the app/Config/Toolbar.php file.
CRITICAL - 2024-11-30 06:25:40 --> Toolbar collector does not exist (CodeIgniter\Debug\Toolbar\Collectors\Cache). Please check $collectors in the app/Config/Toolbar.php file.
CRITICAL - 2024-11-30 06:26:13 --> Toolbar collector does not exist (CodeIgniter\Debug\Toolbar\Collectors\Cache). Please check $collectors in the app/Config/Toolbar.php file.
CRITICAL - 2024-11-30 06:26:54 --> Toolbar collector does not exist (CodeIgniter\Debug\Toolbar\Collectors\Cache). Please check $collectors in the app/Config/Toolbar.php file.
CRITICAL - 2024-11-30 06:27:04 --> Toolbar collector does not exist (CodeIgniter\Debug\Toolbar\Collectors\Cache). Please check $collectors in the app/Config/Toolbar.php file.
CRITICAL - 2024-11-30 06:27:14 --> Toolbar collector does not exist (CodeIgniter\Debug\Toolbar\Collectors\Cache). Please check $collectors in the app/Config/Toolbar.php file.
CRITICAL - 2024-11-30 06:27:50 --> Toolbar collector does not exist (CodeIgniter\Debug\Toolbar\Collectors\Cache). Please check $collectors in the app/Config/Toolbar.php file.
CRITICAL - 2024-11-30 06:28:00 --> Toolbar collector does not exist (CodeIgniter\Debug\Toolbar\Collectors\Cache). Please check $collectors in the app/Config/Toolbar.php file.
CRITICAL - 2024-11-30 06:30:05 --> Toolbar collector does not exist (CodeIgniter\Debug\Toolbar\Collectors\Cache). Please check $collectors in the app/Config/Toolbar.php file.
CRITICAL - 2024-11-30 06:30:13 --> Toolbar collector does not exist (CodeIgniter\Debug\Toolbar\Collectors\Cache). Please check $collectors in the app/Config/Toolbar.php file.
CRITICAL - 2024-11-30 06:30:15 --> Toolbar collector does not exist (CodeIgniter\Debug\Toolbar\Collectors\Cache). Please check $collectors in the app/Config/Toolbar.php file.
CRITICAL - 2024-11-30 06:30:15 --> Toolbar collector does not exist (CodeIgniter\Debug\Toolbar\Collectors\Cache). Please check $collectors in the app/Config/Toolbar.php file.
CRITICAL - 2024-11-30 06:30:42 --> Toolbar collector does not exist (CodeIgniter\Debug\Toolbar\Collectors\Cache). Please check $collectors in the app/Config/Toolbar.php file.
CRITICAL - 2024-11-30 06:30:47 --> Toolbar collector does not exist (CodeIgniter\Debug\Toolbar\Collectors\Cache). Please check $collectors in the app/Config/Toolbar.php file.
CRITICAL - 2024-11-30 06:31:56 --> Toolbar collector does not exist (CodeIgniter\Debug\Toolbar\Collectors\Cache). Please check $collectors in the app/Config/Toolbar.php file.
CRITICAL - 2024-11-30 06:32:07 --> Toolbar collector does not exist (CodeIgniter\Debug\Toolbar\Collectors\Cache). Please check $collectors in the app/Config/Toolbar.php file.
CRITICAL - 2024-11-30 06:46:33 --> Toolbar collector does not exist (CodeIgniter\Debug\Toolbar\Collectors\Cache). Please check $collectors in the app/Config/Toolbar.php file.
CRITICAL - 2024-11-30 06:46:40 --> Toolbar collector does not exist (CodeIgniter\Debug\Toolbar\Collectors\Cache). Please check $collectors in the app/Config/Toolbar.php file.
CRITICAL - 2024-11-30 06:47:20 --> Toolbar collector does not exist (CodeIgniter\Debug\Toolbar\Collectors\Cache). Please check $collectors in the app/Config/Toolbar.php file.
CRITICAL - 2024-11-30 06:49:17 --> Toolbar collector does not exist (CodeIgniter\Debug\Toolbar\Collectors\Cache). Please check $collectors in the app/Config/Toolbar.php file.
CRITICAL - 2024-11-30 06:49:42 --> Toolbar collector does not exist (CodeIgniter\Debug\Toolbar\Collectors\Cache). Please check $collectors in the app/Config/Toolbar.php file.
CRITICAL - 2024-11-30 06:51:15 --> Toolbar collector does not exist (CodeIgniter\Debug\Toolbar\Collectors\Cache). Please check $collectors in the app/Config/Toolbar.php file.
CRITICAL - 2024-11-30 06:52:16 --> Toolbar collector does not exist (CodeIgniter\Debug\Toolbar\Collectors\Cache). Please check $collectors in the app/Config/Toolbar.php file.
CRITICAL - 2024-11-30 06:53:06 --> Toolbar collector does not exist (CodeIgniter\Debug\Toolbar\Collectors\Cache). Please check $collectors in the app/Config/Toolbar.php file.
CRITICAL - 2024-11-30 06:54:12 --> Toolbar collector does not exist (CodeIgniter\Debug\Toolbar\Collectors\Cache). Please check $collectors in the app/Config/Toolbar.php file.
CRITICAL - 2024-11-30 06:55:50 --> Toolbar collector does not exist (CodeIgniter\Debug\Toolbar\Collectors\Cache). Please check $collectors in the app/Config/Toolbar.php file.
CRITICAL - 2024-11-30 06:58:03 --> Toolbar collector does not exist (CodeIgniter\Debug\Toolbar\Collectors\Cache). Please check $collectors in the app/Config/Toolbar.php file.
CRITICAL - 2024-11-30 07:03:02 --> Toolbar collector does not exist (CodeIgniter\Debug\Toolbar\Collectors\Cache). Please check $collectors in the app/Config/Toolbar.php file.
CRITICAL - 2024-11-30 07:06:31 --> Toolbar collector does not exist (CodeIgniter\Debug\Toolbar\Collectors\Cache). Please check $collectors in the app/Config/Toolbar.php file.
CRITICAL - 2024-11-30 07:07:07 --> Toolbar collector does not exist (CodeIgniter\Debug\Toolbar\Collectors\Cache). Please check $collectors in the app/Config/Toolbar.php file.
CRITICAL - 2024-11-30 07:07:28 --> Toolbar collector does not exist (CodeIgniter\Debug\Toolbar\Collectors\Cache). Please check $collectors in the app/Config/Toolbar.php file.
CRITICAL - 2024-11-30 07:07:57 --> Toolbar collector does not exist (CodeIgniter\Debug\Toolbar\Collectors\Cache). Please check $collectors in the app/Config/Toolbar.php file.
CRITICAL - 2024-11-30 07:24:58 --> Toolbar collector does not exist (CodeIgniter\Debug\Toolbar\Collectors\Cache). Please check $collectors in the app/Config/Toolbar.php file.
CRITICAL - 2024-11-30 07:26:34 --> Toolbar collector does not exist (CodeIgniter\Debug\Toolbar\Collectors\Cache). Please check $collectors in the app/Config/Toolbar.php file.
CRITICAL - 2024-11-30 07:26:39 --> Toolbar collector does not exist (CodeIgniter\Debug\Toolbar\Collectors\Cache). Please check $collectors in the app/Config/Toolbar.php file.
CRITICAL - 2024-11-30 07:27:23 --> Toolbar collector does not exist (CodeIgniter\Debug\Toolbar\Collectors\Cache). Please check $collectors in the app/Config/Toolbar.php file.
CRITICAL - 2024-11-30 07:28:45 --> Toolbar collector does not exist (CodeIgniter\Debug\Toolbar\Collectors\Cache). Please check $collectors in the app/Config/Toolbar.php file.
CRITICAL - 2024-11-30 07:29:15 --> Toolbar collector does not exist (CodeIgniter\Debug\Toolbar\Collectors\Cache). Please check $collectors in the app/Config/Toolbar.php file.
CRITICAL - 2024-11-30 07:29:38 --> Toolbar collector does not exist (CodeIgniter\Debug\Toolbar\Collectors\Cache). Please check $collectors in the app/Config/Toolbar.php file.
CRITICAL - 2024-11-30 07:30:31 --> Toolbar collector does not exist (CodeIgniter\Debug\Toolbar\Collectors\Cache). Please check $collectors in the app/Config/Toolbar.php file.
CRITICAL - 2024-11-30 07:30:50 --> Toolbar collector does not exist (CodeIgniter\Debug\Toolbar\Collectors\Cache). Please check $collectors in the app/Config/Toolbar.php file.
CRITICAL - 2024-11-30 07:31:20 --> Toolbar collector does not exist (CodeIgniter\Debug\Toolbar\Collectors\Cache). Please check $collectors in the app/Config/Toolbar.php file.
CRITICAL - 2024-11-30 07:31:46 --> Toolbar collector does not exist (CodeIgniter\Debug\Toolbar\Collectors\Cache). Please check $collectors in the app/Config/Toolbar.php file.
CRITICAL - 2024-11-30 07:34:19 --> Toolbar collector does not exist (CodeIgniter\Debug\Toolbar\Collectors\Cache). Please check $collectors in the app/Config/Toolbar.php file.
CRITICAL - 2024-11-30 07:35:06 --> Toolbar collector does not exist (CodeIgniter\Debug\Toolbar\Collectors\Cache). Please check $collectors in the app/Config/Toolbar.php file.
CRITICAL - 2024-11-30 07:35:07 --> Toolbar collector does not exist (CodeIgniter\Debug\Toolbar\Collectors\Cache). Please check $collectors in the app/Config/Toolbar.php file.
CRITICAL - 2024-11-30 07:35:29 --> Toolbar collector does not exist (CodeIgniter\Debug\Toolbar\Collectors\Cache). Please check $collectors in the app/Config/Toolbar.php file.
CRITICAL - 2024-11-30 07:35:48 --> Toolbar collector does not exist (CodeIgniter\Debug\Toolbar\Collectors\Cache). Please check $collectors in the app/Config/Toolbar.php file.
CRITICAL - 2024-11-30 07:35:50 --> Toolbar collector does not exist (CodeIgniter\Debug\Toolbar\Collectors\Cache). Please check $collectors in the app/Config/Toolbar.php file.
CRITICAL - 2024-11-30 07:37:10 --> Toolbar collector does not exist (CodeIgniter\Debug\Toolbar\Collectors\Cache). Please check $collectors in the app/Config/Toolbar.php file.
CRITICAL - 2024-11-30 07:38:11 --> Toolbar collector does not exist (CodeIgniter\Debug\Toolbar\Collectors\Cache). Please check $collectors in the app/Config/Toolbar.php file.
CRITICAL - 2024-11-30 07:40:15 --> Toolbar collector does not exist (CodeIgniter\Debug\Toolbar\Collectors\Cache). Please check $collectors in the app/Config/Toolbar.php file.
CRITICAL - 2024-11-30 07:40:44 --> Toolbar collector does not exist (CodeIgniter\Debug\Toolbar\Collectors\Cache). Please check $collectors in the app/Config/Toolbar.php file.
CRITICAL - 2024-11-30 07:40:45 --> Toolbar collector does not exist (CodeIgniter\Debug\Toolbar\Collectors\Cache). Please check $collectors in the app/Config/Toolbar.php file.
CRITICAL - 2024-11-30 07:40:47 --> Toolbar collector does not exist (CodeIgniter\Debug\Toolbar\Collectors\Cache). Please check $collectors in the app/Config/Toolbar.php file.
CRITICAL - 2024-11-30 07:41:02 --> Toolbar collector does not exist (CodeIgniter\Debug\Toolbar\Collectors\Cache). Please check $collectors in the app/Config/Toolbar.php file.
CRITICAL - 2024-11-30 07:41:35 --> Toolbar collector does not exist (CodeIgniter\Debug\Toolbar\Collectors\Cache). Please check $collectors in the app/Config/Toolbar.php file.
CRITICAL - 2024-11-30 07:43:11 --> Toolbar collector does not exist (CodeIgniter\Debug\Toolbar\Collectors\Cache). Please check $collectors in the app/Config/Toolbar.php file.
CRITICAL - 2024-11-30 07:44:42 --> Toolbar collector does not exist (CodeIgniter\Debug\Toolbar\Collectors\Cache). Please check $collectors in the app/Config/Toolbar.php file.
CRITICAL - 2024-11-30 07:45:28 --> Toolbar collector does not exist (CodeIgniter\Debug\Toolbar\Collectors\Cache). Please check $collectors in the app/Config/Toolbar.php file.
CRITICAL - 2024-11-30 07:46:30 --> Toolbar collector does not exist (CodeIgniter\Debug\Toolbar\Collectors\Cache). Please check $collectors in the app/Config/Toolbar.php file.
CRITICAL - 2024-11-30 07:46:33 --> Toolbar collector does not exist (CodeIgniter\Debug\Toolbar\Collectors\Cache). Please check $collectors in the app/Config/Toolbar.php file.
CRITICAL - 2024-11-30 07:46:36 --> Toolbar collector does not exist (CodeIgniter\Debug\Toolbar\Collectors\Cache). Please check $collectors in the app/Config/Toolbar.php file.
CRITICAL - 2024-11-30 07:47:17 --> Toolbar collector does not exist (CodeIgniter\Debug\Toolbar\Collectors\Cache). Please check $collectors in the app/Config/Toolbar.php file.
CRITICAL - 2024-11-30 07:47:41 --> Toolbar collector does not exist (CodeIgniter\Debug\Toolbar\Collectors\Cache). Please check $collectors in the app/Config/Toolbar.php file.
CRITICAL - 2024-11-30 07:47:52 --> Toolbar collector does not exist (CodeIgniter\Debug\Toolbar\Collectors\Cache). Please check $collectors in the app/Config/Toolbar.php file.
CRITICAL - 2024-11-30 07:49:23 --> Toolbar collector does not exist (CodeIgniter\Debug\Toolbar\Collectors\Cache). Please check $collectors in the app/Config/Toolbar.php file.
CRITICAL - 2024-11-30 07:49:55 --> Toolbar collector does not exist (CodeIgniter\Debug\Toolbar\Collectors\Cache). Please check $collectors in the app/Config/Toolbar.php file.
CRITICAL - 2024-11-30 07:50:50 --> Toolbar collector does not exist (CodeIgniter\Debug\Toolbar\Collectors\Cache). Please check $collectors in the app/Config/Toolbar.php file.
CRITICAL - 2024-11-30 07:52:07 --> Toolbar collector does not exist (CodeIgniter\Debug\Toolbar\Collectors\Cache). Please check $collectors in the app/Config/Toolbar.php file.
CRITICAL - 2024-11-30 07:53:15 --> Toolbar collector does not exist (CodeIgniter\Debug\Toolbar\Collectors\Cache). Please check $collectors in the app/Config/Toolbar.php file.
CRITICAL - 2024-11-30 08:12:35 --> Toolbar collector does not exist (CodeIgniter\Debug\Toolbar\Collectors\Cache). Please check $collectors in the app/Config/Toolbar.php file.
CRITICAL - 2024-11-30 08:12:45 --> Toolbar collector does not exist (CodeIgniter\Debug\Toolbar\Collectors\Cache). Please check $collectors in the app/Config/Toolbar.php file.
CRITICAL - 2024-11-30 08:14:20 --> Toolbar collector does not exist (CodeIgniter\Debug\Toolbar\Collectors\Cache). Please check $collectors in the app/Config/Toolbar.php file.
CRITICAL - 2024-11-30 08:15:12 --> Toolbar collector does not exist (CodeIgniter\Debug\Toolbar\Collectors\Cache). Please check $collectors in the app/Config/Toolbar.php file.
CRITICAL - 2024-11-30 08:15:29 --> Toolbar collector does not exist (CodeIgniter\Debug\Toolbar\Collectors\Cache). Please check $collectors in the app/Config/Toolbar.php file.
CRITICAL - 2024-11-30 08:17:11 --> Toolbar collector does not exist (CodeIgniter\Debug\Toolbar\Collectors\Cache). Please check $collectors in the app/Config/Toolbar.php file.
CRITICAL - 2024-11-30 08:17:16 --> Toolbar collector does not exist (CodeIgniter\Debug\Toolbar\Collectors\Cache). Please check $collectors in the app/Config/Toolbar.php file.
CRITICAL - 2024-11-30 08:30:40 --> Toolbar collector does not exist (CodeIgniter\Debug\Toolbar\Collectors\Cache). Please check $collectors in the app/Config/Toolbar.php file.
CRITICAL - 2024-11-30 08:45:00 --> Toolbar collector does not exist (CodeIgniter\Debug\Toolbar\Collectors\Cache). Please check $collectors in the app/Config/Toolbar.php file.
CRITICAL - 2024-11-30 08:46:49 --> Toolbar collector does not exist (CodeIgniter\Debug\Toolbar\Collectors\Cache). Please check $collectors in the app/Config/Toolbar.php file.
CRITICAL - 2024-11-30 08:47:03 --> Toolbar collector does not exist (CodeIgniter\Debug\Toolbar\Collectors\Cache). Please check $collectors in the app/Config/Toolbar.php file.
CRITICAL - 2024-11-30 08:47:12 --> Toolbar collector does not exist (CodeIgniter\Debug\Toolbar\Collectors\Cache). Please check $collectors in the app/Config/Toolbar.php file.
CRITICAL - 2024-11-30 08:47:15 --> Toolbar collector does not exist (CodeIgniter\Debug\Toolbar\Collectors\Cache). Please check $collectors in the app/Config/Toolbar.php file.
CRITICAL - 2024-11-30 08:47:18 --> CodeIgniter\HTTP\Exceptions\BadRequestException: The URI you submitted has disallowed characters: "<"
[Method: GET, Route: MitraTeater/%3C]
in SYSTEMPATH\Router\Router.php on line 737.
 1 SYSTEMPATH\Router\Router.php(204): CodeIgniter\Router\Router->checkDisallowedChars('MitraTeater/<')
 2 SYSTEMPATH\CodeIgniter.php(834): CodeIgniter\Router\Router->handle('MitraTeater/<')
 3 SYSTEMPATH\CodeIgniter.php(457): CodeIgniter\CodeIgniter->tryToRouteIt(Object(CodeIgniter\Router\RouteCollection))
 4 SYSTEMPATH\CodeIgniter.php(355): CodeIgniter\CodeIgniter->handleRequest(null, Object(Config\Cache), false)
 5 SYSTEMPATH\Boot.php(325): CodeIgniter\CodeIgniter->run()
 6 SYSTEMPATH\Boot.php(67): CodeIgniter\Boot::runCodeIgniter(Object(CodeIgniter\CodeIgniter))
 7 FCPATH\index.php(59): CodeIgniter\Boot::bootWeb(Object(Config\Paths))
CRITICAL - 2024-11-30 08:47:45 --> Toolbar collector does not exist (CodeIgniter\Debug\Toolbar\Collectors\Cache). Please check $collectors in the app/Config/Toolbar.php file.
CRITICAL - 2024-11-30 08:47:48 --> Toolbar collector does not exist (CodeIgniter\Debug\Toolbar\Collectors\Cache). Please check $collectors in the app/Config/Toolbar.php file.
CRITICAL - 2024-11-30 08:47:51 --> Toolbar collector does not exist (CodeIgniter\Debug\Toolbar\Collectors\Cache). Please check $collectors in the app/Config/Toolbar.php file.
CRITICAL - 2024-11-30 08:48:53 --> Toolbar collector does not exist (CodeIgniter\Debug\Toolbar\Collectors\Cache). Please check $collectors in the app/Config/Toolbar.php file.
CRITICAL - 2024-11-30 09:00:41 --> Toolbar collector does not exist (CodeIgniter\Debug\Toolbar\Collectors\Cache). Please check $collectors in the app/Config/Toolbar.php file.
CRITICAL - 2024-11-30 09:00:49 --> Toolbar collector does not exist (CodeIgniter\Debug\Toolbar\Collectors\Cache). Please check $collectors in the app/Config/Toolbar.php file.
CRITICAL - 2024-11-30 09:00:52 --> Toolbar collector does not exist (CodeIgniter\Debug\Toolbar\Collectors\Cache). Please check $collectors in the app/Config/Toolbar.php file.
CRITICAL - 2024-11-30 09:01:14 --> Toolbar collector does not exist (CodeIgniter\Debug\Toolbar\Collectors\Cache). Please check $collectors in the app/Config/Toolbar.php file.
CRITICAL - 2024-11-30 09:01:16 --> Toolbar collector does not exist (CodeIgniter\Debug\Toolbar\Collectors\Cache). Please check $collectors in the app/Config/Toolbar.php file.
CRITICAL - 2024-11-30 09:10:56 --> Toolbar collector does not exist (CodeIgniter\Debug\Toolbar\Collectors\Cache). Please check $collectors in the app/Config/Toolbar.php file.
CRITICAL - 2024-11-30 09:23:29 --> Toolbar collector does not exist (CodeIgniter\Debug\Toolbar\Collectors\Cache). Please check $collectors in the app/Config/Toolbar.php file.
CRITICAL - 2024-11-30 09:25:51 --> Toolbar collector does not exist (CodeIgniter\Debug\Toolbar\Collectors\Cache). Please check $collectors in the app/Config/Toolbar.php file.
CRITICAL - 2024-11-30 09:29:07 --> Toolbar collector does not exist (CodeIgniter\Debug\Toolbar\Collectors\Cache). Please check $collectors in the app/Config/Toolbar.php file.
CRITICAL - 2024-11-30 09:29:35 --> Toolbar collector does not exist (CodeIgniter\Debug\Toolbar\Collectors\Cache). Please check $collectors in the app/Config/Toolbar.php file.
CRITICAL - 2024-11-30 09:29:37 --> Toolbar collector does not exist (CodeIgniter\Debug\Toolbar\Collectors\Cache). Please check $collectors in the app/Config/Toolbar.php file.
CRITICAL - 2024-11-30 09:29:39 --> Toolbar collector does not exist (CodeIgniter\Debug\Toolbar\Collectors\Cache). Please check $collectors in the app/Config/Toolbar.php file.
CRITICAL - 2024-11-30 09:30:55 --> Toolbar collector does not exist (CodeIgniter\Debug\Toolbar\Collectors\Cache). Please check $collectors in the app/Config/Toolbar.php file.
CRITICAL - 2024-11-30 14:56:03 --> Toolbar collector does not exist (CodeIgniter\Debug\Toolbar\Collectors\Cache). Please check $collectors in the app/Config/Toolbar.php file.
CRITICAL - 2024-11-30 14:57:17 --> Toolbar collector does not exist (CodeIgniter\Debug\Toolbar\Collectors\Cache). Please check $collectors in the app/Config/Toolbar.php file.
