CRITICAL - 2024-11-11 14:19:01 --> ErrorException: Undefined property: App\Controllers\Audiens::$load
[Method: GET, Route: /]
in APPPATH\Controllers\Audiens.php on line 8.
 1 APPPATH\Controllers\Audiens.php(8): CodeIgniter\Debug\Exceptions->errorHandler(2, 'Undefined property: App\\Controllers\\Audiens::$load', 'C:\\xampp\\htdocs\\CodeIgniter4\\app\\Controllers\\Audiens.php', 8)
 2 SYSTEMPATH\CodeIgniter.php(933): App\Controllers\Audiens->index()
 3 SYSTEMPATH\CodeIgniter.php(509): CodeIgniter\CodeIgniter->runController(Object(App\Controllers\Audiens))
 4 SYSTEMPATH\CodeIgniter.php(355): CodeIgniter\CodeIgniter->handleRequest(null, Object(Config\Cache), false)
 5 SYSTEMPATH\Boot.php(325): CodeIgniter\CodeIgniter->run()
 6 SYSTEMPATH\Boot.php(67): CodeIgniter\Boot::runCodeIgniter(Object(CodeIgniter\CodeIgniter))
 7 FCPATH\index.php(56): CodeIgniter\Boot::bootWeb(Object(Config\Paths))
CRITICAL - 2024-11-11 14:19:05 --> ErrorException: Undefined property: App\Controllers\Audiens::$load
[Method: GET, Route: /]
in APPPATH\Controllers\Audiens.php on line 8.
 1 APPPATH\Controllers\Audiens.php(8): CodeIgniter\Debug\Exceptions->errorHandler(2, 'Undefined property: App\\Controllers\\Audiens::$load', 'C:\\xampp\\htdocs\\CodeIgniter4\\app\\Controllers\\Audiens.php', 8)
 2 SYSTEMPATH\CodeIgniter.php(933): App\Controllers\Audiens->index()
 3 SYSTEMPATH\CodeIgniter.php(509): CodeIgniter\CodeIgniter->runController(Object(App\Controllers\Audiens))
 4 SYSTEMPATH\CodeIgniter.php(355): CodeIgniter\CodeIgniter->handleRequest(null, Object(Config\Cache), false)
 5 SYSTEMPATH\Boot.php(325): CodeIgniter\CodeIgniter->run()
 6 SYSTEMPATH\Boot.php(67): CodeIgniter\Boot::runCodeIgniter(Object(CodeIgniter\CodeIgniter))
 7 FCPATH\index.php(56): CodeIgniter\Boot::bootWeb(Object(Config\Paths))
