ERROR - 2024-12-24 11:38:28 --> mysqli_sql_exception: Duplicate entry '1-pearlmhrlk' for key 'role_username' in C:\xampp\htdocs\CodeIgniter4\system\Database\MySQLi\Connection.php:312
Stack trace:
#0 C:\xampp\htdocs\CodeIgniter4\system\Database\MySQLi\Connection.php(312): mysqli->query('INSERT INTO `m_...', 0)
#1 C:\xampp\htdocs\CodeIgniter4\system\Database\BaseConnection.php(734): CodeIgniter\Database\MySQLi\Connection->execute('INSERT INTO `m_...')
#2 C:\xampp\htdocs\CodeIgniter4\system\Database\BaseConnection.php(648): CodeIgniter\Database\BaseConnection->simpleQuery('INSERT INTO `m_...')
#3 C:\xampp\htdocs\CodeIgniter4\system\Database\BaseBuilder.php(2340): CodeIgniter\Database\BaseConnection->query('INSERT INTO `m_...', Array, false)
#4 C:\xampp\htdocs\CodeIgniter4\system\Model.php(394): CodeIgniter\Database\BaseBuilder->insert()
#5 C:\xampp\htdocs\CodeIgniter4\system\BaseModel.php(840): CodeIgniter\Model->doInsert(Array)
#6 C:\xampp\htdocs\CodeIgniter4\system\Model.php(802): CodeIgniter\BaseModel->insert(Array, true)
#7 C:\xampp\htdocs\CodeIgniter4\app\Controllers\Audiens.php(92): CodeIgniter\Model->insert(Array)
#8 C:\xampp\htdocs\CodeIgniter4\system\CodeIgniter.php(933): App\Controllers\Audiens->register()
#9 C:\xampp\htdocs\CodeIgniter4\system\CodeIgniter.php(509): CodeIgniter\CodeIgniter->runController(Object(App\Controllers\Audiens))
#10 C:\xampp\htdocs\CodeIgniter4\system\CodeIgniter.php(355): CodeIgniter\CodeIgniter->handleRequest(NULL, Object(Config\Cache), false)
#11 C:\xampp\htdocs\CodeIgniter4\system\Boot.php(325): CodeIgniter\CodeIgniter->run()
#12 C:\xampp\htdocs\CodeIgniter4\system\Boot.php(67): CodeIgniter\Boot::runCodeIgniter(Object(CodeIgniter\CodeIgniter))
#13 C:\xampp\htdocs\CodeIgniter4\public\index.php(59): CodeIgniter\Boot::bootWeb(Object(Config\Paths))
#14 {main}
CRITICAL - 2024-12-24 11:38:29 --> CodeIgniter\Database\Exceptions\DatabaseException: Duplicate entry '1-pearlmhrlk' for key 'role_username'
[Method: POST, Route: Audiens/registration]
in SYSTEMPATH\Database\BaseConnection.php on line 688.
 1 SYSTEMPATH\Database\BaseBuilder.php(2340): CodeIgniter\Database\BaseConnection->query('INSERT INTO `m_user` (`id_role`, `username`, `nama`, `password`, `email`, `login_attempt`, `tgl_dibuat`, `tgl_dimodif`) VALUES (:id_role:, :username:, :nama:, :password:, :email:, :login_attempt:, :tgl_dibuat:, :tgl_dimodif:)', [...], false)
 2 SYSTEMPATH\Model.php(394): CodeIgniter\Database\BaseBuilder->insert()
 3 SYSTEMPATH\BaseModel.php(840): CodeIgniter\Model->doInsert([...])
 4 SYSTEMPATH\Model.php(802): CodeIgniter\BaseModel->insert([...], true)
 5 APPPATH\Controllers\Audiens.php(92): CodeIgniter\Model->insert([...])
 6 SYSTEMPATH\CodeIgniter.php(933): App\Controllers\Audiens->register()
 7 SYSTEMPATH\CodeIgniter.php(509): CodeIgniter\CodeIgniter->runController(Object(App\Controllers\Audiens))
 8 SYSTEMPATH\CodeIgniter.php(355): CodeIgniter\CodeIgniter->handleRequest(null, Object(Config\Cache), false)
 9 SYSTEMPATH\Boot.php(325): CodeIgniter\CodeIgniter->run()
10 SYSTEMPATH\Boot.php(67): CodeIgniter\Boot::runCodeIgniter(Object(CodeIgniter\CodeIgniter))
11 FCPATH\index.php(59): CodeIgniter\Boot::bootWeb(Object(Config\Paths))
CRITICAL - 2024-12-24 11:38:29 --> [Caused by] CodeIgniter\Database\Exceptions\DatabaseException: Duplicate entry '1-pearlmhrlk' for key 'role_username'
in SYSTEMPATH\Database\MySQLi\Connection.php on line 317.
 1 SYSTEMPATH\Database\BaseConnection.php(734): CodeIgniter\Database\MySQLi\Connection->execute('INSERT INTO `m_user` (`id_role`, `username`, `nama`, `password`, `email`, `login_attempt`, `tgl_dibuat`, `tgl_dimodif`) VALUES (1, \'pearlmhrlk\', \'Pearla Zahra Maharlika\', \'$2y$10$FciWk3QFyj7BBk6bIXENd.pCc8YCiqAusvpsCmjjBptaqAPJai//y\', \'zmaharlika@gmail.com\', 0, \'2024-12-24 11:38:28\', \'2024-12-24 11:38:28\')')
 2 SYSTEMPATH\Database\BaseConnection.php(648): CodeIgniter\Database\BaseConnection->simpleQuery('INSERT INTO `m_user` (`id_role`, `username`, `nama`, `password`, `email`, `login_attempt`, `tgl_dibuat`, `tgl_dimodif`) VALUES (1, \'pearlmhrlk\', \'Pearla Zahra Maharlika\', \'$2y$10$FciWk3QFyj7BBk6bIXENd.pCc8YCiqAusvpsCmjjBptaqAPJai//y\', \'zmaharlika@gmail.com\', 0, \'2024-12-24 11:38:28\', \'2024-12-24 11:38:28\')')
 3 SYSTEMPATH\Database\BaseBuilder.php(2340): CodeIgniter\Database\BaseConnection->query('INSERT INTO `m_user` (`id_role`, `username`, `nama`, `password`, `email`, `login_attempt`, `tgl_dibuat`, `tgl_dimodif`) VALUES (:id_role:, :username:, :nama:, :password:, :email:, :login_attempt:, :tgl_dibuat:, :tgl_dimodif:)', [...], false)
 4 SYSTEMPATH\Model.php(394): CodeIgniter\Database\BaseBuilder->insert()
 5 SYSTEMPATH\BaseModel.php(840): CodeIgniter\Model->doInsert([...])
 6 SYSTEMPATH\Model.php(802): CodeIgniter\BaseModel->insert([...], true)
 7 APPPATH\Controllers\Audiens.php(92): CodeIgniter\Model->insert([...])
 8 SYSTEMPATH\CodeIgniter.php(933): App\Controllers\Audiens->register()
 9 SYSTEMPATH\CodeIgniter.php(509): CodeIgniter\CodeIgniter->runController(Object(App\Controllers\Audiens))
10 SYSTEMPATH\CodeIgniter.php(355): CodeIgniter\CodeIgniter->handleRequest(null, Object(Config\Cache), false)
11 SYSTEMPATH\Boot.php(325): CodeIgniter\CodeIgniter->run()
12 SYSTEMPATH\Boot.php(67): CodeIgniter\Boot::runCodeIgniter(Object(CodeIgniter\CodeIgniter))
13 FCPATH\index.php(59): CodeIgniter\Boot::bootWeb(Object(Config\Paths))
CRITICAL - 2024-12-24 11:38:29 --> [Caused by] mysqli_sql_exception: Duplicate entry '1-pearlmhrlk' for key 'role_username'
in SYSTEMPATH\Database\MySQLi\Connection.php on line 312.
 1 SYSTEMPATH\Database\MySQLi\Connection.php(312): mysqli->query('INSERT INTO `m_user` (`id_role`, `username`, `nama`, `password`, `email`, `login_attempt`, `tgl_dibuat`, `tgl_dimodif`) VALUES (1, \'pearlmhrlk\', \'Pearla Zahra Maharlika\', \'$2y$10$FciWk3QFyj7BBk6bIXENd.pCc8YCiqAusvpsCmjjBptaqAPJai//y\', \'zmaharlika@gmail.com\', 0, \'2024-12-24 11:38:28\', \'2024-12-24 11:38:28\')', 0)
 2 SYSTEMPATH\Database\BaseConnection.php(734): CodeIgniter\Database\MySQLi\Connection->execute('INSERT INTO `m_user` (`id_role`, `username`, `nama`, `password`, `email`, `login_attempt`, `tgl_dibuat`, `tgl_dimodif`) VALUES (1, \'pearlmhrlk\', \'Pearla Zahra Maharlika\', \'$2y$10$FciWk3QFyj7BBk6bIXENd.pCc8YCiqAusvpsCmjjBptaqAPJai//y\', \'zmaharlika@gmail.com\', 0, \'2024-12-24 11:38:28\', \'2024-12-24 11:38:28\')')
 3 SYSTEMPATH\Database\BaseConnection.php(648): CodeIgniter\Database\BaseConnection->simpleQuery('INSERT INTO `m_user` (`id_role`, `username`, `nama`, `password`, `email`, `login_attempt`, `tgl_dibuat`, `tgl_dimodif`) VALUES (1, \'pearlmhrlk\', \'Pearla Zahra Maharlika\', \'$2y$10$FciWk3QFyj7BBk6bIXENd.pCc8YCiqAusvpsCmjjBptaqAPJai//y\', \'zmaharlika@gmail.com\', 0, \'2024-12-24 11:38:28\', \'2024-12-24 11:38:28\')')
 4 SYSTEMPATH\Database\BaseBuilder.php(2340): CodeIgniter\Database\BaseConnection->query('INSERT INTO `m_user` (`id_role`, `username`, `nama`, `password`, `email`, `login_attempt`, `tgl_dibuat`, `tgl_dimodif`) VALUES (:id_role:, :username:, :nama:, :password:, :email:, :login_attempt:, :tgl_dibuat:, :tgl_dimodif:)', [...], false)
 5 SYSTEMPATH\Model.php(394): CodeIgniter\Database\BaseBuilder->insert()
 6 SYSTEMPATH\BaseModel.php(840): CodeIgniter\Model->doInsert([...])
 7 SYSTEMPATH\Model.php(802): CodeIgniter\BaseModel->insert([...], true)
 8 APPPATH\Controllers\Audiens.php(92): CodeIgniter\Model->insert([...])
 9 SYSTEMPATH\CodeIgniter.php(933): App\Controllers\Audiens->register()
10 SYSTEMPATH\CodeIgniter.php(509): CodeIgniter\CodeIgniter->runController(Object(App\Controllers\Audiens))
11 SYSTEMPATH\CodeIgniter.php(355): CodeIgniter\CodeIgniter->handleRequest(null, Object(Config\Cache), false)
12 SYSTEMPATH\Boot.php(325): CodeIgniter\CodeIgniter->run()
13 SYSTEMPATH\Boot.php(67): CodeIgniter\Boot::runCodeIgniter(Object(CodeIgniter\CodeIgniter))
14 FCPATH\index.php(59): CodeIgniter\Boot::bootWeb(Object(Config\Paths))
CRITICAL - 2024-12-24 15:56:10 --> ParseError: syntax error, unexpected single-quoted string "id_role", expecting "]"
[Method: GET, Route: MitraTeater/registration]
in APPPATH\Controllers\MitraTeater.php on line 59.
 1 SYSTEMPATH\Autoloader\Autoloader.php(296): CodeIgniter\Autoloader\Autoloader->includeFile('C:\\xampp\\htdocs\\CodeIgniter4\\app\\Controllers\\MitraTeater.php')
 2 SYSTEMPATH\Autoloader\Autoloader.php(272): CodeIgniter\Autoloader\Autoloader->loadInNamespace('App\\Controllers\\MitraTeater')
 3 [internal function]: CodeIgniter\Autoloader\Autoloader->loadClass('App\\Controllers\\MitraTeater')
 4 SYSTEMPATH\CodeIgniter.php(887): class_exists('\\App\\Controllers\\MitraTeater', true)
 5 SYSTEMPATH\CodeIgniter.php(496): CodeIgniter\CodeIgniter->startController()
 6 SYSTEMPATH\CodeIgniter.php(355): CodeIgniter\CodeIgniter->handleRequest(null, Object(Config\Cache), false)
 7 SYSTEMPATH\Boot.php(325): CodeIgniter\CodeIgniter->run()
 8 SYSTEMPATH\Boot.php(67): CodeIgniter\Boot::runCodeIgniter(Object(CodeIgniter\CodeIgniter))
 9 FCPATH\index.php(59): CodeIgniter\Boot::bootWeb(Object(Config\Paths))
