CRITICAL - 2024-12-18 07:13:26 --> ErrorException: Constant expression contains invalid operations
[Method: GET, Route: Audiens/registration]
in APPPATH\Config\Database.php on line 27.
 1 [internal function]: CodeIgniter\Debug\Exceptions->shutdownHandler()
ERROR - 2024-12-18 07:29:02 --> mysqli_sql_exception: Duplicate entry 'pearlmhrlk' for key 'username' in C:\xampp\htdocs\CodeIgniter4\system\Database\MySQLi\Connection.php:312
Stack trace:
#0 C:\xampp\htdocs\CodeIgniter4\system\Database\MySQLi\Connection.php(312): mysqli->query('INSERT INTO `m_...', 0)
#1 C:\xampp\htdocs\CodeIgniter4\system\Database\BaseConnection.php(734): CodeIgniter\Database\MySQLi\Connection->execute('INSERT INTO `m_...')
#2 C:\xampp\htdocs\CodeIgniter4\system\Database\BaseConnection.php(648): CodeIgniter\Database\BaseConnection->simpleQuery('INSERT INTO `m_...')
#3 C:\xampp\htdocs\CodeIgniter4\system\Database\BaseBuilder.php(2340): CodeIgniter\Database\BaseConnection->query('INSERT INTO `m_...', Array, false)
#4 C:\xampp\htdocs\CodeIgniter4\system\Model.php(394): CodeIgniter\Database\BaseBuilder->insert()
#5 C:\xampp\htdocs\CodeIgniter4\system\BaseModel.php(840): CodeIgniter\Model->doInsert(Array)
#6 C:\xampp\htdocs\CodeIgniter4\system\Model.php(802): CodeIgniter\BaseModel->insert(Array, false)
#7 C:\xampp\htdocs\CodeIgniter4\system\BaseModel.php(751): CodeIgniter\Model->insert(Array, false)
#8 C:\xampp\htdocs\CodeIgniter4\app\Controllers\Audiens.php(83): CodeIgniter\BaseModel->save(Array)
#9 C:\xampp\htdocs\CodeIgniter4\system\CodeIgniter.php(933): App\Controllers\Audiens->register()
#10 C:\xampp\htdocs\CodeIgniter4\system\CodeIgniter.php(509): CodeIgniter\CodeIgniter->runController(Object(App\Controllers\Audiens))
#11 C:\xampp\htdocs\CodeIgniter4\system\CodeIgniter.php(355): CodeIgniter\CodeIgniter->handleRequest(NULL, Object(Config\Cache), false)
#12 C:\xampp\htdocs\CodeIgniter4\system\Boot.php(325): CodeIgniter\CodeIgniter->run()
#13 C:\xampp\htdocs\CodeIgniter4\system\Boot.php(67): CodeIgniter\Boot::runCodeIgniter(Object(CodeIgniter\CodeIgniter))
#14 C:\xampp\htdocs\CodeIgniter4\public\index.php(59): CodeIgniter\Boot::bootWeb(Object(Config\Paths))
#15 {main}
CRITICAL - 2024-12-18 07:29:02 --> CodeIgniter\Database\Exceptions\DatabaseException: Duplicate entry 'pearlmhrlk' for key 'username'
[Method: POST, Route: Audiens/registration]
in SYSTEMPATH\Database\BaseConnection.php on line 688.
 1 SYSTEMPATH\Database\BaseBuilder.php(2340): CodeIgniter\Database\BaseConnection->query('INSERT INTO `m_user` (`id_role`, `username`, `nama`, `password`, `email`, `login_attempt`, `tgl_dibuat`, `tgl_dimodif`) VALUES (:id_role:, :username:, :nama:, :password:, :email:, :login_attempt:, :tgl_dibuat:, :tgl_dimodif:)', [...], false)
 2 SYSTEMPATH\Model.php(394): CodeIgniter\Database\BaseBuilder->insert()
 3 SYSTEMPATH\BaseModel.php(840): CodeIgniter\Model->doInsert([...])
 4 SYSTEMPATH\Model.php(802): CodeIgniter\BaseModel->insert([...], false)
 5 SYSTEMPATH\BaseModel.php(751): CodeIgniter\Model->insert([...], false)
 6 APPPATH\Controllers\Audiens.php(83): CodeIgniter\BaseModel->save([...])
 7 SYSTEMPATH\CodeIgniter.php(933): App\Controllers\Audiens->register()
 8 SYSTEMPATH\CodeIgniter.php(509): CodeIgniter\CodeIgniter->runController(Object(App\Controllers\Audiens))
 9 SYSTEMPATH\CodeIgniter.php(355): CodeIgniter\CodeIgniter->handleRequest(null, Object(Config\Cache), false)
10 SYSTEMPATH\Boot.php(325): CodeIgniter\CodeIgniter->run()
11 SYSTEMPATH\Boot.php(67): CodeIgniter\Boot::runCodeIgniter(Object(CodeIgniter\CodeIgniter))
12 FCPATH\index.php(59): CodeIgniter\Boot::bootWeb(Object(Config\Paths))
CRITICAL - 2024-12-18 07:29:02 --> [Caused by] CodeIgniter\Database\Exceptions\DatabaseException: Duplicate entry 'pearlmhrlk' for key 'username'
in SYSTEMPATH\Database\MySQLi\Connection.php on line 317.
 1 SYSTEMPATH\Database\BaseConnection.php(734): CodeIgniter\Database\MySQLi\Connection->execute('INSERT INTO `m_user` (`id_role`, `username`, `nama`, `password`, `email`, `login_attempt`, `tgl_dibuat`, `tgl_dimodif`) VALUES (1, \'pearlmhrlk\', \'Pearla Zahra Maharlika\', \'$2y$10$d.vxTf21umFQPUwdAoP0zOZeYwHJvvlgc8NTR3AdPS.x8WaLZ58MC\', \'zmaharlika@gmail.com\', 0, \'2024-12-18 07:29:01\', \'2024-12-18 07:29:01\')')
 2 SYSTEMPATH\Database\BaseConnection.php(648): CodeIgniter\Database\BaseConnection->simpleQuery('INSERT INTO `m_user` (`id_role`, `username`, `nama`, `password`, `email`, `login_attempt`, `tgl_dibuat`, `tgl_dimodif`) VALUES (1, \'pearlmhrlk\', \'Pearla Zahra Maharlika\', \'$2y$10$d.vxTf21umFQPUwdAoP0zOZeYwHJvvlgc8NTR3AdPS.x8WaLZ58MC\', \'zmaharlika@gmail.com\', 0, \'2024-12-18 07:29:01\', \'2024-12-18 07:29:01\')')
 3 SYSTEMPATH\Database\BaseBuilder.php(2340): CodeIgniter\Database\BaseConnection->query('INSERT INTO `m_user` (`id_role`, `username`, `nama`, `password`, `email`, `login_attempt`, `tgl_dibuat`, `tgl_dimodif`) VALUES (:id_role:, :username:, :nama:, :password:, :email:, :login_attempt:, :tgl_dibuat:, :tgl_dimodif:)', [...], false)
 4 SYSTEMPATH\Model.php(394): CodeIgniter\Database\BaseBuilder->insert()
 5 SYSTEMPATH\BaseModel.php(840): CodeIgniter\Model->doInsert([...])
 6 SYSTEMPATH\Model.php(802): CodeIgniter\BaseModel->insert([...], false)
 7 SYSTEMPATH\BaseModel.php(751): CodeIgniter\Model->insert([...], false)
 8 APPPATH\Controllers\Audiens.php(83): CodeIgniter\BaseModel->save([...])
 9 SYSTEMPATH\CodeIgniter.php(933): App\Controllers\Audiens->register()
10 SYSTEMPATH\CodeIgniter.php(509): CodeIgniter\CodeIgniter->runController(Object(App\Controllers\Audiens))
11 SYSTEMPATH\CodeIgniter.php(355): CodeIgniter\CodeIgniter->handleRequest(null, Object(Config\Cache), false)
12 SYSTEMPATH\Boot.php(325): CodeIgniter\CodeIgniter->run()
13 SYSTEMPATH\Boot.php(67): CodeIgniter\Boot::runCodeIgniter(Object(CodeIgniter\CodeIgniter))
14 FCPATH\index.php(59): CodeIgniter\Boot::bootWeb(Object(Config\Paths))
CRITICAL - 2024-12-18 07:29:02 --> [Caused by] mysqli_sql_exception: Duplicate entry 'pearlmhrlk' for key 'username'
in SYSTEMPATH\Database\MySQLi\Connection.php on line 312.
 1 SYSTEMPATH\Database\MySQLi\Connection.php(312): mysqli->query('INSERT INTO `m_user` (`id_role`, `username`, `nama`, `password`, `email`, `login_attempt`, `tgl_dibuat`, `tgl_dimodif`) VALUES (1, \'pearlmhrlk\', \'Pearla Zahra Maharlika\', \'$2y$10$d.vxTf21umFQPUwdAoP0zOZeYwHJvvlgc8NTR3AdPS.x8WaLZ58MC\', \'zmaharlika@gmail.com\', 0, \'2024-12-18 07:29:01\', \'2024-12-18 07:29:01\')', 0)
 2 SYSTEMPATH\Database\BaseConnection.php(734): CodeIgniter\Database\MySQLi\Connection->execute('INSERT INTO `m_user` (`id_role`, `username`, `nama`, `password`, `email`, `login_attempt`, `tgl_dibuat`, `tgl_dimodif`) VALUES (1, \'pearlmhrlk\', \'Pearla Zahra Maharlika\', \'$2y$10$d.vxTf21umFQPUwdAoP0zOZeYwHJvvlgc8NTR3AdPS.x8WaLZ58MC\', \'zmaharlika@gmail.com\', 0, \'2024-12-18 07:29:01\', \'2024-12-18 07:29:01\')')
 3 SYSTEMPATH\Database\BaseConnection.php(648): CodeIgniter\Database\BaseConnection->simpleQuery('INSERT INTO `m_user` (`id_role`, `username`, `nama`, `password`, `email`, `login_attempt`, `tgl_dibuat`, `tgl_dimodif`) VALUES (1, \'pearlmhrlk\', \'Pearla Zahra Maharlika\', \'$2y$10$d.vxTf21umFQPUwdAoP0zOZeYwHJvvlgc8NTR3AdPS.x8WaLZ58MC\', \'zmaharlika@gmail.com\', 0, \'2024-12-18 07:29:01\', \'2024-12-18 07:29:01\')')
 4 SYSTEMPATH\Database\BaseBuilder.php(2340): CodeIgniter\Database\BaseConnection->query('INSERT INTO `m_user` (`id_role`, `username`, `nama`, `password`, `email`, `login_attempt`, `tgl_dibuat`, `tgl_dimodif`) VALUES (:id_role:, :username:, :nama:, :password:, :email:, :login_attempt:, :tgl_dibuat:, :tgl_dimodif:)', [...], false)
 5 SYSTEMPATH\Model.php(394): CodeIgniter\Database\BaseBuilder->insert()
 6 SYSTEMPATH\BaseModel.php(840): CodeIgniter\Model->doInsert([...])
 7 SYSTEMPATH\Model.php(802): CodeIgniter\BaseModel->insert([...], false)
 8 SYSTEMPATH\BaseModel.php(751): CodeIgniter\Model->insert([...], false)
 9 APPPATH\Controllers\Audiens.php(83): CodeIgniter\BaseModel->save([...])
10 SYSTEMPATH\CodeIgniter.php(933): App\Controllers\Audiens->register()
11 SYSTEMPATH\CodeIgniter.php(509): CodeIgniter\CodeIgniter->runController(Object(App\Controllers\Audiens))
12 SYSTEMPATH\CodeIgniter.php(355): CodeIgniter\CodeIgniter->handleRequest(null, Object(Config\Cache), false)
13 SYSTEMPATH\Boot.php(325): CodeIgniter\CodeIgniter->run()
14 SYSTEMPATH\Boot.php(67): CodeIgniter\Boot::runCodeIgniter(Object(CodeIgniter\CodeIgniter))
15 FCPATH\index.php(59): CodeIgniter\Boot::bootWeb(Object(Config\Paths))
ERROR - 2024-12-18 07:35:45 --> mysqli_sql_exception: Duplicate entry 'pearlmhrlk' for key 'username' in C:\xampp\htdocs\CodeIgniter4\system\Database\MySQLi\Connection.php:312
Stack trace:
#0 C:\xampp\htdocs\CodeIgniter4\system\Database\MySQLi\Connection.php(312): mysqli->query('INSERT INTO `m_...', 0)
#1 C:\xampp\htdocs\CodeIgniter4\system\Database\BaseConnection.php(734): CodeIgniter\Database\MySQLi\Connection->execute('INSERT INTO `m_...')
#2 C:\xampp\htdocs\CodeIgniter4\system\Database\BaseConnection.php(648): CodeIgniter\Database\BaseConnection->simpleQuery('INSERT INTO `m_...')
#3 C:\xampp\htdocs\CodeIgniter4\system\Database\BaseBuilder.php(2340): CodeIgniter\Database\BaseConnection->query('INSERT INTO `m_...', Array, false)
#4 C:\xampp\htdocs\CodeIgniter4\system\Model.php(394): CodeIgniter\Database\BaseBuilder->insert()
#5 C:\xampp\htdocs\CodeIgniter4\system\BaseModel.php(840): CodeIgniter\Model->doInsert(Array)
#6 C:\xampp\htdocs\CodeIgniter4\system\Model.php(802): CodeIgniter\BaseModel->insert(Array, false)
#7 C:\xampp\htdocs\CodeIgniter4\system\BaseModel.php(751): CodeIgniter\Model->insert(Array, false)
#8 C:\xampp\htdocs\CodeIgniter4\app\Controllers\Audiens.php(76): CodeIgniter\BaseModel->save(Array)
#9 C:\xampp\htdocs\CodeIgniter4\system\CodeIgniter.php(933): App\Controllers\Audiens->register()
#10 C:\xampp\htdocs\CodeIgniter4\system\CodeIgniter.php(509): CodeIgniter\CodeIgniter->runController(Object(App\Controllers\Audiens))
#11 C:\xampp\htdocs\CodeIgniter4\system\CodeIgniter.php(355): CodeIgniter\CodeIgniter->handleRequest(NULL, Object(Config\Cache), false)
#12 C:\xampp\htdocs\CodeIgniter4\system\Boot.php(325): CodeIgniter\CodeIgniter->run()
#13 C:\xampp\htdocs\CodeIgniter4\system\Boot.php(67): CodeIgniter\Boot::runCodeIgniter(Object(CodeIgniter\CodeIgniter))
#14 C:\xampp\htdocs\CodeIgniter4\public\index.php(59): CodeIgniter\Boot::bootWeb(Object(Config\Paths))
#15 {main}
CRITICAL - 2024-12-18 07:35:45 --> CodeIgniter\Database\Exceptions\DatabaseException: Duplicate entry 'pearlmhrlk' for key 'username'
[Method: POST, Route: Audiens/registration]
in SYSTEMPATH\Database\BaseConnection.php on line 688.
 1 SYSTEMPATH\Database\BaseBuilder.php(2340): CodeIgniter\Database\BaseConnection->query('INSERT INTO `m_user` (`id_role`, `username`, `nama`, `password`, `email`, `login_attempt`, `tgl_dibuat`, `tgl_dimodif`) VALUES (:id_role:, :username:, :nama:, :password:, :email:, :login_attempt:, :tgl_dibuat:, :tgl_dimodif:)', [...], false)
 2 SYSTEMPATH\Model.php(394): CodeIgniter\Database\BaseBuilder->insert()
 3 SYSTEMPATH\BaseModel.php(840): CodeIgniter\Model->doInsert([...])
 4 SYSTEMPATH\Model.php(802): CodeIgniter\BaseModel->insert([...], false)
 5 SYSTEMPATH\BaseModel.php(751): CodeIgniter\Model->insert([...], false)
 6 APPPATH\Controllers\Audiens.php(76): CodeIgniter\BaseModel->save([...])
 7 SYSTEMPATH\CodeIgniter.php(933): App\Controllers\Audiens->register()
 8 SYSTEMPATH\CodeIgniter.php(509): CodeIgniter\CodeIgniter->runController(Object(App\Controllers\Audiens))
 9 SYSTEMPATH\CodeIgniter.php(355): CodeIgniter\CodeIgniter->handleRequest(null, Object(Config\Cache), false)
10 SYSTEMPATH\Boot.php(325): CodeIgniter\CodeIgniter->run()
11 SYSTEMPATH\Boot.php(67): CodeIgniter\Boot::runCodeIgniter(Object(CodeIgniter\CodeIgniter))
12 FCPATH\index.php(59): CodeIgniter\Boot::bootWeb(Object(Config\Paths))
CRITICAL - 2024-12-18 07:35:45 --> [Caused by] CodeIgniter\Database\Exceptions\DatabaseException: Duplicate entry 'pearlmhrlk' for key 'username'
in SYSTEMPATH\Database\MySQLi\Connection.php on line 317.
 1 SYSTEMPATH\Database\BaseConnection.php(734): CodeIgniter\Database\MySQLi\Connection->execute('INSERT INTO `m_user` (`id_role`, `username`, `nama`, `password`, `email`, `login_attempt`, `tgl_dibuat`, `tgl_dimodif`) VALUES (1, \'pearlmhrlk\', \'Pearla Zahra Maharlika\', \'$2y$10$5aSVhbmA7GFVcdo9FWPLTeI5I0Yi1GndqB0.UuIzuWnQnM9WOnWgu\', \'zmaharlika@gmail.com\', 0, \'2024-12-18 07:35:45\', \'2024-12-18 07:35:45\')')
 2 SYSTEMPATH\Database\BaseConnection.php(648): CodeIgniter\Database\BaseConnection->simpleQuery('INSERT INTO `m_user` (`id_role`, `username`, `nama`, `password`, `email`, `login_attempt`, `tgl_dibuat`, `tgl_dimodif`) VALUES (1, \'pearlmhrlk\', \'Pearla Zahra Maharlika\', \'$2y$10$5aSVhbmA7GFVcdo9FWPLTeI5I0Yi1GndqB0.UuIzuWnQnM9WOnWgu\', \'zmaharlika@gmail.com\', 0, \'2024-12-18 07:35:45\', \'2024-12-18 07:35:45\')')
 3 SYSTEMPATH\Database\BaseBuilder.php(2340): CodeIgniter\Database\BaseConnection->query('INSERT INTO `m_user` (`id_role`, `username`, `nama`, `password`, `email`, `login_attempt`, `tgl_dibuat`, `tgl_dimodif`) VALUES (:id_role:, :username:, :nama:, :password:, :email:, :login_attempt:, :tgl_dibuat:, :tgl_dimodif:)', [...], false)
 4 SYSTEMPATH\Model.php(394): CodeIgniter\Database\BaseBuilder->insert()
 5 SYSTEMPATH\BaseModel.php(840): CodeIgniter\Model->doInsert([...])
 6 SYSTEMPATH\Model.php(802): CodeIgniter\BaseModel->insert([...], false)
 7 SYSTEMPATH\BaseModel.php(751): CodeIgniter\Model->insert([...], false)
 8 APPPATH\Controllers\Audiens.php(76): CodeIgniter\BaseModel->save([...])
 9 SYSTEMPATH\CodeIgniter.php(933): App\Controllers\Audiens->register()
10 SYSTEMPATH\CodeIgniter.php(509): CodeIgniter\CodeIgniter->runController(Object(App\Controllers\Audiens))
11 SYSTEMPATH\CodeIgniter.php(355): CodeIgniter\CodeIgniter->handleRequest(null, Object(Config\Cache), false)
12 SYSTEMPATH\Boot.php(325): CodeIgniter\CodeIgniter->run()
13 SYSTEMPATH\Boot.php(67): CodeIgniter\Boot::runCodeIgniter(Object(CodeIgniter\CodeIgniter))
14 FCPATH\index.php(59): CodeIgniter\Boot::bootWeb(Object(Config\Paths))
CRITICAL - 2024-12-18 07:35:45 --> [Caused by] mysqli_sql_exception: Duplicate entry 'pearlmhrlk' for key 'username'
in SYSTEMPATH\Database\MySQLi\Connection.php on line 312.
 1 SYSTEMPATH\Database\MySQLi\Connection.php(312): mysqli->query('INSERT INTO `m_user` (`id_role`, `username`, `nama`, `password`, `email`, `login_attempt`, `tgl_dibuat`, `tgl_dimodif`) VALUES (1, \'pearlmhrlk\', \'Pearla Zahra Maharlika\', \'$2y$10$5aSVhbmA7GFVcdo9FWPLTeI5I0Yi1GndqB0.UuIzuWnQnM9WOnWgu\', \'zmaharlika@gmail.com\', 0, \'2024-12-18 07:35:45\', \'2024-12-18 07:35:45\')', 0)
 2 SYSTEMPATH\Database\BaseConnection.php(734): CodeIgniter\Database\MySQLi\Connection->execute('INSERT INTO `m_user` (`id_role`, `username`, `nama`, `password`, `email`, `login_attempt`, `tgl_dibuat`, `tgl_dimodif`) VALUES (1, \'pearlmhrlk\', \'Pearla Zahra Maharlika\', \'$2y$10$5aSVhbmA7GFVcdo9FWPLTeI5I0Yi1GndqB0.UuIzuWnQnM9WOnWgu\', \'zmaharlika@gmail.com\', 0, \'2024-12-18 07:35:45\', \'2024-12-18 07:35:45\')')
 3 SYSTEMPATH\Database\BaseConnection.php(648): CodeIgniter\Database\BaseConnection->simpleQuery('INSERT INTO `m_user` (`id_role`, `username`, `nama`, `password`, `email`, `login_attempt`, `tgl_dibuat`, `tgl_dimodif`) VALUES (1, \'pearlmhrlk\', \'Pearla Zahra Maharlika\', \'$2y$10$5aSVhbmA7GFVcdo9FWPLTeI5I0Yi1GndqB0.UuIzuWnQnM9WOnWgu\', \'zmaharlika@gmail.com\', 0, \'2024-12-18 07:35:45\', \'2024-12-18 07:35:45\')')
 4 SYSTEMPATH\Database\BaseBuilder.php(2340): CodeIgniter\Database\BaseConnection->query('INSERT INTO `m_user` (`id_role`, `username`, `nama`, `password`, `email`, `login_attempt`, `tgl_dibuat`, `tgl_dimodif`) VALUES (:id_role:, :username:, :nama:, :password:, :email:, :login_attempt:, :tgl_dibuat:, :tgl_dimodif:)', [...], false)
 5 SYSTEMPATH\Model.php(394): CodeIgniter\Database\BaseBuilder->insert()
 6 SYSTEMPATH\BaseModel.php(840): CodeIgniter\Model->doInsert([...])
 7 SYSTEMPATH\Model.php(802): CodeIgniter\BaseModel->insert([...], false)
 8 SYSTEMPATH\BaseModel.php(751): CodeIgniter\Model->insert([...], false)
 9 APPPATH\Controllers\Audiens.php(76): CodeIgniter\BaseModel->save([...])
10 SYSTEMPATH\CodeIgniter.php(933): App\Controllers\Audiens->register()
11 SYSTEMPATH\CodeIgniter.php(509): CodeIgniter\CodeIgniter->runController(Object(App\Controllers\Audiens))
12 SYSTEMPATH\CodeIgniter.php(355): CodeIgniter\CodeIgniter->handleRequest(null, Object(Config\Cache), false)
13 SYSTEMPATH\Boot.php(325): CodeIgniter\CodeIgniter->run()
14 SYSTEMPATH\Boot.php(67): CodeIgniter\Boot::runCodeIgniter(Object(CodeIgniter\CodeIgniter))
15 FCPATH\index.php(59): CodeIgniter\Boot::bootWeb(Object(Config\Paths))
ERROR - 2024-12-18 07:35:51 --> mysqli_sql_exception: Duplicate entry 'pearlmhrlk' for key 'username' in C:\xampp\htdocs\CodeIgniter4\system\Database\MySQLi\Connection.php:312
Stack trace:
#0 C:\xampp\htdocs\CodeIgniter4\system\Database\MySQLi\Connection.php(312): mysqli->query('INSERT INTO `m_...', 0)
#1 C:\xampp\htdocs\CodeIgniter4\system\Database\BaseConnection.php(734): CodeIgniter\Database\MySQLi\Connection->execute('INSERT INTO `m_...')
#2 C:\xampp\htdocs\CodeIgniter4\system\Database\BaseConnection.php(648): CodeIgniter\Database\BaseConnection->simpleQuery('INSERT INTO `m_...')
#3 C:\xampp\htdocs\CodeIgniter4\system\Database\BaseBuilder.php(2340): CodeIgniter\Database\BaseConnection->query('INSERT INTO `m_...', Array, false)
#4 C:\xampp\htdocs\CodeIgniter4\system\Model.php(394): CodeIgniter\Database\BaseBuilder->insert()
#5 C:\xampp\htdocs\CodeIgniter4\system\BaseModel.php(840): CodeIgniter\Model->doInsert(Array)
#6 C:\xampp\htdocs\CodeIgniter4\system\Model.php(802): CodeIgniter\BaseModel->insert(Array, false)
#7 C:\xampp\htdocs\CodeIgniter4\system\BaseModel.php(751): CodeIgniter\Model->insert(Array, false)
#8 C:\xampp\htdocs\CodeIgniter4\app\Controllers\Audiens.php(76): CodeIgniter\BaseModel->save(Array)
#9 C:\xampp\htdocs\CodeIgniter4\system\CodeIgniter.php(933): App\Controllers\Audiens->register()
#10 C:\xampp\htdocs\CodeIgniter4\system\CodeIgniter.php(509): CodeIgniter\CodeIgniter->runController(Object(App\Controllers\Audiens))
#11 C:\xampp\htdocs\CodeIgniter4\system\CodeIgniter.php(355): CodeIgniter\CodeIgniter->handleRequest(NULL, Object(Config\Cache), false)
#12 C:\xampp\htdocs\CodeIgniter4\system\Boot.php(325): CodeIgniter\CodeIgniter->run()
#13 C:\xampp\htdocs\CodeIgniter4\system\Boot.php(67): CodeIgniter\Boot::runCodeIgniter(Object(CodeIgniter\CodeIgniter))
#14 C:\xampp\htdocs\CodeIgniter4\public\index.php(59): CodeIgniter\Boot::bootWeb(Object(Config\Paths))
#15 {main}
CRITICAL - 2024-12-18 07:35:51 --> CodeIgniter\Database\Exceptions\DatabaseException: Duplicate entry 'pearlmhrlk' for key 'username'
[Method: POST, Route: Audiens/registration]
in SYSTEMPATH\Database\BaseConnection.php on line 688.
 1 SYSTEMPATH\Database\BaseBuilder.php(2340): CodeIgniter\Database\BaseConnection->query('INSERT INTO `m_user` (`id_role`, `username`, `nama`, `password`, `email`, `login_attempt`, `tgl_dibuat`, `tgl_dimodif`) VALUES (:id_role:, :username:, :nama:, :password:, :email:, :login_attempt:, :tgl_dibuat:, :tgl_dimodif:)', [...], false)
 2 SYSTEMPATH\Model.php(394): CodeIgniter\Database\BaseBuilder->insert()
 3 SYSTEMPATH\BaseModel.php(840): CodeIgniter\Model->doInsert([...])
 4 SYSTEMPATH\Model.php(802): CodeIgniter\BaseModel->insert([...], false)
 5 SYSTEMPATH\BaseModel.php(751): CodeIgniter\Model->insert([...], false)
 6 APPPATH\Controllers\Audiens.php(76): CodeIgniter\BaseModel->save([...])
 7 SYSTEMPATH\CodeIgniter.php(933): App\Controllers\Audiens->register()
 8 SYSTEMPATH\CodeIgniter.php(509): CodeIgniter\CodeIgniter->runController(Object(App\Controllers\Audiens))
 9 SYSTEMPATH\CodeIgniter.php(355): CodeIgniter\CodeIgniter->handleRequest(null, Object(Config\Cache), false)
10 SYSTEMPATH\Boot.php(325): CodeIgniter\CodeIgniter->run()
11 SYSTEMPATH\Boot.php(67): CodeIgniter\Boot::runCodeIgniter(Object(CodeIgniter\CodeIgniter))
12 FCPATH\index.php(59): CodeIgniter\Boot::bootWeb(Object(Config\Paths))
CRITICAL - 2024-12-18 07:35:51 --> [Caused by] CodeIgniter\Database\Exceptions\DatabaseException: Duplicate entry 'pearlmhrlk' for key 'username'
in SYSTEMPATH\Database\MySQLi\Connection.php on line 317.
 1 SYSTEMPATH\Database\BaseConnection.php(734): CodeIgniter\Database\MySQLi\Connection->execute('INSERT INTO `m_user` (`id_role`, `username`, `nama`, `password`, `email`, `login_attempt`, `tgl_dibuat`, `tgl_dimodif`) VALUES (1, \'pearlmhrlk\', \'Pearla Zahra Maharlika\', \'$2y$10$K8ULI.NKhhXoEWSrzLAv3.GGKVMRx0v/knjGftFUMMJooyDHq5.NO\', \'zmaharlika@gmail.com\', 0, \'2024-12-18 07:35:51\', \'2024-12-18 07:35:51\')')
 2 SYSTEMPATH\Database\BaseConnection.php(648): CodeIgniter\Database\BaseConnection->simpleQuery('INSERT INTO `m_user` (`id_role`, `username`, `nama`, `password`, `email`, `login_attempt`, `tgl_dibuat`, `tgl_dimodif`) VALUES (1, \'pearlmhrlk\', \'Pearla Zahra Maharlika\', \'$2y$10$K8ULI.NKhhXoEWSrzLAv3.GGKVMRx0v/knjGftFUMMJooyDHq5.NO\', \'zmaharlika@gmail.com\', 0, \'2024-12-18 07:35:51\', \'2024-12-18 07:35:51\')')
 3 SYSTEMPATH\Database\BaseBuilder.php(2340): CodeIgniter\Database\BaseConnection->query('INSERT INTO `m_user` (`id_role`, `username`, `nama`, `password`, `email`, `login_attempt`, `tgl_dibuat`, `tgl_dimodif`) VALUES (:id_role:, :username:, :nama:, :password:, :email:, :login_attempt:, :tgl_dibuat:, :tgl_dimodif:)', [...], false)
 4 SYSTEMPATH\Model.php(394): CodeIgniter\Database\BaseBuilder->insert()
 5 SYSTEMPATH\BaseModel.php(840): CodeIgniter\Model->doInsert([...])
 6 SYSTEMPATH\Model.php(802): CodeIgniter\BaseModel->insert([...], false)
 7 SYSTEMPATH\BaseModel.php(751): CodeIgniter\Model->insert([...], false)
 8 APPPATH\Controllers\Audiens.php(76): CodeIgniter\BaseModel->save([...])
 9 SYSTEMPATH\CodeIgniter.php(933): App\Controllers\Audiens->register()
10 SYSTEMPATH\CodeIgniter.php(509): CodeIgniter\CodeIgniter->runController(Object(App\Controllers\Audiens))
11 SYSTEMPATH\CodeIgniter.php(355): CodeIgniter\CodeIgniter->handleRequest(null, Object(Config\Cache), false)
12 SYSTEMPATH\Boot.php(325): CodeIgniter\CodeIgniter->run()
13 SYSTEMPATH\Boot.php(67): CodeIgniter\Boot::runCodeIgniter(Object(CodeIgniter\CodeIgniter))
14 FCPATH\index.php(59): CodeIgniter\Boot::bootWeb(Object(Config\Paths))
CRITICAL - 2024-12-18 07:35:51 --> [Caused by] mysqli_sql_exception: Duplicate entry 'pearlmhrlk' for key 'username'
in SYSTEMPATH\Database\MySQLi\Connection.php on line 312.
 1 SYSTEMPATH\Database\MySQLi\Connection.php(312): mysqli->query('INSERT INTO `m_user` (`id_role`, `username`, `nama`, `password`, `email`, `login_attempt`, `tgl_dibuat`, `tgl_dimodif`) VALUES (1, \'pearlmhrlk\', \'Pearla Zahra Maharlika\', \'$2y$10$K8ULI.NKhhXoEWSrzLAv3.GGKVMRx0v/knjGftFUMMJooyDHq5.NO\', \'zmaharlika@gmail.com\', 0, \'2024-12-18 07:35:51\', \'2024-12-18 07:35:51\')', 0)
 2 SYSTEMPATH\Database\BaseConnection.php(734): CodeIgniter\Database\MySQLi\Connection->execute('INSERT INTO `m_user` (`id_role`, `username`, `nama`, `password`, `email`, `login_attempt`, `tgl_dibuat`, `tgl_dimodif`) VALUES (1, \'pearlmhrlk\', \'Pearla Zahra Maharlika\', \'$2y$10$K8ULI.NKhhXoEWSrzLAv3.GGKVMRx0v/knjGftFUMMJooyDHq5.NO\', \'zmaharlika@gmail.com\', 0, \'2024-12-18 07:35:51\', \'2024-12-18 07:35:51\')')
 3 SYSTEMPATH\Database\BaseConnection.php(648): CodeIgniter\Database\BaseConnection->simpleQuery('INSERT INTO `m_user` (`id_role`, `username`, `nama`, `password`, `email`, `login_attempt`, `tgl_dibuat`, `tgl_dimodif`) VALUES (1, \'pearlmhrlk\', \'Pearla Zahra Maharlika\', \'$2y$10$K8ULI.NKhhXoEWSrzLAv3.GGKVMRx0v/knjGftFUMMJooyDHq5.NO\', \'zmaharlika@gmail.com\', 0, \'2024-12-18 07:35:51\', \'2024-12-18 07:35:51\')')
 4 SYSTEMPATH\Database\BaseBuilder.php(2340): CodeIgniter\Database\BaseConnection->query('INSERT INTO `m_user` (`id_role`, `username`, `nama`, `password`, `email`, `login_attempt`, `tgl_dibuat`, `tgl_dimodif`) VALUES (:id_role:, :username:, :nama:, :password:, :email:, :login_attempt:, :tgl_dibuat:, :tgl_dimodif:)', [...], false)
 5 SYSTEMPATH\Model.php(394): CodeIgniter\Database\BaseBuilder->insert()
 6 SYSTEMPATH\BaseModel.php(840): CodeIgniter\Model->doInsert([...])
 7 SYSTEMPATH\Model.php(802): CodeIgniter\BaseModel->insert([...], false)
 8 SYSTEMPATH\BaseModel.php(751): CodeIgniter\Model->insert([...], false)
 9 APPPATH\Controllers\Audiens.php(76): CodeIgniter\BaseModel->save([...])
10 SYSTEMPATH\CodeIgniter.php(933): App\Controllers\Audiens->register()
11 SYSTEMPATH\CodeIgniter.php(509): CodeIgniter\CodeIgniter->runController(Object(App\Controllers\Audiens))
12 SYSTEMPATH\CodeIgniter.php(355): CodeIgniter\CodeIgniter->handleRequest(null, Object(Config\Cache), false)
13 SYSTEMPATH\Boot.php(325): CodeIgniter\CodeIgniter->run()
14 SYSTEMPATH\Boot.php(67): CodeIgniter\Boot::runCodeIgniter(Object(CodeIgniter\CodeIgniter))
15 FCPATH\index.php(59): CodeIgniter\Boot::bootWeb(Object(Config\Paths))
ERROR - 2024-12-18 07:42:29 --> mysqli_sql_exception: Duplicate entry 'bongjae14' for key 'username' in C:\xampp\htdocs\CodeIgniter4\system\Database\MySQLi\Connection.php:312
Stack trace:
#0 C:\xampp\htdocs\CodeIgniter4\system\Database\MySQLi\Connection.php(312): mysqli->query('INSERT INTO `m_...', 0)
#1 C:\xampp\htdocs\CodeIgniter4\system\Database\BaseConnection.php(734): CodeIgniter\Database\MySQLi\Connection->execute('INSERT INTO `m_...')
#2 C:\xampp\htdocs\CodeIgniter4\system\Database\BaseConnection.php(648): CodeIgniter\Database\BaseConnection->simpleQuery('INSERT INTO `m_...')
#3 C:\xampp\htdocs\CodeIgniter4\system\Database\BaseBuilder.php(2340): CodeIgniter\Database\BaseConnection->query('INSERT INTO `m_...', Array, false)
#4 C:\xampp\htdocs\CodeIgniter4\system\Model.php(394): CodeIgniter\Database\BaseBuilder->insert()
#5 C:\xampp\htdocs\CodeIgniter4\system\BaseModel.php(840): CodeIgniter\Model->doInsert(Array)
#6 C:\xampp\htdocs\CodeIgniter4\system\Model.php(802): CodeIgniter\BaseModel->insert(Array, false)
#7 C:\xampp\htdocs\CodeIgniter4\system\BaseModel.php(751): CodeIgniter\Model->insert(Array, false)
#8 C:\xampp\htdocs\CodeIgniter4\app\Controllers\Audiens.php(82): CodeIgniter\BaseModel->save(Array)
#9 C:\xampp\htdocs\CodeIgniter4\system\CodeIgniter.php(933): App\Controllers\Audiens->register()
#10 C:\xampp\htdocs\CodeIgniter4\system\CodeIgniter.php(509): CodeIgniter\CodeIgniter->runController(Object(App\Controllers\Audiens))
#11 C:\xampp\htdocs\CodeIgniter4\system\CodeIgniter.php(355): CodeIgniter\CodeIgniter->handleRequest(NULL, Object(Config\Cache), false)
#12 C:\xampp\htdocs\CodeIgniter4\system\Boot.php(325): CodeIgniter\CodeIgniter->run()
#13 C:\xampp\htdocs\CodeIgniter4\system\Boot.php(67): CodeIgniter\Boot::runCodeIgniter(Object(CodeIgniter\CodeIgniter))
#14 C:\xampp\htdocs\CodeIgniter4\public\index.php(59): CodeIgniter\Boot::bootWeb(Object(Config\Paths))
#15 {main}
CRITICAL - 2024-12-18 07:42:29 --> CodeIgniter\Database\Exceptions\DatabaseException: Duplicate entry 'bongjae14' for key 'username'
[Method: POST, Route: Audiens/registration]
in SYSTEMPATH\Database\BaseConnection.php on line 688.
 1 SYSTEMPATH\Database\BaseBuilder.php(2340): CodeIgniter\Database\BaseConnection->query('INSERT INTO `m_user` (`id_role`, `username`, `nama`, `password`, `email`, `login_attempt`, `tgl_dibuat`, `tgl_dimodif`) VALUES (:id_role:, :username:, :nama:, :password:, :email:, :login_attempt:, :tgl_dibuat:, :tgl_dimodif:)', [...], false)
 2 SYSTEMPATH\Model.php(394): CodeIgniter\Database\BaseBuilder->insert()
 3 SYSTEMPATH\BaseModel.php(840): CodeIgniter\Model->doInsert([...])
 4 SYSTEMPATH\Model.php(802): CodeIgniter\BaseModel->insert([...], false)
 5 SYSTEMPATH\BaseModel.php(751): CodeIgniter\Model->insert([...], false)
 6 APPPATH\Controllers\Audiens.php(82): CodeIgniter\BaseModel->save([...])
 7 SYSTEMPATH\CodeIgniter.php(933): App\Controllers\Audiens->register()
 8 SYSTEMPATH\CodeIgniter.php(509): CodeIgniter\CodeIgniter->runController(Object(App\Controllers\Audiens))
 9 SYSTEMPATH\CodeIgniter.php(355): CodeIgniter\CodeIgniter->handleRequest(null, Object(Config\Cache), false)
10 SYSTEMPATH\Boot.php(325): CodeIgniter\CodeIgniter->run()
11 SYSTEMPATH\Boot.php(67): CodeIgniter\Boot::runCodeIgniter(Object(CodeIgniter\CodeIgniter))
12 FCPATH\index.php(59): CodeIgniter\Boot::bootWeb(Object(Config\Paths))
CRITICAL - 2024-12-18 07:42:29 --> [Caused by] CodeIgniter\Database\Exceptions\DatabaseException: Duplicate entry 'bongjae14' for key 'username'
in SYSTEMPATH\Database\MySQLi\Connection.php on line 317.
 1 SYSTEMPATH\Database\BaseConnection.php(734): CodeIgniter\Database\MySQLi\Connection->execute('INSERT INTO `m_user` (`id_role`, `username`, `nama`, `password`, `email`, `login_attempt`, `tgl_dibuat`, `tgl_dimodif`) VALUES (1, \'bongjae14\', \'Bong Jaehyun\', \'$2y$10$aXJaGCWyVVNyeZhLYmtxX.8UApDJ1Lxc0t4hrW5zpfdnVzndw0psi\', \'iwjebduc@gmail.com\', 0, \'2024-12-18 07:42:29\', \'2024-12-18 07:42:29\')')
 2 SYSTEMPATH\Database\BaseConnection.php(648): CodeIgniter\Database\BaseConnection->simpleQuery('INSERT INTO `m_user` (`id_role`, `username`, `nama`, `password`, `email`, `login_attempt`, `tgl_dibuat`, `tgl_dimodif`) VALUES (1, \'bongjae14\', \'Bong Jaehyun\', \'$2y$10$aXJaGCWyVVNyeZhLYmtxX.8UApDJ1Lxc0t4hrW5zpfdnVzndw0psi\', \'iwjebduc@gmail.com\', 0, \'2024-12-18 07:42:29\', \'2024-12-18 07:42:29\')')
 3 SYSTEMPATH\Database\BaseBuilder.php(2340): CodeIgniter\Database\BaseConnection->query('INSERT INTO `m_user` (`id_role`, `username`, `nama`, `password`, `email`, `login_attempt`, `tgl_dibuat`, `tgl_dimodif`) VALUES (:id_role:, :username:, :nama:, :password:, :email:, :login_attempt:, :tgl_dibuat:, :tgl_dimodif:)', [...], false)
 4 SYSTEMPATH\Model.php(394): CodeIgniter\Database\BaseBuilder->insert()
 5 SYSTEMPATH\BaseModel.php(840): CodeIgniter\Model->doInsert([...])
 6 SYSTEMPATH\Model.php(802): CodeIgniter\BaseModel->insert([...], false)
 7 SYSTEMPATH\BaseModel.php(751): CodeIgniter\Model->insert([...], false)
 8 APPPATH\Controllers\Audiens.php(82): CodeIgniter\BaseModel->save([...])
 9 SYSTEMPATH\CodeIgniter.php(933): App\Controllers\Audiens->register()
10 SYSTEMPATH\CodeIgniter.php(509): CodeIgniter\CodeIgniter->runController(Object(App\Controllers\Audiens))
11 SYSTEMPATH\CodeIgniter.php(355): CodeIgniter\CodeIgniter->handleRequest(null, Object(Config\Cache), false)
12 SYSTEMPATH\Boot.php(325): CodeIgniter\CodeIgniter->run()
13 SYSTEMPATH\Boot.php(67): CodeIgniter\Boot::runCodeIgniter(Object(CodeIgniter\CodeIgniter))
14 FCPATH\index.php(59): CodeIgniter\Boot::bootWeb(Object(Config\Paths))
CRITICAL - 2024-12-18 07:42:29 --> [Caused by] mysqli_sql_exception: Duplicate entry 'bongjae14' for key 'username'
in SYSTEMPATH\Database\MySQLi\Connection.php on line 312.
 1 SYSTEMPATH\Database\MySQLi\Connection.php(312): mysqli->query('INSERT INTO `m_user` (`id_role`, `username`, `nama`, `password`, `email`, `login_attempt`, `tgl_dibuat`, `tgl_dimodif`) VALUES (1, \'bongjae14\', \'Bong Jaehyun\', \'$2y$10$aXJaGCWyVVNyeZhLYmtxX.8UApDJ1Lxc0t4hrW5zpfdnVzndw0psi\', \'iwjebduc@gmail.com\', 0, \'2024-12-18 07:42:29\', \'2024-12-18 07:42:29\')', 0)
 2 SYSTEMPATH\Database\BaseConnection.php(734): CodeIgniter\Database\MySQLi\Connection->execute('INSERT INTO `m_user` (`id_role`, `username`, `nama`, `password`, `email`, `login_attempt`, `tgl_dibuat`, `tgl_dimodif`) VALUES (1, \'bongjae14\', \'Bong Jaehyun\', \'$2y$10$aXJaGCWyVVNyeZhLYmtxX.8UApDJ1Lxc0t4hrW5zpfdnVzndw0psi\', \'iwjebduc@gmail.com\', 0, \'2024-12-18 07:42:29\', \'2024-12-18 07:42:29\')')
 3 SYSTEMPATH\Database\BaseConnection.php(648): CodeIgniter\Database\BaseConnection->simpleQuery('INSERT INTO `m_user` (`id_role`, `username`, `nama`, `password`, `email`, `login_attempt`, `tgl_dibuat`, `tgl_dimodif`) VALUES (1, \'bongjae14\', \'Bong Jaehyun\', \'$2y$10$aXJaGCWyVVNyeZhLYmtxX.8UApDJ1Lxc0t4hrW5zpfdnVzndw0psi\', \'iwjebduc@gmail.com\', 0, \'2024-12-18 07:42:29\', \'2024-12-18 07:42:29\')')
 4 SYSTEMPATH\Database\BaseBuilder.php(2340): CodeIgniter\Database\BaseConnection->query('INSERT INTO `m_user` (`id_role`, `username`, `nama`, `password`, `email`, `login_attempt`, `tgl_dibuat`, `tgl_dimodif`) VALUES (:id_role:, :username:, :nama:, :password:, :email:, :login_attempt:, :tgl_dibuat:, :tgl_dimodif:)', [...], false)
 5 SYSTEMPATH\Model.php(394): CodeIgniter\Database\BaseBuilder->insert()
 6 SYSTEMPATH\BaseModel.php(840): CodeIgniter\Model->doInsert([...])
 7 SYSTEMPATH\Model.php(802): CodeIgniter\BaseModel->insert([...], false)
 8 SYSTEMPATH\BaseModel.php(751): CodeIgniter\Model->insert([...], false)
 9 APPPATH\Controllers\Audiens.php(82): CodeIgniter\BaseModel->save([...])
10 SYSTEMPATH\CodeIgniter.php(933): App\Controllers\Audiens->register()
11 SYSTEMPATH\CodeIgniter.php(509): CodeIgniter\CodeIgniter->runController(Object(App\Controllers\Audiens))
12 SYSTEMPATH\CodeIgniter.php(355): CodeIgniter\CodeIgniter->handleRequest(null, Object(Config\Cache), false)
13 SYSTEMPATH\Boot.php(325): CodeIgniter\CodeIgniter->run()
14 SYSTEMPATH\Boot.php(67): CodeIgniter\Boot::runCodeIgniter(Object(CodeIgniter\CodeIgniter))
15 FCPATH\index.php(59): CodeIgniter\Boot::bootWeb(Object(Config\Paths))
CRITICAL - 2024-12-18 09:07:50 --> ParseError: syntax error, unexpected token ";", expecting "]"
[Method: GET, Route: Audiens/registration]
in APPPATH\Controllers\Audiens.php on line 86.
 1 SYSTEMPATH\Autoloader\Autoloader.php(296): CodeIgniter\Autoloader\Autoloader->includeFile('C:\\xampp\\htdocs\\CodeIgniter4\\app\\Controllers\\Audiens.php')
 2 SYSTEMPATH\Autoloader\Autoloader.php(272): CodeIgniter\Autoloader\Autoloader->loadInNamespace('App\\Controllers\\Audiens')
 3 [internal function]: CodeIgniter\Autoloader\Autoloader->loadClass('App\\Controllers\\Audiens')
 4 SYSTEMPATH\CodeIgniter.php(887): class_exists('\\App\\Controllers\\Audiens', true)
 5 SYSTEMPATH\CodeIgniter.php(496): CodeIgniter\CodeIgniter->startController()
 6 SYSTEMPATH\CodeIgniter.php(355): CodeIgniter\CodeIgniter->handleRequest(null, Object(Config\Cache), false)
 7 SYSTEMPATH\Boot.php(325): CodeIgniter\CodeIgniter->run()
 8 SYSTEMPATH\Boot.php(67): CodeIgniter\Boot::runCodeIgniter(Object(CodeIgniter\CodeIgniter))
 9 FCPATH\index.php(59): CodeIgniter\Boot::bootWeb(Object(Config\Paths))
CRITICAL - 2024-12-18 09:07:52 --> ParseError: syntax error, unexpected token ";", expecting "]"
[Method: GET, Route: Audiens/homepage]
in APPPATH\Controllers\Audiens.php on line 86.
 1 SYSTEMPATH\Autoloader\Autoloader.php(296): CodeIgniter\Autoloader\Autoloader->includeFile('C:\\xampp\\htdocs\\CodeIgniter4\\app\\Controllers\\Audiens.php')
 2 SYSTEMPATH\Autoloader\Autoloader.php(272): CodeIgniter\Autoloader\Autoloader->loadInNamespace('App\\Controllers\\Audiens')
 3 [internal function]: CodeIgniter\Autoloader\Autoloader->loadClass('App\\Controllers\\Audiens')
 4 SYSTEMPATH\CodeIgniter.php(887): class_exists('\\App\\Controllers\\Audiens', true)
 5 SYSTEMPATH\CodeIgniter.php(496): CodeIgniter\CodeIgniter->startController()
 6 SYSTEMPATH\CodeIgniter.php(355): CodeIgniter\CodeIgniter->handleRequest(null, Object(Config\Cache), false)
 7 SYSTEMPATH\Boot.php(325): CodeIgniter\CodeIgniter->run()
 8 SYSTEMPATH\Boot.php(67): CodeIgniter\Boot::runCodeIgniter(Object(CodeIgniter\CodeIgniter))
 9 FCPATH\index.php(59): CodeIgniter\Boot::bootWeb(Object(Config\Paths))
CRITICAL - 2024-12-18 09:07:53 --> ParseError: syntax error, unexpected token ";", expecting "]"
[Method: GET, Route: Audiens/login]
in APPPATH\Controllers\Audiens.php on line 86.
 1 SYSTEMPATH\Autoloader\Autoloader.php(296): CodeIgniter\Autoloader\Autoloader->includeFile('C:\\xampp\\htdocs\\CodeIgniter4\\app\\Controllers\\Audiens.php')
 2 SYSTEMPATH\Autoloader\Autoloader.php(272): CodeIgniter\Autoloader\Autoloader->loadInNamespace('App\\Controllers\\Audiens')
 3 [internal function]: CodeIgniter\Autoloader\Autoloader->loadClass('App\\Controllers\\Audiens')
 4 SYSTEMPATH\CodeIgniter.php(887): class_exists('\\App\\Controllers\\Audiens', true)
 5 SYSTEMPATH\CodeIgniter.php(496): CodeIgniter\CodeIgniter->startController()
 6 SYSTEMPATH\CodeIgniter.php(355): CodeIgniter\CodeIgniter->handleRequest(null, Object(Config\Cache), false)
 7 SYSTEMPATH\Boot.php(325): CodeIgniter\CodeIgniter->run()
 8 SYSTEMPATH\Boot.php(67): CodeIgniter\Boot::runCodeIgniter(Object(CodeIgniter\CodeIgniter))
 9 FCPATH\index.php(59): CodeIgniter\Boot::bootWeb(Object(Config\Paths))
CRITICAL - 2024-12-18 09:07:58 --> ParseError: syntax error, unexpected token ";", expecting "]"
[Method: GET, Route: Audiens/homepage]
in APPPATH\Controllers\Audiens.php on line 86.
 1 SYSTEMPATH\Autoloader\Autoloader.php(296): CodeIgniter\Autoloader\Autoloader->includeFile('C:\\xampp\\htdocs\\CodeIgniter4\\app\\Controllers\\Audiens.php')
 2 SYSTEMPATH\Autoloader\Autoloader.php(272): CodeIgniter\Autoloader\Autoloader->loadInNamespace('App\\Controllers\\Audiens')
 3 [internal function]: CodeIgniter\Autoloader\Autoloader->loadClass('App\\Controllers\\Audiens')
 4 SYSTEMPATH\CodeIgniter.php(887): class_exists('\\App\\Controllers\\Audiens', true)
 5 SYSTEMPATH\CodeIgniter.php(496): CodeIgniter\CodeIgniter->startController()
 6 SYSTEMPATH\CodeIgniter.php(355): CodeIgniter\CodeIgniter->handleRequest(null, Object(Config\Cache), false)
 7 SYSTEMPATH\Boot.php(325): CodeIgniter\CodeIgniter->run()
 8 SYSTEMPATH\Boot.php(67): CodeIgniter\Boot::runCodeIgniter(Object(CodeIgniter\CodeIgniter))
 9 FCPATH\index.php(59): CodeIgniter\Boot::bootWeb(Object(Config\Paths))
CRITICAL - 2024-12-18 09:07:59 --> ParseError: syntax error, unexpected token ";", expecting "]"
[Method: GET, Route: Audiens/homepage]
in APPPATH\Controllers\Audiens.php on line 86.
 1 SYSTEMPATH\Autoloader\Autoloader.php(296): CodeIgniter\Autoloader\Autoloader->includeFile('C:\\xampp\\htdocs\\CodeIgniter4\\app\\Controllers\\Audiens.php')
 2 SYSTEMPATH\Autoloader\Autoloader.php(272): CodeIgniter\Autoloader\Autoloader->loadInNamespace('App\\Controllers\\Audiens')
 3 [internal function]: CodeIgniter\Autoloader\Autoloader->loadClass('App\\Controllers\\Audiens')
 4 SYSTEMPATH\CodeIgniter.php(887): class_exists('\\App\\Controllers\\Audiens', true)
 5 SYSTEMPATH\CodeIgniter.php(496): CodeIgniter\CodeIgniter->startController()
 6 SYSTEMPATH\CodeIgniter.php(355): CodeIgniter\CodeIgniter->handleRequest(null, Object(Config\Cache), false)
 7 SYSTEMPATH\Boot.php(325): CodeIgniter\CodeIgniter->run()
 8 SYSTEMPATH\Boot.php(67): CodeIgniter\Boot::runCodeIgniter(Object(CodeIgniter\CodeIgniter))
 9 FCPATH\index.php(59): CodeIgniter\Boot::bootWeb(Object(Config\Paths))
ERROR - 2024-12-18 09:09:51 --> mysqli_sql_exception: Duplicate entry 'Heavensbee' for key 'username' in C:\xampp\htdocs\CodeIgniter4\system\Database\MySQLi\Connection.php:312
Stack trace:
#0 C:\xampp\htdocs\CodeIgniter4\system\Database\MySQLi\Connection.php(312): mysqli->query('INSERT INTO `m_...', 0)
#1 C:\xampp\htdocs\CodeIgniter4\system\Database\BaseConnection.php(734): CodeIgniter\Database\MySQLi\Connection->execute('INSERT INTO `m_...')
#2 C:\xampp\htdocs\CodeIgniter4\system\Database\BaseConnection.php(648): CodeIgniter\Database\BaseConnection->simpleQuery('INSERT INTO `m_...')
#3 C:\xampp\htdocs\CodeIgniter4\system\Database\BaseBuilder.php(2340): CodeIgniter\Database\BaseConnection->query('INSERT INTO `m_...', Array, false)
#4 C:\xampp\htdocs\CodeIgniter4\system\Model.php(394): CodeIgniter\Database\BaseBuilder->insert()
#5 C:\xampp\htdocs\CodeIgniter4\system\BaseModel.php(840): CodeIgniter\Model->doInsert(Array)
#6 C:\xampp\htdocs\CodeIgniter4\system\Model.php(802): CodeIgniter\BaseModel->insert(Array, false)
#7 C:\xampp\htdocs\CodeIgniter4\system\BaseModel.php(751): CodeIgniter\Model->insert(Array, false)
#8 C:\xampp\htdocs\CodeIgniter4\app\Controllers\Audiens.php(82): CodeIgniter\BaseModel->save(Array)
#9 C:\xampp\htdocs\CodeIgniter4\system\CodeIgniter.php(933): App\Controllers\Audiens->register()
#10 C:\xampp\htdocs\CodeIgniter4\system\CodeIgniter.php(509): CodeIgniter\CodeIgniter->runController(Object(App\Controllers\Audiens))
#11 C:\xampp\htdocs\CodeIgniter4\system\CodeIgniter.php(355): CodeIgniter\CodeIgniter->handleRequest(NULL, Object(Config\Cache), false)
#12 C:\xampp\htdocs\CodeIgniter4\system\Boot.php(325): CodeIgniter\CodeIgniter->run()
#13 C:\xampp\htdocs\CodeIgniter4\system\Boot.php(67): CodeIgniter\Boot::runCodeIgniter(Object(CodeIgniter\CodeIgniter))
#14 C:\xampp\htdocs\CodeIgniter4\public\index.php(59): CodeIgniter\Boot::bootWeb(Object(Config\Paths))
#15 {main}
CRITICAL - 2024-12-18 09:09:51 --> CodeIgniter\Database\Exceptions\DatabaseException: Duplicate entry 'Heavensbee' for key 'username'
[Method: POST, Route: Audiens/registration]
in SYSTEMPATH\Database\BaseConnection.php on line 688.
 1 SYSTEMPATH\Database\BaseBuilder.php(2340): CodeIgniter\Database\BaseConnection->query('INSERT INTO `m_user` (`id_role`, `username`, `nama`, `password`, `email`, `login_attempt`, `tgl_dibuat`, `tgl_dimodif`) VALUES (:id_role:, :username:, :nama:, :password:, :email:, :login_attempt:, :tgl_dibuat:, :tgl_dimodif:)', [...], false)
 2 SYSTEMPATH\Model.php(394): CodeIgniter\Database\BaseBuilder->insert()
 3 SYSTEMPATH\BaseModel.php(840): CodeIgniter\Model->doInsert([...])
 4 SYSTEMPATH\Model.php(802): CodeIgniter\BaseModel->insert([...], false)
 5 SYSTEMPATH\BaseModel.php(751): CodeIgniter\Model->insert([...], false)
 6 APPPATH\Controllers\Audiens.php(82): CodeIgniter\BaseModel->save([...])
 7 SYSTEMPATH\CodeIgniter.php(933): App\Controllers\Audiens->register()
 8 SYSTEMPATH\CodeIgniter.php(509): CodeIgniter\CodeIgniter->runController(Object(App\Controllers\Audiens))
 9 SYSTEMPATH\CodeIgniter.php(355): CodeIgniter\CodeIgniter->handleRequest(null, Object(Config\Cache), false)
10 SYSTEMPATH\Boot.php(325): CodeIgniter\CodeIgniter->run()
11 SYSTEMPATH\Boot.php(67): CodeIgniter\Boot::runCodeIgniter(Object(CodeIgniter\CodeIgniter))
12 FCPATH\index.php(59): CodeIgniter\Boot::bootWeb(Object(Config\Paths))
CRITICAL - 2024-12-18 09:09:51 --> [Caused by] CodeIgniter\Database\Exceptions\DatabaseException: Duplicate entry 'Heavensbee' for key 'username'
in SYSTEMPATH\Database\MySQLi\Connection.php on line 317.
 1 SYSTEMPATH\Database\BaseConnection.php(734): CodeIgniter\Database\MySQLi\Connection->execute('INSERT INTO `m_user` (`id_role`, `username`, `nama`, `password`, `email`, `login_attempt`, `tgl_dibuat`, `tgl_dimodif`) VALUES (1, \'Heavensbee\', \'maharlika\', \'$2y$10$hiML8X8OzgKsZpNQQ.l3pes1ZtkpTdcTHMyu3YvIo14sNpjRRMVvO\', \'iajsbbdjsbujf@gmail.com\', 0, \'2024-12-18 09:09:51\', \'2024-12-18 09:09:51\')')
 2 SYSTEMPATH\Database\BaseConnection.php(648): CodeIgniter\Database\BaseConnection->simpleQuery('INSERT INTO `m_user` (`id_role`, `username`, `nama`, `password`, `email`, `login_attempt`, `tgl_dibuat`, `tgl_dimodif`) VALUES (1, \'Heavensbee\', \'maharlika\', \'$2y$10$hiML8X8OzgKsZpNQQ.l3pes1ZtkpTdcTHMyu3YvIo14sNpjRRMVvO\', \'iajsbbdjsbujf@gmail.com\', 0, \'2024-12-18 09:09:51\', \'2024-12-18 09:09:51\')')
 3 SYSTEMPATH\Database\BaseBuilder.php(2340): CodeIgniter\Database\BaseConnection->query('INSERT INTO `m_user` (`id_role`, `username`, `nama`, `password`, `email`, `login_attempt`, `tgl_dibuat`, `tgl_dimodif`) VALUES (:id_role:, :username:, :nama:, :password:, :email:, :login_attempt:, :tgl_dibuat:, :tgl_dimodif:)', [...], false)
 4 SYSTEMPATH\Model.php(394): CodeIgniter\Database\BaseBuilder->insert()
 5 SYSTEMPATH\BaseModel.php(840): CodeIgniter\Model->doInsert([...])
 6 SYSTEMPATH\Model.php(802): CodeIgniter\BaseModel->insert([...], false)
 7 SYSTEMPATH\BaseModel.php(751): CodeIgniter\Model->insert([...], false)
 8 APPPATH\Controllers\Audiens.php(82): CodeIgniter\BaseModel->save([...])
 9 SYSTEMPATH\CodeIgniter.php(933): App\Controllers\Audiens->register()
10 SYSTEMPATH\CodeIgniter.php(509): CodeIgniter\CodeIgniter->runController(Object(App\Controllers\Audiens))
11 SYSTEMPATH\CodeIgniter.php(355): CodeIgniter\CodeIgniter->handleRequest(null, Object(Config\Cache), false)
12 SYSTEMPATH\Boot.php(325): CodeIgniter\CodeIgniter->run()
13 SYSTEMPATH\Boot.php(67): CodeIgniter\Boot::runCodeIgniter(Object(CodeIgniter\CodeIgniter))
14 FCPATH\index.php(59): CodeIgniter\Boot::bootWeb(Object(Config\Paths))
CRITICAL - 2024-12-18 09:09:51 --> [Caused by] mysqli_sql_exception: Duplicate entry 'Heavensbee' for key 'username'
in SYSTEMPATH\Database\MySQLi\Connection.php on line 312.
 1 SYSTEMPATH\Database\MySQLi\Connection.php(312): mysqli->query('INSERT INTO `m_user` (`id_role`, `username`, `nama`, `password`, `email`, `login_attempt`, `tgl_dibuat`, `tgl_dimodif`) VALUES (1, \'Heavensbee\', \'maharlika\', \'$2y$10$hiML8X8OzgKsZpNQQ.l3pes1ZtkpTdcTHMyu3YvIo14sNpjRRMVvO\', \'iajsbbdjsbujf@gmail.com\', 0, \'2024-12-18 09:09:51\', \'2024-12-18 09:09:51\')', 0)
 2 SYSTEMPATH\Database\BaseConnection.php(734): CodeIgniter\Database\MySQLi\Connection->execute('INSERT INTO `m_user` (`id_role`, `username`, `nama`, `password`, `email`, `login_attempt`, `tgl_dibuat`, `tgl_dimodif`) VALUES (1, \'Heavensbee\', \'maharlika\', \'$2y$10$hiML8X8OzgKsZpNQQ.l3pes1ZtkpTdcTHMyu3YvIo14sNpjRRMVvO\', \'iajsbbdjsbujf@gmail.com\', 0, \'2024-12-18 09:09:51\', \'2024-12-18 09:09:51\')')
 3 SYSTEMPATH\Database\BaseConnection.php(648): CodeIgniter\Database\BaseConnection->simpleQuery('INSERT INTO `m_user` (`id_role`, `username`, `nama`, `password`, `email`, `login_attempt`, `tgl_dibuat`, `tgl_dimodif`) VALUES (1, \'Heavensbee\', \'maharlika\', \'$2y$10$hiML8X8OzgKsZpNQQ.l3pes1ZtkpTdcTHMyu3YvIo14sNpjRRMVvO\', \'iajsbbdjsbujf@gmail.com\', 0, \'2024-12-18 09:09:51\', \'2024-12-18 09:09:51\')')
 4 SYSTEMPATH\Database\BaseBuilder.php(2340): CodeIgniter\Database\BaseConnection->query('INSERT INTO `m_user` (`id_role`, `username`, `nama`, `password`, `email`, `login_attempt`, `tgl_dibuat`, `tgl_dimodif`) VALUES (:id_role:, :username:, :nama:, :password:, :email:, :login_attempt:, :tgl_dibuat:, :tgl_dimodif:)', [...], false)
 5 SYSTEMPATH\Model.php(394): CodeIgniter\Database\BaseBuilder->insert()
 6 SYSTEMPATH\BaseModel.php(840): CodeIgniter\Model->doInsert([...])
 7 SYSTEMPATH\Model.php(802): CodeIgniter\BaseModel->insert([...], false)
 8 SYSTEMPATH\BaseModel.php(751): CodeIgniter\Model->insert([...], false)
 9 APPPATH\Controllers\Audiens.php(82): CodeIgniter\BaseModel->save([...])
10 SYSTEMPATH\CodeIgniter.php(933): App\Controllers\Audiens->register()
11 SYSTEMPATH\CodeIgniter.php(509): CodeIgniter\CodeIgniter->runController(Object(App\Controllers\Audiens))
12 SYSTEMPATH\CodeIgniter.php(355): CodeIgniter\CodeIgniter->handleRequest(null, Object(Config\Cache), false)
13 SYSTEMPATH\Boot.php(325): CodeIgniter\CodeIgniter->run()
14 SYSTEMPATH\Boot.php(67): CodeIgniter\Boot::runCodeIgniter(Object(CodeIgniter\CodeIgniter))
15 FCPATH\index.php(59): CodeIgniter\Boot::bootWeb(Object(Config\Paths))
ERROR - 2024-12-18 09:24:16 --> mysqli_sql_exception: Duplicate entry 'iwjebduc@gmail.com' for key 'email' in C:\xampp\htdocs\CodeIgniter4\system\Database\MySQLi\Connection.php:312
Stack trace:
#0 C:\xampp\htdocs\CodeIgniter4\system\Database\MySQLi\Connection.php(312): mysqli->query('INSERT INTO `m_...', 0)
#1 C:\xampp\htdocs\CodeIgniter4\system\Database\BaseConnection.php(734): CodeIgniter\Database\MySQLi\Connection->execute('INSERT INTO `m_...')
#2 C:\xampp\htdocs\CodeIgniter4\system\Database\BaseConnection.php(648): CodeIgniter\Database\BaseConnection->simpleQuery('INSERT INTO `m_...')
#3 C:\xampp\htdocs\CodeIgniter4\system\Database\BaseBuilder.php(2340): CodeIgniter\Database\BaseConnection->query('INSERT INTO `m_...', Array, false)
#4 C:\xampp\htdocs\CodeIgniter4\system\Model.php(394): CodeIgniter\Database\BaseBuilder->insert()
#5 C:\xampp\htdocs\CodeIgniter4\system\BaseModel.php(840): CodeIgniter\Model->doInsert(Array)
#6 C:\xampp\htdocs\CodeIgniter4\system\Model.php(802): CodeIgniter\BaseModel->insert(Array, false)
#7 C:\xampp\htdocs\CodeIgniter4\system\BaseModel.php(751): CodeIgniter\Model->insert(Array, false)
#8 C:\xampp\htdocs\CodeIgniter4\app\Controllers\Audiens.php(76): CodeIgniter\BaseModel->save(Array)
#9 C:\xampp\htdocs\CodeIgniter4\system\CodeIgniter.php(933): App\Controllers\Audiens->register()
#10 C:\xampp\htdocs\CodeIgniter4\system\CodeIgniter.php(509): CodeIgniter\CodeIgniter->runController(Object(App\Controllers\Audiens))
#11 C:\xampp\htdocs\CodeIgniter4\system\CodeIgniter.php(355): CodeIgniter\CodeIgniter->handleRequest(NULL, Object(Config\Cache), false)
#12 C:\xampp\htdocs\CodeIgniter4\system\Boot.php(325): CodeIgniter\CodeIgniter->run()
#13 C:\xampp\htdocs\CodeIgniter4\system\Boot.php(67): CodeIgniter\Boot::runCodeIgniter(Object(CodeIgniter\CodeIgniter))
#14 C:\xampp\htdocs\CodeIgniter4\public\index.php(59): CodeIgniter\Boot::bootWeb(Object(Config\Paths))
#15 {main}
CRITICAL - 2024-12-18 09:24:16 --> CodeIgniter\Database\Exceptions\DatabaseException: Duplicate entry 'iwjebduc@gmail.com' for key 'email'
[Method: POST, Route: Audiens/registration]
in SYSTEMPATH\Database\BaseConnection.php on line 688.
 1 SYSTEMPATH\Database\BaseBuilder.php(2340): CodeIgniter\Database\BaseConnection->query('INSERT INTO `m_user` (`id_role`, `username`, `nama`, `password`, `email`, `login_attempt`, `tgl_dibuat`, `tgl_dimodif`) VALUES (:id_role:, :username:, :nama:, :password:, :email:, :login_attempt:, :tgl_dibuat:, :tgl_dimodif:)', [...], false)
 2 SYSTEMPATH\Model.php(394): CodeIgniter\Database\BaseBuilder->insert()
 3 SYSTEMPATH\BaseModel.php(840): CodeIgniter\Model->doInsert([...])
 4 SYSTEMPATH\Model.php(802): CodeIgniter\BaseModel->insert([...], false)
 5 SYSTEMPATH\BaseModel.php(751): CodeIgniter\Model->insert([...], false)
 6 APPPATH\Controllers\Audiens.php(76): CodeIgniter\BaseModel->save([...])
 7 SYSTEMPATH\CodeIgniter.php(933): App\Controllers\Audiens->register()
 8 SYSTEMPATH\CodeIgniter.php(509): CodeIgniter\CodeIgniter->runController(Object(App\Controllers\Audiens))
 9 SYSTEMPATH\CodeIgniter.php(355): CodeIgniter\CodeIgniter->handleRequest(null, Object(Config\Cache), false)
10 SYSTEMPATH\Boot.php(325): CodeIgniter\CodeIgniter->run()
11 SYSTEMPATH\Boot.php(67): CodeIgniter\Boot::runCodeIgniter(Object(CodeIgniter\CodeIgniter))
12 FCPATH\index.php(59): CodeIgniter\Boot::bootWeb(Object(Config\Paths))
CRITICAL - 2024-12-18 09:24:16 --> [Caused by] CodeIgniter\Database\Exceptions\DatabaseException: Duplicate entry 'iwjebduc@gmail.com' for key 'email'
in SYSTEMPATH\Database\MySQLi\Connection.php on line 317.
 1 SYSTEMPATH\Database\BaseConnection.php(734): CodeIgniter\Database\MySQLi\Connection->execute('INSERT INTO `m_user` (`id_role`, `username`, `nama`, `password`, `email`, `login_attempt`, `tgl_dibuat`, `tgl_dimodif`) VALUES (1, \'kakikukaku\', \'dika\', \'$2y$10$iU5amFuelDInYiPhciuF9erO.qZTDKVolNHIDYG7W9vdyh.JK4vMG\', \'iwjebduc@gmail.com\', 0, \'2024-12-18 09:24:16\', \'2024-12-18 09:24:16\')')
 2 SYSTEMPATH\Database\BaseConnection.php(648): CodeIgniter\Database\BaseConnection->simpleQuery('INSERT INTO `m_user` (`id_role`, `username`, `nama`, `password`, `email`, `login_attempt`, `tgl_dibuat`, `tgl_dimodif`) VALUES (1, \'kakikukaku\', \'dika\', \'$2y$10$iU5amFuelDInYiPhciuF9erO.qZTDKVolNHIDYG7W9vdyh.JK4vMG\', \'iwjebduc@gmail.com\', 0, \'2024-12-18 09:24:16\', \'2024-12-18 09:24:16\')')
 3 SYSTEMPATH\Database\BaseBuilder.php(2340): CodeIgniter\Database\BaseConnection->query('INSERT INTO `m_user` (`id_role`, `username`, `nama`, `password`, `email`, `login_attempt`, `tgl_dibuat`, `tgl_dimodif`) VALUES (:id_role:, :username:, :nama:, :password:, :email:, :login_attempt:, :tgl_dibuat:, :tgl_dimodif:)', [...], false)
 4 SYSTEMPATH\Model.php(394): CodeIgniter\Database\BaseBuilder->insert()
 5 SYSTEMPATH\BaseModel.php(840): CodeIgniter\Model->doInsert([...])
 6 SYSTEMPATH\Model.php(802): CodeIgniter\BaseModel->insert([...], false)
 7 SYSTEMPATH\BaseModel.php(751): CodeIgniter\Model->insert([...], false)
 8 APPPATH\Controllers\Audiens.php(76): CodeIgniter\BaseModel->save([...])
 9 SYSTEMPATH\CodeIgniter.php(933): App\Controllers\Audiens->register()
10 SYSTEMPATH\CodeIgniter.php(509): CodeIgniter\CodeIgniter->runController(Object(App\Controllers\Audiens))
11 SYSTEMPATH\CodeIgniter.php(355): CodeIgniter\CodeIgniter->handleRequest(null, Object(Config\Cache), false)
12 SYSTEMPATH\Boot.php(325): CodeIgniter\CodeIgniter->run()
13 SYSTEMPATH\Boot.php(67): CodeIgniter\Boot::runCodeIgniter(Object(CodeIgniter\CodeIgniter))
14 FCPATH\index.php(59): CodeIgniter\Boot::bootWeb(Object(Config\Paths))
CRITICAL - 2024-12-18 09:24:16 --> [Caused by] mysqli_sql_exception: Duplicate entry 'iwjebduc@gmail.com' for key 'email'
in SYSTEMPATH\Database\MySQLi\Connection.php on line 312.
 1 SYSTEMPATH\Database\MySQLi\Connection.php(312): mysqli->query('INSERT INTO `m_user` (`id_role`, `username`, `nama`, `password`, `email`, `login_attempt`, `tgl_dibuat`, `tgl_dimodif`) VALUES (1, \'kakikukaku\', \'dika\', \'$2y$10$iU5amFuelDInYiPhciuF9erO.qZTDKVolNHIDYG7W9vdyh.JK4vMG\', \'iwjebduc@gmail.com\', 0, \'2024-12-18 09:24:16\', \'2024-12-18 09:24:16\')', 0)
 2 SYSTEMPATH\Database\BaseConnection.php(734): CodeIgniter\Database\MySQLi\Connection->execute('INSERT INTO `m_user` (`id_role`, `username`, `nama`, `password`, `email`, `login_attempt`, `tgl_dibuat`, `tgl_dimodif`) VALUES (1, \'kakikukaku\', \'dika\', \'$2y$10$iU5amFuelDInYiPhciuF9erO.qZTDKVolNHIDYG7W9vdyh.JK4vMG\', \'iwjebduc@gmail.com\', 0, \'2024-12-18 09:24:16\', \'2024-12-18 09:24:16\')')
 3 SYSTEMPATH\Database\BaseConnection.php(648): CodeIgniter\Database\BaseConnection->simpleQuery('INSERT INTO `m_user` (`id_role`, `username`, `nama`, `password`, `email`, `login_attempt`, `tgl_dibuat`, `tgl_dimodif`) VALUES (1, \'kakikukaku\', \'dika\', \'$2y$10$iU5amFuelDInYiPhciuF9erO.qZTDKVolNHIDYG7W9vdyh.JK4vMG\', \'iwjebduc@gmail.com\', 0, \'2024-12-18 09:24:16\', \'2024-12-18 09:24:16\')')
 4 SYSTEMPATH\Database\BaseBuilder.php(2340): CodeIgniter\Database\BaseConnection->query('INSERT INTO `m_user` (`id_role`, `username`, `nama`, `password`, `email`, `login_attempt`, `tgl_dibuat`, `tgl_dimodif`) VALUES (:id_role:, :username:, :nama:, :password:, :email:, :login_attempt:, :tgl_dibuat:, :tgl_dimodif:)', [...], false)
 5 SYSTEMPATH\Model.php(394): CodeIgniter\Database\BaseBuilder->insert()
 6 SYSTEMPATH\BaseModel.php(840): CodeIgniter\Model->doInsert([...])
 7 SYSTEMPATH\Model.php(802): CodeIgniter\BaseModel->insert([...], false)
 8 SYSTEMPATH\BaseModel.php(751): CodeIgniter\Model->insert([...], false)
 9 APPPATH\Controllers\Audiens.php(76): CodeIgniter\BaseModel->save([...])
10 SYSTEMPATH\CodeIgniter.php(933): App\Controllers\Audiens->register()
11 SYSTEMPATH\CodeIgniter.php(509): CodeIgniter\CodeIgniter->runController(Object(App\Controllers\Audiens))
12 SYSTEMPATH\CodeIgniter.php(355): CodeIgniter\CodeIgniter->handleRequest(null, Object(Config\Cache), false)
13 SYSTEMPATH\Boot.php(325): CodeIgniter\CodeIgniter->run()
14 SYSTEMPATH\Boot.php(67): CodeIgniter\Boot::runCodeIgniter(Object(CodeIgniter\CodeIgniter))
15 FCPATH\index.php(59): CodeIgniter\Boot::bootWeb(Object(Config\Paths))
ERROR - 2024-12-18 09:26:29 --> mysqli_sql_exception: Duplicate entry 'kakikukaku' for key 'username' in C:\xampp\htdocs\CodeIgniter4\system\Database\MySQLi\Connection.php:312
Stack trace:
#0 C:\xampp\htdocs\CodeIgniter4\system\Database\MySQLi\Connection.php(312): mysqli->query('INSERT INTO `m_...', 0)
#1 C:\xampp\htdocs\CodeIgniter4\system\Database\BaseConnection.php(734): CodeIgniter\Database\MySQLi\Connection->execute('INSERT INTO `m_...')
#2 C:\xampp\htdocs\CodeIgniter4\system\Database\BaseConnection.php(648): CodeIgniter\Database\BaseConnection->simpleQuery('INSERT INTO `m_...')
#3 C:\xampp\htdocs\CodeIgniter4\system\Database\BaseBuilder.php(2340): CodeIgniter\Database\BaseConnection->query('INSERT INTO `m_...', Array, false)
#4 C:\xampp\htdocs\CodeIgniter4\system\Model.php(394): CodeIgniter\Database\BaseBuilder->insert()
#5 C:\xampp\htdocs\CodeIgniter4\system\BaseModel.php(840): CodeIgniter\Model->doInsert(Array)
#6 C:\xampp\htdocs\CodeIgniter4\system\Model.php(802): CodeIgniter\BaseModel->insert(Array, true)
#7 C:\xampp\htdocs\CodeIgniter4\app\Controllers\Audiens.php(82): CodeIgniter\Model->insert(Array)
#8 C:\xampp\htdocs\CodeIgniter4\system\CodeIgniter.php(933): App\Controllers\Audiens->register()
#9 C:\xampp\htdocs\CodeIgniter4\system\CodeIgniter.php(509): CodeIgniter\CodeIgniter->runController(Object(App\Controllers\Audiens))
#10 C:\xampp\htdocs\CodeIgniter4\system\CodeIgniter.php(355): CodeIgniter\CodeIgniter->handleRequest(NULL, Object(Config\Cache), false)
#11 C:\xampp\htdocs\CodeIgniter4\system\Boot.php(325): CodeIgniter\CodeIgniter->run()
#12 C:\xampp\htdocs\CodeIgniter4\system\Boot.php(67): CodeIgniter\Boot::runCodeIgniter(Object(CodeIgniter\CodeIgniter))
#13 C:\xampp\htdocs\CodeIgniter4\public\index.php(59): CodeIgniter\Boot::bootWeb(Object(Config\Paths))
#14 {main}
CRITICAL - 2024-12-18 09:26:29 --> CodeIgniter\Database\Exceptions\DatabaseException: Duplicate entry 'kakikukaku' for key 'username'
[Method: POST, Route: Audiens/registration]
in SYSTEMPATH\Database\BaseConnection.php on line 688.
 1 SYSTEMPATH\Database\BaseBuilder.php(2340): CodeIgniter\Database\BaseConnection->query('INSERT INTO `m_user` (`id_role`, `username`, `nama`, `password`, `email`, `login_attempt`, `tgl_dibuat`, `tgl_dimodif`) VALUES (:id_role:, :username:, :nama:, :password:, :email:, :login_attempt:, :tgl_dibuat:, :tgl_dimodif:)', [...], false)
 2 SYSTEMPATH\Model.php(394): CodeIgniter\Database\BaseBuilder->insert()
 3 SYSTEMPATH\BaseModel.php(840): CodeIgniter\Model->doInsert([...])
 4 SYSTEMPATH\Model.php(802): CodeIgniter\BaseModel->insert([...], true)
 5 APPPATH\Controllers\Audiens.php(82): CodeIgniter\Model->insert([...])
 6 SYSTEMPATH\CodeIgniter.php(933): App\Controllers\Audiens->register()
 7 SYSTEMPATH\CodeIgniter.php(509): CodeIgniter\CodeIgniter->runController(Object(App\Controllers\Audiens))
 8 SYSTEMPATH\CodeIgniter.php(355): CodeIgniter\CodeIgniter->handleRequest(null, Object(Config\Cache), false)
 9 SYSTEMPATH\Boot.php(325): CodeIgniter\CodeIgniter->run()
10 SYSTEMPATH\Boot.php(67): CodeIgniter\Boot::runCodeIgniter(Object(CodeIgniter\CodeIgniter))
11 FCPATH\index.php(59): CodeIgniter\Boot::bootWeb(Object(Config\Paths))
CRITICAL - 2024-12-18 09:26:29 --> [Caused by] CodeIgniter\Database\Exceptions\DatabaseException: Duplicate entry 'kakikukaku' for key 'username'
in SYSTEMPATH\Database\MySQLi\Connection.php on line 317.
 1 SYSTEMPATH\Database\BaseConnection.php(734): CodeIgniter\Database\MySQLi\Connection->execute('INSERT INTO `m_user` (`id_role`, `username`, `nama`, `password`, `email`, `login_attempt`, `tgl_dibuat`, `tgl_dimodif`) VALUES (1, \'kakikukaku\', \'dika\', \'$2y$10$y.TTAWunt8rLNqUHx1xwZOGlSRrk6RMGBmbdsrBgVXT2n21maEeTi\', \'bhjvvhjv@gmail.com\', 0, \'2024-12-18 09:26:29\', \'2024-12-18 09:26:29\')')
 2 SYSTEMPATH\Database\BaseConnection.php(648): CodeIgniter\Database\BaseConnection->simpleQuery('INSERT INTO `m_user` (`id_role`, `username`, `nama`, `password`, `email`, `login_attempt`, `tgl_dibuat`, `tgl_dimodif`) VALUES (1, \'kakikukaku\', \'dika\', \'$2y$10$y.TTAWunt8rLNqUHx1xwZOGlSRrk6RMGBmbdsrBgVXT2n21maEeTi\', \'bhjvvhjv@gmail.com\', 0, \'2024-12-18 09:26:29\', \'2024-12-18 09:26:29\')')
 3 SYSTEMPATH\Database\BaseBuilder.php(2340): CodeIgniter\Database\BaseConnection->query('INSERT INTO `m_user` (`id_role`, `username`, `nama`, `password`, `email`, `login_attempt`, `tgl_dibuat`, `tgl_dimodif`) VALUES (:id_role:, :username:, :nama:, :password:, :email:, :login_attempt:, :tgl_dibuat:, :tgl_dimodif:)', [...], false)
 4 SYSTEMPATH\Model.php(394): CodeIgniter\Database\BaseBuilder->insert()
 5 SYSTEMPATH\BaseModel.php(840): CodeIgniter\Model->doInsert([...])
 6 SYSTEMPATH\Model.php(802): CodeIgniter\BaseModel->insert([...], true)
 7 APPPATH\Controllers\Audiens.php(82): CodeIgniter\Model->insert([...])
 8 SYSTEMPATH\CodeIgniter.php(933): App\Controllers\Audiens->register()
 9 SYSTEMPATH\CodeIgniter.php(509): CodeIgniter\CodeIgniter->runController(Object(App\Controllers\Audiens))
10 SYSTEMPATH\CodeIgniter.php(355): CodeIgniter\CodeIgniter->handleRequest(null, Object(Config\Cache), false)
11 SYSTEMPATH\Boot.php(325): CodeIgniter\CodeIgniter->run()
12 SYSTEMPATH\Boot.php(67): CodeIgniter\Boot::runCodeIgniter(Object(CodeIgniter\CodeIgniter))
13 FCPATH\index.php(59): CodeIgniter\Boot::bootWeb(Object(Config\Paths))
CRITICAL - 2024-12-18 09:26:29 --> [Caused by] mysqli_sql_exception: Duplicate entry 'kakikukaku' for key 'username'
in SYSTEMPATH\Database\MySQLi\Connection.php on line 312.
 1 SYSTEMPATH\Database\MySQLi\Connection.php(312): mysqli->query('INSERT INTO `m_user` (`id_role`, `username`, `nama`, `password`, `email`, `login_attempt`, `tgl_dibuat`, `tgl_dimodif`) VALUES (1, \'kakikukaku\', \'dika\', \'$2y$10$y.TTAWunt8rLNqUHx1xwZOGlSRrk6RMGBmbdsrBgVXT2n21maEeTi\', \'bhjvvhjv@gmail.com\', 0, \'2024-12-18 09:26:29\', \'2024-12-18 09:26:29\')', 0)
 2 SYSTEMPATH\Database\BaseConnection.php(734): CodeIgniter\Database\MySQLi\Connection->execute('INSERT INTO `m_user` (`id_role`, `username`, `nama`, `password`, `email`, `login_attempt`, `tgl_dibuat`, `tgl_dimodif`) VALUES (1, \'kakikukaku\', \'dika\', \'$2y$10$y.TTAWunt8rLNqUHx1xwZOGlSRrk6RMGBmbdsrBgVXT2n21maEeTi\', \'bhjvvhjv@gmail.com\', 0, \'2024-12-18 09:26:29\', \'2024-12-18 09:26:29\')')
 3 SYSTEMPATH\Database\BaseConnection.php(648): CodeIgniter\Database\BaseConnection->simpleQuery('INSERT INTO `m_user` (`id_role`, `username`, `nama`, `password`, `email`, `login_attempt`, `tgl_dibuat`, `tgl_dimodif`) VALUES (1, \'kakikukaku\', \'dika\', \'$2y$10$y.TTAWunt8rLNqUHx1xwZOGlSRrk6RMGBmbdsrBgVXT2n21maEeTi\', \'bhjvvhjv@gmail.com\', 0, \'2024-12-18 09:26:29\', \'2024-12-18 09:26:29\')')
 4 SYSTEMPATH\Database\BaseBuilder.php(2340): CodeIgniter\Database\BaseConnection->query('INSERT INTO `m_user` (`id_role`, `username`, `nama`, `password`, `email`, `login_attempt`, `tgl_dibuat`, `tgl_dimodif`) VALUES (:id_role:, :username:, :nama:, :password:, :email:, :login_attempt:, :tgl_dibuat:, :tgl_dimodif:)', [...], false)
 5 SYSTEMPATH\Model.php(394): CodeIgniter\Database\BaseBuilder->insert()
 6 SYSTEMPATH\BaseModel.php(840): CodeIgniter\Model->doInsert([...])
 7 SYSTEMPATH\Model.php(802): CodeIgniter\BaseModel->insert([...], true)
 8 APPPATH\Controllers\Audiens.php(82): CodeIgniter\Model->insert([...])
 9 SYSTEMPATH\CodeIgniter.php(933): App\Controllers\Audiens->register()
10 SYSTEMPATH\CodeIgniter.php(509): CodeIgniter\CodeIgniter->runController(Object(App\Controllers\Audiens))
11 SYSTEMPATH\CodeIgniter.php(355): CodeIgniter\CodeIgniter->handleRequest(null, Object(Config\Cache), false)
12 SYSTEMPATH\Boot.php(325): CodeIgniter\CodeIgniter->run()
13 SYSTEMPATH\Boot.php(67): CodeIgniter\Boot::runCodeIgniter(Object(CodeIgniter\CodeIgniter))
14 FCPATH\index.php(59): CodeIgniter\Boot::bootWeb(Object(Config\Paths))
ERROR - 2024-12-18 09:44:08 --> mysqli_sql_exception: Duplicate entry 'pearl.mhrlk' for key 'username' in C:\xampp\htdocs\CodeIgniter4\system\Database\MySQLi\Connection.php:312
Stack trace:
#0 C:\xampp\htdocs\CodeIgniter4\system\Database\MySQLi\Connection.php(312): mysqli->query('INSERT INTO `m_...', 0)
#1 C:\xampp\htdocs\CodeIgniter4\system\Database\BaseConnection.php(734): CodeIgniter\Database\MySQLi\Connection->execute('INSERT INTO `m_...')
#2 C:\xampp\htdocs\CodeIgniter4\system\Database\BaseConnection.php(648): CodeIgniter\Database\BaseConnection->simpleQuery('INSERT INTO `m_...')
#3 C:\xampp\htdocs\CodeIgniter4\system\Database\BaseBuilder.php(2340): CodeIgniter\Database\BaseConnection->query('INSERT INTO `m_...', Array, false)
#4 C:\xampp\htdocs\CodeIgniter4\system\Model.php(394): CodeIgniter\Database\BaseBuilder->insert()
#5 C:\xampp\htdocs\CodeIgniter4\system\BaseModel.php(840): CodeIgniter\Model->doInsert(Array)
#6 C:\xampp\htdocs\CodeIgniter4\system\Model.php(802): CodeIgniter\BaseModel->insert(Array, true)
#7 C:\xampp\htdocs\CodeIgniter4\app\Controllers\Audiens.php(84): CodeIgniter\Model->insert(Array)
#8 C:\xampp\htdocs\CodeIgniter4\system\CodeIgniter.php(933): App\Controllers\Audiens->register()
#9 C:\xampp\htdocs\CodeIgniter4\system\CodeIgniter.php(509): CodeIgniter\CodeIgniter->runController(Object(App\Controllers\Audiens))
#10 C:\xampp\htdocs\CodeIgniter4\system\CodeIgniter.php(355): CodeIgniter\CodeIgniter->handleRequest(NULL, Object(Config\Cache), false)
#11 C:\xampp\htdocs\CodeIgniter4\system\Boot.php(325): CodeIgniter\CodeIgniter->run()
#12 C:\xampp\htdocs\CodeIgniter4\system\Boot.php(67): CodeIgniter\Boot::runCodeIgniter(Object(CodeIgniter\CodeIgniter))
#13 C:\xampp\htdocs\CodeIgniter4\public\index.php(59): CodeIgniter\Boot::bootWeb(Object(Config\Paths))
#14 {main}
CRITICAL - 2024-12-18 09:44:08 --> CodeIgniter\Database\Exceptions\DatabaseException: Duplicate entry 'pearl.mhrlk' for key 'username'
[Method: POST, Route: Audiens/registration]
in SYSTEMPATH\Database\BaseConnection.php on line 688.
 1 SYSTEMPATH\Database\BaseBuilder.php(2340): CodeIgniter\Database\BaseConnection->query('INSERT INTO `m_user` (`id_role`, `username`, `nama`, `password`, `email`, `login_attempt`, `tgl_dibuat`, `tgl_dimodif`) VALUES (:id_role:, :username:, :nama:, :password:, :email:, :login_attempt:, :tgl_dibuat:, :tgl_dimodif:)', [...], false)
 2 SYSTEMPATH\Model.php(394): CodeIgniter\Database\BaseBuilder->insert()
 3 SYSTEMPATH\BaseModel.php(840): CodeIgniter\Model->doInsert([...])
 4 SYSTEMPATH\Model.php(802): CodeIgniter\BaseModel->insert([...], true)
 5 APPPATH\Controllers\Audiens.php(84): CodeIgniter\Model->insert([...])
 6 SYSTEMPATH\CodeIgniter.php(933): App\Controllers\Audiens->register()
 7 SYSTEMPATH\CodeIgniter.php(509): CodeIgniter\CodeIgniter->runController(Object(App\Controllers\Audiens))
 8 SYSTEMPATH\CodeIgniter.php(355): CodeIgniter\CodeIgniter->handleRequest(null, Object(Config\Cache), false)
 9 SYSTEMPATH\Boot.php(325): CodeIgniter\CodeIgniter->run()
10 SYSTEMPATH\Boot.php(67): CodeIgniter\Boot::runCodeIgniter(Object(CodeIgniter\CodeIgniter))
11 FCPATH\index.php(59): CodeIgniter\Boot::bootWeb(Object(Config\Paths))
CRITICAL - 2024-12-18 09:44:08 --> [Caused by] CodeIgniter\Database\Exceptions\DatabaseException: Duplicate entry 'pearl.mhrlk' for key 'username'
in SYSTEMPATH\Database\MySQLi\Connection.php on line 317.
 1 SYSTEMPATH\Database\BaseConnection.php(734): CodeIgniter\Database\MySQLi\Connection->execute('INSERT INTO `m_user` (`id_role`, `username`, `nama`, `password`, `email`, `login_attempt`, `tgl_dibuat`, `tgl_dimodif`) VALUES (1, \'pearl.mhrlk\', \'gege\', \'$2y$10$0.BemUHRYIxmnbo4x.RjCebyPRVou6ahFMr0UbbX8nCOoL6AZJvoy\', \'mhjvfgcg@gmail.com\', 0, \'2024-12-18 09:44:08\', \'2024-12-18 09:44:08\')')
 2 SYSTEMPATH\Database\BaseConnection.php(648): CodeIgniter\Database\BaseConnection->simpleQuery('INSERT INTO `m_user` (`id_role`, `username`, `nama`, `password`, `email`, `login_attempt`, `tgl_dibuat`, `tgl_dimodif`) VALUES (1, \'pearl.mhrlk\', \'gege\', \'$2y$10$0.BemUHRYIxmnbo4x.RjCebyPRVou6ahFMr0UbbX8nCOoL6AZJvoy\', \'mhjvfgcg@gmail.com\', 0, \'2024-12-18 09:44:08\', \'2024-12-18 09:44:08\')')
 3 SYSTEMPATH\Database\BaseBuilder.php(2340): CodeIgniter\Database\BaseConnection->query('INSERT INTO `m_user` (`id_role`, `username`, `nama`, `password`, `email`, `login_attempt`, `tgl_dibuat`, `tgl_dimodif`) VALUES (:id_role:, :username:, :nama:, :password:, :email:, :login_attempt:, :tgl_dibuat:, :tgl_dimodif:)', [...], false)
 4 SYSTEMPATH\Model.php(394): CodeIgniter\Database\BaseBuilder->insert()
 5 SYSTEMPATH\BaseModel.php(840): CodeIgniter\Model->doInsert([...])
 6 SYSTEMPATH\Model.php(802): CodeIgniter\BaseModel->insert([...], true)
 7 APPPATH\Controllers\Audiens.php(84): CodeIgniter\Model->insert([...])
 8 SYSTEMPATH\CodeIgniter.php(933): App\Controllers\Audiens->register()
 9 SYSTEMPATH\CodeIgniter.php(509): CodeIgniter\CodeIgniter->runController(Object(App\Controllers\Audiens))
10 SYSTEMPATH\CodeIgniter.php(355): CodeIgniter\CodeIgniter->handleRequest(null, Object(Config\Cache), false)
11 SYSTEMPATH\Boot.php(325): CodeIgniter\CodeIgniter->run()
12 SYSTEMPATH\Boot.php(67): CodeIgniter\Boot::runCodeIgniter(Object(CodeIgniter\CodeIgniter))
13 FCPATH\index.php(59): CodeIgniter\Boot::bootWeb(Object(Config\Paths))
CRITICAL - 2024-12-18 09:44:08 --> [Caused by] mysqli_sql_exception: Duplicate entry 'pearl.mhrlk' for key 'username'
in SYSTEMPATH\Database\MySQLi\Connection.php on line 312.
 1 SYSTEMPATH\Database\MySQLi\Connection.php(312): mysqli->query('INSERT INTO `m_user` (`id_role`, `username`, `nama`, `password`, `email`, `login_attempt`, `tgl_dibuat`, `tgl_dimodif`) VALUES (1, \'pearl.mhrlk\', \'gege\', \'$2y$10$0.BemUHRYIxmnbo4x.RjCebyPRVou6ahFMr0UbbX8nCOoL6AZJvoy\', \'mhjvfgcg@gmail.com\', 0, \'2024-12-18 09:44:08\', \'2024-12-18 09:44:08\')', 0)
 2 SYSTEMPATH\Database\BaseConnection.php(734): CodeIgniter\Database\MySQLi\Connection->execute('INSERT INTO `m_user` (`id_role`, `username`, `nama`, `password`, `email`, `login_attempt`, `tgl_dibuat`, `tgl_dimodif`) VALUES (1, \'pearl.mhrlk\', \'gege\', \'$2y$10$0.BemUHRYIxmnbo4x.RjCebyPRVou6ahFMr0UbbX8nCOoL6AZJvoy\', \'mhjvfgcg@gmail.com\', 0, \'2024-12-18 09:44:08\', \'2024-12-18 09:44:08\')')
 3 SYSTEMPATH\Database\BaseConnection.php(648): CodeIgniter\Database\BaseConnection->simpleQuery('INSERT INTO `m_user` (`id_role`, `username`, `nama`, `password`, `email`, `login_attempt`, `tgl_dibuat`, `tgl_dimodif`) VALUES (1, \'pearl.mhrlk\', \'gege\', \'$2y$10$0.BemUHRYIxmnbo4x.RjCebyPRVou6ahFMr0UbbX8nCOoL6AZJvoy\', \'mhjvfgcg@gmail.com\', 0, \'2024-12-18 09:44:08\', \'2024-12-18 09:44:08\')')
 4 SYSTEMPATH\Database\BaseBuilder.php(2340): CodeIgniter\Database\BaseConnection->query('INSERT INTO `m_user` (`id_role`, `username`, `nama`, `password`, `email`, `login_attempt`, `tgl_dibuat`, `tgl_dimodif`) VALUES (:id_role:, :username:, :nama:, :password:, :email:, :login_attempt:, :tgl_dibuat:, :tgl_dimodif:)', [...], false)
 5 SYSTEMPATH\Model.php(394): CodeIgniter\Database\BaseBuilder->insert()
 6 SYSTEMPATH\BaseModel.php(840): CodeIgniter\Model->doInsert([...])
 7 SYSTEMPATH\Model.php(802): CodeIgniter\BaseModel->insert([...], true)
 8 APPPATH\Controllers\Audiens.php(84): CodeIgniter\Model->insert([...])
 9 SYSTEMPATH\CodeIgniter.php(933): App\Controllers\Audiens->register()
10 SYSTEMPATH\CodeIgniter.php(509): CodeIgniter\CodeIgniter->runController(Object(App\Controllers\Audiens))
11 SYSTEMPATH\CodeIgniter.php(355): CodeIgniter\CodeIgniter->handleRequest(null, Object(Config\Cache), false)
12 SYSTEMPATH\Boot.php(325): CodeIgniter\CodeIgniter->run()
13 SYSTEMPATH\Boot.php(67): CodeIgniter\Boot::runCodeIgniter(Object(CodeIgniter\CodeIgniter))
14 FCPATH\index.php(59): CodeIgniter\Boot::bootWeb(Object(Config\Paths))
CRITICAL - 2024-12-18 10:15:07 --> BadMethodCallException: Call to undefined method App\Models\User::isUsernameExist
[Method: POST, Route: Audiens/registration]
in SYSTEMPATH\Model.php on line 932.
 1 APPPATH\Controllers\Audiens.php(82): CodeIgniter\Model->__call('isUsernameExist', [...])
 2 SYSTEMPATH\CodeIgniter.php(933): App\Controllers\Audiens->register()
 3 SYSTEMPATH\CodeIgniter.php(509): CodeIgniter\CodeIgniter->runController(Object(App\Controllers\Audiens))
 4 SYSTEMPATH\CodeIgniter.php(355): CodeIgniter\CodeIgniter->handleRequest(null, Object(Config\Cache), false)
 5 SYSTEMPATH\Boot.php(325): CodeIgniter\CodeIgniter->run()
 6 SYSTEMPATH\Boot.php(67): CodeIgniter\Boot::runCodeIgniter(Object(CodeIgniter\CodeIgniter))
 7 FCPATH\index.php(59): CodeIgniter\Boot::bootWeb(Object(Config\Paths))
