INFO - 2025-06-16 05:09:04 --> Session: Class initialized using 'CodeIgniter\Session\Handlers\FileHandler' driver.
INFO - 2025-06-16 05:09:06 --> Session: Class initialized using 'CodeIgniter\Session\Handlers\FileHandler' driver.
INFO - 2025-06-16 05:09:13 --> Session: Class initialized using 'CodeIgniter\Session\Handlers\FileHandler' driver.
INFO - 2025-06-16 05:09:13 --> Session: Class initialized using 'CodeIgniter\Session\Handlers\FileHandler' driver.
INFO - 2025-06-16 05:09:18 --> Session: Class initialized using 'CodeIgniter\Session\Handlers\FileHandler' driver.
INFO - 2025-06-16 05:09:19 --> Session: Class initialized using 'CodeIgniter\Session\Handlers\FileHandler' driver.
INFO - 2025-06-16 05:09:26 --> Session: Class initialized using 'CodeIgniter\Session\Handlers\FileHandler' driver.
INFO - 2025-06-16 05:09:26 --> Session: Class initialized using 'CodeIgniter\Session\Handlers\FileHandler' driver.
INFO - 2025-06-16 05:10:32 --> Session: Class initialized using 'CodeIgniter\Session\Handlers\FileHandler' driver.
INFO - 2025-06-16 05:10:32 --> Session: Class initialized using 'CodeIgniter\Session\Handlers\FileHandler' driver.
INFO - 2025-06-16 05:56:20 --> Session: Class initialized using 'CodeIgniter\Session\Handlers\FileHandler' driver.
INFO - 2025-06-16 05:56:21 --> Session: Class initialized using 'CodeIgniter\Session\Handlers\FileHandler' driver.
INFO - 2025-06-16 05:58:41 --> Session: Class initialized using 'CodeIgniter\Session\Handlers\FileHandler' driver.
INFO - 2025-06-16 05:58:46 --> Session: Class initialized using 'CodeIgniter\Session\Handlers\FileHandler' driver.
INFO - 2025-06-16 05:58:48 --> Session: Class initialized using 'CodeIgniter\Session\Handlers\FileHandler' driver.
INFO - 2025-06-16 06:02:07 --> Session: Class initialized using 'CodeIgniter\Session\Handlers\FileHandler' driver.
INFO - 2025-06-16 06:02:09 --> Session: Class initialized using 'CodeIgniter\Session\Handlers\FileHandler' driver.
INFO - 2025-06-16 06:02:54 --> Session: Class initialized using 'CodeIgniter\Session\Handlers\FileHandler' driver.
INFO - 2025-06-16 06:02:56 --> Session: Class initialized using 'CodeIgniter\Session\Handlers\FileHandler' driver.
INFO - 2025-06-16 06:03:10 --> Session: Class initialized using 'CodeIgniter\Session\Handlers\FileHandler' driver.
INFO - 2025-06-16 06:03:12 --> Session: Class initialized using 'CodeIgniter\Session\Handlers\FileHandler' driver.
INFO - 2025-06-16 06:08:19 --> Session: Class initialized using 'CodeIgniter\Session\Handlers\FileHandler' driver.
INFO - 2025-06-16 06:08:22 --> Session: Class initialized using 'CodeIgniter\Session\Handlers\FileHandler' driver.
INFO - 2025-06-16 06:12:45 --> Session: Class initialized using 'CodeIgniter\Session\Handlers\FileHandler' driver.
INFO - 2025-06-16 06:12:47 --> Session: Class initialized using 'CodeIgniter\Session\Handlers\FileHandler' driver.
INFO - 2025-06-16 06:13:20 --> Session: Class initialized using 'CodeIgniter\Session\Handlers\FileHandler' driver.
INFO - 2025-06-16 06:13:22 --> Session: Class initialized using 'CodeIgniter\Session\Handlers\FileHandler' driver.
INFO - 2025-06-16 06:14:21 --> Session: Class initialized using 'CodeIgniter\Session\Handlers\FileHandler' driver.
INFO - 2025-06-16 06:14:23 --> Session: Class initialized using 'CodeIgniter\Session\Handlers\FileHandler' driver.
INFO - 2025-06-16 06:14:24 --> Session: Class initialized using 'CodeIgniter\Session\Handlers\FileHandler' driver.
ERROR - 2025-06-16 06:14:24 --> mysqli_sql_exception: Unknown column 'm_audiens.tanggal_lahir' in 'field list' in C:\xampp\htdocs\CodeIgniter4\system\Database\MySQLi\Connection.php:312
Stack trace:
#0 C:\xampp\htdocs\CodeIgniter4\system\Database\MySQLi\Connection.php(312): mysqli->query('SELECT `m_user`...', 0)
#1 C:\xampp\htdocs\CodeIgniter4\system\Database\BaseConnection.php(734): CodeIgniter\Database\MySQLi\Connection->execute('SELECT `m_user`...')
#2 C:\xampp\htdocs\CodeIgniter4\system\Database\BaseConnection.php(648): CodeIgniter\Database\BaseConnection->simpleQuery('SELECT `m_user`...')
#3 C:\xampp\htdocs\CodeIgniter4\system\Database\BaseBuilder.php(1644): CodeIgniter\Database\BaseConnection->query('SELECT `m_user`...', Array, false)
#4 C:\xampp\htdocs\CodeIgniter4\system\Model.php(286): CodeIgniter\Database\BaseBuilder->get()
#5 C:\xampp\htdocs\CodeIgniter4\system\BaseModel.php(676): CodeIgniter\Model->doFindAll(0, 0)
#6 C:\xampp\htdocs\CodeIgniter4\app\Controllers\MitraTeater.php(1443): CodeIgniter\BaseModel->findAll()
#7 C:\xampp\htdocs\CodeIgniter4\system\CodeIgniter.php(933): App\Controllers\MitraTeater->getBookingBySchedule('penampilan', '79')
#8 C:\xampp\htdocs\CodeIgniter4\system\CodeIgniter.php(509): CodeIgniter\CodeIgniter->runController(Object(App\Controllers\MitraTeater))
#9 C:\xampp\htdocs\CodeIgniter4\system\CodeIgniter.php(355): CodeIgniter\CodeIgniter->handleRequest(NULL, Object(Config\Cache), false)
#10 C:\xampp\htdocs\CodeIgniter4\system\Boot.php(325): CodeIgniter\CodeIgniter->run()
#11 C:\xampp\htdocs\CodeIgniter4\system\Boot.php(67): CodeIgniter\Boot::runCodeIgniter(Object(CodeIgniter\CodeIgniter))
#12 C:\xampp\htdocs\CodeIgniter4\public\index.php(59): CodeIgniter\Boot::bootWeb(Object(Config\Paths))
#13 {main}
CRITICAL - 2025-06-16 06:14:24 --> CodeIgniter\Database\Exceptions\DatabaseException: Unknown column 'm_audiens.tanggal_lahir' in 'field list'
[Method: GET, Route: MitraTeater/get-booking/penampilan/79]
in SYSTEMPATH\Database\BaseConnection.php on line 688.
 1 SYSTEMPATH\Database\BaseBuilder.php(1644): CodeIgniter\Database\BaseConnection->query('SELECT `m_user`.`nama`, `m_user`.`email`, `m_audiens`.`tanggal_lahir`, `m_audiens`.`jenis_kelamin`, `m_show_schedule`.`tanggal`, `m_show_schedule`.`waktu_mulai`, `m_show_schedule`.`waktu_selesai`, `t_booking`.`status`, `t_booking`.`is_free`, `t_booking`.`bukti_pembayaran`, `t_booking`.`created_at`
FROM `t_booking`
JOIN `m_audiens` ON `m_audiens`.`id` = `t_booking`.`id_audiens`
JOIN `m_user` ON `m_user`.`id` = `m_audiens`.`id_user`
JOIN `m_show_schedule` ON `m_show_schedule`.`id` = `t_booking`.`id_jadwal`
WHERE `id_penampilan` = :id_penampilan:
AND `t_booking`.`status` != :t_booking.status:', [...], false)
 2 SYSTEMPATH\Model.php(286): CodeIgniter\Database\BaseBuilder->get()
 3 SYSTEMPATH\BaseModel.php(676): CodeIgniter\Model->doFindAll(0, 0)
 4 APPPATH\Controllers\MitraTeater.php(1443): CodeIgniter\BaseModel->findAll()
 5 SYSTEMPATH\CodeIgniter.php(933): App\Controllers\MitraTeater->getBookingBySchedule('penampilan', '79')
 6 SYSTEMPATH\CodeIgniter.php(509): CodeIgniter\CodeIgniter->runController(Object(App\Controllers\MitraTeater))
 7 SYSTEMPATH\CodeIgniter.php(355): CodeIgniter\CodeIgniter->handleRequest(null, Object(Config\Cache), false)
 8 SYSTEMPATH\Boot.php(325): CodeIgniter\CodeIgniter->run()
 9 SYSTEMPATH\Boot.php(67): CodeIgniter\Boot::runCodeIgniter(Object(CodeIgniter\CodeIgniter))
10 FCPATH\index.php(59): CodeIgniter\Boot::bootWeb(Object(Config\Paths))
CRITICAL - 2025-06-16 06:14:24 --> [Caused by] CodeIgniter\Database\Exceptions\DatabaseException: Unknown column 'm_audiens.tanggal_lahir' in 'field list'
in SYSTEMPATH\Database\MySQLi\Connection.php on line 317.
 1 SYSTEMPATH\Database\BaseConnection.php(734): CodeIgniter\Database\MySQLi\Connection->execute('SELECT `m_user`.`nama`, `m_user`.`email`, `m_audiens`.`tanggal_lahir`, `m_audiens`.`jenis_kelamin`, `m_show_schedule`.`tanggal`, `m_show_schedule`.`waktu_mulai`, `m_show_schedule`.`waktu_selesai`, `t_booking`.`status`, `t_booking`.`is_free`, `t_booking`.`bukti_pembayaran`, `t_booking`.`created_at`
FROM `t_booking`
JOIN `m_audiens` ON `m_audiens`.`id` = `t_booking`.`id_audiens`
JOIN `m_user` ON `m_user`.`id` = `m_audiens`.`id_user`
JOIN `m_show_schedule` ON `m_show_schedule`.`id` = `t_booking`.`id_jadwal`
WHERE `id_penampilan` = \'79\'
AND `t_booking`.`status` != \'cancel\'')
 2 SYSTEMPATH\Database\BaseConnection.php(648): CodeIgniter\Database\BaseConnection->simpleQuery('SELECT `m_user`.`nama`, `m_user`.`email`, `m_audiens`.`tanggal_lahir`, `m_audiens`.`jenis_kelamin`, `m_show_schedule`.`tanggal`, `m_show_schedule`.`waktu_mulai`, `m_show_schedule`.`waktu_selesai`, `t_booking`.`status`, `t_booking`.`is_free`, `t_booking`.`bukti_pembayaran`, `t_booking`.`created_at`
FROM `t_booking`
JOIN `m_audiens` ON `m_audiens`.`id` = `t_booking`.`id_audiens`
JOIN `m_user` ON `m_user`.`id` = `m_audiens`.`id_user`
JOIN `m_show_schedule` ON `m_show_schedule`.`id` = `t_booking`.`id_jadwal`
WHERE `id_penampilan` = \'79\'
AND `t_booking`.`status` != \'cancel\'')
 3 SYSTEMPATH\Database\BaseBuilder.php(1644): CodeIgniter\Database\BaseConnection->query('SELECT `m_user`.`nama`, `m_user`.`email`, `m_audiens`.`tanggal_lahir`, `m_audiens`.`jenis_kelamin`, `m_show_schedule`.`tanggal`, `m_show_schedule`.`waktu_mulai`, `m_show_schedule`.`waktu_selesai`, `t_booking`.`status`, `t_booking`.`is_free`, `t_booking`.`bukti_pembayaran`, `t_booking`.`created_at`
FROM `t_booking`
JOIN `m_audiens` ON `m_audiens`.`id` = `t_booking`.`id_audiens`
JOIN `m_user` ON `m_user`.`id` = `m_audiens`.`id_user`
JOIN `m_show_schedule` ON `m_show_schedule`.`id` = `t_booking`.`id_jadwal`
WHERE `id_penampilan` = :id_penampilan:
AND `t_booking`.`status` != :t_booking.status:', [...], false)
 4 SYSTEMPATH\Model.php(286): CodeIgniter\Database\BaseBuilder->get()
 5 SYSTEMPATH\BaseModel.php(676): CodeIgniter\Model->doFindAll(0, 0)
 6 APPPATH\Controllers\MitraTeater.php(1443): CodeIgniter\BaseModel->findAll()
 7 SYSTEMPATH\CodeIgniter.php(933): App\Controllers\MitraTeater->getBookingBySchedule('penampilan', '79')
 8 SYSTEMPATH\CodeIgniter.php(509): CodeIgniter\CodeIgniter->runController(Object(App\Controllers\MitraTeater))
 9 SYSTEMPATH\CodeIgniter.php(355): CodeIgniter\CodeIgniter->handleRequest(null, Object(Config\Cache), false)
10 SYSTEMPATH\Boot.php(325): CodeIgniter\CodeIgniter->run()
11 SYSTEMPATH\Boot.php(67): CodeIgniter\Boot::runCodeIgniter(Object(CodeIgniter\CodeIgniter))
12 FCPATH\index.php(59): CodeIgniter\Boot::bootWeb(Object(Config\Paths))
CRITICAL - 2025-06-16 06:14:24 --> [Caused by] mysqli_sql_exception: Unknown column 'm_audiens.tanggal_lahir' in 'field list'
in SYSTEMPATH\Database\MySQLi\Connection.php on line 312.
 1 SYSTEMPATH\Database\MySQLi\Connection.php(312): mysqli->query('SELECT `m_user`.`nama`, `m_user`.`email`, `m_audiens`.`tanggal_lahir`, `m_audiens`.`jenis_kelamin`, `m_show_schedule`.`tanggal`, `m_show_schedule`.`waktu_mulai`, `m_show_schedule`.`waktu_selesai`, `t_booking`.`status`, `t_booking`.`is_free`, `t_booking`.`bukti_pembayaran`, `t_booking`.`created_at`
FROM `t_booking`
JOIN `m_audiens` ON `m_audiens`.`id` = `t_booking`.`id_audiens`
JOIN `m_user` ON `m_user`.`id` = `m_audiens`.`id_user`
JOIN `m_show_schedule` ON `m_show_schedule`.`id` = `t_booking`.`id_jadwal`
WHERE `id_penampilan` = \'79\'
AND `t_booking`.`status` != \'cancel\'', 0)
 2 SYSTEMPATH\Database\BaseConnection.php(734): CodeIgniter\Database\MySQLi\Connection->execute('SELECT `m_user`.`nama`, `m_user`.`email`, `m_audiens`.`tanggal_lahir`, `m_audiens`.`jenis_kelamin`, `m_show_schedule`.`tanggal`, `m_show_schedule`.`waktu_mulai`, `m_show_schedule`.`waktu_selesai`, `t_booking`.`status`, `t_booking`.`is_free`, `t_booking`.`bukti_pembayaran`, `t_booking`.`created_at`
FROM `t_booking`
JOIN `m_audiens` ON `m_audiens`.`id` = `t_booking`.`id_audiens`
JOIN `m_user` ON `m_user`.`id` = `m_audiens`.`id_user`
JOIN `m_show_schedule` ON `m_show_schedule`.`id` = `t_booking`.`id_jadwal`
WHERE `id_penampilan` = \'79\'
AND `t_booking`.`status` != \'cancel\'')
 3 SYSTEMPATH\Database\BaseConnection.php(648): CodeIgniter\Database\BaseConnection->simpleQuery('SELECT `m_user`.`nama`, `m_user`.`email`, `m_audiens`.`tanggal_lahir`, `m_audiens`.`jenis_kelamin`, `m_show_schedule`.`tanggal`, `m_show_schedule`.`waktu_mulai`, `m_show_schedule`.`waktu_selesai`, `t_booking`.`status`, `t_booking`.`is_free`, `t_booking`.`bukti_pembayaran`, `t_booking`.`created_at`
FROM `t_booking`
JOIN `m_audiens` ON `m_audiens`.`id` = `t_booking`.`id_audiens`
JOIN `m_user` ON `m_user`.`id` = `m_audiens`.`id_user`
JOIN `m_show_schedule` ON `m_show_schedule`.`id` = `t_booking`.`id_jadwal`
WHERE `id_penampilan` = \'79\'
AND `t_booking`.`status` != \'cancel\'')
 4 SYSTEMPATH\Database\BaseBuilder.php(1644): CodeIgniter\Database\BaseConnection->query('SELECT `m_user`.`nama`, `m_user`.`email`, `m_audiens`.`tanggal_lahir`, `m_audiens`.`jenis_kelamin`, `m_show_schedule`.`tanggal`, `m_show_schedule`.`waktu_mulai`, `m_show_schedule`.`waktu_selesai`, `t_booking`.`status`, `t_booking`.`is_free`, `t_booking`.`bukti_pembayaran`, `t_booking`.`created_at`
FROM `t_booking`
JOIN `m_audiens` ON `m_audiens`.`id` = `t_booking`.`id_audiens`
JOIN `m_user` ON `m_user`.`id` = `m_audiens`.`id_user`
JOIN `m_show_schedule` ON `m_show_schedule`.`id` = `t_booking`.`id_jadwal`
WHERE `id_penampilan` = :id_penampilan:
AND `t_booking`.`status` != :t_booking.status:', [...], false)
 5 SYSTEMPATH\Model.php(286): CodeIgniter\Database\BaseBuilder->get()
 6 SYSTEMPATH\BaseModel.php(676): CodeIgniter\Model->doFindAll(0, 0)
 7 APPPATH\Controllers\MitraTeater.php(1443): CodeIgniter\BaseModel->findAll()
 8 SYSTEMPATH\CodeIgniter.php(933): App\Controllers\MitraTeater->getBookingBySchedule('penampilan', '79')
 9 SYSTEMPATH\CodeIgniter.php(509): CodeIgniter\CodeIgniter->runController(Object(App\Controllers\MitraTeater))
10 SYSTEMPATH\CodeIgniter.php(355): CodeIgniter\CodeIgniter->handleRequest(null, Object(Config\Cache), false)
11 SYSTEMPATH\Boot.php(325): CodeIgniter\CodeIgniter->run()
12 SYSTEMPATH\Boot.php(67): CodeIgniter\Boot::runCodeIgniter(Object(CodeIgniter\CodeIgniter))
13 FCPATH\index.php(59): CodeIgniter\Boot::bootWeb(Object(Config\Paths))
INFO - 2025-06-16 06:14:24 --> Session: Class initialized using 'CodeIgniter\Session\Handlers\FileHandler' driver.
ERROR - 2025-06-16 06:14:24 --> mysqli_sql_exception: Unknown column 'm_audiens.tanggal_lahir' in 'field list' in C:\xampp\htdocs\CodeIgniter4\system\Database\MySQLi\Connection.php:312
Stack trace:
#0 C:\xampp\htdocs\CodeIgniter4\system\Database\MySQLi\Connection.php(312): mysqli->query('SELECT `m_user`...', 0)
#1 C:\xampp\htdocs\CodeIgniter4\system\Database\BaseConnection.php(734): CodeIgniter\Database\MySQLi\Connection->execute('SELECT `m_user`...')
#2 C:\xampp\htdocs\CodeIgniter4\system\Database\BaseConnection.php(648): CodeIgniter\Database\BaseConnection->simpleQuery('SELECT `m_user`...')
#3 C:\xampp\htdocs\CodeIgniter4\system\Database\BaseBuilder.php(1644): CodeIgniter\Database\BaseConnection->query('SELECT `m_user`...', Array, false)
#4 C:\xampp\htdocs\CodeIgniter4\system\Model.php(286): CodeIgniter\Database\BaseBuilder->get()
#5 C:\xampp\htdocs\CodeIgniter4\system\BaseModel.php(676): CodeIgniter\Model->doFindAll(0, 0)
#6 C:\xampp\htdocs\CodeIgniter4\app\Controllers\MitraTeater.php(1443): CodeIgniter\BaseModel->findAll()
#7 C:\xampp\htdocs\CodeIgniter4\system\CodeIgniter.php(933): App\Controllers\MitraTeater->getBookingBySchedule('penampilan', '79')
#8 C:\xampp\htdocs\CodeIgniter4\system\CodeIgniter.php(509): CodeIgniter\CodeIgniter->runController(Object(App\Controllers\MitraTeater))
#9 C:\xampp\htdocs\CodeIgniter4\system\CodeIgniter.php(355): CodeIgniter\CodeIgniter->handleRequest(NULL, Object(Config\Cache), false)
#10 C:\xampp\htdocs\CodeIgniter4\system\Boot.php(325): CodeIgniter\CodeIgniter->run()
#11 C:\xampp\htdocs\CodeIgniter4\system\Boot.php(67): CodeIgniter\Boot::runCodeIgniter(Object(CodeIgniter\CodeIgniter))
#12 C:\xampp\htdocs\CodeIgniter4\public\index.php(59): CodeIgniter\Boot::bootWeb(Object(Config\Paths))
#13 {main}
CRITICAL - 2025-06-16 06:14:24 --> CodeIgniter\Database\Exceptions\DatabaseException: Unknown column 'm_audiens.tanggal_lahir' in 'field list'
[Method: GET, Route: MitraTeater/get-booking/penampilan/79]
in SYSTEMPATH\Database\BaseConnection.php on line 688.
 1 SYSTEMPATH\Database\BaseBuilder.php(1644): CodeIgniter\Database\BaseConnection->query('SELECT `m_user`.`nama`, `m_user`.`email`, `m_audiens`.`tanggal_lahir`, `m_audiens`.`jenis_kelamin`, `m_show_schedule`.`tanggal`, `m_show_schedule`.`waktu_mulai`, `m_show_schedule`.`waktu_selesai`, `t_booking`.`status`, `t_booking`.`is_free`, `t_booking`.`bukti_pembayaran`, `t_booking`.`created_at`
FROM `t_booking`
JOIN `m_audiens` ON `m_audiens`.`id` = `t_booking`.`id_audiens`
JOIN `m_user` ON `m_user`.`id` = `m_audiens`.`id_user`
JOIN `m_show_schedule` ON `m_show_schedule`.`id` = `t_booking`.`id_jadwal`
WHERE `id_penampilan` = :id_penampilan:
AND `t_booking`.`status` != :t_booking.status:', [...], false)
 2 SYSTEMPATH\Model.php(286): CodeIgniter\Database\BaseBuilder->get()
 3 SYSTEMPATH\BaseModel.php(676): CodeIgniter\Model->doFindAll(0, 0)
 4 APPPATH\Controllers\MitraTeater.php(1443): CodeIgniter\BaseModel->findAll()
 5 SYSTEMPATH\CodeIgniter.php(933): App\Controllers\MitraTeater->getBookingBySchedule('penampilan', '79')
 6 SYSTEMPATH\CodeIgniter.php(509): CodeIgniter\CodeIgniter->runController(Object(App\Controllers\MitraTeater))
 7 SYSTEMPATH\CodeIgniter.php(355): CodeIgniter\CodeIgniter->handleRequest(null, Object(Config\Cache), false)
 8 SYSTEMPATH\Boot.php(325): CodeIgniter\CodeIgniter->run()
 9 SYSTEMPATH\Boot.php(67): CodeIgniter\Boot::runCodeIgniter(Object(CodeIgniter\CodeIgniter))
10 FCPATH\index.php(59): CodeIgniter\Boot::bootWeb(Object(Config\Paths))
CRITICAL - 2025-06-16 06:14:24 --> [Caused by] CodeIgniter\Database\Exceptions\DatabaseException: Unknown column 'm_audiens.tanggal_lahir' in 'field list'
in SYSTEMPATH\Database\MySQLi\Connection.php on line 317.
 1 SYSTEMPATH\Database\BaseConnection.php(734): CodeIgniter\Database\MySQLi\Connection->execute('SELECT `m_user`.`nama`, `m_user`.`email`, `m_audiens`.`tanggal_lahir`, `m_audiens`.`jenis_kelamin`, `m_show_schedule`.`tanggal`, `m_show_schedule`.`waktu_mulai`, `m_show_schedule`.`waktu_selesai`, `t_booking`.`status`, `t_booking`.`is_free`, `t_booking`.`bukti_pembayaran`, `t_booking`.`created_at`
FROM `t_booking`
JOIN `m_audiens` ON `m_audiens`.`id` = `t_booking`.`id_audiens`
JOIN `m_user` ON `m_user`.`id` = `m_audiens`.`id_user`
JOIN `m_show_schedule` ON `m_show_schedule`.`id` = `t_booking`.`id_jadwal`
WHERE `id_penampilan` = \'79\'
AND `t_booking`.`status` != \'cancel\'')
 2 SYSTEMPATH\Database\BaseConnection.php(648): CodeIgniter\Database\BaseConnection->simpleQuery('SELECT `m_user`.`nama`, `m_user`.`email`, `m_audiens`.`tanggal_lahir`, `m_audiens`.`jenis_kelamin`, `m_show_schedule`.`tanggal`, `m_show_schedule`.`waktu_mulai`, `m_show_schedule`.`waktu_selesai`, `t_booking`.`status`, `t_booking`.`is_free`, `t_booking`.`bukti_pembayaran`, `t_booking`.`created_at`
FROM `t_booking`
JOIN `m_audiens` ON `m_audiens`.`id` = `t_booking`.`id_audiens`
JOIN `m_user` ON `m_user`.`id` = `m_audiens`.`id_user`
JOIN `m_show_schedule` ON `m_show_schedule`.`id` = `t_booking`.`id_jadwal`
WHERE `id_penampilan` = \'79\'
AND `t_booking`.`status` != \'cancel\'')
 3 SYSTEMPATH\Database\BaseBuilder.php(1644): CodeIgniter\Database\BaseConnection->query('SELECT `m_user`.`nama`, `m_user`.`email`, `m_audiens`.`tanggal_lahir`, `m_audiens`.`jenis_kelamin`, `m_show_schedule`.`tanggal`, `m_show_schedule`.`waktu_mulai`, `m_show_schedule`.`waktu_selesai`, `t_booking`.`status`, `t_booking`.`is_free`, `t_booking`.`bukti_pembayaran`, `t_booking`.`created_at`
FROM `t_booking`
JOIN `m_audiens` ON `m_audiens`.`id` = `t_booking`.`id_audiens`
JOIN `m_user` ON `m_user`.`id` = `m_audiens`.`id_user`
JOIN `m_show_schedule` ON `m_show_schedule`.`id` = `t_booking`.`id_jadwal`
WHERE `id_penampilan` = :id_penampilan:
AND `t_booking`.`status` != :t_booking.status:', [...], false)
 4 SYSTEMPATH\Model.php(286): CodeIgniter\Database\BaseBuilder->get()
 5 SYSTEMPATH\BaseModel.php(676): CodeIgniter\Model->doFindAll(0, 0)
 6 APPPATH\Controllers\MitraTeater.php(1443): CodeIgniter\BaseModel->findAll()
 7 SYSTEMPATH\CodeIgniter.php(933): App\Controllers\MitraTeater->getBookingBySchedule('penampilan', '79')
 8 SYSTEMPATH\CodeIgniter.php(509): CodeIgniter\CodeIgniter->runController(Object(App\Controllers\MitraTeater))
 9 SYSTEMPATH\CodeIgniter.php(355): CodeIgniter\CodeIgniter->handleRequest(null, Object(Config\Cache), false)
10 SYSTEMPATH\Boot.php(325): CodeIgniter\CodeIgniter->run()
11 SYSTEMPATH\Boot.php(67): CodeIgniter\Boot::runCodeIgniter(Object(CodeIgniter\CodeIgniter))
12 FCPATH\index.php(59): CodeIgniter\Boot::bootWeb(Object(Config\Paths))
CRITICAL - 2025-06-16 06:14:24 --> [Caused by] mysqli_sql_exception: Unknown column 'm_audiens.tanggal_lahir' in 'field list'
in SYSTEMPATH\Database\MySQLi\Connection.php on line 312.
 1 SYSTEMPATH\Database\MySQLi\Connection.php(312): mysqli->query('SELECT `m_user`.`nama`, `m_user`.`email`, `m_audiens`.`tanggal_lahir`, `m_audiens`.`jenis_kelamin`, `m_show_schedule`.`tanggal`, `m_show_schedule`.`waktu_mulai`, `m_show_schedule`.`waktu_selesai`, `t_booking`.`status`, `t_booking`.`is_free`, `t_booking`.`bukti_pembayaran`, `t_booking`.`created_at`
FROM `t_booking`
JOIN `m_audiens` ON `m_audiens`.`id` = `t_booking`.`id_audiens`
JOIN `m_user` ON `m_user`.`id` = `m_audiens`.`id_user`
JOIN `m_show_schedule` ON `m_show_schedule`.`id` = `t_booking`.`id_jadwal`
WHERE `id_penampilan` = \'79\'
AND `t_booking`.`status` != \'cancel\'', 0)
 2 SYSTEMPATH\Database\BaseConnection.php(734): CodeIgniter\Database\MySQLi\Connection->execute('SELECT `m_user`.`nama`, `m_user`.`email`, `m_audiens`.`tanggal_lahir`, `m_audiens`.`jenis_kelamin`, `m_show_schedule`.`tanggal`, `m_show_schedule`.`waktu_mulai`, `m_show_schedule`.`waktu_selesai`, `t_booking`.`status`, `t_booking`.`is_free`, `t_booking`.`bukti_pembayaran`, `t_booking`.`created_at`
FROM `t_booking`
JOIN `m_audiens` ON `m_audiens`.`id` = `t_booking`.`id_audiens`
JOIN `m_user` ON `m_user`.`id` = `m_audiens`.`id_user`
JOIN `m_show_schedule` ON `m_show_schedule`.`id` = `t_booking`.`id_jadwal`
WHERE `id_penampilan` = \'79\'
AND `t_booking`.`status` != \'cancel\'')
 3 SYSTEMPATH\Database\BaseConnection.php(648): CodeIgniter\Database\BaseConnection->simpleQuery('SELECT `m_user`.`nama`, `m_user`.`email`, `m_audiens`.`tanggal_lahir`, `m_audiens`.`jenis_kelamin`, `m_show_schedule`.`tanggal`, `m_show_schedule`.`waktu_mulai`, `m_show_schedule`.`waktu_selesai`, `t_booking`.`status`, `t_booking`.`is_free`, `t_booking`.`bukti_pembayaran`, `t_booking`.`created_at`
FROM `t_booking`
JOIN `m_audiens` ON `m_audiens`.`id` = `t_booking`.`id_audiens`
JOIN `m_user` ON `m_user`.`id` = `m_audiens`.`id_user`
JOIN `m_show_schedule` ON `m_show_schedule`.`id` = `t_booking`.`id_jadwal`
WHERE `id_penampilan` = \'79\'
AND `t_booking`.`status` != \'cancel\'')
 4 SYSTEMPATH\Database\BaseBuilder.php(1644): CodeIgniter\Database\BaseConnection->query('SELECT `m_user`.`nama`, `m_user`.`email`, `m_audiens`.`tanggal_lahir`, `m_audiens`.`jenis_kelamin`, `m_show_schedule`.`tanggal`, `m_show_schedule`.`waktu_mulai`, `m_show_schedule`.`waktu_selesai`, `t_booking`.`status`, `t_booking`.`is_free`, `t_booking`.`bukti_pembayaran`, `t_booking`.`created_at`
FROM `t_booking`
JOIN `m_audiens` ON `m_audiens`.`id` = `t_booking`.`id_audiens`
JOIN `m_user` ON `m_user`.`id` = `m_audiens`.`id_user`
JOIN `m_show_schedule` ON `m_show_schedule`.`id` = `t_booking`.`id_jadwal`
WHERE `id_penampilan` = :id_penampilan:
AND `t_booking`.`status` != :t_booking.status:', [...], false)
 5 SYSTEMPATH\Model.php(286): CodeIgniter\Database\BaseBuilder->get()
 6 SYSTEMPATH\BaseModel.php(676): CodeIgniter\Model->doFindAll(0, 0)
 7 APPPATH\Controllers\MitraTeater.php(1443): CodeIgniter\BaseModel->findAll()
 8 SYSTEMPATH\CodeIgniter.php(933): App\Controllers\MitraTeater->getBookingBySchedule('penampilan', '79')
 9 SYSTEMPATH\CodeIgniter.php(509): CodeIgniter\CodeIgniter->runController(Object(App\Controllers\MitraTeater))
10 SYSTEMPATH\CodeIgniter.php(355): CodeIgniter\CodeIgniter->handleRequest(null, Object(Config\Cache), false)
11 SYSTEMPATH\Boot.php(325): CodeIgniter\CodeIgniter->run()
12 SYSTEMPATH\Boot.php(67): CodeIgniter\Boot::runCodeIgniter(Object(CodeIgniter\CodeIgniter))
13 FCPATH\index.php(59): CodeIgniter\Boot::bootWeb(Object(Config\Paths))
INFO - 2025-06-16 06:21:32 --> Session: Class initialized using 'CodeIgniter\Session\Handlers\FileHandler' driver.
INFO - 2025-06-16 06:21:34 --> Session: Class initialized using 'CodeIgniter\Session\Handlers\FileHandler' driver.
INFO - 2025-06-16 06:21:36 --> Session: Class initialized using 'CodeIgniter\Session\Handlers\FileHandler' driver.
ERROR - 2025-06-16 06:21:36 --> mysqli_sql_exception: Unknown column 'id_penampilan' in 'where clause' in C:\xampp\htdocs\CodeIgniter4\system\Database\MySQLi\Connection.php:312
Stack trace:
#0 C:\xampp\htdocs\CodeIgniter4\system\Database\MySQLi\Connection.php(312): mysqli->query('SELECT `m_user`...', 0)
#1 C:\xampp\htdocs\CodeIgniter4\system\Database\BaseConnection.php(734): CodeIgniter\Database\MySQLi\Connection->execute('SELECT `m_user`...')
#2 C:\xampp\htdocs\CodeIgniter4\system\Database\BaseConnection.php(648): CodeIgniter\Database\BaseConnection->simpleQuery('SELECT `m_user`...')
#3 C:\xampp\htdocs\CodeIgniter4\system\Database\BaseBuilder.php(1644): CodeIgniter\Database\BaseConnection->query('SELECT `m_user`...', Array, false)
#4 C:\xampp\htdocs\CodeIgniter4\system\Model.php(286): CodeIgniter\Database\BaseBuilder->get()
#5 C:\xampp\htdocs\CodeIgniter4\system\BaseModel.php(676): CodeIgniter\Model->doFindAll(0, 0)
#6 C:\xampp\htdocs\CodeIgniter4\app\Controllers\MitraTeater.php(1443): CodeIgniter\BaseModel->findAll()
#7 C:\xampp\htdocs\CodeIgniter4\system\CodeIgniter.php(933): App\Controllers\MitraTeater->getBookingBySchedule('penampilan', '79')
#8 C:\xampp\htdocs\CodeIgniter4\system\CodeIgniter.php(509): CodeIgniter\CodeIgniter->runController(Object(App\Controllers\MitraTeater))
#9 C:\xampp\htdocs\CodeIgniter4\system\CodeIgniter.php(355): CodeIgniter\CodeIgniter->handleRequest(NULL, Object(Config\Cache), false)
#10 C:\xampp\htdocs\CodeIgniter4\system\Boot.php(325): CodeIgniter\CodeIgniter->run()
#11 C:\xampp\htdocs\CodeIgniter4\system\Boot.php(67): CodeIgniter\Boot::runCodeIgniter(Object(CodeIgniter\CodeIgniter))
#12 C:\xampp\htdocs\CodeIgniter4\public\index.php(59): CodeIgniter\Boot::bootWeb(Object(Config\Paths))
#13 {main}
CRITICAL - 2025-06-16 06:21:36 --> CodeIgniter\Database\Exceptions\DatabaseException: Unknown column 'id_penampilan' in 'where clause'
[Method: GET, Route: MitraTeater/get-booking/penampilan/79]
in SYSTEMPATH\Database\BaseConnection.php on line 688.
 1 SYSTEMPATH\Database\BaseBuilder.php(1644): CodeIgniter\Database\BaseConnection->query('SELECT `m_user`.`nama`, `m_user`.`email`, `m_audiens`.`tgl_lahir`, `m_audiens`.`gender`, `m_show_schedule`.`tanggal`, `m_show_schedule`.`waktu_mulai`, `m_show_schedule`.`waktu_selesai`, `t_booking`.`status`, `t_booking`.`is_free`, `t_booking`.`bukti_pembayaran`, `t_booking`.`created_at`
FROM `t_booking`
JOIN `m_audiens` ON `m_audiens`.`id` = `t_booking`.`id_audiens`
JOIN `m_user` ON `m_user`.`id` = `m_audiens`.`id_user`
JOIN `m_show_schedule` ON `m_show_schedule`.`id` = `t_booking`.`id_jadwal`
WHERE `id_penampilan` = :id_penampilan:
AND `t_booking`.`status` != :t_booking.status:', [...], false)
 2 SYSTEMPATH\Model.php(286): CodeIgniter\Database\BaseBuilder->get()
 3 SYSTEMPATH\BaseModel.php(676): CodeIgniter\Model->doFindAll(0, 0)
 4 APPPATH\Controllers\MitraTeater.php(1443): CodeIgniter\BaseModel->findAll()
 5 SYSTEMPATH\CodeIgniter.php(933): App\Controllers\MitraTeater->getBookingBySchedule('penampilan', '79')
 6 SYSTEMPATH\CodeIgniter.php(509): CodeIgniter\CodeIgniter->runController(Object(App\Controllers\MitraTeater))
 7 SYSTEMPATH\CodeIgniter.php(355): CodeIgniter\CodeIgniter->handleRequest(null, Object(Config\Cache), false)
 8 SYSTEMPATH\Boot.php(325): CodeIgniter\CodeIgniter->run()
 9 SYSTEMPATH\Boot.php(67): CodeIgniter\Boot::runCodeIgniter(Object(CodeIgniter\CodeIgniter))
10 FCPATH\index.php(59): CodeIgniter\Boot::bootWeb(Object(Config\Paths))
CRITICAL - 2025-06-16 06:21:36 --> [Caused by] CodeIgniter\Database\Exceptions\DatabaseException: Unknown column 'id_penampilan' in 'where clause'
in SYSTEMPATH\Database\MySQLi\Connection.php on line 317.
 1 SYSTEMPATH\Database\BaseConnection.php(734): CodeIgniter\Database\MySQLi\Connection->execute('SELECT `m_user`.`nama`, `m_user`.`email`, `m_audiens`.`tgl_lahir`, `m_audiens`.`gender`, `m_show_schedule`.`tanggal`, `m_show_schedule`.`waktu_mulai`, `m_show_schedule`.`waktu_selesai`, `t_booking`.`status`, `t_booking`.`is_free`, `t_booking`.`bukti_pembayaran`, `t_booking`.`created_at`
FROM `t_booking`
JOIN `m_audiens` ON `m_audiens`.`id` = `t_booking`.`id_audiens`
JOIN `m_user` ON `m_user`.`id` = `m_audiens`.`id_user`
JOIN `m_show_schedule` ON `m_show_schedule`.`id` = `t_booking`.`id_jadwal`
WHERE `id_penampilan` = \'79\'
AND `t_booking`.`status` != \'cancel\'')
 2 SYSTEMPATH\Database\BaseConnection.php(648): CodeIgniter\Database\BaseConnection->simpleQuery('SELECT `m_user`.`nama`, `m_user`.`email`, `m_audiens`.`tgl_lahir`, `m_audiens`.`gender`, `m_show_schedule`.`tanggal`, `m_show_schedule`.`waktu_mulai`, `m_show_schedule`.`waktu_selesai`, `t_booking`.`status`, `t_booking`.`is_free`, `t_booking`.`bukti_pembayaran`, `t_booking`.`created_at`
FROM `t_booking`
JOIN `m_audiens` ON `m_audiens`.`id` = `t_booking`.`id_audiens`
JOIN `m_user` ON `m_user`.`id` = `m_audiens`.`id_user`
JOIN `m_show_schedule` ON `m_show_schedule`.`id` = `t_booking`.`id_jadwal`
WHERE `id_penampilan` = \'79\'
AND `t_booking`.`status` != \'cancel\'')
 3 SYSTEMPATH\Database\BaseBuilder.php(1644): CodeIgniter\Database\BaseConnection->query('SELECT `m_user`.`nama`, `m_user`.`email`, `m_audiens`.`tgl_lahir`, `m_audiens`.`gender`, `m_show_schedule`.`tanggal`, `m_show_schedule`.`waktu_mulai`, `m_show_schedule`.`waktu_selesai`, `t_booking`.`status`, `t_booking`.`is_free`, `t_booking`.`bukti_pembayaran`, `t_booking`.`created_at`
FROM `t_booking`
JOIN `m_audiens` ON `m_audiens`.`id` = `t_booking`.`id_audiens`
JOIN `m_user` ON `m_user`.`id` = `m_audiens`.`id_user`
JOIN `m_show_schedule` ON `m_show_schedule`.`id` = `t_booking`.`id_jadwal`
WHERE `id_penampilan` = :id_penampilan:
AND `t_booking`.`status` != :t_booking.status:', [...], false)
 4 SYSTEMPATH\Model.php(286): CodeIgniter\Database\BaseBuilder->get()
 5 SYSTEMPATH\BaseModel.php(676): CodeIgniter\Model->doFindAll(0, 0)
 6 APPPATH\Controllers\MitraTeater.php(1443): CodeIgniter\BaseModel->findAll()
 7 SYSTEMPATH\CodeIgniter.php(933): App\Controllers\MitraTeater->getBookingBySchedule('penampilan', '79')
 8 SYSTEMPATH\CodeIgniter.php(509): CodeIgniter\CodeIgniter->runController(Object(App\Controllers\MitraTeater))
 9 SYSTEMPATH\CodeIgniter.php(355): CodeIgniter\CodeIgniter->handleRequest(null, Object(Config\Cache), false)
10 SYSTEMPATH\Boot.php(325): CodeIgniter\CodeIgniter->run()
11 SYSTEMPATH\Boot.php(67): CodeIgniter\Boot::runCodeIgniter(Object(CodeIgniter\CodeIgniter))
12 FCPATH\index.php(59): CodeIgniter\Boot::bootWeb(Object(Config\Paths))
CRITICAL - 2025-06-16 06:21:36 --> [Caused by] mysqli_sql_exception: Unknown column 'id_penampilan' in 'where clause'
in SYSTEMPATH\Database\MySQLi\Connection.php on line 312.
 1 SYSTEMPATH\Database\MySQLi\Connection.php(312): mysqli->query('SELECT `m_user`.`nama`, `m_user`.`email`, `m_audiens`.`tgl_lahir`, `m_audiens`.`gender`, `m_show_schedule`.`tanggal`, `m_show_schedule`.`waktu_mulai`, `m_show_schedule`.`waktu_selesai`, `t_booking`.`status`, `t_booking`.`is_free`, `t_booking`.`bukti_pembayaran`, `t_booking`.`created_at`
FROM `t_booking`
JOIN `m_audiens` ON `m_audiens`.`id` = `t_booking`.`id_audiens`
JOIN `m_user` ON `m_user`.`id` = `m_audiens`.`id_user`
JOIN `m_show_schedule` ON `m_show_schedule`.`id` = `t_booking`.`id_jadwal`
WHERE `id_penampilan` = \'79\'
AND `t_booking`.`status` != \'cancel\'', 0)
 2 SYSTEMPATH\Database\BaseConnection.php(734): CodeIgniter\Database\MySQLi\Connection->execute('SELECT `m_user`.`nama`, `m_user`.`email`, `m_audiens`.`tgl_lahir`, `m_audiens`.`gender`, `m_show_schedule`.`tanggal`, `m_show_schedule`.`waktu_mulai`, `m_show_schedule`.`waktu_selesai`, `t_booking`.`status`, `t_booking`.`is_free`, `t_booking`.`bukti_pembayaran`, `t_booking`.`created_at`
FROM `t_booking`
JOIN `m_audiens` ON `m_audiens`.`id` = `t_booking`.`id_audiens`
JOIN `m_user` ON `m_user`.`id` = `m_audiens`.`id_user`
JOIN `m_show_schedule` ON `m_show_schedule`.`id` = `t_booking`.`id_jadwal`
WHERE `id_penampilan` = \'79\'
AND `t_booking`.`status` != \'cancel\'')
 3 SYSTEMPATH\Database\BaseConnection.php(648): CodeIgniter\Database\BaseConnection->simpleQuery('SELECT `m_user`.`nama`, `m_user`.`email`, `m_audiens`.`tgl_lahir`, `m_audiens`.`gender`, `m_show_schedule`.`tanggal`, `m_show_schedule`.`waktu_mulai`, `m_show_schedule`.`waktu_selesai`, `t_booking`.`status`, `t_booking`.`is_free`, `t_booking`.`bukti_pembayaran`, `t_booking`.`created_at`
FROM `t_booking`
JOIN `m_audiens` ON `m_audiens`.`id` = `t_booking`.`id_audiens`
JOIN `m_user` ON `m_user`.`id` = `m_audiens`.`id_user`
JOIN `m_show_schedule` ON `m_show_schedule`.`id` = `t_booking`.`id_jadwal`
WHERE `id_penampilan` = \'79\'
AND `t_booking`.`status` != \'cancel\'')
 4 SYSTEMPATH\Database\BaseBuilder.php(1644): CodeIgniter\Database\BaseConnection->query('SELECT `m_user`.`nama`, `m_user`.`email`, `m_audiens`.`tgl_lahir`, `m_audiens`.`gender`, `m_show_schedule`.`tanggal`, `m_show_schedule`.`waktu_mulai`, `m_show_schedule`.`waktu_selesai`, `t_booking`.`status`, `t_booking`.`is_free`, `t_booking`.`bukti_pembayaran`, `t_booking`.`created_at`
FROM `t_booking`
JOIN `m_audiens` ON `m_audiens`.`id` = `t_booking`.`id_audiens`
JOIN `m_user` ON `m_user`.`id` = `m_audiens`.`id_user`
JOIN `m_show_schedule` ON `m_show_schedule`.`id` = `t_booking`.`id_jadwal`
WHERE `id_penampilan` = :id_penampilan:
AND `t_booking`.`status` != :t_booking.status:', [...], false)
 5 SYSTEMPATH\Model.php(286): CodeIgniter\Database\BaseBuilder->get()
 6 SYSTEMPATH\BaseModel.php(676): CodeIgniter\Model->doFindAll(0, 0)
 7 APPPATH\Controllers\MitraTeater.php(1443): CodeIgniter\BaseModel->findAll()
 8 SYSTEMPATH\CodeIgniter.php(933): App\Controllers\MitraTeater->getBookingBySchedule('penampilan', '79')
 9 SYSTEMPATH\CodeIgniter.php(509): CodeIgniter\CodeIgniter->runController(Object(App\Controllers\MitraTeater))
10 SYSTEMPATH\CodeIgniter.php(355): CodeIgniter\CodeIgniter->handleRequest(null, Object(Config\Cache), false)
11 SYSTEMPATH\Boot.php(325): CodeIgniter\CodeIgniter->run()
12 SYSTEMPATH\Boot.php(67): CodeIgniter\Boot::runCodeIgniter(Object(CodeIgniter\CodeIgniter))
13 FCPATH\index.php(59): CodeIgniter\Boot::bootWeb(Object(Config\Paths))
INFO - 2025-06-16 06:21:36 --> Session: Class initialized using 'CodeIgniter\Session\Handlers\FileHandler' driver.
ERROR - 2025-06-16 06:21:36 --> mysqli_sql_exception: Unknown column 'id_penampilan' in 'where clause' in C:\xampp\htdocs\CodeIgniter4\system\Database\MySQLi\Connection.php:312
Stack trace:
#0 C:\xampp\htdocs\CodeIgniter4\system\Database\MySQLi\Connection.php(312): mysqli->query('SELECT `m_user`...', 0)
#1 C:\xampp\htdocs\CodeIgniter4\system\Database\BaseConnection.php(734): CodeIgniter\Database\MySQLi\Connection->execute('SELECT `m_user`...')
#2 C:\xampp\htdocs\CodeIgniter4\system\Database\BaseConnection.php(648): CodeIgniter\Database\BaseConnection->simpleQuery('SELECT `m_user`...')
#3 C:\xampp\htdocs\CodeIgniter4\system\Database\BaseBuilder.php(1644): CodeIgniter\Database\BaseConnection->query('SELECT `m_user`...', Array, false)
#4 C:\xampp\htdocs\CodeIgniter4\system\Model.php(286): CodeIgniter\Database\BaseBuilder->get()
#5 C:\xampp\htdocs\CodeIgniter4\system\BaseModel.php(676): CodeIgniter\Model->doFindAll(0, 0)
#6 C:\xampp\htdocs\CodeIgniter4\app\Controllers\MitraTeater.php(1443): CodeIgniter\BaseModel->findAll()
#7 C:\xampp\htdocs\CodeIgniter4\system\CodeIgniter.php(933): App\Controllers\MitraTeater->getBookingBySchedule('penampilan', '79')
#8 C:\xampp\htdocs\CodeIgniter4\system\CodeIgniter.php(509): CodeIgniter\CodeIgniter->runController(Object(App\Controllers\MitraTeater))
#9 C:\xampp\htdocs\CodeIgniter4\system\CodeIgniter.php(355): CodeIgniter\CodeIgniter->handleRequest(NULL, Object(Config\Cache), false)
#10 C:\xampp\htdocs\CodeIgniter4\system\Boot.php(325): CodeIgniter\CodeIgniter->run()
#11 C:\xampp\htdocs\CodeIgniter4\system\Boot.php(67): CodeIgniter\Boot::runCodeIgniter(Object(CodeIgniter\CodeIgniter))
#12 C:\xampp\htdocs\CodeIgniter4\public\index.php(59): CodeIgniter\Boot::bootWeb(Object(Config\Paths))
#13 {main}
CRITICAL - 2025-06-16 06:21:36 --> CodeIgniter\Database\Exceptions\DatabaseException: Unknown column 'id_penampilan' in 'where clause'
[Method: GET, Route: MitraTeater/get-booking/penampilan/79]
in SYSTEMPATH\Database\BaseConnection.php on line 688.
 1 SYSTEMPATH\Database\BaseBuilder.php(1644): CodeIgniter\Database\BaseConnection->query('SELECT `m_user`.`nama`, `m_user`.`email`, `m_audiens`.`tgl_lahir`, `m_audiens`.`gender`, `m_show_schedule`.`tanggal`, `m_show_schedule`.`waktu_mulai`, `m_show_schedule`.`waktu_selesai`, `t_booking`.`status`, `t_booking`.`is_free`, `t_booking`.`bukti_pembayaran`, `t_booking`.`created_at`
FROM `t_booking`
JOIN `m_audiens` ON `m_audiens`.`id` = `t_booking`.`id_audiens`
JOIN `m_user` ON `m_user`.`id` = `m_audiens`.`id_user`
JOIN `m_show_schedule` ON `m_show_schedule`.`id` = `t_booking`.`id_jadwal`
WHERE `id_penampilan` = :id_penampilan:
AND `t_booking`.`status` != :t_booking.status:', [...], false)
 2 SYSTEMPATH\Model.php(286): CodeIgniter\Database\BaseBuilder->get()
 3 SYSTEMPATH\BaseModel.php(676): CodeIgniter\Model->doFindAll(0, 0)
 4 APPPATH\Controllers\MitraTeater.php(1443): CodeIgniter\BaseModel->findAll()
 5 SYSTEMPATH\CodeIgniter.php(933): App\Controllers\MitraTeater->getBookingBySchedule('penampilan', '79')
 6 SYSTEMPATH\CodeIgniter.php(509): CodeIgniter\CodeIgniter->runController(Object(App\Controllers\MitraTeater))
 7 SYSTEMPATH\CodeIgniter.php(355): CodeIgniter\CodeIgniter->handleRequest(null, Object(Config\Cache), false)
 8 SYSTEMPATH\Boot.php(325): CodeIgniter\CodeIgniter->run()
 9 SYSTEMPATH\Boot.php(67): CodeIgniter\Boot::runCodeIgniter(Object(CodeIgniter\CodeIgniter))
10 FCPATH\index.php(59): CodeIgniter\Boot::bootWeb(Object(Config\Paths))
CRITICAL - 2025-06-16 06:21:36 --> [Caused by] CodeIgniter\Database\Exceptions\DatabaseException: Unknown column 'id_penampilan' in 'where clause'
in SYSTEMPATH\Database\MySQLi\Connection.php on line 317.
 1 SYSTEMPATH\Database\BaseConnection.php(734): CodeIgniter\Database\MySQLi\Connection->execute('SELECT `m_user`.`nama`, `m_user`.`email`, `m_audiens`.`tgl_lahir`, `m_audiens`.`gender`, `m_show_schedule`.`tanggal`, `m_show_schedule`.`waktu_mulai`, `m_show_schedule`.`waktu_selesai`, `t_booking`.`status`, `t_booking`.`is_free`, `t_booking`.`bukti_pembayaran`, `t_booking`.`created_at`
FROM `t_booking`
JOIN `m_audiens` ON `m_audiens`.`id` = `t_booking`.`id_audiens`
JOIN `m_user` ON `m_user`.`id` = `m_audiens`.`id_user`
JOIN `m_show_schedule` ON `m_show_schedule`.`id` = `t_booking`.`id_jadwal`
WHERE `id_penampilan` = \'79\'
AND `t_booking`.`status` != \'cancel\'')
 2 SYSTEMPATH\Database\BaseConnection.php(648): CodeIgniter\Database\BaseConnection->simpleQuery('SELECT `m_user`.`nama`, `m_user`.`email`, `m_audiens`.`tgl_lahir`, `m_audiens`.`gender`, `m_show_schedule`.`tanggal`, `m_show_schedule`.`waktu_mulai`, `m_show_schedule`.`waktu_selesai`, `t_booking`.`status`, `t_booking`.`is_free`, `t_booking`.`bukti_pembayaran`, `t_booking`.`created_at`
FROM `t_booking`
JOIN `m_audiens` ON `m_audiens`.`id` = `t_booking`.`id_audiens`
JOIN `m_user` ON `m_user`.`id` = `m_audiens`.`id_user`
JOIN `m_show_schedule` ON `m_show_schedule`.`id` = `t_booking`.`id_jadwal`
WHERE `id_penampilan` = \'79\'
AND `t_booking`.`status` != \'cancel\'')
 3 SYSTEMPATH\Database\BaseBuilder.php(1644): CodeIgniter\Database\BaseConnection->query('SELECT `m_user`.`nama`, `m_user`.`email`, `m_audiens`.`tgl_lahir`, `m_audiens`.`gender`, `m_show_schedule`.`tanggal`, `m_show_schedule`.`waktu_mulai`, `m_show_schedule`.`waktu_selesai`, `t_booking`.`status`, `t_booking`.`is_free`, `t_booking`.`bukti_pembayaran`, `t_booking`.`created_at`
FROM `t_booking`
JOIN `m_audiens` ON `m_audiens`.`id` = `t_booking`.`id_audiens`
JOIN `m_user` ON `m_user`.`id` = `m_audiens`.`id_user`
JOIN `m_show_schedule` ON `m_show_schedule`.`id` = `t_booking`.`id_jadwal`
WHERE `id_penampilan` = :id_penampilan:
AND `t_booking`.`status` != :t_booking.status:', [...], false)
 4 SYSTEMPATH\Model.php(286): CodeIgniter\Database\BaseBuilder->get()
 5 SYSTEMPATH\BaseModel.php(676): CodeIgniter\Model->doFindAll(0, 0)
 6 APPPATH\Controllers\MitraTeater.php(1443): CodeIgniter\BaseModel->findAll()
 7 SYSTEMPATH\CodeIgniter.php(933): App\Controllers\MitraTeater->getBookingBySchedule('penampilan', '79')
 8 SYSTEMPATH\CodeIgniter.php(509): CodeIgniter\CodeIgniter->runController(Object(App\Controllers\MitraTeater))
 9 SYSTEMPATH\CodeIgniter.php(355): CodeIgniter\CodeIgniter->handleRequest(null, Object(Config\Cache), false)
10 SYSTEMPATH\Boot.php(325): CodeIgniter\CodeIgniter->run()
11 SYSTEMPATH\Boot.php(67): CodeIgniter\Boot::runCodeIgniter(Object(CodeIgniter\CodeIgniter))
12 FCPATH\index.php(59): CodeIgniter\Boot::bootWeb(Object(Config\Paths))
CRITICAL - 2025-06-16 06:21:36 --> [Caused by] mysqli_sql_exception: Unknown column 'id_penampilan' in 'where clause'
in SYSTEMPATH\Database\MySQLi\Connection.php on line 312.
 1 SYSTEMPATH\Database\MySQLi\Connection.php(312): mysqli->query('SELECT `m_user`.`nama`, `m_user`.`email`, `m_audiens`.`tgl_lahir`, `m_audiens`.`gender`, `m_show_schedule`.`tanggal`, `m_show_schedule`.`waktu_mulai`, `m_show_schedule`.`waktu_selesai`, `t_booking`.`status`, `t_booking`.`is_free`, `t_booking`.`bukti_pembayaran`, `t_booking`.`created_at`
FROM `t_booking`
JOIN `m_audiens` ON `m_audiens`.`id` = `t_booking`.`id_audiens`
JOIN `m_user` ON `m_user`.`id` = `m_audiens`.`id_user`
JOIN `m_show_schedule` ON `m_show_schedule`.`id` = `t_booking`.`id_jadwal`
WHERE `id_penampilan` = \'79\'
AND `t_booking`.`status` != \'cancel\'', 0)
 2 SYSTEMPATH\Database\BaseConnection.php(734): CodeIgniter\Database\MySQLi\Connection->execute('SELECT `m_user`.`nama`, `m_user`.`email`, `m_audiens`.`tgl_lahir`, `m_audiens`.`gender`, `m_show_schedule`.`tanggal`, `m_show_schedule`.`waktu_mulai`, `m_show_schedule`.`waktu_selesai`, `t_booking`.`status`, `t_booking`.`is_free`, `t_booking`.`bukti_pembayaran`, `t_booking`.`created_at`
FROM `t_booking`
JOIN `m_audiens` ON `m_audiens`.`id` = `t_booking`.`id_audiens`
JOIN `m_user` ON `m_user`.`id` = `m_audiens`.`id_user`
JOIN `m_show_schedule` ON `m_show_schedule`.`id` = `t_booking`.`id_jadwal`
WHERE `id_penampilan` = \'79\'
AND `t_booking`.`status` != \'cancel\'')
 3 SYSTEMPATH\Database\BaseConnection.php(648): CodeIgniter\Database\BaseConnection->simpleQuery('SELECT `m_user`.`nama`, `m_user`.`email`, `m_audiens`.`tgl_lahir`, `m_audiens`.`gender`, `m_show_schedule`.`tanggal`, `m_show_schedule`.`waktu_mulai`, `m_show_schedule`.`waktu_selesai`, `t_booking`.`status`, `t_booking`.`is_free`, `t_booking`.`bukti_pembayaran`, `t_booking`.`created_at`
FROM `t_booking`
JOIN `m_audiens` ON `m_audiens`.`id` = `t_booking`.`id_audiens`
JOIN `m_user` ON `m_user`.`id` = `m_audiens`.`id_user`
JOIN `m_show_schedule` ON `m_show_schedule`.`id` = `t_booking`.`id_jadwal`
WHERE `id_penampilan` = \'79\'
AND `t_booking`.`status` != \'cancel\'')
 4 SYSTEMPATH\Database\BaseBuilder.php(1644): CodeIgniter\Database\BaseConnection->query('SELECT `m_user`.`nama`, `m_user`.`email`, `m_audiens`.`tgl_lahir`, `m_audiens`.`gender`, `m_show_schedule`.`tanggal`, `m_show_schedule`.`waktu_mulai`, `m_show_schedule`.`waktu_selesai`, `t_booking`.`status`, `t_booking`.`is_free`, `t_booking`.`bukti_pembayaran`, `t_booking`.`created_at`
FROM `t_booking`
JOIN `m_audiens` ON `m_audiens`.`id` = `t_booking`.`id_audiens`
JOIN `m_user` ON `m_user`.`id` = `m_audiens`.`id_user`
JOIN `m_show_schedule` ON `m_show_schedule`.`id` = `t_booking`.`id_jadwal`
WHERE `id_penampilan` = :id_penampilan:
AND `t_booking`.`status` != :t_booking.status:', [...], false)
 5 SYSTEMPATH\Model.php(286): CodeIgniter\Database\BaseBuilder->get()
 6 SYSTEMPATH\BaseModel.php(676): CodeIgniter\Model->doFindAll(0, 0)
 7 APPPATH\Controllers\MitraTeater.php(1443): CodeIgniter\BaseModel->findAll()
 8 SYSTEMPATH\CodeIgniter.php(933): App\Controllers\MitraTeater->getBookingBySchedule('penampilan', '79')
 9 SYSTEMPATH\CodeIgniter.php(509): CodeIgniter\CodeIgniter->runController(Object(App\Controllers\MitraTeater))
10 SYSTEMPATH\CodeIgniter.php(355): CodeIgniter\CodeIgniter->handleRequest(null, Object(Config\Cache), false)
11 SYSTEMPATH\Boot.php(325): CodeIgniter\CodeIgniter->run()
12 SYSTEMPATH\Boot.php(67): CodeIgniter\Boot::runCodeIgniter(Object(CodeIgniter\CodeIgniter))
13 FCPATH\index.php(59): CodeIgniter\Boot::bootWeb(Object(Config\Paths))
INFO - 2025-06-16 08:26:48 --> Session: Class initialized using 'CodeIgniter\Session\Handlers\FileHandler' driver.
INFO - 2025-06-16 08:26:49 --> Session: Class initialized using 'CodeIgniter\Session\Handlers\FileHandler' driver.
INFO - 2025-06-16 08:26:55 --> Session: Class initialized using 'CodeIgniter\Session\Handlers\FileHandler' driver.
INFO - 2025-06-16 08:26:55 --> Session: Class initialized using 'CodeIgniter\Session\Handlers\FileHandler' driver.
INFO - 2025-06-16 08:26:59 --> Session: Class initialized using 'CodeIgniter\Session\Handlers\FileHandler' driver.
INFO - 2025-06-16 08:27:00 --> Session: Class initialized using 'CodeIgniter\Session\Handlers\FileHandler' driver.
INFO - 2025-06-16 08:27:07 --> Session: Class initialized using 'CodeIgniter\Session\Handlers\FileHandler' driver.
INFO - 2025-06-16 08:27:07 --> Session: Class initialized using 'CodeIgniter\Session\Handlers\FileHandler' driver.
INFO - 2025-06-16 08:32:30 --> Session: Class initialized using 'CodeIgniter\Session\Handlers\FileHandler' driver.
INFO - 2025-06-16 08:32:32 --> Session: Class initialized using 'CodeIgniter\Session\Handlers\FileHandler' driver.
INFO - 2025-06-16 08:32:32 --> Session: Class initialized using 'CodeIgniter\Session\Handlers\FileHandler' driver.
INFO - 2025-06-16 08:32:32 --> Session: Class initialized using 'CodeIgniter\Session\Handlers\FileHandler' driver.
INFO - 2025-06-16 08:35:25 --> Session: Class initialized using 'CodeIgniter\Session\Handlers\FileHandler' driver.
INFO - 2025-06-16 08:35:29 --> Session: Class initialized using 'CodeIgniter\Session\Handlers\FileHandler' driver.
INFO - 2025-06-16 08:35:36 --> Session: Class initialized using 'CodeIgniter\Session\Handlers\FileHandler' driver.
INFO - 2025-06-16 08:35:36 --> Session: Class initialized using 'CodeIgniter\Session\Handlers\FileHandler' driver.
INFO - 2025-06-16 08:40:16 --> Session: Class initialized using 'CodeIgniter\Session\Handlers\FileHandler' driver.
INFO - 2025-06-16 08:40:18 --> Session: Class initialized using 'CodeIgniter\Session\Handlers\FileHandler' driver.
INFO - 2025-06-16 08:40:21 --> Session: Class initialized using 'CodeIgniter\Session\Handlers\FileHandler' driver.
INFO - 2025-06-16 08:40:21 --> Session: Class initialized using 'CodeIgniter\Session\Handlers\FileHandler' driver.
INFO - 2025-06-16 08:40:32 --> Session: Class initialized using 'CodeIgniter\Session\Handlers\FileHandler' driver.
INFO - 2025-06-16 08:40:34 --> Session: Class initialized using 'CodeIgniter\Session\Handlers\FileHandler' driver.
INFO - 2025-06-16 08:40:36 --> Session: Class initialized using 'CodeIgniter\Session\Handlers\FileHandler' driver.
INFO - 2025-06-16 08:40:36 --> Session: Class initialized using 'CodeIgniter\Session\Handlers\FileHandler' driver.
INFO - 2025-06-16 08:45:45 --> Session: Class initialized using 'CodeIgniter\Session\Handlers\FileHandler' driver.
INFO - 2025-06-16 08:45:46 --> Session: Class initialized using 'CodeIgniter\Session\Handlers\FileHandler' driver.
INFO - 2025-06-16 08:45:49 --> Session: Class initialized using 'CodeIgniter\Session\Handlers\FileHandler' driver.
INFO - 2025-06-16 08:45:49 --> Session: Class initialized using 'CodeIgniter\Session\Handlers\FileHandler' driver.
INFO - 2025-06-16 08:47:03 --> Session: Class initialized using 'CodeIgniter\Session\Handlers\FileHandler' driver.
INFO - 2025-06-16 08:47:05 --> Session: Class initialized using 'CodeIgniter\Session\Handlers\FileHandler' driver.
INFO - 2025-06-16 08:47:09 --> Session: Class initialized using 'CodeIgniter\Session\Handlers\FileHandler' driver.
INFO - 2025-06-16 08:47:09 --> Session: Class initialized using 'CodeIgniter\Session\Handlers\FileHandler' driver.
INFO - 2025-06-16 08:51:23 --> Session: Class initialized using 'CodeIgniter\Session\Handlers\FileHandler' driver.
INFO - 2025-06-16 08:51:25 --> Session: Class initialized using 'CodeIgniter\Session\Handlers\FileHandler' driver.
INFO - 2025-06-16 08:51:27 --> Session: Class initialized using 'CodeIgniter\Session\Handlers\FileHandler' driver.
INFO - 2025-06-16 08:51:27 --> Session: Class initialized using 'CodeIgniter\Session\Handlers\FileHandler' driver.
INFO - 2025-06-16 08:52:21 --> Session: Class initialized using 'CodeIgniter\Session\Handlers\FileHandler' driver.
INFO - 2025-06-16 08:52:22 --> Session: Class initialized using 'CodeIgniter\Session\Handlers\FileHandler' driver.
INFO - 2025-06-16 08:52:24 --> Session: Class initialized using 'CodeIgniter\Session\Handlers\FileHandler' driver.
INFO - 2025-06-16 08:52:24 --> Session: Class initialized using 'CodeIgniter\Session\Handlers\FileHandler' driver.
INFO - 2025-06-16 08:55:43 --> Session: Class initialized using 'CodeIgniter\Session\Handlers\FileHandler' driver.
INFO - 2025-06-16 08:55:45 --> Session: Class initialized using 'CodeIgniter\Session\Handlers\FileHandler' driver.
INFO - 2025-06-16 08:55:49 --> Session: Class initialized using 'CodeIgniter\Session\Handlers\FileHandler' driver.
INFO - 2025-06-16 08:55:49 --> Session: Class initialized using 'CodeIgniter\Session\Handlers\FileHandler' driver.
INFO - 2025-06-16 08:55:54 --> Session: Class initialized using 'CodeIgniter\Session\Handlers\FileHandler' driver.
INFO - 2025-06-16 08:55:55 --> Session: Class initialized using 'CodeIgniter\Session\Handlers\FileHandler' driver.
INFO - 2025-06-16 08:55:58 --> Session: Class initialized using 'CodeIgniter\Session\Handlers\FileHandler' driver.
INFO - 2025-06-16 08:55:58 --> Session: Class initialized using 'CodeIgniter\Session\Handlers\FileHandler' driver.
INFO - 2025-06-16 09:01:55 --> Session: Class initialized using 'CodeIgniter\Session\Handlers\FileHandler' driver.
INFO - 2025-06-16 09:01:57 --> Session: Class initialized using 'CodeIgniter\Session\Handlers\FileHandler' driver.
INFO - 2025-06-16 09:01:59 --> Session: Class initialized using 'CodeIgniter\Session\Handlers\FileHandler' driver.
INFO - 2025-06-16 09:01:59 --> Session: Class initialized using 'CodeIgniter\Session\Handlers\FileHandler' driver.
INFO - 2025-06-16 09:07:03 --> Session: Class initialized using 'CodeIgniter\Session\Handlers\FileHandler' driver.
INFO - 2025-06-16 09:07:05 --> Session: Class initialized using 'CodeIgniter\Session\Handlers\FileHandler' driver.
INFO - 2025-06-16 09:07:41 --> Session: Class initialized using 'CodeIgniter\Session\Handlers\FileHandler' driver.
INFO - 2025-06-16 09:07:41 --> Session: Class initialized using 'CodeIgniter\Session\Handlers\FileHandler' driver.
INFO - 2025-06-16 09:13:15 --> Session: Class initialized using 'CodeIgniter\Session\Handlers\FileHandler' driver.
INFO - 2025-06-16 09:13:17 --> Session: Class initialized using 'CodeIgniter\Session\Handlers\FileHandler' driver.
INFO - 2025-06-16 09:13:20 --> Session: Class initialized using 'CodeIgniter\Session\Handlers\FileHandler' driver.
INFO - 2025-06-16 09:13:20 --> Session: Class initialized using 'CodeIgniter\Session\Handlers\FileHandler' driver.
INFO - 2025-06-16 09:14:07 --> Session: Class initialized using 'CodeIgniter\Session\Handlers\FileHandler' driver.
INFO - 2025-06-16 09:14:09 --> Session: Class initialized using 'CodeIgniter\Session\Handlers\FileHandler' driver.
INFO - 2025-06-16 09:14:12 --> Session: Class initialized using 'CodeIgniter\Session\Handlers\FileHandler' driver.
INFO - 2025-06-16 09:14:12 --> Session: Class initialized using 'CodeIgniter\Session\Handlers\FileHandler' driver.
INFO - 2025-06-16 09:16:49 --> Session: Class initialized using 'CodeIgniter\Session\Handlers\FileHandler' driver.
INFO - 2025-06-16 09:16:51 --> Session: Class initialized using 'CodeIgniter\Session\Handlers\FileHandler' driver.
INFO - 2025-06-16 09:16:54 --> Session: Class initialized using 'CodeIgniter\Session\Handlers\FileHandler' driver.
INFO - 2025-06-16 09:16:54 --> Session: Class initialized using 'CodeIgniter\Session\Handlers\FileHandler' driver.
INFO - 2025-06-16 09:32:35 --> Session: Class initialized using 'CodeIgniter\Session\Handlers\FileHandler' driver.
INFO - 2025-06-16 09:32:37 --> Session: Class initialized using 'CodeIgniter\Session\Handlers\FileHandler' driver.
INFO - 2025-06-16 09:32:39 --> Session: Class initialized using 'CodeIgniter\Session\Handlers\FileHandler' driver.
INFO - 2025-06-16 09:32:39 --> Session: Class initialized using 'CodeIgniter\Session\Handlers\FileHandler' driver.
INFO - 2025-06-16 09:46:44 --> Session: Class initialized using 'CodeIgniter\Session\Handlers\FileHandler' driver.
INFO - 2025-06-16 09:46:45 --> Session: Class initialized using 'CodeIgniter\Session\Handlers\FileHandler' driver.
INFO - 2025-06-16 09:46:53 --> Session: Class initialized using 'CodeIgniter\Session\Handlers\FileHandler' driver.
INFO - 2025-06-16 09:46:53 --> Session: Class initialized using 'CodeIgniter\Session\Handlers\FileHandler' driver.
INFO - 2025-06-16 09:49:12 --> Session: Class initialized using 'CodeIgniter\Session\Handlers\FileHandler' driver.
INFO - 2025-06-16 09:49:14 --> Session: Class initialized using 'CodeIgniter\Session\Handlers\FileHandler' driver.
INFO - 2025-06-16 09:49:17 --> Session: Class initialized using 'CodeIgniter\Session\Handlers\FileHandler' driver.
INFO - 2025-06-16 09:49:17 --> Session: Class initialized using 'CodeIgniter\Session\Handlers\FileHandler' driver.
INFO - 2025-06-16 09:52:37 --> Session: Class initialized using 'CodeIgniter\Session\Handlers\FileHandler' driver.
INFO - 2025-06-16 09:52:39 --> Session: Class initialized using 'CodeIgniter\Session\Handlers\FileHandler' driver.
INFO - 2025-06-16 09:52:43 --> Session: Class initialized using 'CodeIgniter\Session\Handlers\FileHandler' driver.
INFO - 2025-06-16 09:52:45 --> Session: Class initialized using 'CodeIgniter\Session\Handlers\FileHandler' driver.
INFO - 2025-06-16 09:52:46 --> Session: Class initialized using 'CodeIgniter\Session\Handlers\FileHandler' driver.
INFO - 2025-06-16 09:52:46 --> Session: Class initialized using 'CodeIgniter\Session\Handlers\FileHandler' driver.
INFO - 2025-06-16 10:08:54 --> Session: Class initialized using 'CodeIgniter\Session\Handlers\FileHandler' driver.
INFO - 2025-06-16 10:10:26 --> Session: Class initialized using 'CodeIgniter\Session\Handlers\FileHandler' driver.
INFO - 2025-06-16 10:10:28 --> Session: Class initialized using 'CodeIgniter\Session\Handlers\FileHandler' driver.
INFO - 2025-06-16 10:10:29 --> Session: Class initialized using 'CodeIgniter\Session\Handlers\FileHandler' driver.
INFO - 2025-06-16 10:10:29 --> Session: Class initialized using 'CodeIgniter\Session\Handlers\FileHandler' driver.
INFO - 2025-06-16 10:14:55 --> Session: Class initialized using 'CodeIgniter\Session\Handlers\FileHandler' driver.
INFO - 2025-06-16 10:14:56 --> Session: Class initialized using 'CodeIgniter\Session\Handlers\FileHandler' driver.
INFO - 2025-06-16 10:15:24 --> Session: Class initialized using 'CodeIgniter\Session\Handlers\FileHandler' driver.
INFO - 2025-06-16 10:15:25 --> Session: Class initialized using 'CodeIgniter\Session\Handlers\FileHandler' driver.
INFO - 2025-06-16 10:22:52 --> Session: Class initialized using 'CodeIgniter\Session\Handlers\FileHandler' driver.
INFO - 2025-06-16 10:22:54 --> Session: Class initialized using 'CodeIgniter\Session\Handlers\FileHandler' driver.
INFO - 2025-06-16 10:22:55 --> Session: Class initialized using 'CodeIgniter\Session\Handlers\FileHandler' driver.
INFO - 2025-06-16 10:23:01 --> Session: Class initialized using 'CodeIgniter\Session\Handlers\FileHandler' driver.
INFO - 2025-06-16 10:23:05 --> Session: Class initialized using 'CodeIgniter\Session\Handlers\FileHandler' driver.
INFO - 2025-06-16 10:23:06 --> Session: Class initialized using 'CodeIgniter\Session\Handlers\FileHandler' driver.
INFO - 2025-06-16 10:23:08 --> Session: Class initialized using 'CodeIgniter\Session\Handlers\FileHandler' driver.
INFO - 2025-06-16 10:23:20 --> Session: Class initialized using 'CodeIgniter\Session\Handlers\FileHandler' driver.
INFO - 2025-06-16 10:23:21 --> Session: Class initialized using 'CodeIgniter\Session\Handlers\FileHandler' driver.
INFO - 2025-06-16 10:23:22 --> Session: Class initialized using 'CodeIgniter\Session\Handlers\FileHandler' driver.
INFO - 2025-06-16 10:24:21 --> Session: Class initialized using 'CodeIgniter\Session\Handlers\FileHandler' driver.
INFO - 2025-06-16 10:24:21 --> Session: Class initialized using 'CodeIgniter\Session\Handlers\FileHandler' driver.
INFO - 2025-06-16 10:24:23 --> Session: Class initialized using 'CodeIgniter\Session\Handlers\FileHandler' driver.
INFO - 2025-06-16 10:24:37 --> Session: Class initialized using 'CodeIgniter\Session\Handlers\FileHandler' driver.
INFO - 2025-06-16 10:26:49 --> Session: Class initialized using 'CodeIgniter\Session\Handlers\FileHandler' driver.
INFO - 2025-06-16 10:26:50 --> Session: Class initialized using 'CodeIgniter\Session\Handlers\FileHandler' driver.
INFO - 2025-06-16 10:26:51 --> Session: Class initialized using 'CodeIgniter\Session\Handlers\FileHandler' driver.
INFO - 2025-06-16 10:26:55 --> Session: Class initialized using 'CodeIgniter\Session\Handlers\FileHandler' driver.
INFO - 2025-06-16 10:28:34 --> Session: Class initialized using 'CodeIgniter\Session\Handlers\FileHandler' driver.
INFO - 2025-06-16 10:28:35 --> Session: Class initialized using 'CodeIgniter\Session\Handlers\FileHandler' driver.
INFO - 2025-06-16 10:28:36 --> Session: Class initialized using 'CodeIgniter\Session\Handlers\FileHandler' driver.
INFO - 2025-06-16 10:29:40 --> Session: Class initialized using 'CodeIgniter\Session\Handlers\FileHandler' driver.
INFO - 2025-06-16 10:31:57 --> Session: Class initialized using 'CodeIgniter\Session\Handlers\FileHandler' driver.
INFO - 2025-06-16 10:31:58 --> Session: Class initialized using 'CodeIgniter\Session\Handlers\FileHandler' driver.
INFO - 2025-06-16 10:32:01 --> Session: Class initialized using 'CodeIgniter\Session\Handlers\FileHandler' driver.
INFO - 2025-06-16 10:32:16 --> Session: Class initialized using 'CodeIgniter\Session\Handlers\FileHandler' driver.
INFO - 2025-06-16 10:41:19 --> Session: Class initialized using 'CodeIgniter\Session\Handlers\FileHandler' driver.
INFO - 2025-06-16 10:41:19 --> Session: Class initialized using 'CodeIgniter\Session\Handlers\FileHandler' driver.
INFO - 2025-06-16 10:41:24 --> Session: Class initialized using 'CodeIgniter\Session\Handlers\FileHandler' driver.
INFO - 2025-06-16 10:41:24 --> Session: Class initialized using 'CodeIgniter\Session\Handlers\FileHandler' driver.
INFO - 2025-06-16 10:41:26 --> Session: Class initialized using 'CodeIgniter\Session\Handlers\FileHandler' driver.
INFO - 2025-06-16 10:41:33 --> Session: Class initialized using 'CodeIgniter\Session\Handlers\FileHandler' driver.
INFO - 2025-06-16 14:38:09 --> Session: Class initialized using 'CodeIgniter\Session\Handlers\FileHandler' driver.
INFO - 2025-06-16 14:38:10 --> Session: Class initialized using 'CodeIgniter\Session\Handlers\FileHandler' driver.
INFO - 2025-06-16 14:38:21 --> Session: Class initialized using 'CodeIgniter\Session\Handlers\FileHandler' driver.
INFO - 2025-06-16 14:38:22 --> Session: Class initialized using 'CodeIgniter\Session\Handlers\FileHandler' driver.
INFO - 2025-06-16 14:38:25 --> Session: Class initialized using 'CodeIgniter\Session\Handlers\FileHandler' driver.
INFO - 2025-06-16 14:38:31 --> Session: Class initialized using 'CodeIgniter\Session\Handlers\FileHandler' driver.
INFO - 2025-06-16 14:39:46 --> Session: Class initialized using 'CodeIgniter\Session\Handlers\FileHandler' driver.
INFO - 2025-06-16 14:48:22 --> Session: Class initialized using 'CodeIgniter\Session\Handlers\FileHandler' driver.
INFO - 2025-06-16 14:50:50 --> Session: Class initialized using 'CodeIgniter\Session\Handlers\FileHandler' driver.
INFO - 2025-06-16 14:55:42 --> Session: Class initialized using 'CodeIgniter\Session\Handlers\FileHandler' driver.
INFO - 2025-06-16 14:56:46 --> Session: Class initialized using 'CodeIgniter\Session\Handlers\FileHandler' driver.
INFO - 2025-06-16 14:57:29 --> Session: Class initialized using 'CodeIgniter\Session\Handlers\FileHandler' driver.
INFO - 2025-06-16 14:58:03 --> Session: Class initialized using 'CodeIgniter\Session\Handlers\FileHandler' driver.
INFO - 2025-06-16 14:58:06 --> Session: Class initialized using 'CodeIgniter\Session\Handlers\FileHandler' driver.
INFO - 2025-06-16 14:58:54 --> Session: Class initialized using 'CodeIgniter\Session\Handlers\FileHandler' driver.
INFO - 2025-06-16 14:58:59 --> Session: Class initialized using 'CodeIgniter\Session\Handlers\FileHandler' driver.
INFO - 2025-06-16 14:59:13 --> Session: Class initialized using 'CodeIgniter\Session\Handlers\FileHandler' driver.
INFO - 2025-06-16 14:59:16 --> Session: Class initialized using 'CodeIgniter\Session\Handlers\FileHandler' driver.
INFO - 2025-06-16 15:01:41 --> Session: Class initialized using 'CodeIgniter\Session\Handlers\FileHandler' driver.
INFO - 2025-06-16 15:01:46 --> Session: Class initialized using 'CodeIgniter\Session\Handlers\FileHandler' driver.
INFO - 2025-06-16 15:01:51 --> Session: Class initialized using 'CodeIgniter\Session\Handlers\FileHandler' driver.
INFO - 2025-06-16 15:01:57 --> Session: Class initialized using 'CodeIgniter\Session\Handlers\FileHandler' driver.
INFO - 2025-06-16 15:06:12 --> Session: Class initialized using 'CodeIgniter\Session\Handlers\FileHandler' driver.
INFO - 2025-06-16 15:06:21 --> Session: Class initialized using 'CodeIgniter\Session\Handlers\FileHandler' driver.
INFO - 2025-06-16 15:06:23 --> Session: Class initialized using 'CodeIgniter\Session\Handlers\FileHandler' driver.
INFO - 2025-06-16 15:06:34 --> Session: Class initialized using 'CodeIgniter\Session\Handlers\FileHandler' driver.
INFO - 2025-06-16 18:01:45 --> Session: Class initialized using 'CodeIgniter\Session\Handlers\FileHandler' driver.
INFO - 2025-06-16 18:01:45 --> Session: Class initialized using 'CodeIgniter\Session\Handlers\FileHandler' driver.
INFO - 2025-06-16 18:01:52 --> Session: Class initialized using 'CodeIgniter\Session\Handlers\FileHandler' driver.
INFO - 2025-06-16 18:01:53 --> Session: Class initialized using 'CodeIgniter\Session\Handlers\FileHandler' driver.
INFO - 2025-06-16 18:02:01 --> Session: Class initialized using 'CodeIgniter\Session\Handlers\FileHandler' driver.
CRITICAL - 2025-06-16 18:02:01 --> ErrorException: Undefined array key "id_teater"
[Method: GET, Route: Audiens/audisiAudiens]
in APPPATH\Views\templates\bodyAudisi.php on line 40.
 1 APPPATH\Views\templates\bodyAudisi.php(40): CodeIgniter\Debug\Exceptions->errorHandler(2, 'Undefined array key "id_teater"', 'C:\\xampp\\htdocs\\CodeIgniter4\\app\\Views\\templates\\bodyAudisi.php', 40)
 2 SYSTEMPATH\View\View.php(234): include('C:\\xampp\\htdocs\\CodeIgniter4\\app\\Views\\templates\\bodyAudisi.php')
 3 SYSTEMPATH\View\View.php(237): CodeIgniter\View\View->CodeIgniter\View\{closure}()
 4 SYSTEMPATH\Common.php(1171): CodeIgniter\View\View->render('templates/bodyAudisi', [], true)
 5 APPPATH\Controllers\Audiens.php(845): view('templates/bodyAudisi', [...])
 6 SYSTEMPATH\CodeIgniter.php(933): App\Controllers\Audiens->AudisiAfterLogin()
 7 SYSTEMPATH\CodeIgniter.php(509): CodeIgniter\CodeIgniter->runController(Object(App\Controllers\Audiens))
 8 SYSTEMPATH\CodeIgniter.php(355): CodeIgniter\CodeIgniter->handleRequest(null, Object(Config\Cache), false)
 9 SYSTEMPATH\Boot.php(325): CodeIgniter\CodeIgniter->run()
10 SYSTEMPATH\Boot.php(67): CodeIgniter\Boot::runCodeIgniter(Object(CodeIgniter\CodeIgniter))
11 FCPATH\index.php(59): CodeIgniter\Boot::bootWeb(Object(Config\Paths))
INFO - 2025-06-16 18:02:06 --> Session: Class initialized using 'CodeIgniter\Session\Handlers\FileHandler' driver.
INFO - 2025-06-16 18:02:08 --> Session: Class initialized using 'CodeIgniter\Session\Handlers\FileHandler' driver.
CRITICAL - 2025-06-16 18:02:08 --> ErrorException: Undefined variable $id_teater
[Method: GET, Route: Audiens/detailPenampilan/114]
in APPPATH\Views\templates\bodyDetailPenampilan.php on line 133.
 1 APPPATH\Views\templates\bodyDetailPenampilan.php(133): CodeIgniter\Debug\Exceptions->errorHandler(2, 'Undefined variable $id_teater', 'C:\\xampp\\htdocs\\CodeIgniter4\\app\\Views\\templates\\bodyDetailPenampilan.php', 133)
 2 SYSTEMPATH\View\View.php(234): include('C:\\xampp\\htdocs\\CodeIgniter4\\app\\Views\\templates\\bodyDetailPenampilan.php')
 3 SYSTEMPATH\View\View.php(237): CodeIgniter\View\View->CodeIgniter\View\{closure}()
 4 SYSTEMPATH\Common.php(1171): CodeIgniter\View\View->render('templates/bodyDetailPenampilan', [], true)
 5 APPPATH\Controllers\Audiens.php(509): view('templates/bodyDetailPenampilan', [...])
 6 SYSTEMPATH\CodeIgniter.php(933): App\Controllers\Audiens->DetailPenampilan('114')
 7 SYSTEMPATH\CodeIgniter.php(509): CodeIgniter\CodeIgniter->runController(Object(App\Controllers\Audiens))
 8 SYSTEMPATH\CodeIgniter.php(355): CodeIgniter\CodeIgniter->handleRequest(null, Object(Config\Cache), false)
 9 SYSTEMPATH\Boot.php(325): CodeIgniter\CodeIgniter->run()
10 SYSTEMPATH\Boot.php(67): CodeIgniter\Boot::runCodeIgniter(Object(CodeIgniter\CodeIgniter))
11 FCPATH\index.php(59): CodeIgniter\Boot::bootWeb(Object(Config\Paths))
INFO - 2025-06-16 18:03:08 --> Session: Class initialized using 'CodeIgniter\Session\Handlers\FileHandler' driver.
INFO - 2025-06-16 18:03:18 --> Session: Class initialized using 'CodeIgniter\Session\Handlers\FileHandler' driver.
ERROR - 2025-06-16 18:03:18 --> mysqli_sql_exception: Unknown column 'r_show_schedule.id_show_schedule' in 'field list' in C:\xampp\htdocs\CodeIgniter4\system\Database\MySQLi\Connection.php:312
Stack trace:
#0 C:\xampp\htdocs\CodeIgniter4\system\Database\MySQLi\Connection.php(312): mysqli->query('SELECT `r_show_...', 0)
#1 C:\xampp\htdocs\CodeIgniter4\system\Database\BaseConnection.php(734): CodeIgniter\Database\MySQLi\Connection->execute('SELECT `r_show_...')
#2 C:\xampp\htdocs\CodeIgniter4\system\Database\BaseConnection.php(648): CodeIgniter\Database\BaseConnection->simpleQuery('SELECT `r_show_...')
#3 C:\xampp\htdocs\CodeIgniter4\system\Database\BaseBuilder.php(1644): CodeIgniter\Database\BaseConnection->query('SELECT `r_show_...', Array, false)
#4 C:\xampp\htdocs\CodeIgniter4\app\Controllers\Audiens.php(531): CodeIgniter\Database\BaseBuilder->get()
#5 C:\xampp\htdocs\CodeIgniter4\system\CodeIgniter.php(933): App\Controllers\Audiens->showBookingPopup('114')
#6 C:\xampp\htdocs\CodeIgniter4\system\CodeIgniter.php(509): CodeIgniter\CodeIgniter->runController(Object(App\Controllers\Audiens))
#7 C:\xampp\htdocs\CodeIgniter4\system\CodeIgniter.php(355): CodeIgniter\CodeIgniter->handleRequest(NULL, Object(Config\Cache), false)
#8 C:\xampp\htdocs\CodeIgniter4\system\Boot.php(325): CodeIgniter\CodeIgniter->run()
#9 C:\xampp\htdocs\CodeIgniter4\system\Boot.php(67): CodeIgniter\Boot::runCodeIgniter(Object(CodeIgniter\CodeIgniter))
#10 C:\xampp\htdocs\CodeIgniter4\public\index.php(59): CodeIgniter\Boot::bootWeb(Object(Config\Paths))
#11 {main}
CRITICAL - 2025-06-16 18:03:18 --> CodeIgniter\Database\Exceptions\DatabaseException: Unknown column 'r_show_schedule.id_show_schedule' in 'field list'
[Method: GET, Route: Audiens/booking-popup/114]
in SYSTEMPATH\Database\BaseConnection.php on line 688.
 1 SYSTEMPATH\Database\BaseBuilder.php(1644): CodeIgniter\Database\BaseConnection->query('SELECT `r_show_schedule`.`id_show_schedule`, `m_show_schedule`.`tanggal`, `m_show_schedule`.`waktu_mulai`, `m_show_schedule`.`waktu_selesai`
FROM `r_show_schedule`
JOIN `m_show_schedule` ON `r_show_schedule`.`id_schedule` = `m_show_schedule`.`id_schedule`
JOIN `m_teater` ON `m_show_schedule`.`id_teater` = `m_teater`.`id_teater`
WHERE `m_teater`.`id_teater` = :m_teater.id_teater:
GROUP BY `r_show_schedule`.`id_schedule`', [...], false)
 2 APPPATH\Controllers\Audiens.php(531): CodeIgniter\Database\BaseBuilder->get()
 3 SYSTEMPATH\CodeIgniter.php(933): App\Controllers\Audiens->showBookingPopup('114')
 4 SYSTEMPATH\CodeIgniter.php(509): CodeIgniter\CodeIgniter->runController(Object(App\Controllers\Audiens))
 5 SYSTEMPATH\CodeIgniter.php(355): CodeIgniter\CodeIgniter->handleRequest(null, Object(Config\Cache), false)
 6 SYSTEMPATH\Boot.php(325): CodeIgniter\CodeIgniter->run()
 7 SYSTEMPATH\Boot.php(67): CodeIgniter\Boot::runCodeIgniter(Object(CodeIgniter\CodeIgniter))
 8 FCPATH\index.php(59): CodeIgniter\Boot::bootWeb(Object(Config\Paths))
CRITICAL - 2025-06-16 18:03:18 --> [Caused by] CodeIgniter\Database\Exceptions\DatabaseException: Unknown column 'r_show_schedule.id_show_schedule' in 'field list'
in SYSTEMPATH\Database\MySQLi\Connection.php on line 317.
 1 SYSTEMPATH\Database\BaseConnection.php(734): CodeIgniter\Database\MySQLi\Connection->execute('SELECT `r_show_schedule`.`id_show_schedule`, `m_show_schedule`.`tanggal`, `m_show_schedule`.`waktu_mulai`, `m_show_schedule`.`waktu_selesai`
FROM `r_show_schedule`
JOIN `m_show_schedule` ON `r_show_schedule`.`id_schedule` = `m_show_schedule`.`id_schedule`
JOIN `m_teater` ON `m_show_schedule`.`id_teater` = `m_teater`.`id_teater`
WHERE `m_teater`.`id_teater` = \'114\'
GROUP BY `r_show_schedule`.`id_schedule`')
 2 SYSTEMPATH\Database\BaseConnection.php(648): CodeIgniter\Database\BaseConnection->simpleQuery('SELECT `r_show_schedule`.`id_show_schedule`, `m_show_schedule`.`tanggal`, `m_show_schedule`.`waktu_mulai`, `m_show_schedule`.`waktu_selesai`
FROM `r_show_schedule`
JOIN `m_show_schedule` ON `r_show_schedule`.`id_schedule` = `m_show_schedule`.`id_schedule`
JOIN `m_teater` ON `m_show_schedule`.`id_teater` = `m_teater`.`id_teater`
WHERE `m_teater`.`id_teater` = \'114\'
GROUP BY `r_show_schedule`.`id_schedule`')
 3 SYSTEMPATH\Database\BaseBuilder.php(1644): CodeIgniter\Database\BaseConnection->query('SELECT `r_show_schedule`.`id_show_schedule`, `m_show_schedule`.`tanggal`, `m_show_schedule`.`waktu_mulai`, `m_show_schedule`.`waktu_selesai`
FROM `r_show_schedule`
JOIN `m_show_schedule` ON `r_show_schedule`.`id_schedule` = `m_show_schedule`.`id_schedule`
JOIN `m_teater` ON `m_show_schedule`.`id_teater` = `m_teater`.`id_teater`
WHERE `m_teater`.`id_teater` = :m_teater.id_teater:
GROUP BY `r_show_schedule`.`id_schedule`', [...], false)
 4 APPPATH\Controllers\Audiens.php(531): CodeIgniter\Database\BaseBuilder->get()
 5 SYSTEMPATH\CodeIgniter.php(933): App\Controllers\Audiens->showBookingPopup('114')
 6 SYSTEMPATH\CodeIgniter.php(509): CodeIgniter\CodeIgniter->runController(Object(App\Controllers\Audiens))
 7 SYSTEMPATH\CodeIgniter.php(355): CodeIgniter\CodeIgniter->handleRequest(null, Object(Config\Cache), false)
 8 SYSTEMPATH\Boot.php(325): CodeIgniter\CodeIgniter->run()
 9 SYSTEMPATH\Boot.php(67): CodeIgniter\Boot::runCodeIgniter(Object(CodeIgniter\CodeIgniter))
10 FCPATH\index.php(59): CodeIgniter\Boot::bootWeb(Object(Config\Paths))
CRITICAL - 2025-06-16 18:03:18 --> [Caused by] mysqli_sql_exception: Unknown column 'r_show_schedule.id_show_schedule' in 'field list'
in SYSTEMPATH\Database\MySQLi\Connection.php on line 312.
 1 SYSTEMPATH\Database\MySQLi\Connection.php(312): mysqli->query('SELECT `r_show_schedule`.`id_show_schedule`, `m_show_schedule`.`tanggal`, `m_show_schedule`.`waktu_mulai`, `m_show_schedule`.`waktu_selesai`
FROM `r_show_schedule`
JOIN `m_show_schedule` ON `r_show_schedule`.`id_schedule` = `m_show_schedule`.`id_schedule`
JOIN `m_teater` ON `m_show_schedule`.`id_teater` = `m_teater`.`id_teater`
WHERE `m_teater`.`id_teater` = \'114\'
GROUP BY `r_show_schedule`.`id_schedule`', 0)
 2 SYSTEMPATH\Database\BaseConnection.php(734): CodeIgniter\Database\MySQLi\Connection->execute('SELECT `r_show_schedule`.`id_show_schedule`, `m_show_schedule`.`tanggal`, `m_show_schedule`.`waktu_mulai`, `m_show_schedule`.`waktu_selesai`
FROM `r_show_schedule`
JOIN `m_show_schedule` ON `r_show_schedule`.`id_schedule` = `m_show_schedule`.`id_schedule`
JOIN `m_teater` ON `m_show_schedule`.`id_teater` = `m_teater`.`id_teater`
WHERE `m_teater`.`id_teater` = \'114\'
GROUP BY `r_show_schedule`.`id_schedule`')
 3 SYSTEMPATH\Database\BaseConnection.php(648): CodeIgniter\Database\BaseConnection->simpleQuery('SELECT `r_show_schedule`.`id_show_schedule`, `m_show_schedule`.`tanggal`, `m_show_schedule`.`waktu_mulai`, `m_show_schedule`.`waktu_selesai`
FROM `r_show_schedule`
JOIN `m_show_schedule` ON `r_show_schedule`.`id_schedule` = `m_show_schedule`.`id_schedule`
JOIN `m_teater` ON `m_show_schedule`.`id_teater` = `m_teater`.`id_teater`
WHERE `m_teater`.`id_teater` = \'114\'
GROUP BY `r_show_schedule`.`id_schedule`')
 4 SYSTEMPATH\Database\BaseBuilder.php(1644): CodeIgniter\Database\BaseConnection->query('SELECT `r_show_schedule`.`id_show_schedule`, `m_show_schedule`.`tanggal`, `m_show_schedule`.`waktu_mulai`, `m_show_schedule`.`waktu_selesai`
FROM `r_show_schedule`
JOIN `m_show_schedule` ON `r_show_schedule`.`id_schedule` = `m_show_schedule`.`id_schedule`
JOIN `m_teater` ON `m_show_schedule`.`id_teater` = `m_teater`.`id_teater`
WHERE `m_teater`.`id_teater` = :m_teater.id_teater:
GROUP BY `r_show_schedule`.`id_schedule`', [...], false)
 5 APPPATH\Controllers\Audiens.php(531): CodeIgniter\Database\BaseBuilder->get()
 6 SYSTEMPATH\CodeIgniter.php(933): App\Controllers\Audiens->showBookingPopup('114')
 7 SYSTEMPATH\CodeIgniter.php(509): CodeIgniter\CodeIgniter->runController(Object(App\Controllers\Audiens))
 8 SYSTEMPATH\CodeIgniter.php(355): CodeIgniter\CodeIgniter->handleRequest(null, Object(Config\Cache), false)
 9 SYSTEMPATH\Boot.php(325): CodeIgniter\CodeIgniter->run()
10 SYSTEMPATH\Boot.php(67): CodeIgniter\Boot::runCodeIgniter(Object(CodeIgniter\CodeIgniter))
11 FCPATH\index.php(59): CodeIgniter\Boot::bootWeb(Object(Config\Paths))
INFO - 2025-06-16 18:08:17 --> Session: Class initialized using 'CodeIgniter\Session\Handlers\FileHandler' driver.
INFO - 2025-06-16 18:08:23 --> Session: Class initialized using 'CodeIgniter\Session\Handlers\FileHandler' driver.
INFO - 2025-06-16 18:08:34 --> Session: Class initialized using 'CodeIgniter\Session\Handlers\FileHandler' driver.
INFO - 2025-06-16 18:11:26 --> Session: Class initialized using 'CodeIgniter\Session\Handlers\FileHandler' driver.
INFO - 2025-06-16 18:11:33 --> Session: Class initialized using 'CodeIgniter\Session\Handlers\FileHandler' driver.
INFO - 2025-06-16 18:11:36 --> Session: Class initialized using 'CodeIgniter\Session\Handlers\FileHandler' driver.
INFO - 2025-06-16 18:13:38 --> Session: Class initialized using 'CodeIgniter\Session\Handlers\FileHandler' driver.
INFO - 2025-06-16 18:13:44 --> Session: Class initialized using 'CodeIgniter\Session\Handlers\FileHandler' driver.
INFO - 2025-06-16 18:13:48 --> Session: Class initialized using 'CodeIgniter\Session\Handlers\FileHandler' driver.
CRITICAL - 2025-06-16 18:13:48 --> BadMethodCallException: Call to undefined method App\Models\ShowSeatPricing::getScheduleWithPrice
[Method: POST, Route: Booking/simpanBooking]
in SYSTEMPATH\Model.php on line 932.
 1 APPPATH\Controllers\Audiens.php(558): CodeIgniter\Model->__call('getScheduleWithPrice', [...])
 2 SYSTEMPATH\CodeIgniter.php(933): App\Controllers\Audiens->simpanBooking()
 3 SYSTEMPATH\CodeIgniter.php(509): CodeIgniter\CodeIgniter->runController(Object(App\Controllers\Audiens))
 4 SYSTEMPATH\CodeIgniter.php(355): CodeIgniter\CodeIgniter->handleRequest(null, Object(Config\Cache), false)
 5 SYSTEMPATH\Boot.php(325): CodeIgniter\CodeIgniter->run()
 6 SYSTEMPATH\Boot.php(67): CodeIgniter\Boot::runCodeIgniter(Object(CodeIgniter\CodeIgniter))
 7 FCPATH\index.php(59): CodeIgniter\Boot::bootWeb(Object(Config\Paths))
INFO - 2025-06-16 18:16:57 --> Session: Class initialized using 'CodeIgniter\Session\Handlers\FileHandler' driver.
INFO - 2025-06-16 18:17:06 --> Session: Class initialized using 'CodeIgniter\Session\Handlers\FileHandler' driver.
INFO - 2025-06-16 18:17:18 --> Session: Class initialized using 'CodeIgniter\Session\Handlers\FileHandler' driver.
ERROR - 2025-06-16 18:17:18 --> mysqli_sql_exception: Unknown column 'updated_at' in 'field list' in C:\xampp\htdocs\CodeIgniter4\system\Database\MySQLi\Connection.php:312
Stack trace:
#0 C:\xampp\htdocs\CodeIgniter4\system\Database\MySQLi\Connection.php(312): mysqli->query('INSERT INTO `t_...', 0)
#1 C:\xampp\htdocs\CodeIgniter4\system\Database\BaseConnection.php(734): CodeIgniter\Database\MySQLi\Connection->execute('INSERT INTO `t_...')
#2 C:\xampp\htdocs\CodeIgniter4\system\Database\BaseConnection.php(648): CodeIgniter\Database\BaseConnection->simpleQuery('INSERT INTO `t_...')
#3 C:\xampp\htdocs\CodeIgniter4\system\Database\BaseBuilder.php(2340): CodeIgniter\Database\BaseConnection->query('INSERT INTO `t_...', Array, false)
#4 C:\xampp\htdocs\CodeIgniter4\system\Model.php(394): CodeIgniter\Database\BaseBuilder->insert()
#5 C:\xampp\htdocs\CodeIgniter4\system\BaseModel.php(840): CodeIgniter\Model->doInsert(Array)
#6 C:\xampp\htdocs\CodeIgniter4\system\Model.php(802): CodeIgniter\BaseModel->insert(Array, false)
#7 C:\xampp\htdocs\CodeIgniter4\system\BaseModel.php(751): CodeIgniter\Model->insert(Array, false)
#8 C:\xampp\htdocs\CodeIgniter4\app\Controllers\Audiens.php(579): CodeIgniter\BaseModel->save(Array)
#9 C:\xampp\htdocs\CodeIgniter4\system\CodeIgniter.php(933): App\Controllers\Audiens->simpanBooking()
#10 C:\xampp\htdocs\CodeIgniter4\system\CodeIgniter.php(509): CodeIgniter\CodeIgniter->runController(Object(App\Controllers\Audiens))
#11 C:\xampp\htdocs\CodeIgniter4\system\CodeIgniter.php(355): CodeIgniter\CodeIgniter->handleRequest(NULL, Object(Config\Cache), false)
#12 C:\xampp\htdocs\CodeIgniter4\system\Boot.php(325): CodeIgniter\CodeIgniter->run()
#13 C:\xampp\htdocs\CodeIgniter4\system\Boot.php(67): CodeIgniter\Boot::runCodeIgniter(Object(CodeIgniter\CodeIgniter))
#14 C:\xampp\htdocs\CodeIgniter4\public\index.php(59): CodeIgniter\Boot::bootWeb(Object(Config\Paths))
#15 {main}
CRITICAL - 2025-06-16 18:17:18 --> CodeIgniter\Database\Exceptions\DatabaseException: Unknown column 'updated_at' in 'field list'
[Method: POST, Route: Booking/simpanBooking]
in SYSTEMPATH\Database\BaseConnection.php on line 688.
 1 SYSTEMPATH\Database\BaseBuilder.php(2340): CodeIgniter\Database\BaseConnection->query('INSERT INTO `t_booking` (`id_audiens`, `id_jadwal`, `tipe_jadwal`, `is_free`, `status`, `created_at`, `updated_at`) VALUES (:id_audiens:, :id_jadwal:, :tipe_jadwal:, :is_free:, :status:, :created_at:, :updated_at:)', [...], false)
 2 SYSTEMPATH\Model.php(394): CodeIgniter\Database\BaseBuilder->insert()
 3 SYSTEMPATH\BaseModel.php(840): CodeIgniter\Model->doInsert([...])
 4 SYSTEMPATH\Model.php(802): CodeIgniter\BaseModel->insert([...], false)
 5 SYSTEMPATH\BaseModel.php(751): CodeIgniter\Model->insert([...], false)
 6 APPPATH\Controllers\Audiens.php(579): CodeIgniter\BaseModel->save([...])
 7 SYSTEMPATH\CodeIgniter.php(933): App\Controllers\Audiens->simpanBooking()
 8 SYSTEMPATH\CodeIgniter.php(509): CodeIgniter\CodeIgniter->runController(Object(App\Controllers\Audiens))
 9 SYSTEMPATH\CodeIgniter.php(355): CodeIgniter\CodeIgniter->handleRequest(null, Object(Config\Cache), false)
10 SYSTEMPATH\Boot.php(325): CodeIgniter\CodeIgniter->run()
11 SYSTEMPATH\Boot.php(67): CodeIgniter\Boot::runCodeIgniter(Object(CodeIgniter\CodeIgniter))
12 FCPATH\index.php(59): CodeIgniter\Boot::bootWeb(Object(Config\Paths))
CRITICAL - 2025-06-16 18:17:18 --> [Caused by] CodeIgniter\Database\Exceptions\DatabaseException: Unknown column 'updated_at' in 'field list'
in SYSTEMPATH\Database\MySQLi\Connection.php on line 317.
 1 SYSTEMPATH\Database\BaseConnection.php(734): CodeIgniter\Database\MySQLi\Connection->execute('INSERT INTO `t_booking` (`id_audiens`, `id_jadwal`, `tipe_jadwal`, `is_free`, `status`, `created_at`, `updated_at`) VALUES (\'6\', \'164\', \'penampilan\', 0, \'pending\', \'2025-06-16 18:17:18\', \'2025-06-16 18:17:18\')')
 2 SYSTEMPATH\Database\BaseConnection.php(648): CodeIgniter\Database\BaseConnection->simpleQuery('INSERT INTO `t_booking` (`id_audiens`, `id_jadwal`, `tipe_jadwal`, `is_free`, `status`, `created_at`, `updated_at`) VALUES (\'6\', \'164\', \'penampilan\', 0, \'pending\', \'2025-06-16 18:17:18\', \'2025-06-16 18:17:18\')')
 3 SYSTEMPATH\Database\BaseBuilder.php(2340): CodeIgniter\Database\BaseConnection->query('INSERT INTO `t_booking` (`id_audiens`, `id_jadwal`, `tipe_jadwal`, `is_free`, `status`, `created_at`, `updated_at`) VALUES (:id_audiens:, :id_jadwal:, :tipe_jadwal:, :is_free:, :status:, :created_at:, :updated_at:)', [...], false)
 4 SYSTEMPATH\Model.php(394): CodeIgniter\Database\BaseBuilder->insert()
 5 SYSTEMPATH\BaseModel.php(840): CodeIgniter\Model->doInsert([...])
 6 SYSTEMPATH\Model.php(802): CodeIgniter\BaseModel->insert([...], false)
 7 SYSTEMPATH\BaseModel.php(751): CodeIgniter\Model->insert([...], false)
 8 APPPATH\Controllers\Audiens.php(579): CodeIgniter\BaseModel->save([...])
 9 SYSTEMPATH\CodeIgniter.php(933): App\Controllers\Audiens->simpanBooking()
10 SYSTEMPATH\CodeIgniter.php(509): CodeIgniter\CodeIgniter->runController(Object(App\Controllers\Audiens))
11 SYSTEMPATH\CodeIgniter.php(355): CodeIgniter\CodeIgniter->handleRequest(null, Object(Config\Cache), false)
12 SYSTEMPATH\Boot.php(325): CodeIgniter\CodeIgniter->run()
13 SYSTEMPATH\Boot.php(67): CodeIgniter\Boot::runCodeIgniter(Object(CodeIgniter\CodeIgniter))
14 FCPATH\index.php(59): CodeIgniter\Boot::bootWeb(Object(Config\Paths))
CRITICAL - 2025-06-16 18:17:18 --> [Caused by] mysqli_sql_exception: Unknown column 'updated_at' in 'field list'
in SYSTEMPATH\Database\MySQLi\Connection.php on line 312.
 1 SYSTEMPATH\Database\MySQLi\Connection.php(312): mysqli->query('INSERT INTO `t_booking` (`id_audiens`, `id_jadwal`, `tipe_jadwal`, `is_free`, `status`, `created_at`, `updated_at`) VALUES (\'6\', \'164\', \'penampilan\', 0, \'pending\', \'2025-06-16 18:17:18\', \'2025-06-16 18:17:18\')', 0)
 2 SYSTEMPATH\Database\BaseConnection.php(734): CodeIgniter\Database\MySQLi\Connection->execute('INSERT INTO `t_booking` (`id_audiens`, `id_jadwal`, `tipe_jadwal`, `is_free`, `status`, `created_at`, `updated_at`) VALUES (\'6\', \'164\', \'penampilan\', 0, \'pending\', \'2025-06-16 18:17:18\', \'2025-06-16 18:17:18\')')
 3 SYSTEMPATH\Database\BaseConnection.php(648): CodeIgniter\Database\BaseConnection->simpleQuery('INSERT INTO `t_booking` (`id_audiens`, `id_jadwal`, `tipe_jadwal`, `is_free`, `status`, `created_at`, `updated_at`) VALUES (\'6\', \'164\', \'penampilan\', 0, \'pending\', \'2025-06-16 18:17:18\', \'2025-06-16 18:17:18\')')
 4 SYSTEMPATH\Database\BaseBuilder.php(2340): CodeIgniter\Database\BaseConnection->query('INSERT INTO `t_booking` (`id_audiens`, `id_jadwal`, `tipe_jadwal`, `is_free`, `status`, `created_at`, `updated_at`) VALUES (:id_audiens:, :id_jadwal:, :tipe_jadwal:, :is_free:, :status:, :created_at:, :updated_at:)', [...], false)
 5 SYSTEMPATH\Model.php(394): CodeIgniter\Database\BaseBuilder->insert()
 6 SYSTEMPATH\BaseModel.php(840): CodeIgniter\Model->doInsert([...])
 7 SYSTEMPATH\Model.php(802): CodeIgniter\BaseModel->insert([...], false)
 8 SYSTEMPATH\BaseModel.php(751): CodeIgniter\Model->insert([...], false)
 9 APPPATH\Controllers\Audiens.php(579): CodeIgniter\BaseModel->save([...])
10 SYSTEMPATH\CodeIgniter.php(933): App\Controllers\Audiens->simpanBooking()
11 SYSTEMPATH\CodeIgniter.php(509): CodeIgniter\CodeIgniter->runController(Object(App\Controllers\Audiens))
12 SYSTEMPATH\CodeIgniter.php(355): CodeIgniter\CodeIgniter->handleRequest(null, Object(Config\Cache), false)
13 SYSTEMPATH\Boot.php(325): CodeIgniter\CodeIgniter->run()
14 SYSTEMPATH\Boot.php(67): CodeIgniter\Boot::runCodeIgniter(Object(CodeIgniter\CodeIgniter))
15 FCPATH\index.php(59): CodeIgniter\Boot::bootWeb(Object(Config\Paths))
INFO - 2025-06-16 18:20:16 --> Session: Class initialized using 'CodeIgniter\Session\Handlers\FileHandler' driver.
INFO - 2025-06-16 18:20:23 --> Session: Class initialized using 'CodeIgniter\Session\Handlers\FileHandler' driver.
INFO - 2025-06-16 18:20:32 --> Session: Class initialized using 'CodeIgniter\Session\Handlers\FileHandler' driver.
INFO - 2025-06-16 18:22:16 --> Session: Class initialized using 'CodeIgniter\Session\Handlers\FileHandler' driver.
INFO - 2025-06-16 19:06:47 --> Session: Class initialized using 'CodeIgniter\Session\Handlers\FileHandler' driver.
INFO - 2025-06-16 19:08:54 --> Session: Class initialized using 'CodeIgniter\Session\Handlers\FileHandler' driver.
INFO - 2025-06-16 19:08:54 --> Session: Class initialized using 'CodeIgniter\Session\Handlers\FileHandler' driver.
INFO - 2025-06-16 19:09:00 --> Session: Class initialized using 'CodeIgniter\Session\Handlers\FileHandler' driver.
INFO - 2025-06-16 19:09:01 --> Session: Class initialized using 'CodeIgniter\Session\Handlers\FileHandler' driver.
INFO - 2025-06-16 19:09:04 --> Session: Class initialized using 'CodeIgniter\Session\Handlers\FileHandler' driver.
INFO - 2025-06-16 19:09:05 --> Session: Class initialized using 'CodeIgniter\Session\Handlers\FileHandler' driver.
INFO - 2025-06-16 19:09:07 --> Session: Class initialized using 'CodeIgniter\Session\Handlers\FileHandler' driver.
INFO - 2025-06-16 19:11:13 --> Session: Class initialized using 'CodeIgniter\Session\Handlers\FileHandler' driver.
INFO - 2025-06-16 19:12:11 --> Session: Class initialized using 'CodeIgniter\Session\Handlers\FileHandler' driver.
INFO - 2025-06-16 19:12:20 --> Session: Class initialized using 'CodeIgniter\Session\Handlers\FileHandler' driver.
