CRITICAL - 2024-12-02 03:31:43 --> Toolbar collector does not exist (CodeIgniter\Debug\Toolbar\Collectors\Cache). Please check $collectors in the app/Config/Toolbar.php file.
CRITICAL - 2024-12-02 03:42:17 --> Toolbar collector does not exist (CodeIgniter\Debug\Toolbar\Collectors\Cache). Please check $collectors in the app/Config/Toolbar.php file.
CRITICAL - 2024-12-02 03:56:12 --> Toolbar collector does not exist (CodeIgniter\Debug\Toolbar\Collectors\Cache). Please check $collectors in the app/Config/Toolbar.php file.
CRITICAL - 2024-12-02 03:57:41 --> Toolbar collector does not exist (CodeIgniter\Debug\Toolbar\Collectors\Cache). Please check $collectors in the app/Config/Toolbar.php file.
CRITICAL - 2024-12-02 04:00:03 --> Toolbar collector does not exist (CodeIgniter\Debug\Toolbar\Collectors\Cache). Please check $collectors in the app/Config/Toolbar.php file.
CRITICAL - 2024-12-02 04:00:18 --> Toolbar collector does not exist (CodeIgniter\Debug\Toolbar\Collectors\Cache). Please check $collectors in the app/Config/Toolbar.php file.
CRITICAL - 2024-12-02 04:00:28 --> Toolbar collector does not exist (CodeIgniter\Debug\Toolbar\Collectors\Cache). Please check $collectors in the app/Config/Toolbar.php file.
CRITICAL - 2024-12-02 04:02:44 --> Toolbar collector does not exist (CodeIgniter\Debug\Toolbar\Collectors\Cache). Please check $collectors in the app/Config/Toolbar.php file.
CRITICAL - 2024-12-02 04:03:04 --> Toolbar collector does not exist (CodeIgniter\Debug\Toolbar\Collectors\Cache). Please check $collectors in the app/Config/Toolbar.php file.
CRITICAL - 2024-12-02 04:05:21 --> Toolbar collector does not exist (CodeIgniter\Debug\Toolbar\Collectors\Cache). Please check $collectors in the app/Config/Toolbar.php file.
CRITICAL - 2024-12-02 04:05:32 --> Toolbar collector does not exist (CodeIgniter\Debug\Toolbar\Collectors\Cache). Please check $collectors in the app/Config/Toolbar.php file.
CRITICAL - 2024-12-02 04:06:21 --> Toolbar collector does not exist (CodeIgniter\Debug\Toolbar\Collectors\Cache). Please check $collectors in the app/Config/Toolbar.php file.
CRITICAL - 2024-12-02 04:06:57 --> Toolbar collector does not exist (CodeIgniter\Debug\Toolbar\Collectors\Cache). Please check $collectors in the app/Config/Toolbar.php file.
CRITICAL - 2024-12-02 04:07:49 --> Toolbar collector does not exist (CodeIgniter\Debug\Toolbar\Collectors\Cache). Please check $collectors in the app/Config/Toolbar.php file.
CRITICAL - 2024-12-02 04:08:08 --> Toolbar collector does not exist (CodeIgniter\Debug\Toolbar\Collectors\Cache). Please check $collectors in the app/Config/Toolbar.php file.
CRITICAL - 2024-12-02 04:08:23 --> Toolbar collector does not exist (CodeIgniter\Debug\Toolbar\Collectors\Cache). Please check $collectors in the app/Config/Toolbar.php file.
CRITICAL - 2024-12-02 04:08:37 --> Toolbar collector does not exist (CodeIgniter\Debug\Toolbar\Collectors\Cache). Please check $collectors in the app/Config/Toolbar.php file.
CRITICAL - 2024-12-02 04:08:47 --> Toolbar collector does not exist (CodeIgniter\Debug\Toolbar\Collectors\Cache). Please check $collectors in the app/Config/Toolbar.php file.
CRITICAL - 2024-12-02 04:08:55 --> Toolbar collector does not exist (CodeIgniter\Debug\Toolbar\Collectors\Cache). Please check $collectors in the app/Config/Toolbar.php file.
CRITICAL - 2024-12-02 04:09:04 --> Toolbar collector does not exist (CodeIgniter\Debug\Toolbar\Collectors\Cache). Please check $collectors in the app/Config/Toolbar.php file.
CRITICAL - 2024-12-02 04:09:12 --> Toolbar collector does not exist (CodeIgniter\Debug\Toolbar\Collectors\Cache). Please check $collectors in the app/Config/Toolbar.php file.
CRITICAL - 2024-12-02 04:09:33 --> Toolbar collector does not exist (CodeIgniter\Debug\Toolbar\Collectors\Cache). Please check $collectors in the app/Config/Toolbar.php file.
CRITICAL - 2024-12-02 04:19:39 --> Toolbar collector does not exist (CodeIgniter\Debug\Toolbar\Collectors\Cache). Please check $collectors in the app/Config/Toolbar.php file.
CRITICAL - 2024-12-02 04:22:39 --> Toolbar collector does not exist (CodeIgniter\Debug\Toolbar\Collectors\Cache). Please check $collectors in the app/Config/Toolbar.php file.
CRITICAL - 2024-12-02 04:24:00 --> Toolbar collector does not exist (CodeIgniter\Debug\Toolbar\Collectors\Cache). Please check $collectors in the app/Config/Toolbar.php file.
CRITICAL - 2024-12-02 04:26:24 --> Toolbar collector does not exist (CodeIgniter\Debug\Toolbar\Collectors\Cache). Please check $collectors in the app/Config/Toolbar.php file.
CRITICAL - 2024-12-02 04:28:46 --> Toolbar collector does not exist (CodeIgniter\Debug\Toolbar\Collectors\Cache). Please check $collectors in the app/Config/Toolbar.php file.
CRITICAL - 2024-12-02 04:29:40 --> Toolbar collector does not exist (CodeIgniter\Debug\Toolbar\Collectors\Cache). Please check $collectors in the app/Config/Toolbar.php file.
CRITICAL - 2024-12-02 04:30:19 --> Toolbar collector does not exist (CodeIgniter\Debug\Toolbar\Collectors\Cache). Please check $collectors in the app/Config/Toolbar.php file.
CRITICAL - 2024-12-02 04:31:07 --> Toolbar collector does not exist (CodeIgniter\Debug\Toolbar\Collectors\Cache). Please check $collectors in the app/Config/Toolbar.php file.
CRITICAL - 2024-12-02 04:31:52 --> Toolbar collector does not exist (CodeIgniter\Debug\Toolbar\Collectors\Cache). Please check $collectors in the app/Config/Toolbar.php file.
CRITICAL - 2024-12-02 04:33:31 --> Toolbar collector does not exist (CodeIgniter\Debug\Toolbar\Collectors\Cache). Please check $collectors in the app/Config/Toolbar.php file.
CRITICAL - 2024-12-02 04:41:24 --> Toolbar collector does not exist (CodeIgniter\Debug\Toolbar\Collectors\Cache). Please check $collectors in the app/Config/Toolbar.php file.
CRITICAL - 2024-12-02 04:42:09 --> Toolbar collector does not exist (CodeIgniter\Debug\Toolbar\Collectors\Cache). Please check $collectors in the app/Config/Toolbar.php file.
CRITICAL - 2024-12-02 04:42:32 --> Toolbar collector does not exist (CodeIgniter\Debug\Toolbar\Collectors\Cache). Please check $collectors in the app/Config/Toolbar.php file.
CRITICAL - 2024-12-02 04:43:00 --> Toolbar collector does not exist (CodeIgniter\Debug\Toolbar\Collectors\Cache). Please check $collectors in the app/Config/Toolbar.php file.
CRITICAL - 2024-12-02 04:43:28 --> Toolbar collector does not exist (CodeIgniter\Debug\Toolbar\Collectors\Cache). Please check $collectors in the app/Config/Toolbar.php file.
CRITICAL - 2024-12-02 04:46:02 --> Toolbar collector does not exist (CodeIgniter\Debug\Toolbar\Collectors\Cache). Please check $collectors in the app/Config/Toolbar.php file.
CRITICAL - 2024-12-02 04:48:59 --> Toolbar collector does not exist (CodeIgniter\Debug\Toolbar\Collectors\Cache). Please check $collectors in the app/Config/Toolbar.php file.
CRITICAL - 2024-12-02 04:49:31 --> Toolbar collector does not exist (CodeIgniter\Debug\Toolbar\Collectors\Cache). Please check $collectors in the app/Config/Toolbar.php file.
CRITICAL - 2024-12-02 04:50:59 --> Toolbar collector does not exist (CodeIgniter\Debug\Toolbar\Collectors\Cache). Please check $collectors in the app/Config/Toolbar.php file.
CRITICAL - 2024-12-02 04:52:07 --> Toolbar collector does not exist (CodeIgniter\Debug\Toolbar\Collectors\Cache). Please check $collectors in the app/Config/Toolbar.php file.
CRITICAL - 2024-12-02 04:53:49 --> Toolbar collector does not exist (CodeIgniter\Debug\Toolbar\Collectors\Cache). Please check $collectors in the app/Config/Toolbar.php file.
CRITICAL - 2024-12-02 04:56:12 --> Toolbar collector does not exist (CodeIgniter\Debug\Toolbar\Collectors\Cache). Please check $collectors in the app/Config/Toolbar.php file.
CRITICAL - 2024-12-02 04:58:02 --> Toolbar collector does not exist (CodeIgniter\Debug\Toolbar\Collectors\Cache). Please check $collectors in the app/Config/Toolbar.php file.
CRITICAL - 2024-12-02 05:11:36 --> Toolbar collector does not exist (CodeIgniter\Debug\Toolbar\Collectors\Cache). Please check $collectors in the app/Config/Toolbar.php file.
CRITICAL - 2024-12-02 05:12:04 --> Toolbar collector does not exist (CodeIgniter\Debug\Toolbar\Collectors\Cache). Please check $collectors in the app/Config/Toolbar.php file.
CRITICAL - 2024-12-02 05:12:14 --> Toolbar collector does not exist (CodeIgniter\Debug\Toolbar\Collectors\Cache). Please check $collectors in the app/Config/Toolbar.php file.
CRITICAL - 2024-12-02 05:12:25 --> Toolbar collector does not exist (CodeIgniter\Debug\Toolbar\Collectors\Cache). Please check $collectors in the app/Config/Toolbar.php file.
CRITICAL - 2024-12-02 05:12:29 --> Toolbar collector does not exist (CodeIgniter\Debug\Toolbar\Collectors\Cache). Please check $collectors in the app/Config/Toolbar.php file.
CRITICAL - 2024-12-02 05:12:37 --> Toolbar collector does not exist (CodeIgniter\Debug\Toolbar\Collectors\Cache). Please check $collectors in the app/Config/Toolbar.php file.
CRITICAL - 2024-12-02 05:12:50 --> Toolbar collector does not exist (CodeIgniter\Debug\Toolbar\Collectors\Cache). Please check $collectors in the app/Config/Toolbar.php file.
CRITICAL - 2024-12-02 05:13:00 --> Toolbar collector does not exist (CodeIgniter\Debug\Toolbar\Collectors\Cache). Please check $collectors in the app/Config/Toolbar.php file.
CRITICAL - 2024-12-02 05:13:44 --> Toolbar collector does not exist (CodeIgniter\Debug\Toolbar\Collectors\Cache). Please check $collectors in the app/Config/Toolbar.php file.
CRITICAL - 2024-12-02 05:14:55 --> Toolbar collector does not exist (CodeIgniter\Debug\Toolbar\Collectors\Cache). Please check $collectors in the app/Config/Toolbar.php file.
CRITICAL - 2024-12-02 05:15:05 --> Toolbar collector does not exist (CodeIgniter\Debug\Toolbar\Collectors\Cache). Please check $collectors in the app/Config/Toolbar.php file.
CRITICAL - 2024-12-02 05:15:14 --> Toolbar collector does not exist (CodeIgniter\Debug\Toolbar\Collectors\Cache). Please check $collectors in the app/Config/Toolbar.php file.
CRITICAL - 2024-12-02 05:15:25 --> Toolbar collector does not exist (CodeIgniter\Debug\Toolbar\Collectors\Cache). Please check $collectors in the app/Config/Toolbar.php file.
CRITICAL - 2024-12-02 05:15:39 --> Toolbar collector does not exist (CodeIgniter\Debug\Toolbar\Collectors\Cache). Please check $collectors in the app/Config/Toolbar.php file.
CRITICAL - 2024-12-02 05:15:47 --> Toolbar collector does not exist (CodeIgniter\Debug\Toolbar\Collectors\Cache). Please check $collectors in the app/Config/Toolbar.php file.
CRITICAL - 2024-12-02 05:15:57 --> Toolbar collector does not exist (CodeIgniter\Debug\Toolbar\Collectors\Cache). Please check $collectors in the app/Config/Toolbar.php file.
CRITICAL - 2024-12-02 05:30:33 --> Toolbar collector does not exist (CodeIgniter\Debug\Toolbar\Collectors\Cache). Please check $collectors in the app/Config/Toolbar.php file.
CRITICAL - 2024-12-02 05:30:34 --> Toolbar collector does not exist (CodeIgniter\Debug\Toolbar\Collectors\Cache). Please check $collectors in the app/Config/Toolbar.php file.
CRITICAL - 2024-12-02 05:32:42 --> Toolbar collector does not exist (CodeIgniter\Debug\Toolbar\Collectors\Cache). Please check $collectors in the app/Config/Toolbar.php file.
CRITICAL - 2024-12-02 05:33:37 --> Toolbar collector does not exist (CodeIgniter\Debug\Toolbar\Collectors\Cache). Please check $collectors in the app/Config/Toolbar.php file.
CRITICAL - 2024-12-02 05:33:55 --> Toolbar collector does not exist (CodeIgniter\Debug\Toolbar\Collectors\Cache). Please check $collectors in the app/Config/Toolbar.php file.
CRITICAL - 2024-12-02 05:35:34 --> Toolbar collector does not exist (CodeIgniter\Debug\Toolbar\Collectors\Cache). Please check $collectors in the app/Config/Toolbar.php file.
CRITICAL - 2024-12-02 05:38:58 --> Toolbar collector does not exist (CodeIgniter\Debug\Toolbar\Collectors\Cache). Please check $collectors in the app/Config/Toolbar.php file.
CRITICAL - 2024-12-02 05:39:01 --> Toolbar collector does not exist (CodeIgniter\Debug\Toolbar\Collectors\Cache). Please check $collectors in the app/Config/Toolbar.php file.
CRITICAL - 2024-12-02 05:39:03 --> Toolbar collector does not exist (CodeIgniter\Debug\Toolbar\Collectors\Cache). Please check $collectors in the app/Config/Toolbar.php file.
CRITICAL - 2024-12-02 05:39:05 --> Toolbar collector does not exist (CodeIgniter\Debug\Toolbar\Collectors\Cache). Please check $collectors in the app/Config/Toolbar.php file.
CRITICAL - 2024-12-02 06:58:35 --> Toolbar collector does not exist (CodeIgniter\Debug\Toolbar\Collectors\Cache). Please check $collectors in the app/Config/Toolbar.php file.
CRITICAL - 2024-12-02 08:01:13 --> ErrorException: Cannot declare class App\Controllers\Audiens because the name is already in use
[Method: GET, Route: Audiens/registration]
in APPPATH\Controllers\Audiens.php on line 9.
 1 [internal function]: CodeIgniter\Debug\Exceptions->shutdownHandler()
CRITICAL - 2024-12-02 08:01:16 --> ErrorException: Cannot declare class App\Controllers\Audiens because the name is already in use
[Method: GET, Route: Audiens/registration]
in APPPATH\Controllers\Audiens.php on line 9.
 1 [internal function]: CodeIgniter\Debug\Exceptions->shutdownHandler()
CRITICAL - 2024-12-02 08:01:17 --> ErrorException: Cannot declare class App\Controllers\Audiens because the name is already in use
[Method: GET, Route: Audiens/registration]
in APPPATH\Controllers\Audiens.php on line 9.
 1 [internal function]: CodeIgniter\Debug\Exceptions->shutdownHandler()
CRITICAL - 2024-12-02 08:02:42 --> ErrorException: Cannot declare class App\Controllers\Audiens because the name is already in use
[Method: GET, Route: Audiens/registration]
in APPPATH\Controllers\Audiens.php on line 9.
 1 [internal function]: CodeIgniter\Debug\Exceptions->shutdownHandler()
CRITICAL - 2024-12-02 08:02:57 --> ErrorException: Cannot declare class App\Controllers\Audiens because the name is already in use
[Method: GET, Route: Audiens/registration]
in APPPATH\Controllers\Audiens.php on line 9.
 1 [internal function]: CodeIgniter\Debug\Exceptions->shutdownHandler()
CRITICAL - 2024-12-02 08:45:38 --> ErrorException: Cannot declare class App\Controllers\Audiens because the name is already in use
[Method: GET, Route: Audiens/registration]
in APPPATH\Controllers\Audiens.php on line 9.
 1 [internal function]: CodeIgniter\Debug\Exceptions->shutdownHandler()
CRITICAL - 2024-12-02 08:48:57 --> ErrorException: Cannot declare class App\Controllers\Audiens because the name is already in use
[Method: GET, Route: Audiens/registration]
in APPPATH\Controllers\Audiens.php on line 9.
 1 [internal function]: CodeIgniter\Debug\Exceptions->shutdownHandler()
INFO - 2024-12-02 08:54:04 --> Session: Class initialized using 'CodeIgniter\Session\Handlers\FileHandler' driver.
CRITICAL - 2024-12-02 08:54:04 --> Toolbar collector does not exist (CodeIgniter\Debug\Toolbar\Collectors\Cache). Please check $collectors in the app/Config/Toolbar.php file.
INFO - 2024-12-02 09:44:49 --> Session: Class initialized using 'CodeIgniter\Session\Handlers\FileHandler' driver.
CRITICAL - 2024-12-02 09:44:49 --> Toolbar collector does not exist (CodeIgniter\Debug\Toolbar\Collectors\Cache). Please check $collectors in the app/Config/Toolbar.php file.
INFO - 2024-12-02 10:07:41 --> Session: Class initialized using 'CodeIgniter\Session\Handlers\FileHandler' driver.
CRITICAL - 2024-12-02 10:07:42 --> Toolbar collector does not exist (CodeIgniter\Debug\Toolbar\Collectors\Cache). Please check $collectors in the app/Config/Toolbar.php file.
INFO - 2024-12-02 10:08:04 --> Session: Class initialized using 'CodeIgniter\Session\Handlers\FileHandler' driver.
CRITICAL - 2024-12-02 10:08:04 --> Toolbar collector does not exist (CodeIgniter\Debug\Toolbar\Collectors\Cache). Please check $collectors in the app/Config/Toolbar.php file.
INFO - 2024-12-02 15:30:47 --> Session: Class initialized using 'CodeIgniter\Session\Handlers\FileHandler' driver.
CRITICAL - 2024-12-02 15:30:47 --> Toolbar collector does not exist (CodeIgniter\Debug\Toolbar\Collectors\Cache). Please check $collectors in the app/Config/Toolbar.php file.
INFO - 2024-12-02 15:35:01 --> Session: Class initialized using 'CodeIgniter\Session\Handlers\FileHandler' driver.
CRITICAL - 2024-12-02 15:35:01 --> Toolbar collector does not exist (CodeIgniter\Debug\Toolbar\Collectors\Cache). Please check $collectors in the app/Config/Toolbar.php file.
